[0.027s] Invoking command in '/home/tony/webots_ws/build/motor_interfaces': CMAKE_PREFIX_PATH=${CMAKE_PREFIX_PATH}:/home/tony/webots_ws/install/my_package:/home/tony/webots_ws/install/my_mir_package:/home/tony/webots_ws/install/multi_mir_package:/opt/ros/foxy /usr/bin/cmake /home/tony/webots_ws/src/motor_interfaces -DCMAKE_INSTALL_PREFIX=/home/tony/webots_ws/install/motor_interfaces
[0.210s] -- The C compiler identification is GNU 9.4.0
[0.210s] -- The CXX compiler identification is GNU 9.4.0
[0.210s] -- Check for working C compiler: /usr/bin/cc
[0.210s] -- Check for working C compiler: /usr/bin/cc -- works
[0.210s] -- Detecting C compiler ABI info
[0.260s] -- Detecting C compiler ABI info - done
[0.268s] -- Detecting C compile features
[0.269s] -- Detecting C compile features - done
[0.271s] -- Check for working CXX compiler: /usr/bin/c++
[0.342s] -- Check for working CXX compiler: /usr/bin/c++ -- works
[0.343s] -- Detecting CXX compiler ABI info
[0.418s] -- Detecting CXX compiler ABI info - done
[0.428s] -- Detecting CXX compile features
[0.428s] -- Detecting CXX compile features - done
[0.430s] -- Found ament_cmake: 0.9.12 (/opt/ros/foxy/share/ament_cmake/cmake)
[0.453s] -- Found PythonInterp: /usr/bin/python3 (found suitable version "3.8.10", minimum required is "3") 
[0.453s] -- Using PYTHON_EXECUTABLE: /usr/bin/python3
[0.745s] -- Found rosidl_default_generators: 1.0.1 (/opt/ros/foxy/share/rosidl_default_generators/cmake)
[0.745s] -- Using all available rosidl_typesupport_c: rosidl_typesupport_fastrtps_c;rosidl_typesupport_introspection_c
[0.756s] -- Found rosidl_adapter: 1.3.1 (/opt/ros/foxy/share/rosidl_adapter/cmake)
[0.948s] -- Found OpenSSL: /usr/lib/x86_64-linux-gnu/libcrypto.so (found version "1.1.1f")  
[0.991s] -- Found FastRTPS: /opt/ros/foxy/include  
[1.097s] -- Using all available rosidl_typesupport_cpp: rosidl_typesupport_fastrtps_cpp;rosidl_typesupport_introspection_cpp
[1.151s] -- Found PythonInterp: /usr/bin/python3 (found version "3.8.10") 
[1.253s] -- Found ament_cmake_ros: 0.9.2 (/opt/ros/foxy/share/ament_cmake_ros/cmake)
[1.353s] -- Using all available rosidl_typesupport_c: rosidl_typesupport_fastrtps_c;rosidl_typesupport_introspection_c
[1.359s] -- Using all available rosidl_typesupport_cpp: rosidl_typesupport_fastrtps_cpp;rosidl_typesupport_introspection_cpp
[1.381s] -- Found PythonInterp: /usr/bin/python3 (found suitable version "3.8.10", minimum required is "3.5") 
[1.383s] -- Found python_cmake_module: 0.8.1 (/opt/ros/foxy/share/python_cmake_module/cmake)
[1.409s] -- Found PythonLibs: /usr/lib/x86_64-linux-gnu/libpython3.8.so (found suitable version "3.8.10", minimum required is "3.5") 
[1.409s] -- Using PYTHON_EXECUTABLE: /usr/bin/python3
[1.409s] -- Using PYTHON_INCLUDE_DIRS: /usr/include/python3.8
[1.409s] -- Using PYTHON_LIBRARIES: /usr/lib/x86_64-linux-gnu/libpython3.8.so
[1.426s] -- Found PythonExtra: .so  
[1.462s] -- Found ament_lint_auto: 0.9.8 (/opt/ros/foxy/share/ament_lint_auto/cmake)
[1.481s] -- Added test 'copyright' to check source files copyright and LICENSE
[1.483s] -- Added test 'lint_cmake' to check CMake code style
[1.484s] -- Added test 'xmllint' to check XML markup files
[1.490s] -- Configuring done
[1.519s] -- Generating done
[1.522s] -- Build files have been written to: /home/tony/webots_ws/build/motor_interfaces
[1.529s] Invoked command in '/home/tony/webots_ws/build/motor_interfaces' returned '0': CMAKE_PREFIX_PATH=${CMAKE_PREFIX_PATH}:/home/tony/webots_ws/install/my_package:/home/tony/webots_ws/install/my_mir_package:/home/tony/webots_ws/install/multi_mir_package:/opt/ros/foxy /usr/bin/cmake /home/tony/webots_ws/src/motor_interfaces -DCMAKE_INSTALL_PREFIX=/home/tony/webots_ws/install/motor_interfaces
[1.532s] Invoking command in '/home/tony/webots_ws/build/motor_interfaces': CMAKE_PREFIX_PATH=${CMAKE_PREFIX_PATH}:/home/tony/webots_ws/install/my_package:/home/tony/webots_ws/install/my_mir_package:/home/tony/webots_ws/install/multi_mir_package:/opt/ros/foxy /usr/bin/cmake --build /home/tony/webots_ws/build/motor_interfaces -- -j16 -l16
[1.573s] [  3%] [34m[1mGenerating C code for ROS interfaces[0m
[1.573s] [35m[1mScanning dependencies of target motor_interfaces__cpp[0m
[1.584s] [  6%] [34m[1mGenerating C++ code for ROS interfaces[0m
[1.781s] [35m[1mScanning dependencies of target motor_interfaces__rosidl_generator_c[0m
[1.792s] [  6%] Built target motor_interfaces__cpp
[1.793s] [  9%] [32mBuilding C object CMakeFiles/motor_interfaces__rosidl_generator_c.dir/rosidl_generator_c/motor_interfaces/msg/detail/motor__functions.c.o[0m
[1.804s] [ 12%] [34m[1mGenerating C++ type support for eProsima Fast-RTPS[0m
[1.804s] [ 19%] [34m[1mGenerating C++ type support dispatch for ROS interfaces[0m
[1.804s] [ 19%] [34m[1mGenerating C++ introspection for ROS interfaces[0m
[1.837s] [ 22%] [32m[1mLinking C shared library libmotor_interfaces__rosidl_generator_c.so[0m
[1.876s] [ 22%] Built target motor_interfaces__rosidl_generator_c
[1.889s] [ 25%] [34m[1mGenerating C type support dispatch for ROS interfaces[0m
[1.891s] [ 29%] [34m[1mGenerating C introspection for ROS interfaces[0m
[2.024s] [35m[1mScanning dependencies of target motor_interfaces__rosidl_typesupport_fastrtps_cpp[0m
[2.027s] [35m[1mScanning dependencies of target motor_interfaces__rosidl_typesupport_cpp[0m
[2.042s] [ 32%] [32mBuilding CXX object CMakeFiles/motor_interfaces__rosidl_typesupport_fastrtps_cpp.dir/rosidl_typesupport_fastrtps_cpp/motor_interfaces/msg/detail/dds_fastrtps/motor__type_support.cpp.o[0m
[2.044s] [ 35%] [32mBuilding CXX object CMakeFiles/motor_interfaces__rosidl_typesupport_cpp.dir/rosidl_typesupport_cpp/motor_interfaces/msg/motor__type_support.cpp.o[0m
[2.092s] [35m[1mScanning dependencies of target motor_interfaces__rosidl_typesupport_introspection_cpp[0m
[2.093s] [35m[1mScanning dependencies of target motor_interfaces__rosidl_typesupport_c[0m
[2.108s] [ 41%] [32mBuilding CXX object CMakeFiles/motor_interfaces__rosidl_typesupport_c.dir/rosidl_typesupport_c/motor_interfaces/msg/motor__type_support.cpp.o[0m
[2.109s] [ 41%] [32mBuilding CXX object CMakeFiles/motor_interfaces__rosidl_typesupport_introspection_cpp.dir/rosidl_typesupport_introspection_cpp/motor_interfaces/msg/detail/motor__type_support.cpp.o[0m
[2.160s] [ 45%] [32m[1mLinking CXX shared library libmotor_interfaces__rosidl_typesupport_c.so[0m
[2.186s] [35m[1mScanning dependencies of target motor_interfaces__rosidl_typesupport_introspection_c[0m
[2.198s] [ 48%] [32mBuilding C object CMakeFiles/motor_interfaces__rosidl_typesupport_introspection_c.dir/rosidl_typesupport_introspection_c/motor_interfaces/msg/detail/motor__type_support.c.o[0m
[2.198s] [ 48%] Built target motor_interfaces__rosidl_typesupport_c
[2.229s] [ 51%] [32m[1mLinking C shared library libmotor_interfaces__rosidl_typesupport_introspection_c.so[0m
[2.261s] [ 51%] Built target motor_interfaces__rosidl_typesupport_introspection_c
[2.384s] [ 54%] [32m[1mLinking CXX shared library libmotor_interfaces__rosidl_typesupport_introspection_cpp.so[0m
[2.409s] [ 58%] [32m[1mLinking CXX shared library libmotor_interfaces__rosidl_typesupport_cpp.so[0m
[2.438s] [ 58%] Built target motor_interfaces__rosidl_typesupport_introspection_cpp
[2.451s] [ 58%] Built target motor_interfaces__rosidl_typesupport_cpp
[2.536s] [ 61%] [32m[1mLinking CXX shared library libmotor_interfaces__rosidl_typesupport_fastrtps_cpp.so[0m
[2.634s] [ 61%] Built target motor_interfaces__rosidl_typesupport_fastrtps_cpp
[2.644s] [ 64%] [34m[1mGenerating C type support for eProsima Fast-RTPS[0m
[2.846s] [35m[1mScanning dependencies of target motor_interfaces__rosidl_typesupport_fastrtps_c[0m
[2.862s] [ 67%] [32mBuilding CXX object CMakeFiles/motor_interfaces__rosidl_typesupport_fastrtps_c.dir/rosidl_typesupport_fastrtps_c/motor_interfaces/msg/detail/motor__type_support_c.cpp.o[0m
[3.146s] [ 70%] [32m[1mLinking CXX shared library libmotor_interfaces__rosidl_typesupport_fastrtps_c.so[0m
[3.217s] [ 70%] Built target motor_interfaces__rosidl_typesupport_fastrtps_c
[3.228s] [35m[1mScanning dependencies of target motor_interfaces[0m
[3.239s] [ 70%] Built target motor_interfaces
[3.249s] [35m[1mScanning dependencies of target motor_interfaces__py[0m
[3.258s] [ 74%] [34m[1mGenerating Python code for ROS interfaces[0m
[3.573s] [ 74%] Built target motor_interfaces__py
[3.585s] [35m[1mScanning dependencies of target motor_interfaces__python[0m
[3.611s] [ 77%] [32mBuilding C object CMakeFiles/motor_interfaces__python.dir/rosidl_generator_py/motor_interfaces/msg/_motor_s.c.o[0m
[3.742s] [ 80%] [32m[1mLinking C shared library rosidl_generator_py/motor_interfaces/libmotor_interfaces__python.so[0m
[3.814s] [ 80%] Built target motor_interfaces__python
[3.831s] [35m[1mScanning dependencies of target motor_interfaces__rosidl_typesupport_fastrtps_c__pyext[0m
[3.831s] [35m[1mScanning dependencies of target motor_interfaces__rosidl_typesupport_introspection_c__pyext[0m
[3.835s] [35m[1mScanning dependencies of target motor_interfaces__rosidl_typesupport_c__pyext[0m
[3.865s] [ 90%] [32mBuilding C object CMakeFiles/motor_interfaces__rosidl_typesupport_introspection_c__pyext.dir/rosidl_generator_py/motor_interfaces/_motor_interfaces_s.ep.rosidl_typesupport_introspection_c.c.o[0m
[3.866s] [ 90%] [32mBuilding C object CMakeFiles/motor_interfaces__rosidl_typesupport_c__pyext.dir/rosidl_generator_py/motor_interfaces/_motor_interfaces_s.ep.rosidl_typesupport_c.c.o[0m
[3.866s] [ 90%] [32mBuilding C object CMakeFiles/motor_interfaces__rosidl_typesupport_fastrtps_c__pyext.dir/rosidl_generator_py/motor_interfaces/_motor_interfaces_s.ep.rosidl_typesupport_fastrtps_c.c.o[0m
[3.966s] [ 93%] [32m[1mLinking C shared library rosidl_generator_py/motor_interfaces/motor_interfaces_s__rosidl_typesupport_c.cpython-38-x86_64-linux-gnu.so[0m
[3.990s] [ 96%] [32m[1mLinking C shared library rosidl_generator_py/motor_interfaces/motor_interfaces_s__rosidl_typesupport_introspection_c.cpython-38-x86_64-linux-gnu.so[0m
[4.000s] [100%] [32m[1mLinking CXX shared library rosidl_generator_py/motor_interfaces/motor_interfaces_s__rosidl_typesupport_fastrtps_c.cpython-38-x86_64-linux-gnu.so[0m
[4.004s] [100%] Built target motor_interfaces__rosidl_typesupport_c__pyext
[4.027s] [100%] Built target motor_interfaces__rosidl_typesupport_introspection_c__pyext
[4.059s] [100%] Built target motor_interfaces__rosidl_typesupport_fastrtps_c__pyext
[4.070s] Invoked command in '/home/tony/webots_ws/build/motor_interfaces' returned '0': CMAKE_PREFIX_PATH=${CMAKE_PREFIX_PATH}:/home/tony/webots_ws/install/my_package:/home/tony/webots_ws/install/my_mir_package:/home/tony/webots_ws/install/multi_mir_package:/opt/ros/foxy /usr/bin/cmake --build /home/tony/webots_ws/build/motor_interfaces -- -j16 -l16
[4.124s] Invoking command in '/home/tony/webots_ws/build/motor_interfaces': CMAKE_PREFIX_PATH=${CMAKE_PREFIX_PATH}:/home/tony/webots_ws/install/my_package:/home/tony/webots_ws/install/my_mir_package:/home/tony/webots_ws/install/multi_mir_package:/opt/ros/foxy /usr/bin/cmake --install /home/tony/webots_ws/build/motor_interfaces
[4.131s] -- Install configuration: ""
[4.131s] -- Installing: /home/tony/webots_ws/install/motor_interfaces/share/ament_index/resource_index/rosidl_interfaces/motor_interfaces
[4.131s] -- Installing: /home/tony/webots_ws/install/motor_interfaces/include/motor_interfaces
[4.132s] -- Installing: /home/tony/webots_ws/install/motor_interfaces/include/motor_interfaces/msg
[4.132s] -- Installing: /home/tony/webots_ws/install/motor_interfaces/include/motor_interfaces/msg/rosidl_generator_c__visibility_control.h
[4.132s] -- Installing: /home/tony/webots_ws/install/motor_interfaces/include/motor_interfaces/msg/motor.h
[4.132s] -- Installing: /home/tony/webots_ws/install/motor_interfaces/include/motor_interfaces/msg/detail
[4.132s] -- Installing: /home/tony/webots_ws/install/motor_interfaces/include/motor_interfaces/msg/detail/motor__struct.h
[4.132s] -- Installing: /home/tony/webots_ws/install/motor_interfaces/include/motor_interfaces/msg/detail/motor__type_support.h
[4.132s] -- Installing: /home/tony/webots_ws/install/motor_interfaces/include/motor_interfaces/msg/detail/motor__functions.c
[4.133s] -- Installing: /home/tony/webots_ws/install/motor_interfaces/include/motor_interfaces/msg/detail/motor__functions.h
[4.133s] -- Installing: /home/tony/webots_ws/install/motor_interfaces/share/motor_interfaces/environment/library_path.sh
[4.133s] -- Installing: /home/tony/webots_ws/install/motor_interfaces/share/motor_interfaces/environment/library_path.dsv
[4.133s] -- Installing: /home/tony/webots_ws/install/motor_interfaces/lib/libmotor_interfaces__rosidl_generator_c.so
[4.133s] -- Set runtime path of "/home/tony/webots_ws/install/motor_interfaces/lib/libmotor_interfaces__rosidl_generator_c.so" to ""
[4.133s] -- Up-to-date: /home/tony/webots_ws/install/motor_interfaces/include/motor_interfaces
[4.133s] -- Up-to-date: /home/tony/webots_ws/install/motor_interfaces/include/motor_interfaces/msg
[4.133s] -- Installing: /home/tony/webots_ws/install/motor_interfaces/include/motor_interfaces/msg/rosidl_typesupport_fastrtps_c__visibility_control.h
[4.134s] -- Up-to-date: /home/tony/webots_ws/install/motor_interfaces/include/motor_interfaces/msg/detail
[4.134s] -- Installing: /home/tony/webots_ws/install/motor_interfaces/include/motor_interfaces/msg/detail/motor__rosidl_typesupport_fastrtps_c.h
[4.134s] -- Installing: /home/tony/webots_ws/install/motor_interfaces/lib/libmotor_interfaces__rosidl_typesupport_fastrtps_c.so
[4.134s] -- Set runtime path of "/home/tony/webots_ws/install/motor_interfaces/lib/libmotor_interfaces__rosidl_typesupport_fastrtps_c.so" to ""
[4.134s] -- Up-to-date: /home/tony/webots_ws/install/motor_interfaces/include/motor_interfaces
[4.135s] -- Up-to-date: /home/tony/webots_ws/install/motor_interfaces/include/motor_interfaces/msg
[4.135s] -- Installing: /home/tony/webots_ws/install/motor_interfaces/include/motor_interfaces/msg/rosidl_typesupport_fastrtps_cpp__visibility_control.h
[4.135s] -- Up-to-date: /home/tony/webots_ws/install/motor_interfaces/include/motor_interfaces/msg/detail
[4.135s] -- Installing: /home/tony/webots_ws/install/motor_interfaces/include/motor_interfaces/msg/detail/dds_fastrtps
[4.135s] -- Installing: /home/tony/webots_ws/install/motor_interfaces/include/motor_interfaces/msg/detail/motor__rosidl_typesupport_fastrtps_cpp.hpp
[4.135s] -- Installing: /home/tony/webots_ws/install/motor_interfaces/lib/libmotor_interfaces__rosidl_typesupport_fastrtps_cpp.so
[4.135s] -- Set runtime path of "/home/tony/webots_ws/install/motor_interfaces/lib/libmotor_interfaces__rosidl_typesupport_fastrtps_cpp.so" to ""
[4.136s] -- Up-to-date: /home/tony/webots_ws/install/motor_interfaces/include/motor_interfaces
[4.136s] -- Up-to-date: /home/tony/webots_ws/install/motor_interfaces/include/motor_interfaces/msg
[4.136s] -- Installing: /home/tony/webots_ws/install/motor_interfaces/include/motor_interfaces/msg/rosidl_typesupport_introspection_c__visibility_control.h
[4.136s] -- Up-to-date: /home/tony/webots_ws/install/motor_interfaces/include/motor_interfaces/msg/detail
[4.136s] -- Installing: /home/tony/webots_ws/install/motor_interfaces/include/motor_interfaces/msg/detail/motor__rosidl_typesupport_introspection_c.h
[4.137s] -- Installing: /home/tony/webots_ws/install/motor_interfaces/include/motor_interfaces/msg/detail/motor__type_support.c
[4.137s] -- Installing: /home/tony/webots_ws/install/motor_interfaces/lib/libmotor_interfaces__rosidl_typesupport_introspection_c.so
[4.137s] -- Set runtime path of "/home/tony/webots_ws/install/motor_interfaces/lib/libmotor_interfaces__rosidl_typesupport_introspection_c.so" to ""
[4.137s] -- Installing: /home/tony/webots_ws/install/motor_interfaces/lib/libmotor_interfaces__rosidl_typesupport_c.so
[4.137s] -- Set runtime path of "/home/tony/webots_ws/install/motor_interfaces/lib/libmotor_interfaces__rosidl_typesupport_c.so" to ""
[4.137s] -- Up-to-date: /home/tony/webots_ws/install/motor_interfaces/include/motor_interfaces
[4.137s] -- Up-to-date: /home/tony/webots_ws/install/motor_interfaces/include/motor_interfaces/msg
[4.137s] -- Installing: /home/tony/webots_ws/install/motor_interfaces/include/motor_interfaces/msg/motor.hpp
[4.137s] -- Installing: /home/tony/webots_ws/install/motor_interfaces/include/motor_interfaces/msg/rosidl_generator_cpp__visibility_control.hpp
[4.138s] -- Up-to-date: /home/tony/webots_ws/install/motor_interfaces/include/motor_interfaces/msg/detail
[4.138s] -- Installing: /home/tony/webots_ws/install/motor_interfaces/include/motor_interfaces/msg/detail/motor__struct.hpp
[4.138s] -- Installing: /home/tony/webots_ws/install/motor_interfaces/include/motor_interfaces/msg/detail/motor__traits.hpp
[4.138s] -- Installing: /home/tony/webots_ws/install/motor_interfaces/include/motor_interfaces/msg/detail/motor__builder.hpp
[4.139s] -- Installing: /home/tony/webots_ws/install/motor_interfaces/include/motor_interfaces/msg/detail/motor__type_support.hpp
[4.139s] -- Up-to-date: /home/tony/webots_ws/install/motor_interfaces/include/motor_interfaces
[4.140s] -- Up-to-date: /home/tony/webots_ws/install/motor_interfaces/include/motor_interfaces/msg
[4.140s] -- Up-to-date: /home/tony/webots_ws/install/motor_interfaces/include/motor_interfaces/msg/detail
[4.140s] -- Installing: /home/tony/webots_ws/install/motor_interfaces/include/motor_interfaces/msg/detail/motor__rosidl_typesupport_introspection_cpp.hpp
[4.140s] -- Installing: /home/tony/webots_ws/install/motor_interfaces/include/motor_interfaces/msg/detail/motor__type_support.cpp
[4.140s] -- Installing: /home/tony/webots_ws/install/motor_interfaces/lib/libmotor_interfaces__rosidl_typesupport_introspection_cpp.so
[4.142s] -- Set runtime path of "/home/tony/webots_ws/install/motor_interfaces/lib/libmotor_interfaces__rosidl_typesupport_introspection_cpp.so" to ""
[4.142s] -- Installing: /home/tony/webots_ws/install/motor_interfaces/lib/libmotor_interfaces__rosidl_typesupport_cpp.so
[4.142s] -- Set runtime path of "/home/tony/webots_ws/install/motor_interfaces/lib/libmotor_interfaces__rosidl_typesupport_cpp.so" to ""
[4.142s] -- Installing: /home/tony/webots_ws/install/motor_interfaces/share/motor_interfaces/environment/pythonpath.sh
[4.142s] -- Installing: /home/tony/webots_ws/install/motor_interfaces/share/motor_interfaces/environment/pythonpath.dsv
[4.142s] -- Installing: /home/tony/webots_ws/install/motor_interfaces/lib/python3.8/site-packages/motor_interfaces/__init__.py
[4.162s] Compiling '/home/tony/webots_ws/install/motor_interfaces/lib/python3.8/site-packages/motor_interfaces/__init__.py'...
[4.165s] -- Installing: /home/tony/webots_ws/install/motor_interfaces/lib/python3.8/site-packages/motor_interfaces/msg
[4.165s] -- Installing: /home/tony/webots_ws/install/motor_interfaces/lib/python3.8/site-packages/motor_interfaces/msg/__init__.py
[4.165s] -- Installing: /home/tony/webots_ws/install/motor_interfaces/lib/python3.8/site-packages/motor_interfaces/msg/_motor.py
[4.166s] -- Installing: /home/tony/webots_ws/install/motor_interfaces/lib/python3.8/site-packages/motor_interfaces/msg/_motor_s.c
[4.166s] -- Installing: /home/tony/webots_ws/install/motor_interfaces/lib/python3.8/site-packages/motor_interfaces/motor_interfaces_s__rosidl_typesupport_fastrtps_c.cpython-38-x86_64-linux-gnu.so
[4.166s] -- Set runtime path of "/home/tony/webots_ws/install/motor_interfaces/lib/python3.8/site-packages/motor_interfaces/motor_interfaces_s__rosidl_typesupport_fastrtps_c.cpython-38-x86_64-linux-gnu.so" to ""
[4.167s] -- Installing: /home/tony/webots_ws/install/motor_interfaces/lib/python3.8/site-packages/motor_interfaces/motor_interfaces_s__rosidl_typesupport_introspection_c.cpython-38-x86_64-linux-gnu.so
[4.167s] -- Set runtime path of "/home/tony/webots_ws/install/motor_interfaces/lib/python3.8/site-packages/motor_interfaces/motor_interfaces_s__rosidl_typesupport_introspection_c.cpython-38-x86_64-linux-gnu.so" to ""
[4.167s] -- Installing: /home/tony/webots_ws/install/motor_interfaces/lib/python3.8/site-packages/motor_interfaces/motor_interfaces_s__rosidl_typesupport_c.cpython-38-x86_64-linux-gnu.so
[4.168s] -- Set runtime path of "/home/tony/webots_ws/install/motor_interfaces/lib/python3.8/site-packages/motor_interfaces/motor_interfaces_s__rosidl_typesupport_c.cpython-38-x86_64-linux-gnu.so" to ""
[4.168s] -- Installing: /home/tony/webots_ws/install/motor_interfaces/lib/libmotor_interfaces__python.so
[4.168s] -- Set runtime path of "/home/tony/webots_ws/install/motor_interfaces/lib/libmotor_interfaces__python.so" to ""
[4.169s] -- Installing: /home/tony/webots_ws/install/motor_interfaces/share/motor_interfaces/msg/Motor.idl
[4.169s] -- Installing: /home/tony/webots_ws/install/motor_interfaces/share/motor_interfaces/msg/Motor.msg
[4.169s] -- Installing: /home/tony/webots_ws/install/motor_interfaces/share/ament_index/resource_index/package_run_dependencies/motor_interfaces
[4.169s] -- Installing: /home/tony/webots_ws/install/motor_interfaces/share/ament_index/resource_index/parent_prefix_path/motor_interfaces
[4.169s] -- Installing: /home/tony/webots_ws/install/motor_interfaces/share/motor_interfaces/environment/ament_prefix_path.sh
[4.170s] -- Installing: /home/tony/webots_ws/install/motor_interfaces/share/motor_interfaces/environment/ament_prefix_path.dsv
[4.170s] -- Installing: /home/tony/webots_ws/install/motor_interfaces/share/motor_interfaces/environment/path.sh
[4.170s] -- Installing: /home/tony/webots_ws/install/motor_interfaces/share/motor_interfaces/environment/path.dsv
[4.170s] -- Installing: /home/tony/webots_ws/install/motor_interfaces/share/motor_interfaces/local_setup.bash
[4.170s] -- Installing: /home/tony/webots_ws/install/motor_interfaces/share/motor_interfaces/local_setup.sh
[4.170s] -- Installing: /home/tony/webots_ws/install/motor_interfaces/share/motor_interfaces/local_setup.zsh
[4.171s] -- Installing: /home/tony/webots_ws/install/motor_interfaces/share/motor_interfaces/local_setup.dsv
[4.171s] -- Installing: /home/tony/webots_ws/install/motor_interfaces/share/motor_interfaces/package.dsv
[4.171s] -- Installing: /home/tony/webots_ws/install/motor_interfaces/share/ament_index/resource_index/packages/motor_interfaces
[4.171s] -- Installing: /home/tony/webots_ws/install/motor_interfaces/share/motor_interfaces/cmake/motor_interfaces__rosidl_generator_cExport.cmake
[4.171s] -- Installing: /home/tony/webots_ws/install/motor_interfaces/share/motor_interfaces/cmake/motor_interfaces__rosidl_generator_cExport-noconfig.cmake
[4.172s] -- Installing: /home/tony/webots_ws/install/motor_interfaces/share/motor_interfaces/cmake/motor_interfaces__rosidl_typesupport_introspection_cExport.cmake
[4.172s] -- Installing: /home/tony/webots_ws/install/motor_interfaces/share/motor_interfaces/cmake/motor_interfaces__rosidl_typesupport_introspection_cExport-noconfig.cmake
[4.172s] -- Installing: /home/tony/webots_ws/install/motor_interfaces/share/motor_interfaces/cmake/motor_interfaces__rosidl_typesupport_cExport.cmake
[4.172s] -- Installing: /home/tony/webots_ws/install/motor_interfaces/share/motor_interfaces/cmake/motor_interfaces__rosidl_typesupport_cExport-noconfig.cmake
[4.172s] -- Installing: /home/tony/webots_ws/install/motor_interfaces/share/motor_interfaces/cmake/motor_interfaces__rosidl_generator_cppExport.cmake
[4.173s] -- Installing: /home/tony/webots_ws/install/motor_interfaces/share/motor_interfaces/cmake/motor_interfaces__rosidl_typesupport_introspection_cppExport.cmake
[4.173s] -- Installing: /home/tony/webots_ws/install/motor_interfaces/share/motor_interfaces/cmake/motor_interfaces__rosidl_typesupport_introspection_cppExport-noconfig.cmake
[4.173s] -- Installing: /home/tony/webots_ws/install/motor_interfaces/share/motor_interfaces/cmake/motor_interfaces__rosidl_typesupport_cppExport.cmake
[4.173s] -- Installing: /home/tony/webots_ws/install/motor_interfaces/share/motor_interfaces/cmake/motor_interfaces__rosidl_typesupport_cppExport-noconfig.cmake
[4.174s] -- Installing: /home/tony/webots_ws/install/motor_interfaces/share/motor_interfaces/cmake/rosidl_cmake-extras.cmake
[4.174s] -- Installing: /home/tony/webots_ws/install/motor_interfaces/share/motor_interfaces/cmake/ament_cmake_export_dependencies-extras.cmake
[4.174s] -- Installing: /home/tony/webots_ws/install/motor_interfaces/share/motor_interfaces/cmake/ament_cmake_export_libraries-extras.cmake
[4.174s] -- Installing: /home/tony/webots_ws/install/motor_interfaces/share/motor_interfaces/cmake/ament_cmake_export_targets-extras.cmake
[4.174s] -- Installing: /home/tony/webots_ws/install/motor_interfaces/share/motor_interfaces/cmake/ament_cmake_export_include_directories-extras.cmake
[4.174s] -- Installing: /home/tony/webots_ws/install/motor_interfaces/share/motor_interfaces/cmake/rosidl_cmake_export_typesupport_libraries-extras.cmake
[4.174s] -- Installing: /home/tony/webots_ws/install/motor_interfaces/share/motor_interfaces/cmake/rosidl_cmake_export_typesupport_targets-extras.cmake
[4.175s] -- Installing: /home/tony/webots_ws/install/motor_interfaces/share/motor_interfaces/cmake/motor_interfacesConfig.cmake
[4.175s] -- Installing: /home/tony/webots_ws/install/motor_interfaces/share/motor_interfaces/cmake/motor_interfacesConfig-version.cmake
[4.175s] -- Installing: /home/tony/webots_ws/install/motor_interfaces/share/motor_interfaces/package.xml
[4.177s] Invoked command in '/home/tony/webots_ws/build/motor_interfaces' returned '0': CMAKE_PREFIX_PATH=${CMAKE_PREFIX_PATH}:/home/tony/webots_ws/install/my_package:/home/tony/webots_ws/install/my_mir_package:/home/tony/webots_ws/install/multi_mir_package:/opt/ros/foxy /usr/bin/cmake --install /home/tony/webots_ws/build/motor_interfaces
