[0.573s] Invoking command in '/home/tony/webots_ws/src/my_package': PYTHONPATH=/home/tony/webots_ws/build/my_package/prefix_override:/home/tony/webots_ws/install/my_package/lib/python3.8/site-packages:${PYTHONPATH} /usr/bin/python3 -W ignore:setup.py install is deprecated setup.py egg_info --egg-base ../../build/my_package build --build-base /home/tony/webots_ws/build/my_package/build install --record /home/tony/webots_ws/build/my_package/install.log --install-scripts $base/lib/my_package --single-version-externally-managed install_data
[0.954s] running egg_info
[0.954s] creating ../../build/my_package/my_package.egg-info
[0.955s] writing ../../build/my_package/my_package.egg-info/PKG-INFO
[0.955s] writing dependency_links to ../../build/my_package/my_package.egg-info/dependency_links.txt
[0.955s] writing entry points to ../../build/my_package/my_package.egg-info/entry_points.txt
[0.955s] writing requirements to ../../build/my_package/my_package.egg-info/requires.txt
[0.955s] writing top-level names to ../../build/my_package/my_package.egg-info/top_level.txt
[0.957s] writing manifest file '../../build/my_package/my_package.egg-info/SOURCES.txt'
[0.999s] reading manifest file '../../build/my_package/my_package.egg-info/SOURCES.txt'
[1.000s] writing manifest file '../../build/my_package/my_package.egg-info/SOURCES.txt'
[1.000s] running build
[1.000s] running build_py
[1.000s] creating /home/tony/webots_ws/build/my_package/build
[1.001s] creating /home/tony/webots_ws/build/my_package/build/lib
[1.001s] creating /home/tony/webots_ws/build/my_package/build/lib/my_package
[1.001s] copying my_package/__init__.py -> /home/tony/webots_ws/build/my_package/build/lib/my_package
[1.001s] copying my_package/my_robot_driver.py -> /home/tony/webots_ws/build/my_package/build/lib/my_package
[1.001s] copying my_package/obstacle_avoider.py -> /home/tony/webots_ws/build/my_package/build/lib/my_package
[1.001s] running install
[1.001s] running install_lib
[1.002s] creating /home/tony/webots_ws/install/my_package/lib/python3.8/site-packages/my_package
[1.003s] copying /home/tony/webots_ws/build/my_package/build/lib/my_package/__init__.py -> /home/tony/webots_ws/install/my_package/lib/python3.8/site-packages/my_package
[1.003s] copying /home/tony/webots_ws/build/my_package/build/lib/my_package/my_robot_driver.py -> /home/tony/webots_ws/install/my_package/lib/python3.8/site-packages/my_package
[1.003s] copying /home/tony/webots_ws/build/my_package/build/lib/my_package/obstacle_avoider.py -> /home/tony/webots_ws/install/my_package/lib/python3.8/site-packages/my_package
[1.003s] byte-compiling /home/tony/webots_ws/install/my_package/lib/python3.8/site-packages/my_package/__init__.py to __init__.cpython-38.pyc
[1.004s] byte-compiling /home/tony/webots_ws/install/my_package/lib/python3.8/site-packages/my_package/my_robot_driver.py to my_robot_driver.cpython-38.pyc
[1.004s] byte-compiling /home/tony/webots_ws/install/my_package/lib/python3.8/site-packages/my_package/obstacle_avoider.py to obstacle_avoider.cpython-38.pyc
[1.005s] running install_data
[1.005s] creating /home/tony/webots_ws/install/my_package/share/ament_index
[1.005s] creating /home/tony/webots_ws/install/my_package/share/ament_index/resource_index
[1.005s] creating /home/tony/webots_ws/install/my_package/share/ament_index/resource_index/packages
[1.005s] copying resource/my_package -> /home/tony/webots_ws/install/my_package/share/ament_index/resource_index/packages
[1.005s] creating /home/tony/webots_ws/install/my_package/share/my_package/launch
[1.006s] copying launch/robot_launch.py -> /home/tony/webots_ws/install/my_package/share/my_package/launch
[1.006s] creating /home/tony/webots_ws/install/my_package/share/my_package/worlds
[1.006s] copying worlds/my_world.wbt -> /home/tony/webots_ws/install/my_package/share/my_package/worlds
[1.006s] creating /home/tony/webots_ws/install/my_package/share/my_package/resource
[1.006s] copying resource/my_robot.urdf -> /home/tony/webots_ws/install/my_package/share/my_package/resource
[1.006s] copying package.xml -> /home/tony/webots_ws/install/my_package/share/my_package
[1.006s] running install_egg_info
[1.008s] Copying ../../build/my_package/my_package.egg-info to /home/tony/webots_ws/install/my_package/lib/python3.8/site-packages/my_package-0.0.0-py3.8.egg-info
[1.009s] running install_scripts
[1.029s] Installing my_robot_driver script to /home/tony/webots_ws/install/my_package/lib/my_package
[1.029s] Installing obstacle_avoider script to /home/tony/webots_ws/install/my_package/lib/my_package
[1.030s] writing list of installed files to '/home/tony/webots_ws/build/my_package/install.log'
[1.059s] Invoked command in '/home/tony/webots_ws/src/my_package' returned '0': PYTHONPATH=/home/tony/webots_ws/build/my_package/prefix_override:/home/tony/webots_ws/install/my_package/lib/python3.8/site-packages:${PYTHONPATH} /usr/bin/python3 -W ignore:setup.py install is deprecated setup.py egg_info --egg-base ../../build/my_package build --build-base /home/tony/webots_ws/build/my_package/build install --record /home/tony/webots_ws/build/my_package/install.log --install-scripts $base/lib/my_package --single-version-externally-managed install_data
