[0.046s] Invoking command in '/home/tony/webots_ws/build/traj_interfaces': CMAKE_PREFIX_PATH=${CMAKE_PREFIX_PATH}:/home/tony/webots_ws/install/post_train:/home/tony/webots_ws/install/my_package:/home/tony/webots_ws/install/my_mir_package:/home/tony/webots_ws/install/multi_mir_package:/opt/ros/foxy /usr/bin/cmake --build /home/tony/webots_ws/build/traj_interfaces -- -j16 -l16
[0.850s] [  3%] Built target traj_interfaces__cpp
[0.851s] [ 12%] Built target traj_interfaces__rosidl_generator_c
[0.851s] [ 22%] Built target traj_interfaces__rosidl_typesupport_introspection_cpp
[0.851s] [ 32%] Built target traj_interfaces__rosidl_typesupport_cpp
[0.851s] [ 41%] Built target traj_interfaces__rosidl_typesupport_fastrtps_cpp
[0.852s] [ 61%] Built target traj_interfaces__rosidl_typesupport_c
[0.852s] [ 61%] Built target traj_interfaces__rosidl_typesupport_introspection_c
[0.854s] [ 70%] Built target traj_interfaces__rosidl_typesupport_fastrtps_c
[0.855s] [ 70%] Built target traj_interfaces
[0.855s] [ 74%] Built target traj_interfaces__py
[0.856s] [ 80%] Built target traj_interfaces__python
[0.856s] [ 87%] Built target traj_interfaces__rosidl_typesupport_introspection_c__pyext
[0.856s] [ 93%] Built target traj_interfaces__rosidl_typesupport_c__pyext
[0.858s] [100%] Built target traj_interfaces__rosidl_typesupport_fastrtps_c__pyext
[0.876s] Invoked command in '/home/tony/webots_ws/build/traj_interfaces' returned '0': CMAKE_PREFIX_PATH=${CMAKE_PREFIX_PATH}:/home/tony/webots_ws/install/post_train:/home/tony/webots_ws/install/my_package:/home/tony/webots_ws/install/my_mir_package:/home/tony/webots_ws/install/multi_mir_package:/opt/ros/foxy /usr/bin/cmake --build /home/tony/webots_ws/build/traj_interfaces -- -j16 -l16
[0.919s] Invoking command in '/home/tony/webots_ws/build/traj_interfaces': CMAKE_PREFIX_PATH=${CMAKE_PREFIX_PATH}:/home/tony/webots_ws/install/post_train:/home/tony/webots_ws/install/my_package:/home/tony/webots_ws/install/my_mir_package:/home/tony/webots_ws/install/multi_mir_package:/opt/ros/foxy /usr/bin/cmake --install /home/tony/webots_ws/build/traj_interfaces
[0.930s] -- Install configuration: ""
[0.931s] -- Up-to-date: /home/tony/webots_ws/install/traj_interfaces/share/ament_index/resource_index/rosidl_interfaces/traj_interfaces
[0.931s] -- Up-to-date: /home/tony/webots_ws/install/traj_interfaces/include/traj_interfaces
[0.931s] -- Up-to-date: /home/tony/webots_ws/install/traj_interfaces/include/traj_interfaces/msg
[0.931s] -- Up-to-date: /home/tony/webots_ws/install/traj_interfaces/include/traj_interfaces/msg/bspline.h
[0.931s] -- Up-to-date: /home/tony/webots_ws/install/traj_interfaces/include/traj_interfaces/msg/rosidl_generator_c__visibility_control.h
[0.931s] -- Up-to-date: /home/tony/webots_ws/install/traj_interfaces/include/traj_interfaces/msg/detail
[0.931s] -- Up-to-date: /home/tony/webots_ws/install/traj_interfaces/include/traj_interfaces/msg/detail/bspline__functions.c
[0.931s] -- Up-to-date: /home/tony/webots_ws/install/traj_interfaces/include/traj_interfaces/msg/detail/bspline__type_support.h
[0.932s] -- Up-to-date: /home/tony/webots_ws/install/traj_interfaces/include/traj_interfaces/msg/detail/bspline__struct.h
[0.932s] -- Up-to-date: /home/tony/webots_ws/install/traj_interfaces/include/traj_interfaces/msg/detail/bspline__functions.h
[0.932s] -- Up-to-date: /home/tony/webots_ws/install/traj_interfaces/share/traj_interfaces/environment/library_path.sh
[0.932s] -- Up-to-date: /home/tony/webots_ws/install/traj_interfaces/share/traj_interfaces/environment/library_path.dsv
[0.932s] -- Up-to-date: /home/tony/webots_ws/install/traj_interfaces/lib/libtraj_interfaces__rosidl_generator_c.so
[0.932s] -- Up-to-date: /home/tony/webots_ws/install/traj_interfaces/include/traj_interfaces
[0.932s] -- Up-to-date: /home/tony/webots_ws/install/traj_interfaces/include/traj_interfaces/msg
[0.933s] -- Up-to-date: /home/tony/webots_ws/install/traj_interfaces/include/traj_interfaces/msg/rosidl_typesupport_fastrtps_c__visibility_control.h
[0.933s] -- Up-to-date: /home/tony/webots_ws/install/traj_interfaces/include/traj_interfaces/msg/detail
[0.933s] -- Up-to-date: /home/tony/webots_ws/install/traj_interfaces/include/traj_interfaces/msg/detail/bspline__rosidl_typesupport_fastrtps_c.h
[0.933s] -- Up-to-date: /home/tony/webots_ws/install/traj_interfaces/lib/libtraj_interfaces__rosidl_typesupport_fastrtps_c.so
[0.933s] -- Up-to-date: /home/tony/webots_ws/install/traj_interfaces/include/traj_interfaces
[0.933s] -- Up-to-date: /home/tony/webots_ws/install/traj_interfaces/include/traj_interfaces/msg
[0.933s] -- Up-to-date: /home/tony/webots_ws/install/traj_interfaces/include/traj_interfaces/msg/rosidl_typesupport_fastrtps_cpp__visibility_control.h
[0.933s] -- Up-to-date: /home/tony/webots_ws/install/traj_interfaces/include/traj_interfaces/msg/detail
[0.933s] -- Up-to-date: /home/tony/webots_ws/install/traj_interfaces/include/traj_interfaces/msg/detail/bspline__rosidl_typesupport_fastrtps_cpp.hpp
[0.933s] -- Up-to-date: /home/tony/webots_ws/install/traj_interfaces/include/traj_interfaces/msg/detail/dds_fastrtps
[0.934s] -- Up-to-date: /home/tony/webots_ws/install/traj_interfaces/lib/libtraj_interfaces__rosidl_typesupport_fastrtps_cpp.so
[0.934s] -- Up-to-date: /home/tony/webots_ws/install/traj_interfaces/include/traj_interfaces
[0.934s] -- Up-to-date: /home/tony/webots_ws/install/traj_interfaces/include/traj_interfaces/msg
[0.934s] -- Up-to-date: /home/tony/webots_ws/install/traj_interfaces/include/traj_interfaces/msg/rosidl_typesupport_introspection_c__visibility_control.h
[0.934s] -- Up-to-date: /home/tony/webots_ws/install/traj_interfaces/include/traj_interfaces/msg/detail
[0.934s] -- Up-to-date: /home/tony/webots_ws/install/traj_interfaces/include/traj_interfaces/msg/detail/bspline__rosidl_typesupport_introspection_c.h
[0.935s] -- Up-to-date: /home/tony/webots_ws/install/traj_interfaces/include/traj_interfaces/msg/detail/bspline__type_support.c
[0.935s] -- Up-to-date: /home/tony/webots_ws/install/traj_interfaces/lib/libtraj_interfaces__rosidl_typesupport_introspection_c.so
[0.935s] -- Up-to-date: /home/tony/webots_ws/install/traj_interfaces/lib/libtraj_interfaces__rosidl_typesupport_c.so
[0.935s] -- Up-to-date: /home/tony/webots_ws/install/traj_interfaces/include/traj_interfaces
[0.935s] -- Up-to-date: /home/tony/webots_ws/install/traj_interfaces/include/traj_interfaces/msg
[0.935s] -- Up-to-date: /home/tony/webots_ws/install/traj_interfaces/include/traj_interfaces/msg/bspline.hpp
[0.936s] -- Up-to-date: /home/tony/webots_ws/install/traj_interfaces/include/traj_interfaces/msg/rosidl_generator_cpp__visibility_control.hpp
[0.936s] -- Up-to-date: /home/tony/webots_ws/install/traj_interfaces/include/traj_interfaces/msg/detail
[0.936s] -- Up-to-date: /home/tony/webots_ws/install/traj_interfaces/include/traj_interfaces/msg/detail/bspline__traits.hpp
[0.936s] -- Up-to-date: /home/tony/webots_ws/install/traj_interfaces/include/traj_interfaces/msg/detail/bspline__type_support.hpp
[0.936s] -- Up-to-date: /home/tony/webots_ws/install/traj_interfaces/include/traj_interfaces/msg/detail/bspline__builder.hpp
[0.936s] -- Up-to-date: /home/tony/webots_ws/install/traj_interfaces/include/traj_interfaces/msg/detail/bspline__struct.hpp
[0.936s] -- Up-to-date: /home/tony/webots_ws/install/traj_interfaces/include/traj_interfaces
[0.936s] -- Up-to-date: /home/tony/webots_ws/install/traj_interfaces/include/traj_interfaces/msg
[0.937s] -- Up-to-date: /home/tony/webots_ws/install/traj_interfaces/include/traj_interfaces/msg/detail
[0.937s] -- Up-to-date: /home/tony/webots_ws/install/traj_interfaces/include/traj_interfaces/msg/detail/bspline__type_support.cpp
[0.937s] -- Up-to-date: /home/tony/webots_ws/install/traj_interfaces/include/traj_interfaces/msg/detail/bspline__rosidl_typesupport_introspection_cpp.hpp
[0.937s] -- Up-to-date: /home/tony/webots_ws/install/traj_interfaces/lib/libtraj_interfaces__rosidl_typesupport_introspection_cpp.so
[0.937s] -- Up-to-date: /home/tony/webots_ws/install/traj_interfaces/lib/libtraj_interfaces__rosidl_typesupport_cpp.so
[0.937s] -- Up-to-date: /home/tony/webots_ws/install/traj_interfaces/share/traj_interfaces/environment/pythonpath.sh
[0.937s] -- Up-to-date: /home/tony/webots_ws/install/traj_interfaces/share/traj_interfaces/environment/pythonpath.dsv
[0.937s] -- Up-to-date: /home/tony/webots_ws/install/traj_interfaces/lib/python3.8/site-packages/traj_interfaces/__init__.py
[0.977s] -- Up-to-date: /home/tony/webots_ws/install/traj_interfaces/lib/python3.8/site-packages/traj_interfaces/msg
[0.978s] -- Up-to-date: /home/tony/webots_ws/install/traj_interfaces/lib/python3.8/site-packages/traj_interfaces/msg/__init__.py
[0.978s] -- Up-to-date: /home/tony/webots_ws/install/traj_interfaces/lib/python3.8/site-packages/traj_interfaces/msg/_bspline_s.c
[0.978s] -- Up-to-date: /home/tony/webots_ws/install/traj_interfaces/lib/python3.8/site-packages/traj_interfaces/msg/_bspline.py
[0.978s] -- Up-to-date: /home/tony/webots_ws/install/traj_interfaces/lib/python3.8/site-packages/traj_interfaces/traj_interfaces_s__rosidl_typesupport_fastrtps_c.cpython-38-x86_64-linux-gnu.so
[0.978s] -- Up-to-date: /home/tony/webots_ws/install/traj_interfaces/lib/python3.8/site-packages/traj_interfaces/traj_interfaces_s__rosidl_typesupport_introspection_c.cpython-38-x86_64-linux-gnu.so
[0.978s] -- Up-to-date: /home/tony/webots_ws/install/traj_interfaces/lib/python3.8/site-packages/traj_interfaces/traj_interfaces_s__rosidl_typesupport_c.cpython-38-x86_64-linux-gnu.so
[0.979s] -- Up-to-date: /home/tony/webots_ws/install/traj_interfaces/lib/libtraj_interfaces__python.so
[0.979s] -- Up-to-date: /home/tony/webots_ws/install/traj_interfaces/share/traj_interfaces/msg/Bspline.idl
[0.980s] -- Up-to-date: /home/tony/webots_ws/install/traj_interfaces/share/traj_interfaces/msg/Bspline.msg
[0.981s] -- Up-to-date: /home/tony/webots_ws/install/traj_interfaces/share/ament_index/resource_index/package_run_dependencies/traj_interfaces
[0.981s] -- Up-to-date: /home/tony/webots_ws/install/traj_interfaces/share/ament_index/resource_index/parent_prefix_path/traj_interfaces
[0.982s] -- Up-to-date: /home/tony/webots_ws/install/traj_interfaces/share/traj_interfaces/environment/ament_prefix_path.sh
[0.982s] -- Up-to-date: /home/tony/webots_ws/install/traj_interfaces/share/traj_interfaces/environment/ament_prefix_path.dsv
[0.982s] -- Up-to-date: /home/tony/webots_ws/install/traj_interfaces/share/traj_interfaces/environment/path.sh
[0.982s] -- Up-to-date: /home/tony/webots_ws/install/traj_interfaces/share/traj_interfaces/environment/path.dsv
[0.982s] -- Up-to-date: /home/tony/webots_ws/install/traj_interfaces/share/traj_interfaces/local_setup.bash
[0.983s] -- Up-to-date: /home/tony/webots_ws/install/traj_interfaces/share/traj_interfaces/local_setup.sh
[0.983s] -- Up-to-date: /home/tony/webots_ws/install/traj_interfaces/share/traj_interfaces/local_setup.zsh
[0.983s] -- Up-to-date: /home/tony/webots_ws/install/traj_interfaces/share/traj_interfaces/local_setup.dsv
[0.984s] -- Installing: /home/tony/webots_ws/install/traj_interfaces/share/traj_interfaces/package.dsv
[0.984s] -- Up-to-date: /home/tony/webots_ws/install/traj_interfaces/share/ament_index/resource_index/packages/traj_interfaces
[0.985s] -- Up-to-date: /home/tony/webots_ws/install/traj_interfaces/share/traj_interfaces/cmake/traj_interfaces__rosidl_generator_cExport.cmake
[0.985s] -- Up-to-date: /home/tony/webots_ws/install/traj_interfaces/share/traj_interfaces/cmake/traj_interfaces__rosidl_generator_cExport-noconfig.cmake
[0.985s] -- Up-to-date: /home/tony/webots_ws/install/traj_interfaces/share/traj_interfaces/cmake/traj_interfaces__rosidl_typesupport_introspection_cExport.cmake
[0.985s] -- Up-to-date: /home/tony/webots_ws/install/traj_interfaces/share/traj_interfaces/cmake/traj_interfaces__rosidl_typesupport_introspection_cExport-noconfig.cmake
[0.986s] -- Up-to-date: /home/tony/webots_ws/install/traj_interfaces/share/traj_interfaces/cmake/traj_interfaces__rosidl_typesupport_cExport.cmake
[0.986s] -- Up-to-date: /home/tony/webots_ws/install/traj_interfaces/share/traj_interfaces/cmake/traj_interfaces__rosidl_typesupport_cExport-noconfig.cmake
[0.986s] -- Up-to-date: /home/tony/webots_ws/install/traj_interfaces/share/traj_interfaces/cmake/traj_interfaces__rosidl_generator_cppExport.cmake
[0.986s] -- Up-to-date: /home/tony/webots_ws/install/traj_interfaces/share/traj_interfaces/cmake/traj_interfaces__rosidl_typesupport_introspection_cppExport.cmake
[0.987s] -- Up-to-date: /home/tony/webots_ws/install/traj_interfaces/share/traj_interfaces/cmake/traj_interfaces__rosidl_typesupport_introspection_cppExport-noconfig.cmake
[0.988s] -- Up-to-date: /home/tony/webots_ws/install/traj_interfaces/share/traj_interfaces/cmake/traj_interfaces__rosidl_typesupport_cppExport.cmake
[0.988s] -- Up-to-date: /home/tony/webots_ws/install/traj_interfaces/share/traj_interfaces/cmake/traj_interfaces__rosidl_typesupport_cppExport-noconfig.cmake
[0.988s] -- Up-to-date: /home/tony/webots_ws/install/traj_interfaces/share/traj_interfaces/cmake/rosidl_cmake-extras.cmake
[0.989s] -- Up-to-date: /home/tony/webots_ws/install/traj_interfaces/share/traj_interfaces/cmake/ament_cmake_export_dependencies-extras.cmake
[0.989s] -- Up-to-date: /home/tony/webots_ws/install/traj_interfaces/share/traj_interfaces/cmake/ament_cmake_export_libraries-extras.cmake
[0.989s] -- Up-to-date: /home/tony/webots_ws/install/traj_interfaces/share/traj_interfaces/cmake/ament_cmake_export_targets-extras.cmake
[0.989s] -- Up-to-date: /home/tony/webots_ws/install/traj_interfaces/share/traj_interfaces/cmake/ament_cmake_export_include_directories-extras.cmake
[0.989s] -- Up-to-date: /home/tony/webots_ws/install/traj_interfaces/share/traj_interfaces/cmake/rosidl_cmake_export_typesupport_libraries-extras.cmake
[0.990s] -- Up-to-date: /home/tony/webots_ws/install/traj_interfaces/share/traj_interfaces/cmake/rosidl_cmake_export_typesupport_targets-extras.cmake
[0.990s] -- Up-to-date: /home/tony/webots_ws/install/traj_interfaces/share/traj_interfaces/cmake/traj_interfacesConfig.cmake
[0.990s] -- Up-to-date: /home/tony/webots_ws/install/traj_interfaces/share/traj_interfaces/cmake/traj_interfacesConfig-version.cmake
[0.990s] -- Up-to-date: /home/tony/webots_ws/install/traj_interfaces/share/traj_interfaces/package.xml
[1.001s] Invoked command in '/home/tony/webots_ws/build/traj_interfaces' returned '0': CMAKE_PREFIX_PATH=${CMAKE_PREFIX_PATH}:/home/tony/webots_ws/install/post_train:/home/tony/webots_ws/install/my_package:/home/tony/webots_ws/install/my_mir_package:/home/tony/webots_ws/install/multi_mir_package:/opt/ros/foxy /usr/bin/cmake --install /home/tony/webots_ws/build/traj_interfaces
