[0.202s] Invoking command in '/home/tony/webots_ws/build/qpOASES': /usr/bin/cmake /home/tony/webots_ws/src/qpOASES -DCMAKE_INSTALL_PREFIX=/home/tony/webots_ws/install/qpOASES
[0.276s] -- The CXX compiler identification is GNU 9.4.0
[0.283s] -- Check for working CXX compiler: /usr/bin/c++
[0.355s] -- Check for working CXX compiler: /usr/bin/c++ -- works
[0.356s] -- Detecting CXX compiler ABI info
[0.432s] -- Detecting CXX compiler ABI info - done
[0.447s] -- Detecting CXX compile features
[0.447s] -- Detecting CXX compile features - done
[0.449s] -- Configuring done
[0.462s] -- Generating done
[0.463s] -- Build files have been written to: /home/tony/webots_ws/build/qpOASES
[0.466s] Invoked command in '/home/tony/webots_ws/build/qpOASES' returned '0': /usr/bin/cmake /home/tony/webots_ws/src/qpOASES -DCMAKE_INSTALL_PREFIX=/home/tony/webots_ws/install/qpOASES
[0.468s] Invoking command in '/home/tony/webots_ws/build/qpOASES': /usr/bin/cmake --build /home/tony/webots_ws/build/qpOASES -- -j16 -l16
[0.507s] [35m[1mScanning dependencies of target qpOASES[0m
[0.529s] [  2%] [32mBuilding CXX object CMakeFiles/qpOASES.dir/src/Bounds.cpp.o[0m
[0.530s] [  4%] [32mBuilding CXX object CMakeFiles/qpOASES.dir/src/Indexlist.cpp.o[0m
[0.530s] [  9%] [32mBuilding CXX object CMakeFiles/qpOASES.dir/src/LAPACKReplacement.cpp.o[0m
[0.530s] [  9%] [32mBuilding CXX object CMakeFiles/qpOASES.dir/src/Matrices.cpp.o[0m
[0.530s] [ 12%] [32mBuilding CXX object CMakeFiles/qpOASES.dir/src/OQPinterface.cpp.o[0m
[0.531s] [ 14%] [32mBuilding CXX object CMakeFiles/qpOASES.dir/src/Constraints.cpp.o[0m
[0.531s] [ 19%] [32mBuilding CXX object CMakeFiles/qpOASES.dir/src/QProblem.cpp.o[0m
[0.532s] [ 19%] [32mBuilding CXX object CMakeFiles/qpOASES.dir/src/BLASReplacement.cpp.o[0m
[0.532s] [ 21%] [32mBuilding CXX object CMakeFiles/qpOASES.dir/src/Options.cpp.o[0m
[0.532s] [ 24%] [32mBuilding CXX object CMakeFiles/qpOASES.dir/src/MessageHandling.cpp.o[0m
[0.532s] [ 26%] [32mBuilding CXX object CMakeFiles/qpOASES.dir/src/Flipper.cpp.o[0m
[0.534s] [ 29%] [32mBuilding CXX object CMakeFiles/qpOASES.dir/src/SQProblem.cpp.o[0m
[0.541s] [ 34%] [32mBuilding CXX object CMakeFiles/qpOASES.dir/src/SQProblemSchur.cpp.o[0m
[0.541s] [ 34%] [32mBuilding CXX object CMakeFiles/qpOASES.dir/src/SolutionAnalysis.cpp.o[0m
[0.542s] [ 36%] [32mBuilding CXX object CMakeFiles/qpOASES.dir/src/QProblemB.cpp.o[0m
[0.542s] [ 39%] [32mBuilding CXX object CMakeFiles/qpOASES.dir/src/SparseSolver.cpp.o[0m
[0.692s] [01m[K/home/tony/webots_ws/src/qpOASES/src/MessageHandling.cpp:[m[K In member function ‘[01m[KqpOASES::returnValue qpOASES::MessageHandling::throwMessage(qpOASES::returnValue, const char*, const char*, const char*, long unsigned int, qpOASES::VisibilityStatus, const char*)[m[K’:
[0.692s] [01m[K/home/tony/webots_ws/src/qpOASES/src/MessageHandling.cpp:517:50:[m[K [01;35m[Kwarning: [m[K‘[01m[K->[m[K’ directive output may be truncated writing 2 bytes into a region of size between 1 and 160 [[01;35m[K-Wformat-truncation=[m[K]
[0.692s]   517 |    snprintf( myPrintfString,MAX_STRING_LENGTH,"%s[01;35m[K->[m[K", whitespaces );
[0.692s]       |                                                  [01;35m[K^~[m[K
[0.692s] In file included from [01m[K/usr/include/stdio.h:867[m[K,
[0.692s]                  from [01m[K/home/tony/webots_ws/src/qpOASES/src/MessageHandling.cpp:36[m[K:
[0.693s] [01m[K/usr/include/x86_64-linux-gnu/bits/stdio2.h:67:35:[m[K [01;36m[Knote: [m[K‘[01m[K__builtin___snprintf_chk[m[K’ output between 3 and 162 bytes into a destination of size 160
[0.693s]    67 |   return [01;36m[K__builtin___snprintf_chk (__s, __n, __USE_FORTIFY_LEVEL - 1,[m[K
[0.693s]       |          [01;36m[K~~~~~~~~~~~~~~~~~~~~~~~~~^~~~~~~~~~~~~~~~~~~~~~~~~~~~~~~~~~~[m[K
[0.693s]    68 | [01;36m[K       __bos (__s), __fmt, __va_arg_pack ())[m[K;
[0.693s]       |        [01;36m[K~~~~~~~~~~~~~~~~~~~~~~~~~~~~~~~~~~~~~[m[K
[0.722s] [01m[K/home/tony/webots_ws/src/qpOASES/src/Options.cpp:[m[K In member function ‘[01m[KqpOASES::returnValue qpOASES::Options::print() const[m[K’:
[0.723s] [01m[K/home/tony/webots_ws/src/qpOASES/src/Options.cpp:386:80:[m[K [01;35m[Kwarning: [m[K‘[01m[K%s[m[K’ directive output may be truncated writing up to 159 bytes into a region of size 126 [[01;35m[K-Wformat-truncation=[m[K]
[0.723s]   386 |  snprintf( myPrintfString,MAX_STRING_LENGTH,"printLevel                     =  [01;35m[K%s[m[K\n",[32m[Kinfo[m[K );
[0.723s]       |                                                                                [01;35m[K^~[m[K    [32m[K~~~~[m[K
[0.723s] In file included from [01m[K/usr/include/stdio.h:867[m[K,
[0.723s]                  from [01m[K/home/tony/webots_ws/src/qpOASES/include/qpOASES/MessageHandling.hpp:39[m[K,
[0.723s]                  from [01m[K/home/tony/webots_ws/src/qpOASES/include/qpOASES/Utils.hpp:39[m[K,
[0.723s]                  from [01m[K/home/tony/webots_ws/src/qpOASES/include/qpOASES/Options.hpp:40[m[K,
[0.723s]                  from [01m[K/home/tony/webots_ws/src/qpOASES/src/Options.cpp:36[m[K:
[0.723s] [01m[K/usr/include/x86_64-linux-gnu/bits/stdio2.h:67:35:[m[K [01;36m[Knote: [m[K‘[01m[K__builtin___snprintf_chk[m[K’ output between 36 and 195 bytes into a destination of size 160
[0.724s]    67 |   return [01;36m[K__builtin___snprintf_chk (__s, __n, __USE_FORTIFY_LEVEL - 1,[m[K
[0.724s]       |          [01;36m[K~~~~~~~~~~~~~~~~~~~~~~~~~^~~~~~~~~~~~~~~~~~~~~~~~~~~~~~~~~~~[m[K
[0.724s]    68 | [01;36m[K       __bos (__s), __fmt, __va_arg_pack ())[m[K;
[0.724s]       |        [01;36m[K~~~~~~~~~~~~~~~~~~~~~~~~~~~~~~~~~~~~~[m[K
[0.724s] [01m[K/home/tony/webots_ws/src/qpOASES/src/Options.cpp:392:80:[m[K [01;35m[Kwarning: [m[K‘[01m[K%s[m[K’ directive output may be truncated writing up to 159 bytes into a region of size 126 [[01;35m[K-Wformat-truncation=[m[K]
[0.724s]   392 |  snprintf( myPrintfString,MAX_STRING_LENGTH,"enableRamping                  =  [01;35m[K%s[m[K\n",[32m[Kinfo[m[K );
[0.724s]       |                                                                                [01;35m[K^~[m[K    [32m[K~~~~[m[K
[0.724s] In file included from [01m[K/usr/include/stdio.h:867[m[K,
[0.724s]                  from [01m[K/home/tony/webots_ws/src/qpOASES/include/qpOASES/MessageHandling.hpp:39[m[K,
[0.725s]                  from [01m[K/home/tony/webots_ws/src/qpOASES/include/qpOASES/Utils.hpp:39[m[K,
[0.725s]                  from [01m[K/home/tony/webots_ws/src/qpOASES/include/qpOASES/Options.hpp:40[m[K,
[0.725s]                  from [01m[K/home/tony/webots_ws/src/qpOASES/src/Options.cpp:36[m[K:
[0.725s] [01m[K/usr/include/x86_64-linux-gnu/bits/stdio2.h:67:35:[m[K [01;36m[Knote: [m[K‘[01m[K__builtin___snprintf_chk[m[K’ output between 36 and 195 bytes into a destination of size 160
[0.725s]    67 |   return [01;36m[K__builtin___snprintf_chk (__s, __n, __USE_FORTIFY_LEVEL - 1,[m[K
[0.725s]       |          [01;36m[K~~~~~~~~~~~~~~~~~~~~~~~~~^~~~~~~~~~~~~~~~~~~~~~~~~~~~~~~~~~~[m[K
[0.725s]    68 | [01;36m[K       __bos (__s), __fmt, __va_arg_pack ())[m[K;
[0.725s]       |        [01;36m[K~~~~~~~~~~~~~~~~~~~~~~~~~~~~~~~~~~~~~[m[K
[0.725s] [01m[K/home/tony/webots_ws/src/qpOASES/src/Options.cpp:396:80:[m[K [01;35m[Kwarning: [m[K‘[01m[K%s[m[K’ directive output may be truncated writing up to 159 bytes into a region of size 126 [[01;35m[K-Wformat-truncation=[m[K]
[0.726s]   396 |  snprintf( myPrintfString,MAX_STRING_LENGTH,"enableFarBounds                =  [01;35m[K%s[m[K\n",[32m[Kinfo[m[K );
[0.726s]       |                                                                                [01;35m[K^~[m[K    [32m[K~~~~[m[K
[0.726s] In file included from [01m[K/usr/include/stdio.h:867[m[K,
[0.726s]                  from [01m[K/home/tony/webots_ws/src/qpOASES/include/qpOASES/MessageHandling.hpp:39[m[K,
[0.727s]                  from [01m[K/home/tony/webots_ws/src/qpOASES/include/qpOASES/Utils.hpp:39[m[K,
[0.727s]                  from [01m[K/home/tony/webots_ws/src/qpOASES/include/qpOASES/Options.hpp:40[m[K,
[0.727s]                  from [01m[K/home/tony/webots_ws/src/qpOASES/src/Options.cpp:36[m[K:
[0.727s] [01m[K/usr/include/x86_64-linux-gnu/bits/stdio2.h:67:35:[m[K [01;36m[Knote: [m[K‘[01m[K__builtin___snprintf_chk[m[K’ output between 36 and 195 bytes into a destination of size 160
[0.727s]    67 |   return [01;36m[K__builtin___snprintf_chk (__s, __n, __USE_FORTIFY_LEVEL - 1,[m[K
[0.727s]       |          [01;36m[K~~~~~~~~~~~~~~~~~~~~~~~~~^~~~~~~~~~~~~~~~~~~~~~~~~~~~~~~~~~~[m[K
[0.727s]    68 | [01;36m[K       __bos (__s), __fmt, __va_arg_pack ())[m[K;
[0.727s]       |        [01;36m[K~~~~~~~~~~~~~~~~~~~~~~~~~~~~~~~~~~~~~[m[K
[0.727s] [01m[K/home/tony/webots_ws/src/qpOASES/src/Options.cpp:400:80:[m[K [01;35m[Kwarning: [m[K‘[01m[K%s[m[K’ directive output may be truncated writing up to 159 bytes into a region of size 126 [[01;35m[K-Wformat-truncation=[m[K]
[0.727s]   400 |  snprintf( myPrintfString,MAX_STRING_LENGTH,"enableFlippingBounds           =  [01;35m[K%s[m[K\n",[32m[Kinfo[m[K );
[0.727s]       |                                                                                [01;35m[K^~[m[K    [32m[K~~~~[m[K
[0.728s] In file included from [01m[K/usr/include/stdio.h:867[m[K,
[0.728s]                  from [01m[K/home/tony/webots_ws/src/qpOASES/include/qpOASES/MessageHandling.hpp:39[m[K,
[0.728s]                  from [01m[K/home/tony/webots_ws/src/qpOASES/include/qpOASES/Utils.hpp:39[m[K,
[0.728s]                  from [01m[K/home/tony/webots_ws/src/qpOASES/include/qpOASES/Options.hpp:40[m[K,
[0.728s]                  from [01m[K/home/tony/webots_ws/src/qpOASES/src/Options.cpp:36[m[K:
[0.728s] [01m[K/usr/include/x86_64-linux-gnu/bits/stdio2.h:67:35:[m[K [01;36m[Knote: [m[K‘[01m[K__builtin___snprintf_chk[m[K’ output between 36 and 195 bytes into a destination of size 160
[0.728s]    67 |   return [01;36m[K__builtin___snprintf_chk (__s, __n, __USE_FORTIFY_LEVEL - 1,[m[K
[0.728s]       |          [01;36m[K~~~~~~~~~~~~~~~~~~~~~~~~~^~~~~~~~~~~~~~~~~~~~~~~~~~~~~~~~~~~[m[K
[0.728s]    68 | [01;36m[K       __bos (__s), __fmt, __va_arg_pack ())[m[K;
[0.728s]       |        [01;36m[K~~~~~~~~~~~~~~~~~~~~~~~~~~~~~~~~~~~~~[m[K
[0.728s] [01m[K/home/tony/webots_ws/src/qpOASES/src/Options.cpp:404:80:[m[K [01;35m[Kwarning: [m[K‘[01m[K%s[m[K’ directive output may be truncated writing up to 159 bytes into a region of size 126 [[01;35m[K-Wformat-truncation=[m[K]
[0.728s]   404 |  snprintf( myPrintfString,MAX_STRING_LENGTH,"enableRegularisation           =  [01;35m[K%s[m[K\n",[32m[Kinfo[m[K );
[0.728s]       |                                                                                [01;35m[K^~[m[K    [32m[K~~~~[m[K
[0.729s] In file included from [01m[K/usr/include/stdio.h:867[m[K,
[0.729s]                  from [01m[K/home/tony/webots_ws/src/qpOASES/include/qpOASES/MessageHandling.hpp:39[m[K,
[0.729s]                  from [01m[K/home/tony/webots_ws/src/qpOASES/include/qpOASES/Utils.hpp:39[m[K,
[0.729s]                  from [01m[K/home/tony/webots_ws/src/qpOASES/include/qpOASES/Options.hpp:40[m[K,
[0.729s]                  from [01m[K/home/tony/webots_ws/src/qpOASES/src/Options.cpp:36[m[K:
[0.729s] [01m[K/usr/include/x86_64-linux-gnu/bits/stdio2.h:67:35:[m[K [01;36m[Knote: [m[K‘[01m[K__builtin___snprintf_chk[m[K’ output between 36 and 195 bytes into a destination of size 160
[0.729s]    67 |   return [01;36m[K__builtin___snprintf_chk (__s, __n, __USE_FORTIFY_LEVEL - 1,[m[K
[0.729s]       |          [01;36m[K~~~~~~~~~~~~~~~~~~~~~~~~~^~~~~~~~~~~~~~~~~~~~~~~~~~~~~~~~~~~[m[K
[0.729s]    68 | [01;36m[K       __bos (__s), __fmt, __va_arg_pack ())[m[K;
[0.729s]       |        [01;36m[K~~~~~~~~~~~~~~~~~~~~~~~~~~~~~~~~~~~~~[m[K
[0.729s] [01m[K/home/tony/webots_ws/src/qpOASES/src/Options.cpp:408:80:[m[K [01;35m[Kwarning: [m[K‘[01m[K%s[m[K’ directive output may be truncated writing up to 159 bytes into a region of size 126 [[01;35m[K-Wformat-truncation=[m[K]
[0.729s]   408 |  snprintf( myPrintfString,MAX_STRING_LENGTH,"enableFullLITests              =  [01;35m[K%s[m[K\n",[32m[Kinfo[m[K );
[0.729s]       |                                                                                [01;35m[K^~[m[K    [32m[K~~~~[m[K
[0.730s] In file included from [01m[K/usr/include/stdio.h:867[m[K,
[0.730s]                  from [01m[K/home/tony/webots_ws/src/qpOASES/include/qpOASES/MessageHandling.hpp:39[m[K,
[0.730s]                  from [01m[K/home/tony/webots_ws/src/qpOASES/include/qpOASES/Utils.hpp:39[m[K,
[0.730s]                  from [01m[K/home/tony/webots_ws/src/qpOASES/include/qpOASES/Options.hpp:40[m[K,
[0.730s]                  from [01m[K/home/tony/webots_ws/src/qpOASES/src/Options.cpp:36[m[K:
[0.730s] [01m[K/usr/include/x86_64-linux-gnu/bits/stdio2.h:67:35:[m[K [01;36m[Knote: [m[K‘[01m[K__builtin___snprintf_chk[m[K’ output between 36 and 195 bytes into a destination of size 160
[0.730s]    67 |   return [01;36m[K__builtin___snprintf_chk (__s, __n, __USE_FORTIFY_LEVEL - 1,[m[K
[0.730s]       |          [01;36m[K~~~~~~~~~~~~~~~~~~~~~~~~~^~~~~~~~~~~~~~~~~~~~~~~~~~~~~~~~~~~[m[K
[0.730s]    68 | [01;36m[K       __bos (__s), __fmt, __va_arg_pack ())[m[K;
[0.730s]       |        [01;36m[K~~~~~~~~~~~~~~~~~~~~~~~~~~~~~~~~~~~~~[m[K
[0.730s] [01m[K/home/tony/webots_ws/src/qpOASES/src/Options.cpp:412:80:[m[K [01;35m[Kwarning: [m[K‘[01m[K%s[m[K’ directive output may be truncated writing up to 159 bytes into a region of size 126 [[01;35m[K-Wformat-truncation=[m[K]
[0.730s]   412 |  snprintf( myPrintfString,MAX_STRING_LENGTH,"enableNZCTests                 =  [01;35m[K%s[m[K\n",[32m[Kinfo[m[K );
[0.731s]       |                                                                                [01;35m[K^~[m[K    [32m[K~~~~[m[K
[0.731s] In file included from [01m[K/usr/include/stdio.h:867[m[K,
[0.731s]                  from [01m[K/home/tony/webots_ws/src/qpOASES/include/qpOASES/MessageHandling.hpp:39[m[K,
[0.731s]                  from [01m[K/home/tony/webots_ws/src/qpOASES/include/qpOASES/Utils.hpp:39[m[K,
[0.731s]                  from [01m[K/home/tony/webots_ws/src/qpOASES/include/qpOASES/Options.hpp:40[m[K,
[0.731s]                  from [01m[K/home/tony/webots_ws/src/qpOASES/src/Options.cpp:36[m[K:
[0.731s] [01m[K/usr/include/x86_64-linux-gnu/bits/stdio2.h:67:35:[m[K [01;36m[Knote: [m[K‘[01m[K__builtin___snprintf_chk[m[K’ output between 36 and 195 bytes into a destination of size 160
[0.731s]    67 |   return [01;36m[K__builtin___snprintf_chk (__s, __n, __USE_FORTIFY_LEVEL - 1,[m[K
[0.731s]       |          [01;36m[K~~~~~~~~~~~~~~~~~~~~~~~~~^~~~~~~~~~~~~~~~~~~~~~~~~~~~~~~~~~~[m[K
[0.732s]    68 | [01;36m[K       __bos (__s), __fmt, __va_arg_pack ())[m[K;
[0.732s]       |        [01;36m[K~~~~~~~~~~~~~~~~~~~~~~~~~~~~~~~~~~~~~[m[K
[0.732s] [01m[K/home/tony/webots_ws/src/qpOASES/src/Options.cpp:422:80:[m[K [01;35m[Kwarning: [m[K‘[01m[K%s[m[K’ directive output may be truncated writing up to 159 bytes into a region of size 126 [[01;35m[K-Wformat-truncation=[m[K]
[0.732s]   422 |  snprintf( myPrintfString,MAX_STRING_LENGTH,"enableEqualities               =  [01;35m[K%s[m[K\n",[32m[Kinfo[m[K );
[0.732s]       |                                                                                [01;35m[K^~[m[K    [32m[K~~~~[m[K
[0.732s] In file included from [01m[K/usr/include/stdio.h:867[m[K,
[0.732s]                  from [01m[K/home/tony/webots_ws/src/qpOASES/include/qpOASES/MessageHandling.hpp:39[m[K,
[0.732s]                  from [01m[K/home/tony/webots_ws/src/qpOASES/include/qpOASES/Utils.hpp:39[m[K,
[0.732s]                  from [01m[K/home/tony/webots_ws/src/qpOASES/include/qpOASES/Options.hpp:40[m[K,
[0.732s]                  from [01m[K/home/tony/webots_ws/src/qpOASES/src/Options.cpp:36[m[K:
[0.732s] [01m[K/usr/include/x86_64-linux-gnu/bits/stdio2.h:67:35:[m[K [01;36m[Knote: [m[K‘[01m[K__builtin___snprintf_chk[m[K’ output between 36 and 195 bytes into a destination of size 160
[0.733s]    67 |   return [01;36m[K__builtin___snprintf_chk (__s, __n, __USE_FORTIFY_LEVEL - 1,[m[K
[0.733s]       |          [01;36m[K~~~~~~~~~~~~~~~~~~~~~~~~~^~~~~~~~~~~~~~~~~~~~~~~~~~~~~~~~~~~[m[K
[0.733s]    68 | [01;36m[K       __bos (__s), __fmt, __va_arg_pack ())[m[K;
[0.733s]       |        [01;36m[K~~~~~~~~~~~~~~~~~~~~~~~~~~~~~~~~~~~~~[m[K
[0.733s] [01m[K/home/tony/webots_ws/src/qpOASES/src/Options.cpp:426:80:[m[K [01;35m[Kwarning: [m[K‘[01m[K%s[m[K’ directive output may be truncated writing up to 159 bytes into a region of size 126 [[01;35m[K-Wformat-truncation=[m[K]
[0.733s]   426 |  snprintf( myPrintfString,MAX_STRING_LENGTH,"enableInertiaCorrection        =  [01;35m[K%s[m[K\n",[32m[Kinfo[m[K );
[0.733s]       |                                                                                [01;35m[K^~[m[K    [32m[K~~~~[m[K
[0.733s] In file included from [01m[K/usr/include/stdio.h:867[m[K,
[0.733s]                  from [01m[K/home/tony/webots_ws/src/qpOASES/include/qpOASES/MessageHandling.hpp:39[m[K,
[0.733s]                  from [01m[K/home/tony/webots_ws/src/qpOASES/include/qpOASES/Utils.hpp:39[m[K,
[0.733s]                  from [01m[K/home/tony/webots_ws/src/qpOASES/include/qpOASES/Options.hpp:40[m[K,
[0.734s]                  from [01m[K/home/tony/webots_ws/src/qpOASES/src/Options.cpp:36[m[K:
[0.734s] [01m[K/usr/include/x86_64-linux-gnu/bits/stdio2.h:67:35:[m[K [01;36m[Knote: [m[K‘[01m[K__builtin___snprintf_chk[m[K’ output between 36 and 195 bytes into a destination of size 160
[0.734s]    67 |   return [01;36m[K__builtin___snprintf_chk (__s, __n, __USE_FORTIFY_LEVEL - 1,[m[K
[0.734s]       |          [01;36m[K~~~~~~~~~~~~~~~~~~~~~~~~~^~~~~~~~~~~~~~~~~~~~~~~~~~~~~~~~~~~[m[K
[0.734s]    68 | [01;36m[K       __bos (__s), __fmt, __va_arg_pack ())[m[K;
[0.734s]       |        [01;36m[K~~~~~~~~~~~~~~~~~~~~~~~~~~~~~~~~~~~~~[m[K
[0.734s] [01m[K/home/tony/webots_ws/src/qpOASES/src/Options.cpp:470:80:[m[K [01;35m[Kwarning: [m[K‘[01m[K%s[m[K’ directive output may be truncated writing up to 159 bytes into a region of size 126 [[01;35m[K-Wformat-truncation=[m[K]
[0.734s]   470 |  snprintf( myPrintfString,MAX_STRING_LENGTH,"initialStatusBounds            =  [01;35m[K%s[m[K\n",[32m[Kinfo[m[K );
[0.734s]       |                                                                                [01;35m[K^~[m[K    [32m[K~~~~[m[K
[0.734s] In file included from [01m[K/usr/include/stdio.h:867[m[K,
[0.735s]                  from [01m[K/home/tony/webots_ws/src/qpOASES/include/qpOASES/MessageHandling.hpp:39[m[K,
[0.735s]                  from [01m[K/home/tony/webots_ws/src/qpOASES/include/qpOASES/Utils.hpp:39[m[K,
[0.735s]                  from [01m[K/home/tony/webots_ws/src/qpOASES/include/qpOASES/Options.hpp:40[m[K,
[0.735s]                  from [01m[K/home/tony/webots_ws/src/qpOASES/src/Options.cpp:36[m[K:
[0.735s] [01m[K/usr/include/x86_64-linux-gnu/bits/stdio2.h:67:35:[m[K [01;36m[Knote: [m[K‘[01m[K__builtin___snprintf_chk[m[K’ output between 36 and 195 bytes into a destination of size 160
[0.735s]    67 |   return [01;36m[K__builtin___snprintf_chk (__s, __n, __USE_FORTIFY_LEVEL - 1,[m[K
[0.735s]       |          [01;36m[K~~~~~~~~~~~~~~~~~~~~~~~~~^~~~~~~~~~~~~~~~~~~~~~~~~~~~~~~~~~~[m[K
[0.735s]    68 | [01;36m[K       __bos (__s), __fmt, __va_arg_pack ())[m[K;
[0.735s]       |        [01;36m[K~~~~~~~~~~~~~~~~~~~~~~~~~~~~~~~~~~~~~[m[K
[0.750s] [ 41%] [32mBuilding CXX object CMakeFiles/qpOASES.dir/src/SubjectTo.cpp.o[0m
[0.777s] [ 43%] [32mBuilding CXX object CMakeFiles/qpOASES.dir/src/Utils.cpp.o[0m
[1.630s] [01m[K/home/tony/webots_ws/src/qpOASES/src/QProblemB.cpp:[m[K In member function ‘[01m[KqpOASES::returnValue qpOASES::QProblemB::printIteration(qpOASES::int_t, qpOASES::int_t, qpOASES::SubjectToStatus, qpOASES::real_t, qpOASES::BooleanType)[m[K’:
[1.630s] [01m[K/home/tony/webots_ws/src/qpOASES/src/QProblemB.cpp:3837:76:[m[K [01;35m[Kwarning: [m[K‘[01m[K%s[m[K’ directive output may be truncated writing up to 159 bytes into a region of size between 119 and 135 [[01;35m[K-Wformat-truncation=[m[K]
[1.630s]  3837 |     snprintf( myPrintfString,MAX_STRING_LENGTH,"   %5.1d   |   %1.6e   |   [01;35m[K%s[m[K %4.1d   |  %4.1d   \n", (int)iter,tau,[32m[Kinfo[m[K,(int)BC_idx,(int)getNFX( ) );
[1.631s]       |                                                                            [01;35m[K^~[m[K                                       [32m[K~~~~[m[K
[1.631s] In file included from [01m[K/usr/include/stdio.h:867[m[K,
[1.631s]                  from [01m[K/home/tony/webots_ws/src/qpOASES/include/qpOASES/MessageHandling.hpp:39[m[K,
[1.631s]                  from [01m[K/home/tony/webots_ws/src/qpOASES/include/qpOASES/Utils.hpp:39[m[K,
[1.631s]                  from [01m[K/home/tony/webots_ws/src/qpOASES/include/qpOASES/Indexlist.hpp:40[m[K,
[1.631s]                  from [01m[K/home/tony/webots_ws/src/qpOASES/include/qpOASES/SubjectTo.hpp:40[m[K,
[1.631s]                  from [01m[K/home/tony/webots_ws/src/qpOASES/include/qpOASES/Bounds.hpp:40[m[K,
[1.631s]                  from [01m[K/home/tony/webots_ws/src/qpOASES/include/qpOASES/Flipper.hpp:40[m[K,
[1.631s]                  from [01m[K/home/tony/webots_ws/src/qpOASES/include/qpOASES/QProblemB.hpp:42[m[K,
[1.631s]                  from [01m[K/home/tony/webots_ws/src/qpOASES/src/QProblemB.cpp:36[m[K:
[1.632s] [01m[K/usr/include/x86_64-linux-gnu/bits/stdio2.h:67:35:[m[K [01;36m[Knote: [m[K‘[01m[K__builtin___snprintf_chk[m[K’ output between 45 and 234 bytes into a destination of size 160
[1.632s]    67 |   return [01;36m[K__builtin___snprintf_chk (__s, __n, __USE_FORTIFY_LEVEL - 1,[m[K
[1.632s]       |          [01;36m[K~~~~~~~~~~~~~~~~~~~~~~~~~^~~~~~~~~~~~~~~~~~~~~~~~~~~~~~~~~~~[m[K
[1.632s]    68 | [01;36m[K       __bos (__s), __fmt, __va_arg_pack ())[m[K;
[1.632s]       |        [01;36m[K~~~~~~~~~~~~~~~~~~~~~~~~~~~~~~~~~~~~~[m[K
[1.632s] [01m[K/home/tony/webots_ws/src/qpOASES/src/QProblemB.cpp:3827:78:[m[K [01;35m[Kwarning: [m[K‘[01m[K%s[m[K’ directive output may be truncated writing up to 159 bytes into a region of size between 118 and 134 [[01;35m[K-Wformat-truncation=[m[K]
[1.632s]  3827 |      snprintf( myPrintfString,MAX_STRING_LENGTH,"   %5.1d*  |   %1.6e   |    [01;35m[K%s[m[K SOLVED     |  %4.1d   \n", (int)iter,tau,[32m[Kinfo[m[K,(int)getNFX( ) );
[1.632s]       |                                                                              [01;35m[K^~[m[K                                          [32m[K~~~~[m[K
[1.632s] In file included from [01m[K/usr/include/stdio.h:867[m[K,
[1.633s]                  from [01m[K/home/tony/webots_ws/src/qpOASES/include/qpOASES/MessageHandling.hpp:39[m[K,
[1.633s]                  from [01m[K/home/tony/webots_ws/src/qpOASES/include/qpOASES/Utils.hpp:39[m[K,
[1.633s]                  from [01m[K/home/tony/webots_ws/src/qpOASES/include/qpOASES/Indexlist.hpp:40[m[K,
[1.633s]                  from [01m[K/home/tony/webots_ws/src/qpOASES/include/qpOASES/SubjectTo.hpp:40[m[K,
[1.633s]                  from [01m[K/home/tony/webots_ws/src/qpOASES/include/qpOASES/Bounds.hpp:40[m[K,
[1.633s]                  from [01m[K/home/tony/webots_ws/src/qpOASES/include/qpOASES/Flipper.hpp:40[m[K,
[1.633s]                  from [01m[K/home/tony/webots_ws/src/qpOASES/include/qpOASES/QProblemB.hpp:42[m[K,
[1.633s]                  from [01m[K/home/tony/webots_ws/src/qpOASES/src/QProblemB.cpp:36[m[K:
[1.633s] [01m[K/usr/include/x86_64-linux-gnu/bits/stdio2.h:67:35:[m[K [01;36m[Knote: [m[K‘[01m[K__builtin___snprintf_chk[m[K’ output between 50 and 232 bytes into a destination of size 160
[1.633s]    67 |   return [01;36m[K__builtin___snprintf_chk (__s, __n, __USE_FORTIFY_LEVEL - 1,[m[K
[1.634s]       |          [01;36m[K~~~~~~~~~~~~~~~~~~~~~~~~~^~~~~~~~~~~~~~~~~~~~~~~~~~~~~~~~~~~[m[K
[1.634s]    68 | [01;36m[K       __bos (__s), __fmt, __va_arg_pack ())[m[K;
[1.634s]       |        [01;36m[K~~~~~~~~~~~~~~~~~~~~~~~~~~~~~~~~~~~~~[m[K
[1.634s] [01m[K/home/tony/webots_ws/src/qpOASES/src/QProblemB.cpp:3825:78:[m[K [01;35m[Kwarning: [m[K‘[01m[K%s[m[K’ directive output may be truncated writing up to 159 bytes into a region of size between 118 and 134 [[01;35m[K-Wformat-truncation=[m[K]
[1.634s]  3825 |      snprintf( myPrintfString,MAX_STRING_LENGTH,"   %5.1d   |   %1.6e   |    [01;35m[K%s[m[K SOLVED     |  %4.1d   \n", (int)iter,tau,[32m[Kinfo[m[K,(int)getNFX( ) );
[1.634s]       |                                                                              [01;35m[K^~[m[K                                          [32m[K~~~~[m[K
[1.635s] In file included from [01m[K/usr/include/stdio.h:867[m[K,
[1.635s]                  from [01m[K/home/tony/webots_ws/src/qpOASES/include/qpOASES/MessageHandling.hpp:39[m[K,
[1.635s]                  from [01m[K/home/tony/webots_ws/src/qpOASES/include/qpOASES/Utils.hpp:39[m[K,
[1.635s]                  from [01m[K/home/tony/webots_ws/src/qpOASES/include/qpOASES/Indexlist.hpp:40[m[K,
[1.635s]                  from [01m[K/home/tony/webots_ws/src/qpOASES/include/qpOASES/SubjectTo.hpp:40[m[K,
[1.635s]                  from [01m[K/home/tony/webots_ws/src/qpOASES/include/qpOASES/Bounds.hpp:40[m[K,
[1.635s]                  from [01m[K/home/tony/webots_ws/src/qpOASES/include/qpOASES/Flipper.hpp:40[m[K,
[1.635s]                  from [01m[K/home/tony/webots_ws/src/qpOASES/include/qpOASES/QProblemB.hpp:42[m[K,
[1.635s]                  from [01m[K/home/tony/webots_ws/src/qpOASES/src/QProblemB.cpp:36[m[K:
[1.635s] [01m[K/usr/include/x86_64-linux-gnu/bits/stdio2.h:67:35:[m[K [01;36m[Knote: [m[K‘[01m[K__builtin___snprintf_chk[m[K’ output between 50 and 232 bytes into a destination of size 160
[1.635s]    67 |   return [01;36m[K__builtin___snprintf_chk (__s, __n, __USE_FORTIFY_LEVEL - 1,[m[K
[1.636s]       |          [01;36m[K~~~~~~~~~~~~~~~~~~~~~~~~~^~~~~~~~~~~~~~~~~~~~~~~~~~~~~~~~~~~[m[K
[1.636s]    68 | [01;36m[K       __bos (__s), __fmt, __va_arg_pack ())[m[K;
[1.636s]       |        [01;36m[K~~~~~~~~~~~~~~~~~~~~~~~~~~~~~~~~~~~~~[m[K
[2.764s] [01m[K/home/tony/webots_ws/src/qpOASES/src/QProblem.cpp:[m[K In member function ‘[01m[KqpOASES::returnValue qpOASES::QProblem::printIteration(qpOASES::int_t, qpOASES::int_t, qpOASES::SubjectToStatus, qpOASES::BooleanType, qpOASES::real_t, qpOASES::BooleanType)[m[K’:
[2.765s] [01m[K/home/tony/webots_ws/src/qpOASES/src/QProblem.cpp:6244:76:[m[K [01;35m[Kwarning: [m[K‘[01m[K%s[m[K’ directive output may be truncated writing up to 159 bytes into a region of size between 119 and 135 [[01;35m[K-Wformat-truncation=[m[K]
[2.765s]  6244 |     snprintf( myPrintfString,MAX_STRING_LENGTH,"   %5.1d   |   %1.6e   |   [01;35m[K%s[m[K %4.1d   |  %4.1d   |  %4.1d   \n", (int)iter,tau,[32m[Kinfo[m[K,(int)BC_idx,(int)getNFX( ),(int)getNAC( ) );
[2.765s]       |                                                                            [01;35m[K^~[m[K                                                  [32m[K~~~~[m[K
[2.765s] In file included from [01m[K/usr/include/stdio.h:867[m[K,
[2.765s]                  from [01m[K/home/tony/webots_ws/src/qpOASES/include/qpOASES/MessageHandling.hpp:39[m[K,
[2.765s]                  from [01m[K/home/tony/webots_ws/src/qpOASES/include/qpOASES/Utils.hpp:39[m[K,
[2.765s]                  from [01m[K/home/tony/webots_ws/src/qpOASES/include/qpOASES/Indexlist.hpp:40[m[K,
[2.765s]                  from [01m[K/home/tony/webots_ws/src/qpOASES/include/qpOASES/SubjectTo.hpp:40[m[K,
[2.765s]                  from [01m[K/home/tony/webots_ws/src/qpOASES/include/qpOASES/Bounds.hpp:40[m[K,
[2.765s]                  from [01m[K/home/tony/webots_ws/src/qpOASES/include/qpOASES/Flipper.hpp:40[m[K,
[2.765s]                  from [01m[K/home/tony/webots_ws/src/qpOASES/include/qpOASES/QProblemB.hpp:42[m[K,
[2.766s]                  from [01m[K/home/tony/webots_ws/src/qpOASES/include/qpOASES/QProblem.hpp:41[m[K,
[2.766s]                  from [01m[K/home/tony/webots_ws/src/qpOASES/src/QProblem.cpp:36[m[K:
[2.766s] [01m[K/usr/include/x86_64-linux-gnu/bits/stdio2.h:67:35:[m[K [01;36m[Knote: [m[K‘[01m[K__builtin___snprintf_chk[m[K’ output between 55 and 251 bytes into a destination of size 160
[2.766s]    67 |   return [01;36m[K__builtin___snprintf_chk (__s, __n, __USE_FORTIFY_LEVEL - 1,[m[K
[2.766s]       |          [01;36m[K~~~~~~~~~~~~~~~~~~~~~~~~~^~~~~~~~~~~~~~~~~~~~~~~~~~~~~~~~~~~[m[K
[2.766s]    68 | [01;36m[K       __bos (__s), __fmt, __va_arg_pack ())[m[K;
[2.766s]       |        [01;36m[K~~~~~~~~~~~~~~~~~~~~~~~~~~~~~~~~~~~~~[m[K
[2.766s] [01m[K/home/tony/webots_ws/src/qpOASES/src/QProblem.cpp:6229:78:[m[K [01;35m[Kwarning: [m[K‘[01m[K%s[m[K’ directive output may be truncated writing up to 159 bytes into a region of size between 118 and 134 [[01;35m[K-Wformat-truncation=[m[K]
[2.766s]  6229 |      snprintf( myPrintfString,MAX_STRING_LENGTH,"   %5.1d*  |   %1.6e   |    [01;35m[K%s[m[K SOLVED     |  %4.1d   |  %4.1d   \n", (int)iter,tau,[32m[Kinfo[m[K,(int)getNFX( ),(int)getNAC( ) );
[2.766s]       |                                                                              [01;35m[K^~[m[K                                                     [32m[K~~~~[m[K
[2.766s] In file included from [01m[K/usr/include/stdio.h:867[m[K,
[2.767s]                  from [01m[K/home/tony/webots_ws/src/qpOASES/include/qpOASES/MessageHandling.hpp:39[m[K,
[2.767s]                  from [01m[K/home/tony/webots_ws/src/qpOASES/include/qpOASES/Utils.hpp:39[m[K,
[2.767s]                  from [01m[K/home/tony/webots_ws/src/qpOASES/include/qpOASES/Indexlist.hpp:40[m[K,
[2.767s]                  from [01m[K/home/tony/webots_ws/src/qpOASES/include/qpOASES/SubjectTo.hpp:40[m[K,
[2.767s]                  from [01m[K/home/tony/webots_ws/src/qpOASES/include/qpOASES/Bounds.hpp:40[m[K,
[2.767s]                  from [01m[K/home/tony/webots_ws/src/qpOASES/include/qpOASES/Flipper.hpp:40[m[K,
[2.767s]                  from [01m[K/home/tony/webots_ws/src/qpOASES/include/qpOASES/QProblemB.hpp:42[m[K,
[2.767s]                  from [01m[K/home/tony/webots_ws/src/qpOASES/include/qpOASES/QProblem.hpp:41[m[K,
[2.767s]                  from [01m[K/home/tony/webots_ws/src/qpOASES/src/QProblem.cpp:36[m[K:
[2.767s] [01m[K/usr/include/x86_64-linux-gnu/bits/stdio2.h:67:35:[m[K [01;36m[Knote: [m[K‘[01m[K__builtin___snprintf_chk[m[K’ output between 60 and 249 bytes into a destination of size 160
[2.767s]    67 |   return [01;36m[K__builtin___snprintf_chk (__s, __n, __USE_FORTIFY_LEVEL - 1,[m[K
[2.767s]       |          [01;36m[K~~~~~~~~~~~~~~~~~~~~~~~~~^~~~~~~~~~~~~~~~~~~~~~~~~~~~~~~~~~~[m[K
[2.768s]    68 | [01;36m[K       __bos (__s), __fmt, __va_arg_pack ())[m[K;
[2.768s]       |        [01;36m[K~~~~~~~~~~~~~~~~~~~~~~~~~~~~~~~~~~~~~[m[K
[2.768s] [01m[K/home/tony/webots_ws/src/qpOASES/src/QProblem.cpp:6227:78:[m[K [01;35m[Kwarning: [m[K‘[01m[K%s[m[K’ directive output may be truncated writing up to 159 bytes into a region of size between 118 and 134 [[01;35m[K-Wformat-truncation=[m[K]
[2.768s]  6227 |      snprintf( myPrintfString,MAX_STRING_LENGTH,"   %5.1d   |   %1.6e   |    [01;35m[K%s[m[K SOLVED     |  %4.1d   |  %4.1d   \n", (int)iter,tau,[32m[Kinfo[m[K,(int)getNFX( ),(int)getNAC( ) );
[2.768s]       |                                                                              [01;35m[K^~[m[K                                                     [32m[K~~~~[m[K
[2.768s] In file included from [01m[K/usr/include/stdio.h:867[m[K,
[2.768s]                  from [01m[K/home/tony/webots_ws/src/qpOASES/include/qpOASES/MessageHandling.hpp:39[m[K,
[2.768s]                  from [01m[K/home/tony/webots_ws/src/qpOASES/include/qpOASES/Utils.hpp:39[m[K,
[2.768s]                  from [01m[K/home/tony/webots_ws/src/qpOASES/include/qpOASES/Indexlist.hpp:40[m[K,
[2.768s]                  from [01m[K/home/tony/webots_ws/src/qpOASES/include/qpOASES/SubjectTo.hpp:40[m[K,
[2.768s]                  from [01m[K/home/tony/webots_ws/src/qpOASES/include/qpOASES/Bounds.hpp:40[m[K,
[2.768s]                  from [01m[K/home/tony/webots_ws/src/qpOASES/include/qpOASES/Flipper.hpp:40[m[K,
[2.768s]                  from [01m[K/home/tony/webots_ws/src/qpOASES/include/qpOASES/QProblemB.hpp:42[m[K,
[2.769s]                  from [01m[K/home/tony/webots_ws/src/qpOASES/include/qpOASES/QProblem.hpp:41[m[K,
[2.769s]                  from [01m[K/home/tony/webots_ws/src/qpOASES/src/QProblem.cpp:36[m[K:
[2.769s] [01m[K/usr/include/x86_64-linux-gnu/bits/stdio2.h:67:35:[m[K [01;36m[Knote: [m[K‘[01m[K__builtin___snprintf_chk[m[K’ output between 60 and 249 bytes into a destination of size 160
[2.769s]    67 |   return [01;36m[K__builtin___snprintf_chk (__s, __n, __USE_FORTIFY_LEVEL - 1,[m[K
[2.769s]       |          [01;36m[K~~~~~~~~~~~~~~~~~~~~~~~~~^~~~~~~~~~~~~~~~~~~~~~~~~~~~~~~~~~~[m[K
[2.769s]    68 | [01;36m[K       __bos (__s), __fmt, __va_arg_pack ())[m[K;
[2.769s]       |        [01;36m[K~~~~~~~~~~~~~~~~~~~~~~~~~~~~~~~~~~~~~[m[K
[3.373s] [ 46%] [32m[1mLinking CXX static library libs/libqpOASES.a[0m
[3.433s] [ 46%] Built target qpOASES
[3.443s] [35m[1mScanning dependencies of target qrecipe[0m
[3.444s] [35m[1mScanning dependencies of target example2[0m
[3.444s] [35m[1mScanning dependencies of target example3[0m
[3.445s] [35m[1mScanning dependencies of target example1[0m
[3.445s] [35m[1mScanning dependencies of target example1a[0m
[3.445s] [35m[1mScanning dependencies of target example4[0m
[3.446s] [35m[1mScanning dependencies of target example1b[0m
[3.446s] [35m[1mScanning dependencies of target example3b[0m
[3.446s] [35m[1mScanning dependencies of target exampleLP[0m
[3.446s] [35m[1mScanning dependencies of target qrecipeSchur[0m
[3.447s] [35m[1mScanning dependencies of target example5[0m
[3.457s] [ 48%] [32mBuilding CXX object CMakeFiles/qrecipe.dir/examples/qrecipe.cpp.o[0m
[3.459s] [ 51%] [32mBuilding CXX object CMakeFiles/example1a.dir/examples/example1a.cpp.o[0m
[3.460s] [ 53%] [32mBuilding CXX object CMakeFiles/example2.dir/examples/example2.cpp.o[0m
[3.460s] [ 56%] [32mBuilding CXX object CMakeFiles/example3.dir/examples/example3.cpp.o[0m
[3.460s] [ 58%] [32mBuilding CXX object CMakeFiles/example1.dir/examples/example1.cpp.o[0m
[3.461s] [ 63%] [32mBuilding CXX object CMakeFiles/example5.dir/examples/example5.cpp.o[0m
[3.461s] [ 63%] [32mBuilding CXX object CMakeFiles/example1b.dir/examples/example1b.cpp.o[0m
[3.461s] [ 68%] [32mBuilding CXX object CMakeFiles/example4.dir/examples/example4.cpp.o[0m
[3.462s] [ 68%] [32mBuilding CXX object CMakeFiles/example3b.dir/examples/example3b.cpp.o[0m
[3.462s] [ 73%] [32mBuilding CXX object CMakeFiles/qrecipeSchur.dir/examples/qrecipeSchur.cpp.o[0m
[3.462s] [ 73%] [32mBuilding CXX object CMakeFiles/exampleLP.dir/examples/exampleLP.cpp.o[0m
[3.557s] [ 75%] [32m[1mLinking CXX executable bin/example1a[0m
[3.561s] [ 78%] [32m[1mLinking CXX executable bin/example1[0m
[3.605s] [ 80%] [32m[1mLinking CXX executable bin/qrecipe[0m
[3.631s] [ 82%] [32m[1mLinking CXX executable bin/example3b[0m
[3.638s] [ 85%] [32m[1mLinking CXX executable bin/example3[0m
[3.642s] [ 87%] [32m[1mLinking CXX executable bin/exampleLP[0m
[3.654s] [ 90%] [32m[1mLinking CXX executable bin/example2[0m
[3.659s] [ 92%] [32m[1mLinking CXX executable bin/example1b[0m
[3.666s] [ 95%] [32m[1mLinking CXX executable bin/example4[0m
[3.678s] [ 97%] [32m[1mLinking CXX executable bin/example5[0m
[3.688s] [100%] [32m[1mLinking CXX executable bin/qrecipeSchur[0m
[3.761s] [100%] Built target example1a
[3.761s] [100%] Built target example1
[3.802s] [100%] Built target qrecipe
[3.826s] [100%] Built target example3b
[3.835s] [100%] Built target example4
[3.840s] [100%] Built target example1b
[3.843s] [100%] Built target example5
[3.846s] [100%] Built target example3
[3.851s] [100%] Built target exampleLP
[3.864s] [100%] Built target qrecipeSchur
[3.869s] [100%] Built target example2
