[0.029s] Invoking command in '/home/tony/webots_ws/build/traj_interfaces': CMAKE_PREFIX_PATH=${CMAKE_PREFIX_PATH}:/home/tony/webots_ws/install/my_package:/home/tony/webots_ws/install/my_mir_package:/home/tony/webots_ws/install/multi_mir_package:/opt/ros/foxy /usr/bin/cmake /home/tony/webots_ws/src/traj_interfaces -DCMAKE_INSTALL_PREFIX=/home/tony/webots_ws/install/traj_interfaces
[0.205s] -- The C compiler identification is GNU 9.4.0
[0.205s] -- The CXX compiler identification is GNU 9.4.0
[0.205s] -- Check for working C compiler: /usr/bin/cc
[0.205s] -- Check for working C compiler: /usr/bin/cc -- works
[0.205s] -- Detecting C compiler ABI info
[0.254s] -- Detecting C compiler ABI info - done
[0.261s] -- Detecting C compile features
[0.261s] -- Detecting C compile features - done
[0.263s] -- Check for working CXX compiler: /usr/bin/c++
[0.337s] -- Check for working CXX compiler: /usr/bin/c++ -- works
[0.338s] -- Detecting CXX compiler ABI info
[0.409s] -- Detecting CXX compiler ABI info - done
[0.423s] -- Detecting CXX compile features
[0.423s] -- Detecting CXX compile features - done
[0.426s] -- Found ament_cmake: 0.9.12 (/opt/ros/foxy/share/ament_cmake/cmake)
[0.446s] -- Found PythonInterp: /usr/bin/python3 (found suitable version "3.8.10", minimum required is "3") 
[0.447s] -- Using PYTHON_EXECUTABLE: /usr/bin/python3
[0.739s] -- Found rosidl_default_generators: 1.0.1 (/opt/ros/foxy/share/rosidl_default_generators/cmake)
[0.739s] -- Using all available rosidl_typesupport_c: rosidl_typesupport_fastrtps_c;rosidl_typesupport_introspection_c
[0.740s] -- Found rosidl_adapter: 1.3.1 (/opt/ros/foxy/share/rosidl_adapter/cmake)
[0.947s] -- Found OpenSSL: /usr/lib/x86_64-linux-gnu/libcrypto.so (found version "1.1.1f")  
[0.990s] -- Found FastRTPS: /opt/ros/foxy/include  
[1.094s] -- Using all available rosidl_typesupport_cpp: rosidl_typesupport_fastrtps_cpp;rosidl_typesupport_introspection_cpp
[1.128s] -- Found geometry_msgs: 2.0.5 (/opt/ros/foxy/share/geometry_msgs/cmake)
[1.207s] -- Found PythonInterp: /usr/bin/python3 (found version "3.8.10") 
[1.348s] -- Found ament_cmake_ros: 0.9.2 (/opt/ros/foxy/share/ament_cmake_ros/cmake)
[1.556s] -- Using all available rosidl_typesupport_c: rosidl_typesupport_fastrtps_c;rosidl_typesupport_introspection_c
[1.639s] -- Using all available rosidl_typesupport_cpp: rosidl_typesupport_fastrtps_cpp;rosidl_typesupport_introspection_cpp
[1.664s] -- Found PythonInterp: /usr/bin/python3 (found suitable version "3.8.10", minimum required is "3.5") 
[1.666s] -- Found python_cmake_module: 0.8.1 (/opt/ros/foxy/share/python_cmake_module/cmake)
[1.691s] -- Found PythonLibs: /usr/lib/x86_64-linux-gnu/libpython3.8.so (found suitable version "3.8.10", minimum required is "3.5") 
[1.691s] -- Using PYTHON_EXECUTABLE: /usr/bin/python3
[1.691s] -- Using PYTHON_INCLUDE_DIRS: /usr/include/python3.8
[1.691s] -- Using PYTHON_LIBRARIES: /usr/lib/x86_64-linux-gnu/libpython3.8.so
[1.712s] -- Found PythonExtra: .so  
[1.811s] -- Found ament_lint_auto: 0.9.8 (/opt/ros/foxy/share/ament_lint_auto/cmake)
[1.840s] -- Added test 'copyright' to check source files copyright and LICENSE
[1.843s] -- Added test 'lint_cmake' to check CMake code style
[1.844s] -- Added test 'xmllint' to check XML markup files
[1.852s] -- Configuring done
[1.931s] -- Generating done
[1.935s] -- Build files have been written to: /home/tony/webots_ws/build/traj_interfaces
[1.949s] Invoked command in '/home/tony/webots_ws/build/traj_interfaces' returned '0': CMAKE_PREFIX_PATH=${CMAKE_PREFIX_PATH}:/home/tony/webots_ws/install/my_package:/home/tony/webots_ws/install/my_mir_package:/home/tony/webots_ws/install/multi_mir_package:/opt/ros/foxy /usr/bin/cmake /home/tony/webots_ws/src/traj_interfaces -DCMAKE_INSTALL_PREFIX=/home/tony/webots_ws/install/traj_interfaces
[1.953s] Invoking command in '/home/tony/webots_ws/build/traj_interfaces': CMAKE_PREFIX_PATH=${CMAKE_PREFIX_PATH}:/home/tony/webots_ws/install/my_package:/home/tony/webots_ws/install/my_mir_package:/home/tony/webots_ws/install/multi_mir_package:/opt/ros/foxy /usr/bin/cmake --build /home/tony/webots_ws/build/traj_interfaces -- -j16 -l16
[2.008s] [  3%] [34m[1mGenerating C code for ROS interfaces[0m
[2.008s] [35m[1mScanning dependencies of target traj_interfaces__cpp[0m
[2.023s] [  6%] [34m[1mGenerating C++ code for ROS interfaces[0m
[2.255s] [  6%] Built target traj_interfaces__cpp
[2.266s] [ 12%] [34m[1mGenerating C++ introspection for ROS interfaces[0m
[2.266s] [ 12%] [34m[1mGenerating C++ type support for eProsima Fast-RTPS[0m
[2.270s] [ 16%] [34m[1mGenerating C++ type support dispatch for ROS interfaces[0m
[2.321s] [35m[1mScanning dependencies of target traj_interfaces__rosidl_generator_c[0m
[2.341s] [ 19%] [32mBuilding C object CMakeFiles/traj_interfaces__rosidl_generator_c.dir/rosidl_generator_c/traj_interfaces/msg/detail/bspline__functions.c.o[0m
[2.395s] [ 22%] [32m[1mLinking C shared library libtraj_interfaces__rosidl_generator_c.so[0m
[2.443s] [ 22%] Built target traj_interfaces__rosidl_generator_c
[2.454s] [ 29%] [34m[1mGenerating C type support dispatch for ROS interfaces[0m
[2.454s] [ 29%] [34m[1mGenerating C introspection for ROS interfaces[0m
[2.467s] [35m[1mScanning dependencies of target traj_interfaces__rosidl_typesupport_cpp[0m
[2.468s] [35m[1mScanning dependencies of target traj_interfaces__rosidl_typesupport_fastrtps_cpp[0m
[2.471s] [35m[1mScanning dependencies of target traj_interfaces__rosidl_typesupport_introspection_cpp[0m
[2.482s] [ 32%] [32mBuilding CXX object CMakeFiles/traj_interfaces__rosidl_typesupport_cpp.dir/rosidl_typesupport_cpp/traj_interfaces/msg/bspline__type_support.cpp.o[0m
[2.484s] [ 35%] [32mBuilding CXX object CMakeFiles/traj_interfaces__rosidl_typesupport_introspection_cpp.dir/rosidl_typesupport_introspection_cpp/traj_interfaces/msg/detail/bspline__type_support.cpp.o[0m
[2.484s] [ 38%] [32mBuilding CXX object CMakeFiles/traj_interfaces__rosidl_typesupport_fastrtps_cpp.dir/rosidl_typesupport_fastrtps_cpp/traj_interfaces/msg/detail/dds_fastrtps/bspline__type_support.cpp.o[0m
[2.625s] [35m[1mScanning dependencies of target traj_interfaces__rosidl_typesupport_c[0m
[2.641s] [ 41%] [32mBuilding CXX object CMakeFiles/traj_interfaces__rosidl_typesupport_c.dir/rosidl_typesupport_c/traj_interfaces/msg/bspline__type_support.cpp.o[0m
[2.670s] [ 45%] [32m[1mLinking CXX shared library libtraj_interfaces__rosidl_typesupport_c.so[0m
[2.705s] [35m[1mScanning dependencies of target traj_interfaces__rosidl_typesupport_introspection_c[0m
[2.714s] [ 45%] Built target traj_interfaces__rosidl_typesupport_c
[2.719s] [ 48%] [32mBuilding C object CMakeFiles/traj_interfaces__rosidl_typesupport_introspection_c.dir/rosidl_typesupport_introspection_c/traj_interfaces/msg/detail/bspline__type_support.c.o[0m
[2.726s] [ 51%] [32m[1mLinking CXX shared library libtraj_interfaces__rosidl_typesupport_cpp.so[0m
[2.754s] [ 54%] [32m[1mLinking C shared library libtraj_interfaces__rosidl_typesupport_introspection_c.so[0m
[2.768s] [ 54%] Built target traj_interfaces__rosidl_typesupport_cpp
[2.789s] [ 54%] Built target traj_interfaces__rosidl_typesupport_introspection_c
[2.802s] [ 58%] [32m[1mLinking CXX shared library libtraj_interfaces__rosidl_typesupport_introspection_cpp.so[0m
[2.877s] [ 58%] Built target traj_interfaces__rosidl_typesupport_introspection_cpp
[2.973s] [ 61%] [32m[1mLinking CXX shared library libtraj_interfaces__rosidl_typesupport_fastrtps_cpp.so[0m
[3.059s] [ 61%] Built target traj_interfaces__rosidl_typesupport_fastrtps_cpp
[3.069s] [ 64%] [34m[1mGenerating C type support for eProsima Fast-RTPS[0m
[3.240s] [35m[1mScanning dependencies of target traj_interfaces__rosidl_typesupport_fastrtps_c[0m
[3.256s] [ 67%] [32mBuilding CXX object CMakeFiles/traj_interfaces__rosidl_typesupport_fastrtps_c.dir/rosidl_typesupport_fastrtps_c/traj_interfaces/msg/detail/bspline__type_support_c.cpp.o[0m
[3.551s] [ 70%] [32m[1mLinking CXX shared library libtraj_interfaces__rosidl_typesupport_fastrtps_c.so[0m
[3.649s] [ 70%] Built target traj_interfaces__rosidl_typesupport_fastrtps_c
[3.659s] [35m[1mScanning dependencies of target traj_interfaces[0m
[3.671s] [ 70%] Built target traj_interfaces
[3.681s] [35m[1mScanning dependencies of target traj_interfaces__py[0m
[3.703s] [ 74%] [34m[1mGenerating Python code for ROS interfaces[0m
[4.101s] [ 74%] Built target traj_interfaces__py
[4.111s] [35m[1mScanning dependencies of target traj_interfaces__python[0m
[4.135s] [ 77%] [32mBuilding C object CMakeFiles/traj_interfaces__python.dir/rosidl_generator_py/traj_interfaces/msg/_bspline_s.c.o[0m
[4.219s] [ 80%] [32m[1mLinking C shared library rosidl_generator_py/traj_interfaces/libtraj_interfaces__python.so[0m
[4.264s] [ 80%] Built target traj_interfaces__python
[4.277s] [35m[1mScanning dependencies of target traj_interfaces__rosidl_typesupport_c__pyext[0m
[4.277s] [35m[1mScanning dependencies of target traj_interfaces__rosidl_typesupport_fastrtps_c__pyext[0m
[4.277s] [35m[1mScanning dependencies of target traj_interfaces__rosidl_typesupport_introspection_c__pyext[0m
[4.293s] [ 83%] [32mBuilding C object CMakeFiles/traj_interfaces__rosidl_typesupport_c__pyext.dir/rosidl_generator_py/traj_interfaces/_traj_interfaces_s.ep.rosidl_typesupport_c.c.o[0m
[4.295s] [ 87%] [32mBuilding C object CMakeFiles/traj_interfaces__rosidl_typesupport_introspection_c__pyext.dir/rosidl_generator_py/traj_interfaces/_traj_interfaces_s.ep.rosidl_typesupport_introspection_c.c.o[0m
[4.296s] [ 90%] [32mBuilding C object CMakeFiles/traj_interfaces__rosidl_typesupport_fastrtps_c__pyext.dir/rosidl_generator_py/traj_interfaces/_traj_interfaces_s.ep.rosidl_typesupport_fastrtps_c.c.o[0m
[4.358s] [ 93%] [32m[1mLinking C shared library rosidl_generator_py/traj_interfaces/traj_interfaces_s__rosidl_typesupport_c.cpython-38-x86_64-linux-gnu.so[0m
[4.358s] [ 96%] [32m[1mLinking C shared library rosidl_generator_py/traj_interfaces/traj_interfaces_s__rosidl_typesupport_introspection_c.cpython-38-x86_64-linux-gnu.so[0m
[4.360s] [100%] [32m[1mLinking CXX shared library rosidl_generator_py/traj_interfaces/traj_interfaces_s__rosidl_typesupport_fastrtps_c.cpython-38-x86_64-linux-gnu.so[0m
[4.395s] [100%] Built target traj_interfaces__rosidl_typesupport_c__pyext
[4.395s] [100%] Built target traj_interfaces__rosidl_typesupport_introspection_c__pyext
[4.424s] [100%] Built target traj_interfaces__rosidl_typesupport_fastrtps_c__pyext
[4.640s] Invoked command in '/home/tony/webots_ws/build/traj_interfaces' returned '0': CMAKE_PREFIX_PATH=${CMAKE_PREFIX_PATH}:/home/tony/webots_ws/install/my_package:/home/tony/webots_ws/install/my_mir_package:/home/tony/webots_ws/install/multi_mir_package:/opt/ros/foxy /usr/bin/cmake --build /home/tony/webots_ws/build/traj_interfaces -- -j16 -l16
[4.688s] Invoking command in '/home/tony/webots_ws/build/traj_interfaces': CMAKE_PREFIX_PATH=${CMAKE_PREFIX_PATH}:/home/tony/webots_ws/install/my_package:/home/tony/webots_ws/install/my_mir_package:/home/tony/webots_ws/install/multi_mir_package:/opt/ros/foxy /usr/bin/cmake --install /home/tony/webots_ws/build/traj_interfaces
[4.696s] -- Install configuration: ""
[4.696s] -- Installing: /home/tony/webots_ws/install/traj_interfaces/share/ament_index/resource_index/rosidl_interfaces/traj_interfaces
[4.696s] -- Installing: /home/tony/webots_ws/install/traj_interfaces/include/traj_interfaces
[4.696s] -- Installing: /home/tony/webots_ws/install/traj_interfaces/include/traj_interfaces/msg
[4.696s] -- Installing: /home/tony/webots_ws/install/traj_interfaces/include/traj_interfaces/msg/bspline.h
[4.696s] -- Installing: /home/tony/webots_ws/install/traj_interfaces/include/traj_interfaces/msg/rosidl_generator_c__visibility_control.h
[4.696s] -- Installing: /home/tony/webots_ws/install/traj_interfaces/include/traj_interfaces/msg/detail
[4.696s] -- Installing: /home/tony/webots_ws/install/traj_interfaces/include/traj_interfaces/msg/detail/bspline__functions.c
[4.697s] -- Installing: /home/tony/webots_ws/install/traj_interfaces/include/traj_interfaces/msg/detail/bspline__type_support.h
[4.697s] -- Installing: /home/tony/webots_ws/install/traj_interfaces/include/traj_interfaces/msg/detail/bspline__struct.h
[4.697s] -- Installing: /home/tony/webots_ws/install/traj_interfaces/include/traj_interfaces/msg/detail/bspline__functions.h
[4.697s] -- Installing: /home/tony/webots_ws/install/traj_interfaces/share/traj_interfaces/environment/library_path.sh
[4.697s] -- Installing: /home/tony/webots_ws/install/traj_interfaces/share/traj_interfaces/environment/library_path.dsv
[4.697s] -- Installing: /home/tony/webots_ws/install/traj_interfaces/lib/libtraj_interfaces__rosidl_generator_c.so
[4.698s] -- Set runtime path of "/home/tony/webots_ws/install/traj_interfaces/lib/libtraj_interfaces__rosidl_generator_c.so" to ""
[4.698s] -- Up-to-date: /home/tony/webots_ws/install/traj_interfaces/include/traj_interfaces
[4.698s] -- Up-to-date: /home/tony/webots_ws/install/traj_interfaces/include/traj_interfaces/msg
[4.698s] -- Installing: /home/tony/webots_ws/install/traj_interfaces/include/traj_interfaces/msg/rosidl_typesupport_fastrtps_c__visibility_control.h
[4.698s] -- Up-to-date: /home/tony/webots_ws/install/traj_interfaces/include/traj_interfaces/msg/detail
[4.698s] -- Installing: /home/tony/webots_ws/install/traj_interfaces/include/traj_interfaces/msg/detail/bspline__rosidl_typesupport_fastrtps_c.h
[4.698s] -- Installing: /home/tony/webots_ws/install/traj_interfaces/lib/libtraj_interfaces__rosidl_typesupport_fastrtps_c.so
[4.698s] -- Set runtime path of "/home/tony/webots_ws/install/traj_interfaces/lib/libtraj_interfaces__rosidl_typesupport_fastrtps_c.so" to ""
[4.699s] -- Up-to-date: /home/tony/webots_ws/install/traj_interfaces/include/traj_interfaces
[4.699s] -- Up-to-date: /home/tony/webots_ws/install/traj_interfaces/include/traj_interfaces/msg
[4.699s] -- Installing: /home/tony/webots_ws/install/traj_interfaces/include/traj_interfaces/msg/rosidl_typesupport_fastrtps_cpp__visibility_control.h
[4.699s] -- Up-to-date: /home/tony/webots_ws/install/traj_interfaces/include/traj_interfaces/msg/detail
[4.699s] -- Installing: /home/tony/webots_ws/install/traj_interfaces/include/traj_interfaces/msg/detail/bspline__rosidl_typesupport_fastrtps_cpp.hpp
[4.699s] -- Installing: /home/tony/webots_ws/install/traj_interfaces/include/traj_interfaces/msg/detail/dds_fastrtps
[4.699s] -- Installing: /home/tony/webots_ws/install/traj_interfaces/lib/libtraj_interfaces__rosidl_typesupport_fastrtps_cpp.so
[4.699s] -- Set runtime path of "/home/tony/webots_ws/install/traj_interfaces/lib/libtraj_interfaces__rosidl_typesupport_fastrtps_cpp.so" to ""
[4.699s] -- Up-to-date: /home/tony/webots_ws/install/traj_interfaces/include/traj_interfaces
[4.700s] -- Up-to-date: /home/tony/webots_ws/install/traj_interfaces/include/traj_interfaces/msg
[4.700s] -- Installing: /home/tony/webots_ws/install/traj_interfaces/include/traj_interfaces/msg/rosidl_typesupport_introspection_c__visibility_control.h
[4.700s] -- Up-to-date: /home/tony/webots_ws/install/traj_interfaces/include/traj_interfaces/msg/detail
[4.700s] -- Installing: /home/tony/webots_ws/install/traj_interfaces/include/traj_interfaces/msg/detail/bspline__rosidl_typesupport_introspection_c.h
[4.700s] -- Installing: /home/tony/webots_ws/install/traj_interfaces/include/traj_interfaces/msg/detail/bspline__type_support.c
[4.700s] -- Installing: /home/tony/webots_ws/install/traj_interfaces/lib/libtraj_interfaces__rosidl_typesupport_introspection_c.so
[4.700s] -- Set runtime path of "/home/tony/webots_ws/install/traj_interfaces/lib/libtraj_interfaces__rosidl_typesupport_introspection_c.so" to ""
[4.700s] -- Installing: /home/tony/webots_ws/install/traj_interfaces/lib/libtraj_interfaces__rosidl_typesupport_c.so
[4.701s] -- Set runtime path of "/home/tony/webots_ws/install/traj_interfaces/lib/libtraj_interfaces__rosidl_typesupport_c.so" to ""
[4.701s] -- Up-to-date: /home/tony/webots_ws/install/traj_interfaces/include/traj_interfaces
[4.701s] -- Up-to-date: /home/tony/webots_ws/install/traj_interfaces/include/traj_interfaces/msg
[4.701s] -- Installing: /home/tony/webots_ws/install/traj_interfaces/include/traj_interfaces/msg/bspline.hpp
[4.701s] -- Installing: /home/tony/webots_ws/install/traj_interfaces/include/traj_interfaces/msg/rosidl_generator_cpp__visibility_control.hpp
[4.701s] -- Up-to-date: /home/tony/webots_ws/install/traj_interfaces/include/traj_interfaces/msg/detail
[4.701s] -- Installing: /home/tony/webots_ws/install/traj_interfaces/include/traj_interfaces/msg/detail/bspline__traits.hpp
[4.701s] -- Installing: /home/tony/webots_ws/install/traj_interfaces/include/traj_interfaces/msg/detail/bspline__type_support.hpp
[4.701s] -- Installing: /home/tony/webots_ws/install/traj_interfaces/include/traj_interfaces/msg/detail/bspline__builder.hpp
[4.701s] -- Installing: /home/tony/webots_ws/install/traj_interfaces/include/traj_interfaces/msg/detail/bspline__struct.hpp
[4.702s] -- Up-to-date: /home/tony/webots_ws/install/traj_interfaces/include/traj_interfaces
[4.702s] -- Up-to-date: /home/tony/webots_ws/install/traj_interfaces/include/traj_interfaces/msg
[4.702s] -- Up-to-date: /home/tony/webots_ws/install/traj_interfaces/include/traj_interfaces/msg/detail
[4.702s] -- Installing: /home/tony/webots_ws/install/traj_interfaces/include/traj_interfaces/msg/detail/bspline__type_support.cpp
[4.702s] -- Installing: /home/tony/webots_ws/install/traj_interfaces/include/traj_interfaces/msg/detail/bspline__rosidl_typesupport_introspection_cpp.hpp
[4.702s] -- Installing: /home/tony/webots_ws/install/traj_interfaces/lib/libtraj_interfaces__rosidl_typesupport_introspection_cpp.so
[4.702s] -- Set runtime path of "/home/tony/webots_ws/install/traj_interfaces/lib/libtraj_interfaces__rosidl_typesupport_introspection_cpp.so" to ""
[4.702s] -- Installing: /home/tony/webots_ws/install/traj_interfaces/lib/libtraj_interfaces__rosidl_typesupport_cpp.so
[4.703s] -- Set runtime path of "/home/tony/webots_ws/install/traj_interfaces/lib/libtraj_interfaces__rosidl_typesupport_cpp.so" to ""
[4.703s] -- Installing: /home/tony/webots_ws/install/traj_interfaces/share/traj_interfaces/environment/pythonpath.sh
[4.703s] -- Installing: /home/tony/webots_ws/install/traj_interfaces/share/traj_interfaces/environment/pythonpath.dsv
[4.703s] -- Installing: /home/tony/webots_ws/install/traj_interfaces/lib/python3.8/site-packages/traj_interfaces/__init__.py
[4.728s] Compiling '/home/tony/webots_ws/install/traj_interfaces/lib/python3.8/site-packages/traj_interfaces/__init__.py'...
[4.731s] -- Installing: /home/tony/webots_ws/install/traj_interfaces/lib/python3.8/site-packages/traj_interfaces/msg
[4.732s] -- Installing: /home/tony/webots_ws/install/traj_interfaces/lib/python3.8/site-packages/traj_interfaces/msg/__init__.py
[4.732s] -- Installing: /home/tony/webots_ws/install/traj_interfaces/lib/python3.8/site-packages/traj_interfaces/msg/_bspline_s.c
[4.732s] -- Installing: /home/tony/webots_ws/install/traj_interfaces/lib/python3.8/site-packages/traj_interfaces/msg/_bspline.py
[4.732s] -- Installing: /home/tony/webots_ws/install/traj_interfaces/lib/python3.8/site-packages/traj_interfaces/traj_interfaces_s__rosidl_typesupport_fastrtps_c.cpython-38-x86_64-linux-gnu.so
[4.733s] -- Set runtime path of "/home/tony/webots_ws/install/traj_interfaces/lib/python3.8/site-packages/traj_interfaces/traj_interfaces_s__rosidl_typesupport_fastrtps_c.cpython-38-x86_64-linux-gnu.so" to ""
[4.733s] -- Installing: /home/tony/webots_ws/install/traj_interfaces/lib/python3.8/site-packages/traj_interfaces/traj_interfaces_s__rosidl_typesupport_introspection_c.cpython-38-x86_64-linux-gnu.so
[4.733s] -- Set runtime path of "/home/tony/webots_ws/install/traj_interfaces/lib/python3.8/site-packages/traj_interfaces/traj_interfaces_s__rosidl_typesupport_introspection_c.cpython-38-x86_64-linux-gnu.so" to ""
[4.734s] -- Installing: /home/tony/webots_ws/install/traj_interfaces/lib/python3.8/site-packages/traj_interfaces/traj_interfaces_s__rosidl_typesupport_c.cpython-38-x86_64-linux-gnu.so
[4.734s] -- Set runtime path of "/home/tony/webots_ws/install/traj_interfaces/lib/python3.8/site-packages/traj_interfaces/traj_interfaces_s__rosidl_typesupport_c.cpython-38-x86_64-linux-gnu.so" to ""
[4.734s] -- Installing: /home/tony/webots_ws/install/traj_interfaces/lib/libtraj_interfaces__python.so
[4.735s] -- Set runtime path of "/home/tony/webots_ws/install/traj_interfaces/lib/libtraj_interfaces__python.so" to ""
[4.735s] -- Installing: /home/tony/webots_ws/install/traj_interfaces/share/traj_interfaces/msg/Bspline.idl
[4.735s] -- Installing: /home/tony/webots_ws/install/traj_interfaces/share/traj_interfaces/msg/Bspline.msg
[4.735s] -- Installing: /home/tony/webots_ws/install/traj_interfaces/share/ament_index/resource_index/package_run_dependencies/traj_interfaces
[4.735s] -- Installing: /home/tony/webots_ws/install/traj_interfaces/share/ament_index/resource_index/parent_prefix_path/traj_interfaces
[4.736s] -- Installing: /home/tony/webots_ws/install/traj_interfaces/share/traj_interfaces/environment/ament_prefix_path.sh
[4.736s] -- Installing: /home/tony/webots_ws/install/traj_interfaces/share/traj_interfaces/environment/ament_prefix_path.dsv
[4.736s] -- Installing: /home/tony/webots_ws/install/traj_interfaces/share/traj_interfaces/environment/path.sh
[4.736s] -- Installing: /home/tony/webots_ws/install/traj_interfaces/share/traj_interfaces/environment/path.dsv
[4.736s] -- Installing: /home/tony/webots_ws/install/traj_interfaces/share/traj_interfaces/local_setup.bash
[4.736s] -- Installing: /home/tony/webots_ws/install/traj_interfaces/share/traj_interfaces/local_setup.sh
[4.737s] -- Installing: /home/tony/webots_ws/install/traj_interfaces/share/traj_interfaces/local_setup.zsh
[4.737s] -- Installing: /home/tony/webots_ws/install/traj_interfaces/share/traj_interfaces/local_setup.dsv
[4.737s] -- Installing: /home/tony/webots_ws/install/traj_interfaces/share/traj_interfaces/package.dsv
[4.737s] -- Installing: /home/tony/webots_ws/install/traj_interfaces/share/ament_index/resource_index/packages/traj_interfaces
[4.737s] -- Installing: /home/tony/webots_ws/install/traj_interfaces/share/traj_interfaces/cmake/traj_interfaces__rosidl_generator_cExport.cmake
[4.738s] -- Installing: /home/tony/webots_ws/install/traj_interfaces/share/traj_interfaces/cmake/traj_interfaces__rosidl_generator_cExport-noconfig.cmake
[4.738s] -- Installing: /home/tony/webots_ws/install/traj_interfaces/share/traj_interfaces/cmake/traj_interfaces__rosidl_typesupport_introspection_cExport.cmake
[4.738s] -- Installing: /home/tony/webots_ws/install/traj_interfaces/share/traj_interfaces/cmake/traj_interfaces__rosidl_typesupport_introspection_cExport-noconfig.cmake
[4.738s] -- Installing: /home/tony/webots_ws/install/traj_interfaces/share/traj_interfaces/cmake/traj_interfaces__rosidl_typesupport_cExport.cmake
[4.738s] -- Installing: /home/tony/webots_ws/install/traj_interfaces/share/traj_interfaces/cmake/traj_interfaces__rosidl_typesupport_cExport-noconfig.cmake
[4.739s] -- Installing: /home/tony/webots_ws/install/traj_interfaces/share/traj_interfaces/cmake/traj_interfaces__rosidl_generator_cppExport.cmake
[4.739s] -- Installing: /home/tony/webots_ws/install/traj_interfaces/share/traj_interfaces/cmake/traj_interfaces__rosidl_typesupport_introspection_cppExport.cmake
[4.739s] -- Installing: /home/tony/webots_ws/install/traj_interfaces/share/traj_interfaces/cmake/traj_interfaces__rosidl_typesupport_introspection_cppExport-noconfig.cmake
[4.739s] -- Installing: /home/tony/webots_ws/install/traj_interfaces/share/traj_interfaces/cmake/traj_interfaces__rosidl_typesupport_cppExport.cmake
[4.739s] -- Installing: /home/tony/webots_ws/install/traj_interfaces/share/traj_interfaces/cmake/traj_interfaces__rosidl_typesupport_cppExport-noconfig.cmake
[4.740s] -- Installing: /home/tony/webots_ws/install/traj_interfaces/share/traj_interfaces/cmake/rosidl_cmake-extras.cmake
[4.740s] -- Installing: /home/tony/webots_ws/install/traj_interfaces/share/traj_interfaces/cmake/ament_cmake_export_dependencies-extras.cmake
[4.740s] -- Installing: /home/tony/webots_ws/install/traj_interfaces/share/traj_interfaces/cmake/ament_cmake_export_libraries-extras.cmake
[4.740s] -- Installing: /home/tony/webots_ws/install/traj_interfaces/share/traj_interfaces/cmake/ament_cmake_export_targets-extras.cmake
[4.740s] -- Installing: /home/tony/webots_ws/install/traj_interfaces/share/traj_interfaces/cmake/ament_cmake_export_include_directories-extras.cmake
[4.740s] -- Installing: /home/tony/webots_ws/install/traj_interfaces/share/traj_interfaces/cmake/rosidl_cmake_export_typesupport_libraries-extras.cmake
[4.741s] -- Installing: /home/tony/webots_ws/install/traj_interfaces/share/traj_interfaces/cmake/rosidl_cmake_export_typesupport_targets-extras.cmake
[4.741s] -- Installing: /home/tony/webots_ws/install/traj_interfaces/share/traj_interfaces/cmake/traj_interfacesConfig.cmake
[4.741s] -- Installing: /home/tony/webots_ws/install/traj_interfaces/share/traj_interfaces/cmake/traj_interfacesConfig-version.cmake
[4.741s] -- Installing: /home/tony/webots_ws/install/traj_interfaces/share/traj_interfaces/package.xml
[4.744s] Invoked command in '/home/tony/webots_ws/build/traj_interfaces' returned '0': CMAKE_PREFIX_PATH=${CMAKE_PREFIX_PATH}:/home/tony/webots_ws/install/my_package:/home/tony/webots_ws/install/my_mir_package:/home/tony/webots_ws/install/multi_mir_package:/opt/ros/foxy /usr/bin/cmake --install /home/tony/webots_ws/build/traj_interfaces
