running egg_info
writing ../../build/my_mir_package/my_mir_package.egg-info/PKG-INFO
writing dependency_links to ../../build/my_mir_package/my_mir_package.egg-info/dependency_links.txt
writing entry points to ../../build/my_mir_package/my_mir_package.egg-info/entry_points.txt
writing requirements to ../../build/my_mir_package/my_mir_package.egg-info/requires.txt
writing top-level names to ../../build/my_mir_package/my_mir_package.egg-info/top_level.txt
reading manifest file '../../build/my_mir_package/my_mir_package.egg-info/SOURCES.txt'
writing manifest file '../../build/my_mir_package/my_mir_package.egg-info/SOURCES.txt'
running build
running build_py
running install
running install_lib
running install_data
copying package.xml -> /home/tony/webots_ws/install/my_mir_package/share/my_mir_package
running install_egg_info
removing '/home/tony/webots_ws/install/my_mir_package/lib/python3.8/site-packages/my_mir_package-0.0.0-py3.8.egg-info' (and everything under it)
Copying ../../build/my_mir_package/my_mir_package.egg-info to /home/tony/webots_ws/install/my_mir_package/lib/python3.8/site-packages/my_mir_package-0.0.0-py3.8.egg-info
running install_scripts
Installing my_mir_driver script to /home/tony/webots_ws/install/my_mir_package/lib/my_mir_package
writing list of installed files to '/home/tony/webots_ws/build/my_mir_package/install.log'
