[0.064s] Invoking command in '/home/tony/webots_ws/build/motor_interfaces': CMAKE_PREFIX_PATH=${CMAKE_PREFIX_PATH}:/home/tony/webots_ws/install/post_train:/home/tony/webots_ws/install/my_package:/home/tony/webots_ws/install/my_mir_package:/home/tony/webots_ws/install/multi_mir_package:/opt/ros/foxy /usr/bin/cmake --build /home/tony/webots_ws/build/motor_interfaces -- -j16 -l16
[0.882s] [ 12%] Built target motor_interfaces__cpp
[0.884s] [ 12%] Built target motor_interfaces__rosidl_generator_c
[0.884s] [ 22%] Built target motor_interfaces__rosidl_typesupport_introspection_c
[0.884s] [ 32%] Built target motor_interfaces__rosidl_typesupport_c
[0.884s] [ 41%] Built target motor_interfaces__rosidl_typesupport_cpp
[0.884s] [ 51%] Built target motor_interfaces__rosidl_typesupport_introspection_cpp
[0.884s] [ 61%] Built target motor_interfaces__rosidl_typesupport_fastrtps_cpp
[0.884s] [ 70%] Built target motor_interfaces__rosidl_typesupport_fastrtps_c
[0.884s] [ 70%] Built target motor_interfaces
[0.884s] [ 74%] Built target motor_interfaces__py
[0.885s] [ 80%] Built target motor_interfaces__python
[0.885s] [ 93%] Built target motor_interfaces__rosidl_typesupport_c__pyext
[0.885s] [ 93%] Built target motor_interfaces__rosidl_typesupport_fastrtps_c__pyext
[0.885s] [100%] Built target motor_interfaces__rosidl_typesupport_introspection_c__pyext
[0.903s] Invoked command in '/home/tony/webots_ws/build/motor_interfaces' returned '0': CMAKE_PREFIX_PATH=${CMAKE_PREFIX_PATH}:/home/tony/webots_ws/install/post_train:/home/tony/webots_ws/install/my_package:/home/tony/webots_ws/install/my_mir_package:/home/tony/webots_ws/install/multi_mir_package:/opt/ros/foxy /usr/bin/cmake --build /home/tony/webots_ws/build/motor_interfaces -- -j16 -l16
[0.951s] Invoking command in '/home/tony/webots_ws/build/motor_interfaces': CMAKE_PREFIX_PATH=${CMAKE_PREFIX_PATH}:/home/tony/webots_ws/install/post_train:/home/tony/webots_ws/install/my_package:/home/tony/webots_ws/install/my_mir_package:/home/tony/webots_ws/install/multi_mir_package:/opt/ros/foxy /usr/bin/cmake --install /home/tony/webots_ws/build/motor_interfaces
[0.960s] -- Install configuration: ""
[0.960s] -- Up-to-date: /home/tony/webots_ws/install/motor_interfaces/share/ament_index/resource_index/rosidl_interfaces/motor_interfaces
[0.960s] -- Up-to-date: /home/tony/webots_ws/install/motor_interfaces/include/motor_interfaces
[0.960s] -- Up-to-date: /home/tony/webots_ws/install/motor_interfaces/include/motor_interfaces/msg
[0.960s] -- Up-to-date: /home/tony/webots_ws/install/motor_interfaces/include/motor_interfaces/msg/rosidl_generator_c__visibility_control.h
[0.961s] -- Up-to-date: /home/tony/webots_ws/install/motor_interfaces/include/motor_interfaces/msg/motor.h
[0.961s] -- Up-to-date: /home/tony/webots_ws/install/motor_interfaces/include/motor_interfaces/msg/detail
[0.961s] -- Up-to-date: /home/tony/webots_ws/install/motor_interfaces/include/motor_interfaces/msg/detail/motor__struct.h
[0.961s] -- Up-to-date: /home/tony/webots_ws/install/motor_interfaces/include/motor_interfaces/msg/detail/motor__type_support.h
[0.961s] -- Up-to-date: /home/tony/webots_ws/install/motor_interfaces/include/motor_interfaces/msg/detail/motor__functions.c
[0.961s] -- Up-to-date: /home/tony/webots_ws/install/motor_interfaces/include/motor_interfaces/msg/detail/motor__functions.h
[0.961s] -- Up-to-date: /home/tony/webots_ws/install/motor_interfaces/share/motor_interfaces/environment/library_path.sh
[0.961s] -- Up-to-date: /home/tony/webots_ws/install/motor_interfaces/share/motor_interfaces/environment/library_path.dsv
[0.961s] -- Up-to-date: /home/tony/webots_ws/install/motor_interfaces/lib/libmotor_interfaces__rosidl_generator_c.so
[0.962s] -- Up-to-date: /home/tony/webots_ws/install/motor_interfaces/include/motor_interfaces
[0.962s] -- Up-to-date: /home/tony/webots_ws/install/motor_interfaces/include/motor_interfaces/msg
[0.962s] -- Up-to-date: /home/tony/webots_ws/install/motor_interfaces/include/motor_interfaces/msg/rosidl_typesupport_fastrtps_c__visibility_control.h
[0.962s] -- Up-to-date: /home/tony/webots_ws/install/motor_interfaces/include/motor_interfaces/msg/detail
[0.962s] -- Up-to-date: /home/tony/webots_ws/install/motor_interfaces/include/motor_interfaces/msg/detail/motor__rosidl_typesupport_fastrtps_c.h
[0.962s] -- Up-to-date: /home/tony/webots_ws/install/motor_interfaces/lib/libmotor_interfaces__rosidl_typesupport_fastrtps_c.so
[0.962s] -- Up-to-date: /home/tony/webots_ws/install/motor_interfaces/include/motor_interfaces
[0.963s] -- Up-to-date: /home/tony/webots_ws/install/motor_interfaces/include/motor_interfaces/msg
[0.963s] -- Up-to-date: /home/tony/webots_ws/install/motor_interfaces/include/motor_interfaces/msg/rosidl_typesupport_fastrtps_cpp__visibility_control.h
[0.963s] -- Up-to-date: /home/tony/webots_ws/install/motor_interfaces/include/motor_interfaces/msg/detail
[0.963s] -- Up-to-date: /home/tony/webots_ws/install/motor_interfaces/include/motor_interfaces/msg/detail/dds_fastrtps
[0.963s] -- Up-to-date: /home/tony/webots_ws/install/motor_interfaces/include/motor_interfaces/msg/detail/motor__rosidl_typesupport_fastrtps_cpp.hpp
[0.963s] -- Up-to-date: /home/tony/webots_ws/install/motor_interfaces/lib/libmotor_interfaces__rosidl_typesupport_fastrtps_cpp.so
[0.963s] -- Up-to-date: /home/tony/webots_ws/install/motor_interfaces/include/motor_interfaces
[0.963s] -- Up-to-date: /home/tony/webots_ws/install/motor_interfaces/include/motor_interfaces/msg
[0.963s] -- Up-to-date: /home/tony/webots_ws/install/motor_interfaces/include/motor_interfaces/msg/rosidl_typesupport_introspection_c__visibility_control.h
[0.964s] -- Up-to-date: /home/tony/webots_ws/install/motor_interfaces/include/motor_interfaces/msg/detail
[0.964s] -- Up-to-date: /home/tony/webots_ws/install/motor_interfaces/include/motor_interfaces/msg/detail/motor__rosidl_typesupport_introspection_c.h
[0.964s] -- Up-to-date: /home/tony/webots_ws/install/motor_interfaces/include/motor_interfaces/msg/detail/motor__type_support.c
[0.964s] -- Up-to-date: /home/tony/webots_ws/install/motor_interfaces/lib/libmotor_interfaces__rosidl_typesupport_introspection_c.so
[0.964s] -- Up-to-date: /home/tony/webots_ws/install/motor_interfaces/lib/libmotor_interfaces__rosidl_typesupport_c.so
[0.964s] -- Up-to-date: /home/tony/webots_ws/install/motor_interfaces/include/motor_interfaces
[0.964s] -- Up-to-date: /home/tony/webots_ws/install/motor_interfaces/include/motor_interfaces/msg
[0.965s] -- Up-to-date: /home/tony/webots_ws/install/motor_interfaces/include/motor_interfaces/msg/motor.hpp
[0.965s] -- Up-to-date: /home/tony/webots_ws/install/motor_interfaces/include/motor_interfaces/msg/rosidl_generator_cpp__visibility_control.hpp
[0.965s] -- Up-to-date: /home/tony/webots_ws/install/motor_interfaces/include/motor_interfaces/msg/detail
[0.965s] -- Up-to-date: /home/tony/webots_ws/install/motor_interfaces/include/motor_interfaces/msg/detail/motor__struct.hpp
[0.965s] -- Up-to-date: /home/tony/webots_ws/install/motor_interfaces/include/motor_interfaces/msg/detail/motor__traits.hpp
[0.965s] -- Up-to-date: /home/tony/webots_ws/install/motor_interfaces/include/motor_interfaces/msg/detail/motor__builder.hpp
[0.966s] -- Up-to-date: /home/tony/webots_ws/install/motor_interfaces/include/motor_interfaces/msg/detail/motor__type_support.hpp
[0.966s] -- Up-to-date: /home/tony/webots_ws/install/motor_interfaces/include/motor_interfaces
[0.966s] -- Up-to-date: /home/tony/webots_ws/install/motor_interfaces/include/motor_interfaces/msg
[0.966s] -- Up-to-date: /home/tony/webots_ws/install/motor_interfaces/include/motor_interfaces/msg/detail
[0.966s] -- Up-to-date: /home/tony/webots_ws/install/motor_interfaces/include/motor_interfaces/msg/detail/motor__rosidl_typesupport_introspection_cpp.hpp
[0.966s] -- Up-to-date: /home/tony/webots_ws/install/motor_interfaces/include/motor_interfaces/msg/detail/motor__type_support.cpp
[0.966s] -- Up-to-date: /home/tony/webots_ws/install/motor_interfaces/lib/libmotor_interfaces__rosidl_typesupport_introspection_cpp.so
[0.966s] -- Up-to-date: /home/tony/webots_ws/install/motor_interfaces/lib/libmotor_interfaces__rosidl_typesupport_cpp.so
[0.966s] -- Up-to-date: /home/tony/webots_ws/install/motor_interfaces/share/motor_interfaces/environment/pythonpath.sh
[0.967s] -- Up-to-date: /home/tony/webots_ws/install/motor_interfaces/share/motor_interfaces/environment/pythonpath.dsv
[0.967s] -- Up-to-date: /home/tony/webots_ws/install/motor_interfaces/lib/python3.8/site-packages/motor_interfaces/__init__.py
[1.007s] -- Up-to-date: /home/tony/webots_ws/install/motor_interfaces/lib/python3.8/site-packages/motor_interfaces/msg
[1.007s] -- Up-to-date: /home/tony/webots_ws/install/motor_interfaces/lib/python3.8/site-packages/motor_interfaces/msg/__init__.py
[1.007s] -- Up-to-date: /home/tony/webots_ws/install/motor_interfaces/lib/python3.8/site-packages/motor_interfaces/msg/_motor.py
[1.007s] -- Up-to-date: /home/tony/webots_ws/install/motor_interfaces/lib/python3.8/site-packages/motor_interfaces/msg/_motor_s.c
[1.007s] -- Up-to-date: /home/tony/webots_ws/install/motor_interfaces/lib/python3.8/site-packages/motor_interfaces/motor_interfaces_s__rosidl_typesupport_fastrtps_c.cpython-38-x86_64-linux-gnu.so
[1.008s] -- Up-to-date: /home/tony/webots_ws/install/motor_interfaces/lib/python3.8/site-packages/motor_interfaces/motor_interfaces_s__rosidl_typesupport_introspection_c.cpython-38-x86_64-linux-gnu.so
[1.009s] -- Up-to-date: /home/tony/webots_ws/install/motor_interfaces/lib/python3.8/site-packages/motor_interfaces/motor_interfaces_s__rosidl_typesupport_c.cpython-38-x86_64-linux-gnu.so
[1.009s] -- Up-to-date: /home/tony/webots_ws/install/motor_interfaces/lib/libmotor_interfaces__python.so
[1.010s] -- Up-to-date: /home/tony/webots_ws/install/motor_interfaces/share/motor_interfaces/msg/Motor.idl
[1.010s] -- Up-to-date: /home/tony/webots_ws/install/motor_interfaces/share/motor_interfaces/msg/Motor.msg
[1.010s] -- Up-to-date: /home/tony/webots_ws/install/motor_interfaces/share/ament_index/resource_index/package_run_dependencies/motor_interfaces
[1.010s] -- Up-to-date: /home/tony/webots_ws/install/motor_interfaces/share/ament_index/resource_index/parent_prefix_path/motor_interfaces
[1.010s] -- Up-to-date: /home/tony/webots_ws/install/motor_interfaces/share/motor_interfaces/environment/ament_prefix_path.sh
[1.010s] -- Up-to-date: /home/tony/webots_ws/install/motor_interfaces/share/motor_interfaces/environment/ament_prefix_path.dsv
[1.010s] -- Up-to-date: /home/tony/webots_ws/install/motor_interfaces/share/motor_interfaces/environment/path.sh
[1.010s] -- Up-to-date: /home/tony/webots_ws/install/motor_interfaces/share/motor_interfaces/environment/path.dsv
[1.010s] -- Up-to-date: /home/tony/webots_ws/install/motor_interfaces/share/motor_interfaces/local_setup.bash
[1.010s] -- Up-to-date: /home/tony/webots_ws/install/motor_interfaces/share/motor_interfaces/local_setup.sh
[1.011s] -- Up-to-date: /home/tony/webots_ws/install/motor_interfaces/share/motor_interfaces/local_setup.zsh
[1.011s] -- Up-to-date: /home/tony/webots_ws/install/motor_interfaces/share/motor_interfaces/local_setup.dsv
[1.011s] -- Installing: /home/tony/webots_ws/install/motor_interfaces/share/motor_interfaces/package.dsv
[1.011s] -- Up-to-date: /home/tony/webots_ws/install/motor_interfaces/share/ament_index/resource_index/packages/motor_interfaces
[1.011s] -- Up-to-date: /home/tony/webots_ws/install/motor_interfaces/share/motor_interfaces/cmake/motor_interfaces__rosidl_generator_cExport.cmake
[1.011s] -- Up-to-date: /home/tony/webots_ws/install/motor_interfaces/share/motor_interfaces/cmake/motor_interfaces__rosidl_generator_cExport-noconfig.cmake
[1.012s] -- Up-to-date: /home/tony/webots_ws/install/motor_interfaces/share/motor_interfaces/cmake/motor_interfaces__rosidl_typesupport_introspection_cExport.cmake
[1.013s] -- Up-to-date: /home/tony/webots_ws/install/motor_interfaces/share/motor_interfaces/cmake/motor_interfaces__rosidl_typesupport_introspection_cExport-noconfig.cmake
[1.013s] -- Up-to-date: /home/tony/webots_ws/install/motor_interfaces/share/motor_interfaces/cmake/motor_interfaces__rosidl_typesupport_cExport.cmake
[1.014s] -- Up-to-date: /home/tony/webots_ws/install/motor_interfaces/share/motor_interfaces/cmake/motor_interfaces__rosidl_typesupport_cExport-noconfig.cmake
[1.014s] -- Up-to-date: /home/tony/webots_ws/install/motor_interfaces/share/motor_interfaces/cmake/motor_interfaces__rosidl_generator_cppExport.cmake
[1.014s] -- Up-to-date: /home/tony/webots_ws/install/motor_interfaces/share/motor_interfaces/cmake/motor_interfaces__rosidl_typesupport_introspection_cppExport.cmake
[1.014s] -- Up-to-date: /home/tony/webots_ws/install/motor_interfaces/share/motor_interfaces/cmake/motor_interfaces__rosidl_typesupport_introspection_cppExport-noconfig.cmake
[1.014s] -- Up-to-date: /home/tony/webots_ws/install/motor_interfaces/share/motor_interfaces/cmake/motor_interfaces__rosidl_typesupport_cppExport.cmake
[1.014s] -- Up-to-date: /home/tony/webots_ws/install/motor_interfaces/share/motor_interfaces/cmake/motor_interfaces__rosidl_typesupport_cppExport-noconfig.cmake
[1.014s] -- Up-to-date: /home/tony/webots_ws/install/motor_interfaces/share/motor_interfaces/cmake/rosidl_cmake-extras.cmake
[1.014s] -- Up-to-date: /home/tony/webots_ws/install/motor_interfaces/share/motor_interfaces/cmake/ament_cmake_export_dependencies-extras.cmake
[1.014s] -- Up-to-date: /home/tony/webots_ws/install/motor_interfaces/share/motor_interfaces/cmake/ament_cmake_export_libraries-extras.cmake
[1.014s] -- Up-to-date: /home/tony/webots_ws/install/motor_interfaces/share/motor_interfaces/cmake/ament_cmake_export_targets-extras.cmake
[1.015s] -- Up-to-date: /home/tony/webots_ws/install/motor_interfaces/share/motor_interfaces/cmake/ament_cmake_export_include_directories-extras.cmake
[1.015s] -- Up-to-date: /home/tony/webots_ws/install/motor_interfaces/share/motor_interfaces/cmake/rosidl_cmake_export_typesupport_libraries-extras.cmake
[1.015s] -- Up-to-date: /home/tony/webots_ws/install/motor_interfaces/share/motor_interfaces/cmake/rosidl_cmake_export_typesupport_targets-extras.cmake
[1.015s] -- Up-to-date: /home/tony/webots_ws/install/motor_interfaces/share/motor_interfaces/cmake/motor_interfacesConfig.cmake
[1.015s] -- Up-to-date: /home/tony/webots_ws/install/motor_interfaces/share/motor_interfaces/cmake/motor_interfacesConfig-version.cmake
[1.015s] -- Up-to-date: /home/tony/webots_ws/install/motor_interfaces/share/motor_interfaces/package.xml
[1.031s] Invoked command in '/home/tony/webots_ws/build/motor_interfaces' returned '0': CMAKE_PREFIX_PATH=${CMAKE_PREFIX_PATH}:/home/tony/webots_ws/install/post_train:/home/tony/webots_ws/install/my_package:/home/tony/webots_ws/install/my_mir_package:/home/tony/webots_ws/install/multi_mir_package:/opt/ros/foxy /usr/bin/cmake --install /home/tony/webots_ws/build/motor_interfaces
