[0.217s] Invoking command in '/home/tony/webots_ws/build/qpOASES': /usr/bin/cmake --build /home/tony/webots_ws/build/qpOASES -- -j16 -l16
[0.268s] [ 46%] Built target qpOASES
[0.297s] [ 60%] Built target example1b
[0.297s] [ 60%] Built target exampleLP
[0.297s] [ 60%] Built target example1a
[0.297s] [ 65%] Built target example2
[0.297s] [ 70%] Built target example3b
[0.297s] [ 75%] Built target example1
[0.297s] [ 80%] Built target qrecipeSchur
[0.303s] [ 85%] Built target qrecipe
[0.306s] [ 90%] Built target example5
[0.306s] [ 95%] Built target example4
[0.306s] [100%] Built target example3
[0.324s] Invoked command in '/home/tony/webots_ws/build/qpOASES' returned '0': /usr/bin/cmake --build /home/tony/webots_ws/build/qpOASES -- -j16 -l16
[0.398s] Invoking command in '/home/tony/webots_ws/build/qpOASES': /usr/bin/cmake --install /home/tony/webots_ws/build/qpOASES
[0.407s] -- Install configuration: "Release"
[0.407s] -- Up-to-date: /home/tony/webots_ws/install/qpOASES/lib/libqpOASES.a
[0.407s] -- Up-to-date: /home/tony/webots_ws/install/qpOASES/include/qpOASES.hpp
[0.407s] -- Up-to-date: /home/tony/webots_ws/install/qpOASES/include/qpOASES
[0.407s] -- Up-to-date: /home/tony/webots_ws/install/qpOASES/include/qpOASES/Types.hpp
[0.407s] -- Up-to-date: /home/tony/webots_ws/install/qpOASES/include/qpOASES/QProblem.hpp
[0.407s] -- Up-to-date: /home/tony/webots_ws/install/qpOASES/include/qpOASES/QProblemB.hpp
[0.407s] -- Up-to-date: /home/tony/webots_ws/install/qpOASES/include/qpOASES/extras
[0.407s] -- Up-to-date: /home/tony/webots_ws/install/qpOASES/include/qpOASES/extras/SolutionAnalysis.hpp
[0.407s] -- Up-to-date: /home/tony/webots_ws/install/qpOASES/include/qpOASES/extras/OQPinterface.hpp
[0.407s] -- Up-to-date: /home/tony/webots_ws/install/qpOASES/include/qpOASES/extras/SolutionAnalysis.ipp
[0.408s] -- Up-to-date: /home/tony/webots_ws/install/qpOASES/include/qpOASES/Matrices.hpp
[0.408s] -- Up-to-date: /home/tony/webots_ws/install/qpOASES/include/qpOASES/SparseSolver.hpp
[0.408s] -- Up-to-date: /home/tony/webots_ws/install/qpOASES/include/qpOASES/Flipper.hpp
[0.408s] -- Up-to-date: /home/tony/webots_ws/install/qpOASES/include/qpOASES/Bounds.ipp
[0.408s] -- Up-to-date: /home/tony/webots_ws/install/qpOASES/include/qpOASES/QProblem.ipp
[0.408s] -- Up-to-date: /home/tony/webots_ws/install/qpOASES/include/qpOASES/Indexlist.ipp
[0.408s] -- Up-to-date: /home/tony/webots_ws/install/qpOASES/include/qpOASES/MessageHandling.ipp
[0.408s] -- Up-to-date: /home/tony/webots_ws/install/qpOASES/include/qpOASES/Indexlist.hpp
[0.409s] -- Up-to-date: /home/tony/webots_ws/install/qpOASES/include/qpOASES/Constraints.ipp
[0.409s] -- Up-to-date: /home/tony/webots_ws/install/qpOASES/include/qpOASES/QProblemB.ipp
[0.409s] -- Up-to-date: /home/tony/webots_ws/install/qpOASES/include/qpOASES/SQProblemSchur.hpp
[0.409s] -- Up-to-date: /home/tony/webots_ws/install/qpOASES/include/qpOASES/Constants.hpp
[0.409s] -- Up-to-date: /home/tony/webots_ws/install/qpOASES/include/qpOASES/Bounds.hpp
[0.409s] -- Up-to-date: /home/tony/webots_ws/install/qpOASES/include/qpOASES/MessageHandling.hpp
[0.409s] -- Up-to-date: /home/tony/webots_ws/install/qpOASES/include/qpOASES/Utils.ipp
[0.409s] -- Up-to-date: /home/tony/webots_ws/install/qpOASES/include/qpOASES/Options.hpp
[0.409s] -- Up-to-date: /home/tony/webots_ws/install/qpOASES/include/qpOASES/Utils.hpp
[0.409s] -- Up-to-date: /home/tony/webots_ws/install/qpOASES/include/qpOASES/SQProblem.hpp
[0.409s] -- Up-to-date: /home/tony/webots_ws/install/qpOASES/include/qpOASES/LapackBlasReplacement.hpp
[0.409s] -- Up-to-date: /home/tony/webots_ws/install/qpOASES/include/qpOASES/Constraints.hpp
[0.410s] -- Up-to-date: /home/tony/webots_ws/install/qpOASES/include/qpOASES/SQProblemSchur.ipp
[0.410s] -- Up-to-date: /home/tony/webots_ws/install/qpOASES/include/qpOASES/SubjectTo.ipp
[0.410s] -- Up-to-date: /home/tony/webots_ws/install/qpOASES/include/qpOASES/SQProblem.ipp
[0.410s] -- Up-to-date: /home/tony/webots_ws/install/qpOASES/include/qpOASES/ConstraintProduct.hpp
[0.410s] -- Up-to-date: /home/tony/webots_ws/install/qpOASES/include/qpOASES/SubjectTo.hpp
[0.410s] -- Up-to-date: /home/tony/webots_ws/install/qpOASES/include/qpOASES/UnitTesting.hpp
[0.411s] Invoked command in '/home/tony/webots_ws/build/qpOASES' returned '0': /usr/bin/cmake --install /home/tony/webots_ws/build/qpOASES
