[0.225s] Invoking command in '/home/tony/webots_ws/build/mpc_controller': CMAKE_PREFIX_PATH=/home/tony/webots_ws/install/traj_interfaces:/home/tony/webots_ws/install/motor_interfaces:/home/tony/webots_ws/install/mpc_controller:/home/tony/webots_ws/install/traj_publish:/home/tony/webots_ws/install/my_package:/home/tony/webots_ws/install/my_mir_package:/opt/ros/foxy PYTHONPATH=/home/tony/webots_ws/install/traj_interfaces/lib/python3.8/site-packages:/home/tony/webots_ws/install/motor_interfaces/lib/python3.8/site-packages:/home/tony/webots_ws/install/my_package/lib/python3.8/site-packages:/home/tony/webots_ws/install/my_mir_package/lib/python3.8/site-packages:/opt/ros/foxy/lib/python3.8/site-packages /usr/bin/cmake --build /home/tony/webots_ws/build/mpc_controller -- -j16 -l16
[0.279s] [35m[1mScanning dependencies of target control_node[0m
[0.344s] [ 25%] [32mBuilding CXX object CMakeFiles/control_node.dir/src/mpc_controller.cpp.o[0m
[0.583s] In file included from [01m[K/home/tony/webots_ws/src/qpOASES/include/qpOASES/QProblemB.hpp:1014[m[K,
[0.583s]                  from [01m[K/home/tony/webots_ws/src/qpOASES/include/qpOASES.hpp:66[m[K,
[0.583s]                  from [01m[K/home/tony/webots_ws/src/mpc_controller/include/mpc_controller/mpc_controller.hpp:4[m[K,
[0.583s]                  from [01m[K/home/tony/webots_ws/src/mpc_controller/src/mpc_controller.cpp:1[m[K:
[0.583s] [01m[K/home/tony/webots_ws/src/qpOASES/include/qpOASES/QProblemB.ipp:[m[K In member function ‘[01m[Kvoid qpOASES::QProblemB::applyGivens(qpOASES::real_t, qpOASES::real_t, qpOASES::real_t, qpOASES::real_t, qpOASES::real_t, qpOASES::real_t&, qpOASES::real_t&) const[m[K’:
[0.583s] [01m[K/home/tony/webots_ws/src/qpOASES/include/qpOASES/QProblemB.ipp:447:64:[m[K [01;35m[Kwarning: [m[Kunused parameter ‘[01m[Knu[m[K’ [[01;35m[K-Wunused-parameter[m[K]
[0.583s]   447 | inline void QProblemB::applyGivens( real_t c, real_t s, [01;35m[Kreal_t nu[m[K, real_t xold, real_t yold,
[0.583s]       |                                                         [01;35m[K~~~~~~~^~[m[K
[0.583s] In file included from [01m[K/home/tony/webots_ws/src/qpOASES/include/qpOASES/QProblem.hpp:43[m[K,
[0.583s]                  from [01m[K/home/tony/webots_ws/src/qpOASES/include/qpOASES.hpp:67[m[K,
[0.583s]                  from [01m[K/home/tony/webots_ws/src/mpc_controller/include/mpc_controller/mpc_controller.hpp:4[m[K,
[0.584s]                  from [01m[K/home/tony/webots_ws/src/mpc_controller/src/mpc_controller.cpp:1[m[K:
[0.584s] [01m[K/home/tony/webots_ws/src/qpOASES/include/qpOASES/ConstraintProduct.hpp:[m[K In copy constructor ‘[01m[KqpOASES::ConstraintProduct::ConstraintProduct(const qpOASES::ConstraintProduct&)[m[K’:
[0.584s] [01m[K/home/tony/webots_ws/src/qpOASES/include/qpOASES/ConstraintProduct.hpp:64:47:[m[K [01;35m[Kwarning: [m[Kunused parameter ‘[01m[KtoCopy[m[K’ [[01;35m[K-Wunused-parameter[m[K]
[0.584s]    64 |   ConstraintProduct( [01;35m[Kconst ConstraintProduct &toCopy[m[K /**< Rhs object. */
[0.584s]       |                      [01;35m[K~~~~~~~~~~~~~~~~~~~~~~~~~^~~~~~[m[K
[0.584s] [01m[K/home/tony/webots_ws/src/qpOASES/include/qpOASES/ConstraintProduct.hpp:[m[K In member function ‘[01m[KqpOASES::ConstraintProduct& qpOASES::ConstraintProduct::operator=(const qpOASES::ConstraintProduct&)[m[K’:
[0.584s] [01m[K/home/tony/webots_ws/src/qpOASES/include/qpOASES/ConstraintProduct.hpp:71:58:[m[K [01;35m[Kwarning: [m[Kunused parameter ‘[01m[KtoCopy[m[K’ [[01;35m[K-Wunused-parameter[m[K]
[0.584s]    71 |   ConstraintProduct &operator=( [01;35m[Kconst ConstraintProduct &toCopy[m[K /**< Rhs object. */
[0.584s]       |                                 [01;35m[K~~~~~~~~~~~~~~~~~~~~~~~~~^~~~~~[m[K
[2.347s] [01m[K/home/tony/webots_ws/src/mpc_controller/src/mpc_controller.cpp:[m[K In member function ‘[01m[KEigen::MatrixXd MPC_controller::MPC_Solve_qp(Eigen::Vector3d, std::vector<Eigen::Matrix<double, 3, 1> >, std::vector<Eigen::Matrix<double, 2, 1> >, int)[m[K’:
[2.347s] [01m[K/home/tony/webots_ws/src/mpc_controller/src/mpc_controller.cpp:82:12:[m[K [01;35m[Kwarning: [m[KISO C++ forbids variable length array ‘[01m[KH[m[K’ [[01;35m[K-Wvla[m[K]
[2.347s]    82 |     real_t [01;35m[KH[m[K[2*N*2*N],g[2*N],A[2*N],lb[2*N],ub[2*N],lbA[1],ubA[1];
[2.347s]       |            [01;35m[K^[m[K
[2.347s] [01m[K/home/tony/webots_ws/src/mpc_controller/src/mpc_controller.cpp:82:23:[m[K [01;35m[Kwarning: [m[KISO C++ forbids variable length array ‘[01m[Kg[m[K’ [[01;35m[K-Wvla[m[K]
[2.347s]    82 |     real_t H[2*N*2*N],[01;35m[Kg[m[K[2*N],A[2*N],lb[2*N],ub[2*N],lbA[1],ubA[1];
[2.347s]       |                       [01;35m[K^[m[K
[2.347s] [01m[K/home/tony/webots_ws/src/mpc_controller/src/mpc_controller.cpp:82:30:[m[K [01;35m[Kwarning: [m[KISO C++ forbids variable length array ‘[01m[KA[m[K’ [[01;35m[K-Wvla[m[K]
[2.347s]    82 |     real_t H[2*N*2*N],g[2*N],[01;35m[KA[m[K[2*N],lb[2*N],ub[2*N],lbA[1],ubA[1];
[2.347s]       |                              [01;35m[K^[m[K
[2.348s] [01m[K/home/tony/webots_ws/src/mpc_controller/src/mpc_controller.cpp:82:37:[m[K [01;35m[Kwarning: [m[KISO C++ forbids variable length array ‘[01m[Klb[m[K’ [[01;35m[K-Wvla[m[K]
[2.348s]    82 |     real_t H[2*N*2*N],g[2*N],A[2*N],[01;35m[Klb[m[K[2*N],ub[2*N],lbA[1],ubA[1];
[2.348s]       |                                     [01;35m[K^~[m[K
[2.348s] [01m[K/home/tony/webots_ws/src/mpc_controller/src/mpc_controller.cpp:82:45:[m[K [01;35m[Kwarning: [m[KISO C++ forbids variable length array ‘[01m[Kub[m[K’ [[01;35m[K-Wvla[m[K]
[2.348s]    82 |     real_t H[2*N*2*N],g[2*N],A[2*N],lb[2*N],[01;35m[Kub[m[K[2*N],lbA[1],ubA[1];
[2.348s]       |                                             [01;35m[K^~[m[K
[2.348s] [01m[K/home/tony/webots_ws/src/mpc_controller/src/mpc_controller.cpp:110:12:[m[K [01;35m[Kwarning: [m[KISO C++ forbids variable length array ‘[01m[Kx_solution[m[K’ [[01;35m[K-Wvla[m[K]
[2.348s]   110 |     real_t [01;35m[Kx_solution[m[K[2*N];
[2.348s]       |            [01;35m[K^~~~~~~~~~[m[K
[5.442s] [ 50%] [32m[1mLinking CXX executable control_node[0m
[6.008s] [100%] Built target control_node
[6.021s] Invoked command in '/home/tony/webots_ws/build/mpc_controller' returned '0': CMAKE_PREFIX_PATH=/home/tony/webots_ws/install/traj_interfaces:/home/tony/webots_ws/install/motor_interfaces:/home/tony/webots_ws/install/mpc_controller:/home/tony/webots_ws/install/traj_publish:/home/tony/webots_ws/install/my_package:/home/tony/webots_ws/install/my_mir_package:/opt/ros/foxy PYTHONPATH=/home/tony/webots_ws/install/traj_interfaces/lib/python3.8/site-packages:/home/tony/webots_ws/install/motor_interfaces/lib/python3.8/site-packages:/home/tony/webots_ws/install/my_package/lib/python3.8/site-packages:/home/tony/webots_ws/install/my_mir_package/lib/python3.8/site-packages:/opt/ros/foxy/lib/python3.8/site-packages /usr/bin/cmake --build /home/tony/webots_ws/build/mpc_controller -- -j16 -l16
[6.048s] Invoking command in '/home/tony/webots_ws/build/mpc_controller': CMAKE_PREFIX_PATH=/home/tony/webots_ws/install/traj_interfaces:/home/tony/webots_ws/install/motor_interfaces:/home/tony/webots_ws/install/mpc_controller:/home/tony/webots_ws/install/traj_publish:/home/tony/webots_ws/install/my_package:/home/tony/webots_ws/install/my_mir_package:/opt/ros/foxy PYTHONPATH=/home/tony/webots_ws/install/traj_interfaces/lib/python3.8/site-packages:/home/tony/webots_ws/install/motor_interfaces/lib/python3.8/site-packages:/home/tony/webots_ws/install/my_package/lib/python3.8/site-packages:/home/tony/webots_ws/install/my_mir_package/lib/python3.8/site-packages:/opt/ros/foxy/lib/python3.8/site-packages /usr/bin/cmake --install /home/tony/webots_ws/build/mpc_controller
[6.056s] -- Install configuration: ""
[6.056s] -- Up-to-date: /home/tony/webots_ws/install/mpc_controller/share/ament_index/resource_index/package_run_dependencies/mpc_controller
[6.057s] -- Up-to-date: /home/tony/webots_ws/install/mpc_controller/share/ament_index/resource_index/parent_prefix_path/mpc_controller
[6.057s] -- Up-to-date: /home/tony/webots_ws/install/mpc_controller/share/mpc_controller/environment/ament_prefix_path.sh
[6.057s] -- Up-to-date: /home/tony/webots_ws/install/mpc_controller/share/mpc_controller/environment/ament_prefix_path.dsv
[6.057s] -- Up-to-date: /home/tony/webots_ws/install/mpc_controller/share/mpc_controller/environment/path.sh
[6.057s] -- Up-to-date: /home/tony/webots_ws/install/mpc_controller/share/mpc_controller/environment/path.dsv
[6.057s] -- Up-to-date: /home/tony/webots_ws/install/mpc_controller/share/mpc_controller/local_setup.bash
[6.057s] -- Up-to-date: /home/tony/webots_ws/install/mpc_controller/share/mpc_controller/local_setup.sh
[6.057s] -- Up-to-date: /home/tony/webots_ws/install/mpc_controller/share/mpc_controller/local_setup.zsh
[6.057s] -- Up-to-date: /home/tony/webots_ws/install/mpc_controller/share/mpc_controller/local_setup.dsv
[6.057s] -- Installing: /home/tony/webots_ws/install/mpc_controller/share/mpc_controller/package.dsv
[6.057s] -- Up-to-date: /home/tony/webots_ws/install/mpc_controller/share/ament_index/resource_index/packages/mpc_controller
[6.058s] -- Up-to-date: /home/tony/webots_ws/install/mpc_controller/share/mpc_controller/cmake/mpc_controllerConfig.cmake
[6.058s] -- Up-to-date: /home/tony/webots_ws/install/mpc_controller/share/mpc_controller/cmake/mpc_controllerConfig-version.cmake
[6.058s] -- Up-to-date: /home/tony/webots_ws/install/mpc_controller/share/mpc_controller/package.xml
[6.058s] -- Installing: /home/tony/webots_ws/install/mpc_controller/lib/mpc_controller/control_node
[6.069s] -- Set runtime path of "/home/tony/webots_ws/install/mpc_controller/lib/mpc_controller/control_node" to ""
[6.071s] Invoked command in '/home/tony/webots_ws/build/mpc_controller' returned '0': CMAKE_PREFIX_PATH=/home/tony/webots_ws/install/traj_interfaces:/home/tony/webots_ws/install/motor_interfaces:/home/tony/webots_ws/install/mpc_controller:/home/tony/webots_ws/install/traj_publish:/home/tony/webots_ws/install/my_package:/home/tony/webots_ws/install/my_mir_package:/opt/ros/foxy PYTHONPATH=/home/tony/webots_ws/install/traj_interfaces/lib/python3.8/site-packages:/home/tony/webots_ws/install/motor_interfaces/lib/python3.8/site-packages:/home/tony/webots_ws/install/my_package/lib/python3.8/site-packages:/home/tony/webots_ws/install/my_mir_package/lib/python3.8/site-packages:/opt/ros/foxy/lib/python3.8/site-packages /usr/bin/cmake --install /home/tony/webots_ws/build/mpc_controller
