[0.796s] Invoking command in '/home/tony/webots_ws/src/my_mir_package': AMENT_PREFIX_PATH=/home/tony/webots_ws/install/motor_interfaces:${AMENT_PREFIX_PATH} CMAKE_PREFIX_PATH=/home/tony/webots_ws/install/motor_interfaces LD_LIBRARY_PATH=/home/tony/webots_ws/install/motor_interfaces/lib:${LD_LIBRARY_PATH} PYTHONPATH=/home/tony/webots_ws/build/my_mir_package/prefix_override:/home/tony/webots_ws/install/my_mir_package/lib/python3.8/site-packages:/home/tony/webots_ws/install/motor_interfaces/lib/python3.8/site-packages:${PYTHONPATH} /usr/bin/python3 -W ignore:setup.py install is deprecated setup.py egg_info --egg-base ../../build/my_mir_package build --build-base /home/tony/webots_ws/build/my_mir_package/build install --record /home/tony/webots_ws/build/my_mir_package/install.log --install-scripts $base/lib/my_mir_package --single-version-externally-managed install_data
[0.971s] running egg_info
[0.971s] writing ../../build/my_mir_package/my_mir_package.egg-info/PKG-INFO
[0.971s] writing dependency_links to ../../build/my_mir_package/my_mir_package.egg-info/dependency_links.txt
[0.972s] writing entry points to ../../build/my_mir_package/my_mir_package.egg-info/entry_points.txt
[0.972s] writing requirements to ../../build/my_mir_package/my_mir_package.egg-info/requires.txt
[0.972s] writing top-level names to ../../build/my_mir_package/my_mir_package.egg-info/top_level.txt
[0.997s] reading manifest file '../../build/my_mir_package/my_mir_package.egg-info/SOURCES.txt'
[0.998s] writing manifest file '../../build/my_mir_package/my_mir_package.egg-info/SOURCES.txt'
[0.998s] running build
[0.998s] running build_py
[0.998s] running install
[0.999s] running install_lib
[1.000s] running install_data
[1.001s] running install_egg_info
[1.002s] removing '/home/tony/webots_ws/install/my_mir_package/lib/python3.8/site-packages/my_mir_package-0.0.0-py3.8.egg-info' (and everything under it)
[1.003s] Copying ../../build/my_mir_package/my_mir_package.egg-info to /home/tony/webots_ws/install/my_mir_package/lib/python3.8/site-packages/my_mir_package-0.0.0-py3.8.egg-info
[1.004s] running install_scripts
[1.017s] Installing my_mir_driver script to /home/tony/webots_ws/install/my_mir_package/lib/my_mir_package
[1.017s] writing list of installed files to '/home/tony/webots_ws/build/my_mir_package/install.log'
[1.040s] Invoked command in '/home/tony/webots_ws/src/my_mir_package' returned '0': AMENT_PREFIX_PATH=/home/tony/webots_ws/install/motor_interfaces:${AMENT_PREFIX_PATH} CMAKE_PREFIX_PATH=/home/tony/webots_ws/install/motor_interfaces LD_LIBRARY_PATH=/home/tony/webots_ws/install/motor_interfaces/lib:${LD_LIBRARY_PATH} PYTHONPATH=/home/tony/webots_ws/build/my_mir_package/prefix_override:/home/tony/webots_ws/install/my_mir_package/lib/python3.8/site-packages:/home/tony/webots_ws/install/motor_interfaces/lib/python3.8/site-packages:${PYTHONPATH} /usr/bin/python3 -W ignore:setup.py install is deprecated setup.py egg_info --egg-base ../../build/my_mir_package build --build-base /home/tony/webots_ws/build/my_mir_package/build install --record /home/tony/webots_ws/build/my_mir_package/install.log --install-scripts $base/lib/my_mir_package --single-version-externally-managed install_data
