[0.134s] DEBUG:colcon:Command line arguments: ['/usr/bin/colcon', 'build']
[0.134s] DEBUG:colcon:Parsed command line arguments: Namespace(allow_overriding=[], ament_cmake_args=None, base_paths=['.'], build_base='build', catkin_cmake_args=None, catkin_skip_building_tests=False, cmake_args=None, cmake_clean_cache=False, cmake_clean_first=False, cmake_force_configure=False, cmake_target=None, cmake_target_skip_unavailable=False, continue_on_error=False, event_handlers=None, executor='parallel', ignore_user_meta=False, install_base='install', log_base=None, log_level=None, main=<bound method BuildVerb.main of <colcon_core.verb.build.BuildVerb object at 0x7f9c4fdf9280>>, merge_install=False, metas=['./colcon.meta'], packages_above=None, packages_above_and_dependencies=None, packages_above_depth=None, packages_end=None, packages_ignore=None, packages_ignore_regex=None, packages_select=None, packages_select_build_failed=False, packages_select_by_dep=None, packages_select_regex=None, packages_select_test_failures=False, packages_skip=None, packages_skip_build_finished=False, packages_skip_by_dep=None, packages_skip_regex=None, packages_skip_test_passed=False, packages_skip_up_to=None, packages_start=None, packages_up_to=None, packages_up_to_regex=None, parallel_workers=16, paths=None, symlink_install=False, test_result_base=None, verb_extension=<colcon_core.verb.build.BuildVerb object at 0x7f9c4fdf9280>, verb_name='build', verb_parser=<colcon_defaults.argument_parser.defaults.DefaultArgumentsDecorator object at 0x7f9c4fc8be50>)
[0.247s] Level 1:colcon.colcon_core.package_discovery:discover_packages(colcon_meta) check parameters
[0.247s] Level 1:colcon.colcon_core.package_discovery:discover_packages(recursive) check parameters
[0.247s] Level 1:colcon.colcon_core.package_discovery:discover_packages(ignore) check parameters
[0.247s] Level 1:colcon.colcon_core.package_discovery:discover_packages(path) check parameters
[0.247s] Level 1:colcon.colcon_core.package_discovery:discover_packages(colcon_meta) discover
[0.247s] Level 1:colcon.colcon_core.package_discovery:discover_packages(recursive) discover
[0.247s] INFO:colcon.colcon_core.package_discovery:Crawling recursively for packages in '/home/tony/webots_ws'
[0.247s] Level 1:colcon.colcon_core.package_identification:_identify(.) by extensions ['ignore', 'ignore_ament_install']
[0.247s] Level 1:colcon.colcon_core.package_identification:_identify(.) by extension 'ignore'
[0.247s] Level 1:colcon.colcon_core.package_identification:_identify(.) by extension 'ignore_ament_install'
[0.247s] Level 1:colcon.colcon_core.package_identification:_identify(.) by extensions ['colcon_pkg']
[0.247s] Level 1:colcon.colcon_core.package_identification:_identify(.) by extension 'colcon_pkg'
[0.247s] Level 1:colcon.colcon_core.package_identification:_identify(.) by extensions ['colcon_meta']
[0.247s] Level 1:colcon.colcon_core.package_identification:_identify(.) by extension 'colcon_meta'
[0.248s] Level 1:colcon.colcon_core.package_identification:_identify(.) by extensions ['ros']
[0.248s] Level 1:colcon.colcon_core.package_identification:_identify(.) by extension 'ros'
[0.255s] Level 1:colcon.colcon_core.package_identification:_identify(.) by extensions ['cmake', 'python']
[0.255s] Level 1:colcon.colcon_core.package_identification:_identify(.) by extension 'cmake'
[0.255s] Level 1:colcon.colcon_core.package_identification:_identify(.) by extension 'python'
[0.255s] Level 1:colcon.colcon_core.package_identification:_identify(.) by extensions ['python_setup_py']
[0.255s] Level 1:colcon.colcon_core.package_identification:_identify(.) by extension 'python_setup_py'
[0.255s] Level 1:colcon.colcon_core.package_identification:_identify(build) by extensions ['ignore', 'ignore_ament_install']
[0.256s] Level 1:colcon.colcon_core.package_identification:_identify(build) by extension 'ignore'
[0.256s] Level 1:colcon.colcon_core.package_identification:_identify(build) ignored
[0.256s] Level 1:colcon.colcon_core.package_identification:_identify(install) by extensions ['ignore', 'ignore_ament_install']
[0.256s] Level 1:colcon.colcon_core.package_identification:_identify(install) by extension 'ignore'
[0.256s] Level 1:colcon.colcon_core.package_identification:_identify(install) ignored
[0.256s] Level 1:colcon.colcon_core.package_identification:_identify(log) by extensions ['ignore', 'ignore_ament_install']
[0.256s] Level 1:colcon.colcon_core.package_identification:_identify(log) by extension 'ignore'
[0.256s] Level 1:colcon.colcon_core.package_identification:_identify(log) ignored
[0.256s] Level 1:colcon.colcon_core.package_identification:_identify(src) by extensions ['ignore', 'ignore_ament_install']
[0.256s] Level 1:colcon.colcon_core.package_identification:_identify(src) by extension 'ignore'
[0.256s] Level 1:colcon.colcon_core.package_identification:_identify(src) by extension 'ignore_ament_install'
[0.256s] Level 1:colcon.colcon_core.package_identification:_identify(src) by extensions ['colcon_pkg']
[0.256s] Level 1:colcon.colcon_core.package_identification:_identify(src) by extension 'colcon_pkg'
[0.256s] Level 1:colcon.colcon_core.package_identification:_identify(src) by extensions ['colcon_meta']
[0.256s] Level 1:colcon.colcon_core.package_identification:_identify(src) by extension 'colcon_meta'
[0.256s] Level 1:colcon.colcon_core.package_identification:_identify(src) by extensions ['ros']
[0.256s] Level 1:colcon.colcon_core.package_identification:_identify(src) by extension 'ros'
[0.257s] Level 1:colcon.colcon_core.package_identification:_identify(src) by extensions ['cmake', 'python']
[0.257s] Level 1:colcon.colcon_core.package_identification:_identify(src) by extension 'cmake'
[0.257s] Level 1:colcon.colcon_core.package_identification:_identify(src) by extension 'python'
[0.257s] Level 1:colcon.colcon_core.package_identification:_identify(src) by extensions ['python_setup_py']
[0.257s] Level 1:colcon.colcon_core.package_identification:_identify(src) by extension 'python_setup_py'
[0.257s] Level 1:colcon.colcon_core.package_identification:_identify(src/motor_interfaces) by extensions ['ignore', 'ignore_ament_install']
[0.257s] Level 1:colcon.colcon_core.package_identification:_identify(src/motor_interfaces) by extension 'ignore'
[0.257s] Level 1:colcon.colcon_core.package_identification:_identify(src/motor_interfaces) by extension 'ignore_ament_install'
[0.257s] Level 1:colcon.colcon_core.package_identification:_identify(src/motor_interfaces) by extensions ['colcon_pkg']
[0.257s] Level 1:colcon.colcon_core.package_identification:_identify(src/motor_interfaces) by extension 'colcon_pkg'
[0.257s] Level 1:colcon.colcon_core.package_identification:_identify(src/motor_interfaces) by extensions ['colcon_meta']
[0.257s] Level 1:colcon.colcon_core.package_identification:_identify(src/motor_interfaces) by extension 'colcon_meta'
[0.257s] Level 1:colcon.colcon_core.package_identification:_identify(src/motor_interfaces) by extensions ['ros']
[0.257s] Level 1:colcon.colcon_core.package_identification:_identify(src/motor_interfaces) by extension 'ros'
[0.259s] DEBUG:colcon.colcon_core.package_identification:Package 'src/motor_interfaces' with type 'ros.ament_cmake' and name 'motor_interfaces'
[0.259s] Level 1:colcon.colcon_core.package_identification:_identify(src/mpc_controller) by extensions ['ignore', 'ignore_ament_install']
[0.259s] Level 1:colcon.colcon_core.package_identification:_identify(src/mpc_controller) by extension 'ignore'
[0.259s] Level 1:colcon.colcon_core.package_identification:_identify(src/mpc_controller) by extension 'ignore_ament_install'
[0.259s] Level 1:colcon.colcon_core.package_identification:_identify(src/mpc_controller) by extensions ['colcon_pkg']
[0.259s] Level 1:colcon.colcon_core.package_identification:_identify(src/mpc_controller) by extension 'colcon_pkg'
[0.259s] Level 1:colcon.colcon_core.package_identification:_identify(src/mpc_controller) by extensions ['colcon_meta']
[0.259s] Level 1:colcon.colcon_core.package_identification:_identify(src/mpc_controller) by extension 'colcon_meta'
[0.259s] Level 1:colcon.colcon_core.package_identification:_identify(src/mpc_controller) by extensions ['ros']
[0.259s] Level 1:colcon.colcon_core.package_identification:_identify(src/mpc_controller) by extension 'ros'
[0.260s] DEBUG:colcon.colcon_core.package_identification:Package 'src/mpc_controller' with type 'ros.ament_cmake' and name 'mpc_controller'
[0.260s] Level 1:colcon.colcon_core.package_identification:_identify(src/my_mir_package) by extensions ['ignore', 'ignore_ament_install']
[0.260s] Level 1:colcon.colcon_core.package_identification:_identify(src/my_mir_package) by extension 'ignore'
[0.260s] Level 1:colcon.colcon_core.package_identification:_identify(src/my_mir_package) by extension 'ignore_ament_install'
[0.260s] Level 1:colcon.colcon_core.package_identification:_identify(src/my_mir_package) by extensions ['colcon_pkg']
[0.260s] Level 1:colcon.colcon_core.package_identification:_identify(src/my_mir_package) by extension 'colcon_pkg'
[0.260s] Level 1:colcon.colcon_core.package_identification:_identify(src/my_mir_package) by extensions ['colcon_meta']
[0.260s] Level 1:colcon.colcon_core.package_identification:_identify(src/my_mir_package) by extension 'colcon_meta'
[0.260s] Level 1:colcon.colcon_core.package_identification:_identify(src/my_mir_package) by extensions ['ros']
[0.260s] Level 1:colcon.colcon_core.package_identification:_identify(src/my_mir_package) by extension 'ros'
[0.261s] DEBUG:colcon.colcon_core.package_identification:Package 'src/my_mir_package' with type 'ros.ament_python' and name 'my_mir_package'
[0.261s] Level 1:colcon.colcon_core.package_identification:_identify(src/my_package) by extensions ['ignore', 'ignore_ament_install']
[0.261s] Level 1:colcon.colcon_core.package_identification:_identify(src/my_package) by extension 'ignore'
[0.261s] Level 1:colcon.colcon_core.package_identification:_identify(src/my_package) by extension 'ignore_ament_install'
[0.261s] Level 1:colcon.colcon_core.package_identification:_identify(src/my_package) by extensions ['colcon_pkg']
[0.261s] Level 1:colcon.colcon_core.package_identification:_identify(src/my_package) by extension 'colcon_pkg'
[0.261s] Level 1:colcon.colcon_core.package_identification:_identify(src/my_package) by extensions ['colcon_meta']
[0.261s] Level 1:colcon.colcon_core.package_identification:_identify(src/my_package) by extension 'colcon_meta'
[0.261s] Level 1:colcon.colcon_core.package_identification:_identify(src/my_package) by extensions ['ros']
[0.261s] Level 1:colcon.colcon_core.package_identification:_identify(src/my_package) by extension 'ros'
[0.262s] DEBUG:colcon.colcon_core.package_identification:Package 'src/my_package' with type 'ros.ament_python' and name 'my_package'
[0.262s] Level 1:colcon.colcon_core.package_identification:_identify(src/qpOASES) by extensions ['ignore', 'ignore_ament_install']
[0.262s] Level 1:colcon.colcon_core.package_identification:_identify(src/qpOASES) by extension 'ignore'
[0.262s] Level 1:colcon.colcon_core.package_identification:_identify(src/qpOASES) by extension 'ignore_ament_install'
[0.262s] Level 1:colcon.colcon_core.package_identification:_identify(src/qpOASES) by extensions ['colcon_pkg']
[0.262s] Level 1:colcon.colcon_core.package_identification:_identify(src/qpOASES) by extension 'colcon_pkg'
[0.262s] Level 1:colcon.colcon_core.package_identification:_identify(src/qpOASES) by extensions ['colcon_meta']
[0.262s] Level 1:colcon.colcon_core.package_identification:_identify(src/qpOASES) by extension 'colcon_meta'
[0.262s] Level 1:colcon.colcon_core.package_identification:_identify(src/qpOASES) by extensions ['ros']
[0.262s] Level 1:colcon.colcon_core.package_identification:_identify(src/qpOASES) by extension 'ros'
[0.262s] Level 1:colcon.colcon_core.package_identification:_identify(src/qpOASES) by extensions ['cmake', 'python']
[0.262s] Level 1:colcon.colcon_core.package_identification:_identify(src/qpOASES) by extension 'cmake'
[0.267s] Level 1:colcon.colcon_core.package_identification:_identify(src/qpOASES) by extension 'python'
[0.267s] DEBUG:colcon.colcon_core.package_identification:Package 'src/qpOASES' with type 'cmake' and name 'qpOASES'
[0.267s] Level 1:colcon.colcon_core.package_identification:_identify(src/traj_interfaces) by extensions ['ignore', 'ignore_ament_install']
[0.267s] Level 1:colcon.colcon_core.package_identification:_identify(src/traj_interfaces) by extension 'ignore'
[0.267s] Level 1:colcon.colcon_core.package_identification:_identify(src/traj_interfaces) by extension 'ignore_ament_install'
[0.267s] Level 1:colcon.colcon_core.package_identification:_identify(src/traj_interfaces) by extensions ['colcon_pkg']
[0.267s] Level 1:colcon.colcon_core.package_identification:_identify(src/traj_interfaces) by extension 'colcon_pkg'
[0.267s] Level 1:colcon.colcon_core.package_identification:_identify(src/traj_interfaces) by extensions ['colcon_meta']
[0.267s] Level 1:colcon.colcon_core.package_identification:_identify(src/traj_interfaces) by extension 'colcon_meta'
[0.267s] Level 1:colcon.colcon_core.package_identification:_identify(src/traj_interfaces) by extensions ['ros']
[0.267s] Level 1:colcon.colcon_core.package_identification:_identify(src/traj_interfaces) by extension 'ros'
[0.268s] DEBUG:colcon.colcon_core.package_identification:Package 'src/traj_interfaces' with type 'ros.ament_cmake' and name 'traj_interfaces'
[0.268s] Level 1:colcon.colcon_core.package_identification:_identify(src/traj_publish) by extensions ['ignore', 'ignore_ament_install']
[0.268s] Level 1:colcon.colcon_core.package_identification:_identify(src/traj_publish) by extension 'ignore'
[0.268s] Level 1:colcon.colcon_core.package_identification:_identify(src/traj_publish) by extension 'ignore_ament_install'
[0.268s] Level 1:colcon.colcon_core.package_identification:_identify(src/traj_publish) by extensions ['colcon_pkg']
[0.268s] Level 1:colcon.colcon_core.package_identification:_identify(src/traj_publish) by extension 'colcon_pkg'
[0.268s] Level 1:colcon.colcon_core.package_identification:_identify(src/traj_publish) by extensions ['colcon_meta']
[0.268s] Level 1:colcon.colcon_core.package_identification:_identify(src/traj_publish) by extension 'colcon_meta'
[0.268s] Level 1:colcon.colcon_core.package_identification:_identify(src/traj_publish) by extensions ['ros']
[0.268s] Level 1:colcon.colcon_core.package_identification:_identify(src/traj_publish) by extension 'ros'
[0.269s] DEBUG:colcon.colcon_core.package_identification:Package 'src/traj_publish' with type 'ros.ament_cmake' and name 'traj_publish'
[0.269s] Level 1:colcon.colcon_core.package_discovery:discover_packages(recursive) using defaults
[0.269s] Level 1:colcon.colcon_core.package_discovery:discover_packages(ignore) discover
[0.269s] Level 1:colcon.colcon_core.package_discovery:discover_packages(ignore) using defaults
[0.269s] Level 1:colcon.colcon_core.package_discovery:discover_packages(path) discover
[0.269s] Level 1:colcon.colcon_core.package_discovery:discover_packages(path) using defaults
[0.281s] Level 1:colcon.colcon_core.package_discovery:discover_packages(prefix_path) check parameters
[0.281s] Level 1:colcon.colcon_core.package_discovery:discover_packages(prefix_path) discover
[0.282s] DEBUG:colcon.colcon_installed_package_information.package_discovery:Found 7 installed packages in /home/tony/webots_ws/install
[0.283s] DEBUG:colcon.colcon_installed_package_information.package_discovery:Found 284 installed packages in /opt/ros/foxy
[0.285s] Level 1:colcon.colcon_core.package_discovery:discover_packages(prefix_path) using defaults
[0.343s] Level 5:colcon.colcon_core.verb:set package 'motor_interfaces' build argument 'cmake_args' from command line to 'None'
[0.343s] Level 5:colcon.colcon_core.verb:set package 'motor_interfaces' build argument 'cmake_target' from command line to 'None'
[0.343s] Level 5:colcon.colcon_core.verb:set package 'motor_interfaces' build argument 'cmake_target_skip_unavailable' from command line to 'False'
[0.343s] Level 5:colcon.colcon_core.verb:set package 'motor_interfaces' build argument 'cmake_clean_cache' from command line to 'False'
[0.343s] Level 5:colcon.colcon_core.verb:set package 'motor_interfaces' build argument 'cmake_clean_first' from command line to 'False'
[0.343s] Level 5:colcon.colcon_core.verb:set package 'motor_interfaces' build argument 'cmake_force_configure' from command line to 'False'
[0.343s] Level 5:colcon.colcon_core.verb:set package 'motor_interfaces' build argument 'ament_cmake_args' from command line to 'None'
[0.343s] Level 5:colcon.colcon_core.verb:set package 'motor_interfaces' build argument 'catkin_cmake_args' from command line to 'None'
[0.343s] Level 5:colcon.colcon_core.verb:set package 'motor_interfaces' build argument 'catkin_skip_building_tests' from command line to 'False'
[0.344s] DEBUG:colcon.colcon_core.verb:Building package 'motor_interfaces' with the following arguments: {'ament_cmake_args': None, 'build_base': '/home/tony/webots_ws/build/motor_interfaces', 'catkin_cmake_args': None, 'catkin_skip_building_tests': False, 'cmake_args': None, 'cmake_clean_cache': False, 'cmake_clean_first': False, 'cmake_force_configure': False, 'cmake_target': None, 'cmake_target_skip_unavailable': False, 'install_base': '/home/tony/webots_ws/install/motor_interfaces', 'merge_install': False, 'path': '/home/tony/webots_ws/src/motor_interfaces', 'symlink_install': False, 'test_result_base': None}
[0.344s] Level 5:colcon.colcon_core.verb:set package 'my_package' build argument 'cmake_args' from command line to 'None'
[0.344s] Level 5:colcon.colcon_core.verb:set package 'my_package' build argument 'cmake_target' from command line to 'None'
[0.344s] Level 5:colcon.colcon_core.verb:set package 'my_package' build argument 'cmake_target_skip_unavailable' from command line to 'False'
[0.344s] Level 5:colcon.colcon_core.verb:set package 'my_package' build argument 'cmake_clean_cache' from command line to 'False'
[0.344s] Level 5:colcon.colcon_core.verb:set package 'my_package' build argument 'cmake_clean_first' from command line to 'False'
[0.344s] Level 5:colcon.colcon_core.verb:set package 'my_package' build argument 'cmake_force_configure' from command line to 'False'
[0.344s] Level 5:colcon.colcon_core.verb:set package 'my_package' build argument 'ament_cmake_args' from command line to 'None'
[0.344s] Level 5:colcon.colcon_core.verb:set package 'my_package' build argument 'catkin_cmake_args' from command line to 'None'
[0.344s] Level 5:colcon.colcon_core.verb:set package 'my_package' build argument 'catkin_skip_building_tests' from command line to 'False'
[0.344s] DEBUG:colcon.colcon_core.verb:Building package 'my_package' with the following arguments: {'ament_cmake_args': None, 'build_base': '/home/tony/webots_ws/build/my_package', 'catkin_cmake_args': None, 'catkin_skip_building_tests': False, 'cmake_args': None, 'cmake_clean_cache': False, 'cmake_clean_first': False, 'cmake_force_configure': False, 'cmake_target': None, 'cmake_target_skip_unavailable': False, 'install_base': '/home/tony/webots_ws/install/my_package', 'merge_install': False, 'path': '/home/tony/webots_ws/src/my_package', 'symlink_install': False, 'test_result_base': None}
[0.344s] Level 5:colcon.colcon_core.verb:set package 'qpOASES' build argument 'cmake_args' from command line to 'None'
[0.344s] Level 5:colcon.colcon_core.verb:set package 'qpOASES' build argument 'cmake_target' from command line to 'None'
[0.344s] Level 5:colcon.colcon_core.verb:set package 'qpOASES' build argument 'cmake_target_skip_unavailable' from command line to 'False'
[0.344s] Level 5:colcon.colcon_core.verb:set package 'qpOASES' build argument 'cmake_clean_cache' from command line to 'False'
[0.344s] Level 5:colcon.colcon_core.verb:set package 'qpOASES' build argument 'cmake_clean_first' from command line to 'False'
[0.344s] Level 5:colcon.colcon_core.verb:set package 'qpOASES' build argument 'cmake_force_configure' from command line to 'False'
[0.344s] Level 5:colcon.colcon_core.verb:set package 'qpOASES' build argument 'ament_cmake_args' from command line to 'None'
[0.344s] Level 5:colcon.colcon_core.verb:set package 'qpOASES' build argument 'catkin_cmake_args' from command line to 'None'
[0.344s] Level 5:colcon.colcon_core.verb:set package 'qpOASES' build argument 'catkin_skip_building_tests' from command line to 'False'
[0.344s] DEBUG:colcon.colcon_core.verb:Building package 'qpOASES' with the following arguments: {'ament_cmake_args': None, 'build_base': '/home/tony/webots_ws/build/qpOASES', 'catkin_cmake_args': None, 'catkin_skip_building_tests': False, 'cmake_args': None, 'cmake_clean_cache': False, 'cmake_clean_first': False, 'cmake_force_configure': False, 'cmake_target': None, 'cmake_target_skip_unavailable': False, 'install_base': '/home/tony/webots_ws/install/qpOASES', 'merge_install': False, 'path': '/home/tony/webots_ws/src/qpOASES', 'symlink_install': False, 'test_result_base': None}
[0.345s] Level 5:colcon.colcon_core.verb:set package 'traj_interfaces' build argument 'cmake_args' from command line to 'None'
[0.345s] Level 5:colcon.colcon_core.verb:set package 'traj_interfaces' build argument 'cmake_target' from command line to 'None'
[0.345s] Level 5:colcon.colcon_core.verb:set package 'traj_interfaces' build argument 'cmake_target_skip_unavailable' from command line to 'False'
[0.345s] Level 5:colcon.colcon_core.verb:set package 'traj_interfaces' build argument 'cmake_clean_cache' from command line to 'False'
[0.345s] Level 5:colcon.colcon_core.verb:set package 'traj_interfaces' build argument 'cmake_clean_first' from command line to 'False'
[0.345s] Level 5:colcon.colcon_core.verb:set package 'traj_interfaces' build argument 'cmake_force_configure' from command line to 'False'
[0.345s] Level 5:colcon.colcon_core.verb:set package 'traj_interfaces' build argument 'ament_cmake_args' from command line to 'None'
[0.345s] Level 5:colcon.colcon_core.verb:set package 'traj_interfaces' build argument 'catkin_cmake_args' from command line to 'None'
[0.345s] Level 5:colcon.colcon_core.verb:set package 'traj_interfaces' build argument 'catkin_skip_building_tests' from command line to 'False'
[0.345s] DEBUG:colcon.colcon_core.verb:Building package 'traj_interfaces' with the following arguments: {'ament_cmake_args': None, 'build_base': '/home/tony/webots_ws/build/traj_interfaces', 'catkin_cmake_args': None, 'catkin_skip_building_tests': False, 'cmake_args': None, 'cmake_clean_cache': False, 'cmake_clean_first': False, 'cmake_force_configure': False, 'cmake_target': None, 'cmake_target_skip_unavailable': False, 'install_base': '/home/tony/webots_ws/install/traj_interfaces', 'merge_install': False, 'path': '/home/tony/webots_ws/src/traj_interfaces', 'symlink_install': False, 'test_result_base': None}
[0.345s] Level 5:colcon.colcon_core.verb:set package 'mpc_controller' build argument 'cmake_args' from command line to 'None'
[0.345s] Level 5:colcon.colcon_core.verb:set package 'mpc_controller' build argument 'cmake_target' from command line to 'None'
[0.345s] Level 5:colcon.colcon_core.verb:set package 'mpc_controller' build argument 'cmake_target_skip_unavailable' from command line to 'False'
[0.345s] Level 5:colcon.colcon_core.verb:set package 'mpc_controller' build argument 'cmake_clean_cache' from command line to 'False'
[0.345s] Level 5:colcon.colcon_core.verb:set package 'mpc_controller' build argument 'cmake_clean_first' from command line to 'False'
[0.345s] Level 5:colcon.colcon_core.verb:set package 'mpc_controller' build argument 'cmake_force_configure' from command line to 'False'
[0.345s] Level 5:colcon.colcon_core.verb:set package 'mpc_controller' build argument 'ament_cmake_args' from command line to 'None'
[0.345s] Level 5:colcon.colcon_core.verb:set package 'mpc_controller' build argument 'catkin_cmake_args' from command line to 'None'
[0.345s] Level 5:colcon.colcon_core.verb:set package 'mpc_controller' build argument 'catkin_skip_building_tests' from command line to 'False'
[0.345s] DEBUG:colcon.colcon_core.verb:Building package 'mpc_controller' with the following arguments: {'ament_cmake_args': None, 'build_base': '/home/tony/webots_ws/build/mpc_controller', 'catkin_cmake_args': None, 'catkin_skip_building_tests': False, 'cmake_args': None, 'cmake_clean_cache': False, 'cmake_clean_first': False, 'cmake_force_configure': False, 'cmake_target': None, 'cmake_target_skip_unavailable': False, 'install_base': '/home/tony/webots_ws/install/mpc_controller', 'merge_install': False, 'path': '/home/tony/webots_ws/src/mpc_controller', 'symlink_install': False, 'test_result_base': None}
[0.346s] Level 5:colcon.colcon_core.verb:set package 'my_mir_package' build argument 'cmake_args' from command line to 'None'
[0.346s] Level 5:colcon.colcon_core.verb:set package 'my_mir_package' build argument 'cmake_target' from command line to 'None'
[0.346s] Level 5:colcon.colcon_core.verb:set package 'my_mir_package' build argument 'cmake_target_skip_unavailable' from command line to 'False'
[0.346s] Level 5:colcon.colcon_core.verb:set package 'my_mir_package' build argument 'cmake_clean_cache' from command line to 'False'
[0.346s] Level 5:colcon.colcon_core.verb:set package 'my_mir_package' build argument 'cmake_clean_first' from command line to 'False'
[0.346s] Level 5:colcon.colcon_core.verb:set package 'my_mir_package' build argument 'cmake_force_configure' from command line to 'False'
[0.346s] Level 5:colcon.colcon_core.verb:set package 'my_mir_package' build argument 'ament_cmake_args' from command line to 'None'
[0.346s] Level 5:colcon.colcon_core.verb:set package 'my_mir_package' build argument 'catkin_cmake_args' from command line to 'None'
[0.346s] Level 5:colcon.colcon_core.verb:set package 'my_mir_package' build argument 'catkin_skip_building_tests' from command line to 'False'
[0.346s] DEBUG:colcon.colcon_core.verb:Building package 'my_mir_package' with the following arguments: {'ament_cmake_args': None, 'build_base': '/home/tony/webots_ws/build/my_mir_package', 'catkin_cmake_args': None, 'catkin_skip_building_tests': False, 'cmake_args': None, 'cmake_clean_cache': False, 'cmake_clean_first': False, 'cmake_force_configure': False, 'cmake_target': None, 'cmake_target_skip_unavailable': False, 'install_base': '/home/tony/webots_ws/install/my_mir_package', 'merge_install': False, 'path': '/home/tony/webots_ws/src/my_mir_package', 'symlink_install': False, 'test_result_base': None}
[0.346s] Level 5:colcon.colcon_core.verb:set package 'traj_publish' build argument 'cmake_args' from command line to 'None'
[0.346s] Level 5:colcon.colcon_core.verb:set package 'traj_publish' build argument 'cmake_target' from command line to 'None'
[0.346s] Level 5:colcon.colcon_core.verb:set package 'traj_publish' build argument 'cmake_target_skip_unavailable' from command line to 'False'
[0.346s] Level 5:colcon.colcon_core.verb:set package 'traj_publish' build argument 'cmake_clean_cache' from command line to 'False'
[0.346s] Level 5:colcon.colcon_core.verb:set package 'traj_publish' build argument 'cmake_clean_first' from command line to 'False'
[0.346s] Level 5:colcon.colcon_core.verb:set package 'traj_publish' build argument 'cmake_force_configure' from command line to 'False'
[0.346s] Level 5:colcon.colcon_core.verb:set package 'traj_publish' build argument 'ament_cmake_args' from command line to 'None'
[0.346s] Level 5:colcon.colcon_core.verb:set package 'traj_publish' build argument 'catkin_cmake_args' from command line to 'None'
[0.346s] Level 5:colcon.colcon_core.verb:set package 'traj_publish' build argument 'catkin_skip_building_tests' from command line to 'False'
[0.346s] DEBUG:colcon.colcon_core.verb:Building package 'traj_publish' with the following arguments: {'ament_cmake_args': None, 'build_base': '/home/tony/webots_ws/build/traj_publish', 'catkin_cmake_args': None, 'catkin_skip_building_tests': False, 'cmake_args': None, 'cmake_clean_cache': False, 'cmake_clean_first': False, 'cmake_force_configure': False, 'cmake_target': None, 'cmake_target_skip_unavailable': False, 'install_base': '/home/tony/webots_ws/install/traj_publish', 'merge_install': False, 'path': '/home/tony/webots_ws/src/traj_publish', 'symlink_install': False, 'test_result_base': None}
[0.346s] INFO:colcon.colcon_core.executor:Executing jobs using 'parallel' executor
[0.347s] DEBUG:colcon.colcon_parallel_executor.executor.parallel:run_until_complete
[0.347s] INFO:colcon.colcon_ros.task.ament_cmake.build:Building ROS package in '/home/tony/webots_ws/src/motor_interfaces' with build type 'ament_cmake'
[0.348s] INFO:colcon.colcon_cmake.task.cmake.build:Building CMake package in '/home/tony/webots_ws/src/motor_interfaces'
[0.349s] INFO:colcon.colcon_core.plugin_system:Skipping extension 'colcon_core.shell.bat': Not used on non-Windows systems
[0.349s] INFO:colcon.colcon_core.shell:Skip shell extension 'powershell' for command environment: Not usable outside of PowerShell
[0.349s] DEBUG:colcon.colcon_core.shell:Skip shell extension 'dsv' for command environment
[0.357s] INFO:colcon.colcon_ros.task.ament_cmake.build:Building ROS package in '/home/tony/webots_ws/src/traj_interfaces' with build type 'ament_cmake'
[0.357s] INFO:colcon.colcon_cmake.task.cmake.build:Building CMake package in '/home/tony/webots_ws/src/traj_interfaces'
[0.357s] INFO:colcon.colcon_core.shell:Skip shell extension 'powershell' for command environment: Not usable outside of PowerShell
[0.357s] DEBUG:colcon.colcon_core.shell:Skip shell extension 'dsv' for command environment
[0.361s] INFO:colcon.colcon_ros.task.ament_python.build:Building ROS package in '/home/tony/webots_ws/src/my_package' with build type 'ament_python'
[0.362s] Level 1:colcon.colcon_core.shell:create_environment_hook('my_package', 'ament_prefix_path')
[0.362s] INFO:colcon.colcon_core.shell:Creating environment hook '/home/tony/webots_ws/install/my_package/share/my_package/hook/ament_prefix_path.ps1'
[0.363s] INFO:colcon.colcon_core.shell:Creating environment descriptor '/home/tony/webots_ws/install/my_package/share/my_package/hook/ament_prefix_path.dsv'
[0.363s] INFO:colcon.colcon_core.shell:Creating environment hook '/home/tony/webots_ws/install/my_package/share/my_package/hook/ament_prefix_path.sh'
[0.363s] INFO:colcon.colcon_core.shell:Skip shell extension 'powershell' for command environment: Not usable outside of PowerShell
[0.363s] DEBUG:colcon.colcon_core.shell:Skip shell extension 'dsv' for command environment
[0.367s] INFO:colcon.colcon_cmake.task.cmake.build:Building CMake package in '/home/tony/webots_ws/src/qpOASES'
[0.368s] INFO:colcon.colcon_core.shell:Skip shell extension 'powershell' for command environment: Not usable outside of PowerShell
[0.368s] DEBUG:colcon.colcon_core.shell:Skip shell extension 'dsv' for command environment
[0.378s] DEBUG:colcon.colcon_core.event_handler.log_command:Invoking command in '/home/tony/webots_ws/build/motor_interfaces': CMAKE_PREFIX_PATH=${CMAKE_PREFIX_PATH}:/home/tony/webots_ws/install/my_package:/home/tony/webots_ws/install/my_mir_package:/opt/ros/foxy /usr/bin/cmake --build /home/tony/webots_ws/build/motor_interfaces -- -j16 -l16
[0.382s] DEBUG:colcon.colcon_core.event_handler.log_command:Invoking command in '/home/tony/webots_ws/build/traj_interfaces': CMAKE_PREFIX_PATH=${CMAKE_PREFIX_PATH}:/home/tony/webots_ws/install/my_package:/home/tony/webots_ws/install/my_mir_package:/opt/ros/foxy /usr/bin/cmake --build /home/tony/webots_ws/build/traj_interfaces -- -j16 -l16
[0.566s] INFO:colcon.colcon_core.task.python.build:Building Python package in '/home/tony/webots_ws/src/my_package'
[0.566s] INFO:colcon.colcon_core.shell:Skip shell extension 'powershell' for command environment: Not usable outside of PowerShell
[0.566s] DEBUG:colcon.colcon_core.shell:Skip shell extension 'dsv' for command environment
[0.581s] DEBUG:colcon.colcon_core.event_handler.log_command:Invoking command in '/home/tony/webots_ws/build/qpOASES': /usr/bin/cmake --build /home/tony/webots_ws/build/qpOASES -- -j16 -l16
[0.581s] DEBUG:colcon.colcon_core.event_handler.log_command:Invoked command in '/home/tony/webots_ws/build/motor_interfaces' returned '0': CMAKE_PREFIX_PATH=${CMAKE_PREFIX_PATH}:/home/tony/webots_ws/install/my_package:/home/tony/webots_ws/install/my_mir_package:/opt/ros/foxy /usr/bin/cmake --build /home/tony/webots_ws/build/motor_interfaces -- -j16 -l16
[0.588s] DEBUG:colcon.colcon_core.event_handler.log_command:Invoked command in '/home/tony/webots_ws/build/traj_interfaces' returned '0': CMAKE_PREFIX_PATH=${CMAKE_PREFIX_PATH}:/home/tony/webots_ws/install/my_package:/home/tony/webots_ws/install/my_mir_package:/opt/ros/foxy /usr/bin/cmake --build /home/tony/webots_ws/build/traj_interfaces -- -j16 -l16
[0.650s] DEBUG:colcon.colcon_core.event_handler.log_command:Invoking command in '/home/tony/webots_ws/build/motor_interfaces': CMAKE_PREFIX_PATH=${CMAKE_PREFIX_PATH}:/home/tony/webots_ws/install/my_package:/home/tony/webots_ws/install/my_mir_package:/opt/ros/foxy /usr/bin/cmake --install /home/tony/webots_ws/build/motor_interfaces
[0.655s] DEBUG:colcon.colcon_core.event_handler.log_command:Invoking command in '/home/tony/webots_ws/build/traj_interfaces': CMAKE_PREFIX_PATH=${CMAKE_PREFIX_PATH}:/home/tony/webots_ws/install/my_package:/home/tony/webots_ws/install/my_mir_package:/opt/ros/foxy /usr/bin/cmake --install /home/tony/webots_ws/build/traj_interfaces
[0.662s] DEBUG:colcon.colcon_core.event_handler.log_command:Invoked command in '/home/tony/webots_ws/build/qpOASES' returned '0': /usr/bin/cmake --build /home/tony/webots_ws/build/qpOASES -- -j16 -l16
[0.702s] Level 1:colcon.colcon_core.environment:create_environment_scripts_only(motor_interfaces)
[0.703s] DEBUG:colcon.colcon_core.event_handler.log_command:Invoked command in '/home/tony/webots_ws/build/motor_interfaces' returned '0': CMAKE_PREFIX_PATH=${CMAKE_PREFIX_PATH}:/home/tony/webots_ws/install/my_package:/home/tony/webots_ws/install/my_mir_package:/opt/ros/foxy /usr/bin/cmake --install /home/tony/webots_ws/build/motor_interfaces
[0.705s] Level 1:colcon.colcon_core.environment:checking '/home/tony/webots_ws/install/motor_interfaces' for CMake module files
[0.706s] Level 1:colcon.colcon_core.environment:checking '/home/tony/webots_ws/install/motor_interfaces' for CMake config files
[0.706s] Level 1:colcon.colcon_core.shell:create_environment_hook('motor_interfaces', 'cmake_prefix_path')
[0.706s] INFO:colcon.colcon_core.shell:Creating environment hook '/home/tony/webots_ws/install/motor_interfaces/share/motor_interfaces/hook/cmake_prefix_path.ps1'
[0.707s] INFO:colcon.colcon_core.shell:Creating environment descriptor '/home/tony/webots_ws/install/motor_interfaces/share/motor_interfaces/hook/cmake_prefix_path.dsv'
[0.707s] INFO:colcon.colcon_core.shell:Creating environment hook '/home/tony/webots_ws/install/motor_interfaces/share/motor_interfaces/hook/cmake_prefix_path.sh'
[0.708s] Level 1:colcon.colcon_core.environment:checking '/home/tony/webots_ws/install/motor_interfaces/lib'
[0.708s] Level 1:colcon.colcon_core.shell:create_environment_hook('motor_interfaces', 'ld_library_path_lib')
[0.708s] INFO:colcon.colcon_core.shell:Creating environment hook '/home/tony/webots_ws/install/motor_interfaces/share/motor_interfaces/hook/ld_library_path_lib.ps1'
[0.708s] INFO:colcon.colcon_core.shell:Creating environment descriptor '/home/tony/webots_ws/install/motor_interfaces/share/motor_interfaces/hook/ld_library_path_lib.dsv'
[0.709s] INFO:colcon.colcon_core.shell:Creating environment hook '/home/tony/webots_ws/install/motor_interfaces/share/motor_interfaces/hook/ld_library_path_lib.sh'
[0.709s] Level 1:colcon.colcon_core.environment:checking '/home/tony/webots_ws/install/motor_interfaces/bin'
[0.709s] Level 1:colcon.colcon_core.environment:checking '/home/tony/webots_ws/install/motor_interfaces/lib/pkgconfig/motor_interfaces.pc'
[0.709s] Level 1:colcon.colcon_core.environment:checking '/home/tony/webots_ws/install/motor_interfaces/lib/python3.8/site-packages'
[0.709s] Level 1:colcon.colcon_core.shell:create_environment_hook('motor_interfaces', 'pythonpath')
[0.709s] INFO:colcon.colcon_core.shell:Creating environment hook '/home/tony/webots_ws/install/motor_interfaces/share/motor_interfaces/hook/pythonpath.ps1'
[0.710s] INFO:colcon.colcon_core.shell:Creating environment descriptor '/home/tony/webots_ws/install/motor_interfaces/share/motor_interfaces/hook/pythonpath.dsv'
[0.710s] INFO:colcon.colcon_core.shell:Creating environment hook '/home/tony/webots_ws/install/motor_interfaces/share/motor_interfaces/hook/pythonpath.sh'
[0.710s] Level 1:colcon.colcon_core.environment:checking '/home/tony/webots_ws/install/motor_interfaces/bin'
[0.711s] INFO:colcon.colcon_core.shell:Creating package script '/home/tony/webots_ws/install/motor_interfaces/share/motor_interfaces/package.ps1'
[0.711s] INFO:colcon.colcon_core.shell:Creating package descriptor '/home/tony/webots_ws/install/motor_interfaces/share/motor_interfaces/package.dsv'
[0.712s] INFO:colcon.colcon_core.shell:Creating package script '/home/tony/webots_ws/install/motor_interfaces/share/motor_interfaces/package.sh'
[0.713s] INFO:colcon.colcon_core.shell:Creating package script '/home/tony/webots_ws/install/motor_interfaces/share/motor_interfaces/package.bash'
[0.713s] INFO:colcon.colcon_core.shell:Creating package script '/home/tony/webots_ws/install/motor_interfaces/share/motor_interfaces/package.zsh'
[0.714s] Level 1:colcon.colcon_core.environment:create_file_with_runtime_dependencies(/home/tony/webots_ws/install/motor_interfaces/share/colcon-core/packages/motor_interfaces)
[0.718s] Level 1:colcon.colcon_core.environment:create_environment_scripts_only(traj_interfaces)
[0.718s] Level 1:colcon.colcon_core.environment:checking '/home/tony/webots_ws/install/traj_interfaces' for CMake module files
[0.719s] DEBUG:colcon.colcon_core.event_handler.log_command:Invoked command in '/home/tony/webots_ws/build/traj_interfaces' returned '0': CMAKE_PREFIX_PATH=${CMAKE_PREFIX_PATH}:/home/tony/webots_ws/install/my_package:/home/tony/webots_ws/install/my_mir_package:/opt/ros/foxy /usr/bin/cmake --install /home/tony/webots_ws/build/traj_interfaces
[0.720s] Level 1:colcon.colcon_core.environment:checking '/home/tony/webots_ws/install/traj_interfaces' for CMake config files
[0.720s] Level 1:colcon.colcon_core.shell:create_environment_hook('traj_interfaces', 'cmake_prefix_path')
[0.720s] INFO:colcon.colcon_core.shell:Creating environment hook '/home/tony/webots_ws/install/traj_interfaces/share/traj_interfaces/hook/cmake_prefix_path.ps1'
[0.721s] INFO:colcon.colcon_core.shell:Creating environment descriptor '/home/tony/webots_ws/install/traj_interfaces/share/traj_interfaces/hook/cmake_prefix_path.dsv'
[0.721s] INFO:colcon.colcon_core.shell:Creating environment hook '/home/tony/webots_ws/install/traj_interfaces/share/traj_interfaces/hook/cmake_prefix_path.sh'
[0.722s] Level 1:colcon.colcon_core.environment:checking '/home/tony/webots_ws/install/traj_interfaces/lib'
[0.722s] Level 1:colcon.colcon_core.shell:create_environment_hook('traj_interfaces', 'ld_library_path_lib')
[0.722s] INFO:colcon.colcon_core.shell:Creating environment hook '/home/tony/webots_ws/install/traj_interfaces/share/traj_interfaces/hook/ld_library_path_lib.ps1'
[0.723s] INFO:colcon.colcon_core.shell:Creating environment descriptor '/home/tony/webots_ws/install/traj_interfaces/share/traj_interfaces/hook/ld_library_path_lib.dsv'
[0.723s] INFO:colcon.colcon_core.shell:Creating environment hook '/home/tony/webots_ws/install/traj_interfaces/share/traj_interfaces/hook/ld_library_path_lib.sh'
[0.723s] Level 1:colcon.colcon_core.environment:checking '/home/tony/webots_ws/install/traj_interfaces/bin'
[0.723s] Level 1:colcon.colcon_core.environment:checking '/home/tony/webots_ws/install/traj_interfaces/lib/pkgconfig/traj_interfaces.pc'
[0.724s] Level 1:colcon.colcon_core.environment:checking '/home/tony/webots_ws/install/traj_interfaces/lib/python3.8/site-packages'
[0.724s] Level 1:colcon.colcon_core.shell:create_environment_hook('traj_interfaces', 'pythonpath')
[0.724s] INFO:colcon.colcon_core.shell:Creating environment hook '/home/tony/webots_ws/install/traj_interfaces/share/traj_interfaces/hook/pythonpath.ps1'
[0.724s] INFO:colcon.colcon_core.shell:Creating environment descriptor '/home/tony/webots_ws/install/traj_interfaces/share/traj_interfaces/hook/pythonpath.dsv'
[0.724s] INFO:colcon.colcon_core.shell:Creating environment hook '/home/tony/webots_ws/install/traj_interfaces/share/traj_interfaces/hook/pythonpath.sh'
[0.725s] Level 1:colcon.colcon_core.environment:checking '/home/tony/webots_ws/install/traj_interfaces/bin'
[0.725s] INFO:colcon.colcon_core.shell:Creating package script '/home/tony/webots_ws/install/traj_interfaces/share/traj_interfaces/package.ps1'
[0.725s] INFO:colcon.colcon_core.shell:Creating package descriptor '/home/tony/webots_ws/install/traj_interfaces/share/traj_interfaces/package.dsv'
[0.726s] INFO:colcon.colcon_core.shell:Creating package script '/home/tony/webots_ws/install/traj_interfaces/share/traj_interfaces/package.sh'
[0.726s] INFO:colcon.colcon_core.shell:Creating package script '/home/tony/webots_ws/install/traj_interfaces/share/traj_interfaces/package.bash'
[0.726s] INFO:colcon.colcon_core.shell:Creating package script '/home/tony/webots_ws/install/traj_interfaces/share/traj_interfaces/package.zsh'
[0.727s] Level 1:colcon.colcon_core.environment:create_file_with_runtime_dependencies(/home/tony/webots_ws/install/traj_interfaces/share/colcon-core/packages/traj_interfaces)
[0.744s] DEBUG:colcon.colcon_core.event_handler.log_command:Invoking command in '/home/tony/webots_ws/build/qpOASES': /usr/bin/cmake --install /home/tony/webots_ws/build/qpOASES
[0.755s] Level 1:colcon.colcon_core.environment:create_environment_scripts_only(qpOASES)
[0.755s] DEBUG:colcon.colcon_core.event_handler.log_command:Invoked command in '/home/tony/webots_ws/build/qpOASES' returned '0': /usr/bin/cmake --install /home/tony/webots_ws/build/qpOASES
[0.756s] Level 1:colcon.colcon_core.environment:checking '/home/tony/webots_ws/install/qpOASES' for CMake module files
[0.756s] Level 1:colcon.colcon_core.environment:checking '/home/tony/webots_ws/install/qpOASES' for CMake config files
[0.757s] Level 1:colcon.colcon_core.environment:checking '/home/tony/webots_ws/install/qpOASES/lib'
[0.757s] Level 1:colcon.colcon_core.environment:checking '/home/tony/webots_ws/install/qpOASES/bin'
[0.757s] Level 1:colcon.colcon_core.environment:checking '/home/tony/webots_ws/install/qpOASES/lib/pkgconfig/qpOASES.pc'
[0.757s] Level 1:colcon.colcon_core.environment:checking '/home/tony/webots_ws/install/qpOASES/lib/python3.8/site-packages'
[0.757s] Level 1:colcon.colcon_core.environment:checking '/home/tony/webots_ws/install/qpOASES/bin'
[0.758s] INFO:colcon.colcon_core.shell:Creating package script '/home/tony/webots_ws/install/qpOASES/share/qpOASES/package.ps1'
[0.758s] INFO:colcon.colcon_core.shell:Creating package descriptor '/home/tony/webots_ws/install/qpOASES/share/qpOASES/package.dsv'
[0.758s] INFO:colcon.colcon_core.shell:Creating package script '/home/tony/webots_ws/install/qpOASES/share/qpOASES/package.sh'
[0.759s] INFO:colcon.colcon_core.shell:Creating package script '/home/tony/webots_ws/install/qpOASES/share/qpOASES/package.bash'
[0.759s] INFO:colcon.colcon_core.shell:Creating package script '/home/tony/webots_ws/install/qpOASES/share/qpOASES/package.zsh'
[0.759s] Level 1:colcon.colcon_core.environment:create_file_with_runtime_dependencies(/home/tony/webots_ws/install/qpOASES/share/colcon-core/packages/qpOASES)
[0.762s] Level 1:colcon.colcon_core.environment:create_environment_scripts_only(motor_interfaces)
[0.762s] Level 1:colcon.colcon_core.environment:checking '/home/tony/webots_ws/install/motor_interfaces' for CMake module files
[0.763s] Level 1:colcon.colcon_core.environment:checking '/home/tony/webots_ws/install/motor_interfaces' for CMake config files
[0.763s] Level 1:colcon.colcon_core.shell:create_environment_hook('motor_interfaces', 'cmake_prefix_path')
[0.763s] INFO:colcon.colcon_core.shell:Creating environment hook '/home/tony/webots_ws/install/motor_interfaces/share/motor_interfaces/hook/cmake_prefix_path.ps1'
[0.764s] INFO:colcon.colcon_core.shell:Creating environment descriptor '/home/tony/webots_ws/install/motor_interfaces/share/motor_interfaces/hook/cmake_prefix_path.dsv'
[0.764s] INFO:colcon.colcon_core.shell:Creating environment hook '/home/tony/webots_ws/install/motor_interfaces/share/motor_interfaces/hook/cmake_prefix_path.sh'
[0.765s] Level 1:colcon.colcon_core.environment:checking '/home/tony/webots_ws/install/motor_interfaces/lib'
[0.765s] Level 1:colcon.colcon_core.shell:create_environment_hook('motor_interfaces', 'ld_library_path_lib')
[0.765s] INFO:colcon.colcon_core.shell:Creating environment hook '/home/tony/webots_ws/install/motor_interfaces/share/motor_interfaces/hook/ld_library_path_lib.ps1'
[0.765s] INFO:colcon.colcon_core.shell:Creating environment descriptor '/home/tony/webots_ws/install/motor_interfaces/share/motor_interfaces/hook/ld_library_path_lib.dsv'
[0.765s] INFO:colcon.colcon_core.shell:Creating environment hook '/home/tony/webots_ws/install/motor_interfaces/share/motor_interfaces/hook/ld_library_path_lib.sh'
[0.766s] Level 1:colcon.colcon_core.environment:checking '/home/tony/webots_ws/install/motor_interfaces/bin'
[0.766s] Level 1:colcon.colcon_core.environment:checking '/home/tony/webots_ws/install/motor_interfaces/lib/pkgconfig/motor_interfaces.pc'
[0.766s] Level 1:colcon.colcon_core.environment:checking '/home/tony/webots_ws/install/motor_interfaces/lib/python3.8/site-packages'
[0.766s] Level 1:colcon.colcon_core.shell:create_environment_hook('motor_interfaces', 'pythonpath')
[0.766s] INFO:colcon.colcon_core.shell:Creating environment hook '/home/tony/webots_ws/install/motor_interfaces/share/motor_interfaces/hook/pythonpath.ps1'
[0.766s] INFO:colcon.colcon_core.shell:Creating environment descriptor '/home/tony/webots_ws/install/motor_interfaces/share/motor_interfaces/hook/pythonpath.dsv'
[0.767s] INFO:colcon.colcon_core.shell:Creating environment hook '/home/tony/webots_ws/install/motor_interfaces/share/motor_interfaces/hook/pythonpath.sh'
[0.767s] Level 1:colcon.colcon_core.environment:checking '/home/tony/webots_ws/install/motor_interfaces/bin'
[0.767s] INFO:colcon.colcon_core.shell:Creating package script '/home/tony/webots_ws/install/motor_interfaces/share/motor_interfaces/package.ps1'
[0.768s] INFO:colcon.colcon_core.shell:Creating package descriptor '/home/tony/webots_ws/install/motor_interfaces/share/motor_interfaces/package.dsv'
[0.768s] INFO:colcon.colcon_core.shell:Creating package script '/home/tony/webots_ws/install/motor_interfaces/share/motor_interfaces/package.sh'
[0.769s] INFO:colcon.colcon_core.shell:Creating package script '/home/tony/webots_ws/install/motor_interfaces/share/motor_interfaces/package.bash'
[0.769s] INFO:colcon.colcon_core.shell:Creating package script '/home/tony/webots_ws/install/motor_interfaces/share/motor_interfaces/package.zsh'
[0.769s] Level 1:colcon.colcon_core.environment:create_file_with_runtime_dependencies(/home/tony/webots_ws/install/motor_interfaces/share/colcon-core/packages/motor_interfaces)
[0.769s] INFO:colcon.colcon_ros.task.ament_python.build:Building ROS package in '/home/tony/webots_ws/src/my_mir_package' with build type 'ament_python'
[0.770s] Level 1:colcon.colcon_core.shell:create_environment_hook('my_mir_package', 'ament_prefix_path')
[0.770s] INFO:colcon.colcon_core.shell:Creating environment hook '/home/tony/webots_ws/install/my_mir_package/share/my_mir_package/hook/ament_prefix_path.ps1'
[0.770s] INFO:colcon.colcon_core.shell:Creating environment descriptor '/home/tony/webots_ws/install/my_mir_package/share/my_mir_package/hook/ament_prefix_path.dsv'
[0.771s] INFO:colcon.colcon_core.shell:Creating environment hook '/home/tony/webots_ws/install/my_mir_package/share/my_mir_package/hook/ament_prefix_path.sh'
[0.771s] INFO:colcon.colcon_core.shell:Skip shell extension 'powershell' for command environment: Not usable outside of PowerShell
[0.771s] DEBUG:colcon.colcon_core.shell:Skip shell extension 'dsv' for command environment
[0.776s] Level 1:colcon.colcon_core.environment:create_environment_scripts_only(traj_interfaces)
[0.777s] Level 1:colcon.colcon_core.environment:checking '/home/tony/webots_ws/install/traj_interfaces' for CMake module files
[0.777s] Level 1:colcon.colcon_core.environment:checking '/home/tony/webots_ws/install/traj_interfaces' for CMake config files
[0.777s] Level 1:colcon.colcon_core.shell:create_environment_hook('traj_interfaces', 'cmake_prefix_path')
[0.778s] INFO:colcon.colcon_core.shell:Creating environment hook '/home/tony/webots_ws/install/traj_interfaces/share/traj_interfaces/hook/cmake_prefix_path.ps1'
[0.778s] INFO:colcon.colcon_core.shell:Creating environment descriptor '/home/tony/webots_ws/install/traj_interfaces/share/traj_interfaces/hook/cmake_prefix_path.dsv'
[0.778s] INFO:colcon.colcon_core.shell:Creating environment hook '/home/tony/webots_ws/install/traj_interfaces/share/traj_interfaces/hook/cmake_prefix_path.sh'
[0.779s] Level 1:colcon.colcon_core.environment:checking '/home/tony/webots_ws/install/traj_interfaces/lib'
[0.779s] Level 1:colcon.colcon_core.shell:create_environment_hook('traj_interfaces', 'ld_library_path_lib')
[0.779s] INFO:colcon.colcon_core.shell:Creating environment hook '/home/tony/webots_ws/install/traj_interfaces/share/traj_interfaces/hook/ld_library_path_lib.ps1'
[0.780s] INFO:colcon.colcon_core.shell:Creating environment descriptor '/home/tony/webots_ws/install/traj_interfaces/share/traj_interfaces/hook/ld_library_path_lib.dsv'
[0.780s] INFO:colcon.colcon_core.shell:Creating environment hook '/home/tony/webots_ws/install/traj_interfaces/share/traj_interfaces/hook/ld_library_path_lib.sh'
[0.780s] Level 1:colcon.colcon_core.environment:checking '/home/tony/webots_ws/install/traj_interfaces/bin'
[0.780s] Level 1:colcon.colcon_core.environment:checking '/home/tony/webots_ws/install/traj_interfaces/lib/pkgconfig/traj_interfaces.pc'
[0.780s] Level 1:colcon.colcon_core.environment:checking '/home/tony/webots_ws/install/traj_interfaces/lib/python3.8/site-packages'
[0.780s] Level 1:colcon.colcon_core.shell:create_environment_hook('traj_interfaces', 'pythonpath')
[0.780s] INFO:colcon.colcon_core.shell:Creating environment hook '/home/tony/webots_ws/install/traj_interfaces/share/traj_interfaces/hook/pythonpath.ps1'
[0.781s] INFO:colcon.colcon_core.shell:Creating environment descriptor '/home/tony/webots_ws/install/traj_interfaces/share/traj_interfaces/hook/pythonpath.dsv'
[0.781s] INFO:colcon.colcon_core.shell:Creating environment hook '/home/tony/webots_ws/install/traj_interfaces/share/traj_interfaces/hook/pythonpath.sh'
[0.781s] Level 1:colcon.colcon_core.environment:checking '/home/tony/webots_ws/install/traj_interfaces/bin'
[0.782s] INFO:colcon.colcon_core.shell:Creating package script '/home/tony/webots_ws/install/traj_interfaces/share/traj_interfaces/package.ps1'
[0.782s] INFO:colcon.colcon_core.shell:Creating package descriptor '/home/tony/webots_ws/install/traj_interfaces/share/traj_interfaces/package.dsv'
[0.782s] INFO:colcon.colcon_core.shell:Creating package script '/home/tony/webots_ws/install/traj_interfaces/share/traj_interfaces/package.sh'
[0.783s] INFO:colcon.colcon_core.shell:Creating package script '/home/tony/webots_ws/install/traj_interfaces/share/traj_interfaces/package.bash'
[0.783s] INFO:colcon.colcon_core.shell:Creating package script '/home/tony/webots_ws/install/traj_interfaces/share/traj_interfaces/package.zsh'
[0.783s] Level 1:colcon.colcon_core.environment:create_file_with_runtime_dependencies(/home/tony/webots_ws/install/traj_interfaces/share/colcon-core/packages/traj_interfaces)
[0.784s] INFO:colcon.colcon_ros.task.ament_cmake.build:Building ROS package in '/home/tony/webots_ws/src/mpc_controller' with build type 'ament_cmake'
[0.784s] INFO:colcon.colcon_cmake.task.cmake.build:Building CMake package in '/home/tony/webots_ws/src/mpc_controller'
[0.784s] INFO:colcon.colcon_core.shell:Skip shell extension 'powershell' for command environment: Not usable outside of PowerShell
[0.784s] DEBUG:colcon.colcon_core.shell:Skip shell extension 'dsv' for command environment
[0.789s] INFO:colcon.colcon_ros.task.ament_cmake.build:Building ROS package in '/home/tony/webots_ws/src/traj_publish' with build type 'ament_cmake'
[0.789s] INFO:colcon.colcon_cmake.task.cmake.build:Building CMake package in '/home/tony/webots_ws/src/traj_publish'
[0.790s] INFO:colcon.colcon_core.shell:Skip shell extension 'powershell' for command environment: Not usable outside of PowerShell
[0.790s] DEBUG:colcon.colcon_core.shell:Skip shell extension 'dsv' for command environment
[0.965s] INFO:colcon.colcon_core.task.python.build:Building Python package in '/home/tony/webots_ws/src/my_mir_package'
[0.966s] INFO:colcon.colcon_core.shell:Skip shell extension 'powershell' for command environment: Not usable outside of PowerShell
[0.966s] DEBUG:colcon.colcon_core.shell:Skip shell extension 'dsv' for command environment
[0.977s] DEBUG:colcon.colcon_core.event_handler.log_command:Invoking command in '/home/tony/webots_ws/build/mpc_controller': CMAKE_PREFIX_PATH=/home/tony/webots_ws/install/traj_interfaces:/home/tony/webots_ws/install/motor_interfaces:/home/tony/webots_ws/install/mpc_controller:/home/tony/webots_ws/install/traj_publish:/home/tony/webots_ws/install/my_package:/home/tony/webots_ws/install/my_mir_package:/opt/ros/foxy PYTHONPATH=/home/tony/webots_ws/install/traj_interfaces/lib/python3.8/site-packages:/home/tony/webots_ws/install/motor_interfaces/lib/python3.8/site-packages:/home/tony/webots_ws/install/my_package/lib/python3.8/site-packages:/home/tony/webots_ws/install/my_mir_package/lib/python3.8/site-packages:/opt/ros/foxy/lib/python3.8/site-packages /usr/bin/cmake --build /home/tony/webots_ws/build/mpc_controller -- -j16 -l16
[0.986s] DEBUG:colcon.colcon_core.event_handler.log_command:Invoking command in '/home/tony/webots_ws/build/traj_publish': CMAKE_PREFIX_PATH=/home/tony/webots_ws/install/traj_interfaces:/home/tony/webots_ws/install/mpc_controller:/home/tony/webots_ws/install/traj_publish:/home/tony/webots_ws/install/motor_interfaces:/home/tony/webots_ws/install/my_package:/home/tony/webots_ws/install/my_mir_package:/opt/ros/foxy /usr/bin/cmake --build /home/tony/webots_ws/build/traj_publish -- -j16 -l16
[0.989s] DEBUG:colcon.colcon_core.event_handler.log_command:Invoking command in '/home/tony/webots_ws/src/my_package': PYTHONPATH=/home/tony/webots_ws/build/my_package/prefix_override:/home/tony/webots_ws/install/my_package/lib/python3.8/site-packages:${PYTHONPATH} /usr/bin/python3 -W ignore:setup.py install is deprecated setup.py egg_info --egg-base ../../build/my_package build --build-base /home/tony/webots_ws/build/my_package/build install --record /home/tony/webots_ws/build/my_package/install.log --install-scripts $base/lib/my_package --single-version-externally-managed install_data
[1.055s] DEBUG:colcon.colcon_core.event_handler.log_command:Invoked command in '/home/tony/webots_ws/build/traj_publish' returned '0': CMAKE_PREFIX_PATH=/home/tony/webots_ws/install/traj_interfaces:/home/tony/webots_ws/install/mpc_controller:/home/tony/webots_ws/install/traj_publish:/home/tony/webots_ws/install/motor_interfaces:/home/tony/webots_ws/install/my_package:/home/tony/webots_ws/install/my_mir_package:/opt/ros/foxy /usr/bin/cmake --build /home/tony/webots_ws/build/traj_publish -- -j16 -l16
[1.066s] DEBUG:colcon.colcon_core.event_handler.log_command:Invoked command in '/home/tony/webots_ws/build/mpc_controller' returned '0': CMAKE_PREFIX_PATH=/home/tony/webots_ws/install/traj_interfaces:/home/tony/webots_ws/install/motor_interfaces:/home/tony/webots_ws/install/mpc_controller:/home/tony/webots_ws/install/traj_publish:/home/tony/webots_ws/install/my_package:/home/tony/webots_ws/install/my_mir_package:/opt/ros/foxy PYTHONPATH=/home/tony/webots_ws/install/traj_interfaces/lib/python3.8/site-packages:/home/tony/webots_ws/install/motor_interfaces/lib/python3.8/site-packages:/home/tony/webots_ws/install/my_package/lib/python3.8/site-packages:/home/tony/webots_ws/install/my_mir_package/lib/python3.8/site-packages:/opt/ros/foxy/lib/python3.8/site-packages /usr/bin/cmake --build /home/tony/webots_ws/build/mpc_controller -- -j16 -l16
[1.080s] DEBUG:colcon.colcon_core.event_handler.log_command:Invoking command in '/home/tony/webots_ws/build/traj_publish': CMAKE_PREFIX_PATH=/home/tony/webots_ws/install/traj_interfaces:/home/tony/webots_ws/install/mpc_controller:/home/tony/webots_ws/install/traj_publish:/home/tony/webots_ws/install/motor_interfaces:/home/tony/webots_ws/install/my_package:/home/tony/webots_ws/install/my_mir_package:/opt/ros/foxy /usr/bin/cmake --install /home/tony/webots_ws/build/traj_publish
[1.090s] Level 1:colcon.colcon_core.environment:create_environment_scripts_only(traj_publish)
[1.090s] DEBUG:colcon.colcon_core.event_handler.log_command:Invoked command in '/home/tony/webots_ws/build/traj_publish' returned '0': CMAKE_PREFIX_PATH=/home/tony/webots_ws/install/traj_interfaces:/home/tony/webots_ws/install/mpc_controller:/home/tony/webots_ws/install/traj_publish:/home/tony/webots_ws/install/motor_interfaces:/home/tony/webots_ws/install/my_package:/home/tony/webots_ws/install/my_mir_package:/opt/ros/foxy /usr/bin/cmake --install /home/tony/webots_ws/build/traj_publish
[1.091s] Level 1:colcon.colcon_core.environment:checking '/home/tony/webots_ws/install/traj_publish' for CMake module files
[1.091s] Level 1:colcon.colcon_core.environment:checking '/home/tony/webots_ws/install/traj_publish' for CMake config files
[1.092s] Level 1:colcon.colcon_core.shell:create_environment_hook('traj_publish', 'cmake_prefix_path')
[1.092s] INFO:colcon.colcon_core.shell:Creating environment hook '/home/tony/webots_ws/install/traj_publish/share/traj_publish/hook/cmake_prefix_path.ps1'
[1.093s] INFO:colcon.colcon_core.shell:Creating environment descriptor '/home/tony/webots_ws/install/traj_publish/share/traj_publish/hook/cmake_prefix_path.dsv'
[1.093s] INFO:colcon.colcon_core.shell:Creating environment hook '/home/tony/webots_ws/install/traj_publish/share/traj_publish/hook/cmake_prefix_path.sh'
[1.093s] Level 1:colcon.colcon_core.environment:checking '/home/tony/webots_ws/install/traj_publish/lib'
[1.094s] Level 1:colcon.colcon_core.environment:checking '/home/tony/webots_ws/install/traj_publish/bin'
[1.094s] Level 1:colcon.colcon_core.environment:checking '/home/tony/webots_ws/install/traj_publish/lib/pkgconfig/traj_publish.pc'
[1.094s] Level 1:colcon.colcon_core.environment:checking '/home/tony/webots_ws/install/traj_publish/lib/python3.8/site-packages'
[1.094s] Level 1:colcon.colcon_core.environment:checking '/home/tony/webots_ws/install/traj_publish/bin'
[1.094s] INFO:colcon.colcon_core.shell:Creating package script '/home/tony/webots_ws/install/traj_publish/share/traj_publish/package.ps1'
[1.095s] INFO:colcon.colcon_core.shell:Creating package descriptor '/home/tony/webots_ws/install/traj_publish/share/traj_publish/package.dsv'
[1.095s] INFO:colcon.colcon_core.shell:Creating package script '/home/tony/webots_ws/install/traj_publish/share/traj_publish/package.sh'
[1.096s] INFO:colcon.colcon_core.shell:Creating package script '/home/tony/webots_ws/install/traj_publish/share/traj_publish/package.bash'
[1.096s] INFO:colcon.colcon_core.shell:Creating package script '/home/tony/webots_ws/install/traj_publish/share/traj_publish/package.zsh'
[1.096s] Level 1:colcon.colcon_core.environment:create_file_with_runtime_dependencies(/home/tony/webots_ws/install/traj_publish/share/colcon-core/packages/traj_publish)
[1.102s] DEBUG:colcon.colcon_core.event_handler.log_command:Invoking command in '/home/tony/webots_ws/build/mpc_controller': CMAKE_PREFIX_PATH=/home/tony/webots_ws/install/traj_interfaces:/home/tony/webots_ws/install/motor_interfaces:/home/tony/webots_ws/install/mpc_controller:/home/tony/webots_ws/install/traj_publish:/home/tony/webots_ws/install/my_package:/home/tony/webots_ws/install/my_mir_package:/opt/ros/foxy PYTHONPATH=/home/tony/webots_ws/install/traj_interfaces/lib/python3.8/site-packages:/home/tony/webots_ws/install/motor_interfaces/lib/python3.8/site-packages:/home/tony/webots_ws/install/my_package/lib/python3.8/site-packages:/home/tony/webots_ws/install/my_mir_package/lib/python3.8/site-packages:/opt/ros/foxy/lib/python3.8/site-packages /usr/bin/cmake --install /home/tony/webots_ws/build/mpc_controller
[1.113s] Level 1:colcon.colcon_core.environment:create_environment_scripts_only(mpc_controller)
[1.113s] Level 1:colcon.colcon_core.environment:checking '/home/tony/webots_ws/install/mpc_controller' for CMake module files
[1.114s] DEBUG:colcon.colcon_core.event_handler.log_command:Invoked command in '/home/tony/webots_ws/build/mpc_controller' returned '0': CMAKE_PREFIX_PATH=/home/tony/webots_ws/install/traj_interfaces:/home/tony/webots_ws/install/motor_interfaces:/home/tony/webots_ws/install/mpc_controller:/home/tony/webots_ws/install/traj_publish:/home/tony/webots_ws/install/my_package:/home/tony/webots_ws/install/my_mir_package:/opt/ros/foxy PYTHONPATH=/home/tony/webots_ws/install/traj_interfaces/lib/python3.8/site-packages:/home/tony/webots_ws/install/motor_interfaces/lib/python3.8/site-packages:/home/tony/webots_ws/install/my_package/lib/python3.8/site-packages:/home/tony/webots_ws/install/my_mir_package/lib/python3.8/site-packages:/opt/ros/foxy/lib/python3.8/site-packages /usr/bin/cmake --install /home/tony/webots_ws/build/mpc_controller
[1.114s] Level 1:colcon.colcon_core.environment:checking '/home/tony/webots_ws/install/mpc_controller' for CMake config files
[1.114s] Level 1:colcon.colcon_core.shell:create_environment_hook('mpc_controller', 'cmake_prefix_path')
[1.114s] INFO:colcon.colcon_core.shell:Creating environment hook '/home/tony/webots_ws/install/mpc_controller/share/mpc_controller/hook/cmake_prefix_path.ps1'
[1.115s] INFO:colcon.colcon_core.shell:Creating environment descriptor '/home/tony/webots_ws/install/mpc_controller/share/mpc_controller/hook/cmake_prefix_path.dsv'
[1.115s] INFO:colcon.colcon_core.shell:Creating environment hook '/home/tony/webots_ws/install/mpc_controller/share/mpc_controller/hook/cmake_prefix_path.sh'
[1.115s] Level 1:colcon.colcon_core.environment:checking '/home/tony/webots_ws/install/mpc_controller/lib'
[1.115s] Level 1:colcon.colcon_core.environment:checking '/home/tony/webots_ws/install/mpc_controller/bin'
[1.116s] Level 1:colcon.colcon_core.environment:checking '/home/tony/webots_ws/install/mpc_controller/lib/pkgconfig/mpc_controller.pc'
[1.116s] Level 1:colcon.colcon_core.environment:checking '/home/tony/webots_ws/install/mpc_controller/lib/python3.8/site-packages'
[1.116s] Level 1:colcon.colcon_core.environment:checking '/home/tony/webots_ws/install/mpc_controller/bin'
[1.116s] INFO:colcon.colcon_core.shell:Creating package script '/home/tony/webots_ws/install/mpc_controller/share/mpc_controller/package.ps1'
[1.116s] INFO:colcon.colcon_core.shell:Creating package descriptor '/home/tony/webots_ws/install/mpc_controller/share/mpc_controller/package.dsv'
[1.117s] INFO:colcon.colcon_core.shell:Creating package script '/home/tony/webots_ws/install/mpc_controller/share/mpc_controller/package.sh'
[1.117s] INFO:colcon.colcon_core.shell:Creating package script '/home/tony/webots_ws/install/mpc_controller/share/mpc_controller/package.bash'
[1.117s] INFO:colcon.colcon_core.shell:Creating package script '/home/tony/webots_ws/install/mpc_controller/share/mpc_controller/package.zsh'
[1.117s] Level 1:colcon.colcon_core.environment:create_file_with_runtime_dependencies(/home/tony/webots_ws/install/mpc_controller/share/colcon-core/packages/mpc_controller)
[1.122s] Level 1:colcon.colcon_core.environment:create_environment_scripts_only(traj_publish)
[1.122s] Level 1:colcon.colcon_core.environment:checking '/home/tony/webots_ws/install/traj_publish' for CMake module files
[1.122s] Level 1:colcon.colcon_core.environment:checking '/home/tony/webots_ws/install/traj_publish' for CMake config files
[1.122s] Level 1:colcon.colcon_core.shell:create_environment_hook('traj_publish', 'cmake_prefix_path')
[1.123s] INFO:colcon.colcon_core.shell:Creating environment hook '/home/tony/webots_ws/install/traj_publish/share/traj_publish/hook/cmake_prefix_path.ps1'
[1.123s] INFO:colcon.colcon_core.shell:Creating environment descriptor '/home/tony/webots_ws/install/traj_publish/share/traj_publish/hook/cmake_prefix_path.dsv'
[1.123s] INFO:colcon.colcon_core.shell:Creating environment hook '/home/tony/webots_ws/install/traj_publish/share/traj_publish/hook/cmake_prefix_path.sh'
[1.124s] Level 1:colcon.colcon_core.environment:checking '/home/tony/webots_ws/install/traj_publish/lib'
[1.124s] Level 1:colcon.colcon_core.environment:checking '/home/tony/webots_ws/install/traj_publish/bin'
[1.124s] Level 1:colcon.colcon_core.environment:checking '/home/tony/webots_ws/install/traj_publish/lib/pkgconfig/traj_publish.pc'
[1.124s] Level 1:colcon.colcon_core.environment:checking '/home/tony/webots_ws/install/traj_publish/lib/python3.8/site-packages'
[1.124s] Level 1:colcon.colcon_core.environment:checking '/home/tony/webots_ws/install/traj_publish/bin'
[1.124s] INFO:colcon.colcon_core.shell:Creating package script '/home/tony/webots_ws/install/traj_publish/share/traj_publish/package.ps1'
[1.125s] INFO:colcon.colcon_core.shell:Creating package descriptor '/home/tony/webots_ws/install/traj_publish/share/traj_publish/package.dsv'
[1.125s] INFO:colcon.colcon_core.shell:Creating package script '/home/tony/webots_ws/install/traj_publish/share/traj_publish/package.sh'
[1.125s] INFO:colcon.colcon_core.shell:Creating package script '/home/tony/webots_ws/install/traj_publish/share/traj_publish/package.bash'
[1.125s] INFO:colcon.colcon_core.shell:Creating package script '/home/tony/webots_ws/install/traj_publish/share/traj_publish/package.zsh'
[1.126s] Level 1:colcon.colcon_core.environment:create_file_with_runtime_dependencies(/home/tony/webots_ws/install/traj_publish/share/colcon-core/packages/traj_publish)
[1.145s] Level 1:colcon.colcon_core.environment:create_environment_scripts_only(mpc_controller)
[1.146s] Level 1:colcon.colcon_core.environment:checking '/home/tony/webots_ws/install/mpc_controller' for CMake module files
[1.146s] Level 1:colcon.colcon_core.environment:checking '/home/tony/webots_ws/install/mpc_controller' for CMake config files
[1.146s] Level 1:colcon.colcon_core.shell:create_environment_hook('mpc_controller', 'cmake_prefix_path')
[1.146s] INFO:colcon.colcon_core.shell:Creating environment hook '/home/tony/webots_ws/install/mpc_controller/share/mpc_controller/hook/cmake_prefix_path.ps1'
[1.147s] INFO:colcon.colcon_core.shell:Creating environment descriptor '/home/tony/webots_ws/install/mpc_controller/share/mpc_controller/hook/cmake_prefix_path.dsv'
[1.147s] INFO:colcon.colcon_core.shell:Creating environment hook '/home/tony/webots_ws/install/mpc_controller/share/mpc_controller/hook/cmake_prefix_path.sh'
[1.147s] Level 1:colcon.colcon_core.environment:checking '/home/tony/webots_ws/install/mpc_controller/lib'
[1.148s] Level 1:colcon.colcon_core.environment:checking '/home/tony/webots_ws/install/mpc_controller/bin'
[1.148s] Level 1:colcon.colcon_core.environment:checking '/home/tony/webots_ws/install/mpc_controller/lib/pkgconfig/mpc_controller.pc'
[1.148s] Level 1:colcon.colcon_core.environment:checking '/home/tony/webots_ws/install/mpc_controller/lib/python3.8/site-packages'
[1.148s] Level 1:colcon.colcon_core.environment:checking '/home/tony/webots_ws/install/mpc_controller/bin'
[1.148s] INFO:colcon.colcon_core.shell:Creating package script '/home/tony/webots_ws/install/mpc_controller/share/mpc_controller/package.ps1'
[1.149s] INFO:colcon.colcon_core.shell:Creating package descriptor '/home/tony/webots_ws/install/mpc_controller/share/mpc_controller/package.dsv'
[1.149s] INFO:colcon.colcon_core.shell:Creating package script '/home/tony/webots_ws/install/mpc_controller/share/mpc_controller/package.sh'
[1.149s] INFO:colcon.colcon_core.shell:Creating package script '/home/tony/webots_ws/install/mpc_controller/share/mpc_controller/package.bash'
[1.150s] INFO:colcon.colcon_core.shell:Creating package script '/home/tony/webots_ws/install/mpc_controller/share/mpc_controller/package.zsh'
[1.150s] Level 1:colcon.colcon_core.environment:create_file_with_runtime_dependencies(/home/tony/webots_ws/install/mpc_controller/share/colcon-core/packages/mpc_controller)
[1.212s] Level 1:colcon.colcon_core.environment:checking '/home/tony/webots_ws/install/my_package' for CMake module files
[1.213s] DEBUG:colcon.colcon_core.event_handler.log_command:Invoked command in '/home/tony/webots_ws/src/my_package' returned '0': PYTHONPATH=/home/tony/webots_ws/build/my_package/prefix_override:/home/tony/webots_ws/install/my_package/lib/python3.8/site-packages:${PYTHONPATH} /usr/bin/python3 -W ignore:setup.py install is deprecated setup.py egg_info --egg-base ../../build/my_package build --build-base /home/tony/webots_ws/build/my_package/build install --record /home/tony/webots_ws/build/my_package/install.log --install-scripts $base/lib/my_package --single-version-externally-managed install_data
[1.213s] Level 1:colcon.colcon_core.environment:checking '/home/tony/webots_ws/install/my_package' for CMake config files
[1.213s] Level 1:colcon.colcon_core.environment:checking '/home/tony/webots_ws/install/my_package/lib'
[1.214s] Level 1:colcon.colcon_core.environment:checking '/home/tony/webots_ws/install/my_package/bin'
[1.214s] Level 1:colcon.colcon_core.environment:checking '/home/tony/webots_ws/install/my_package/lib/pkgconfig/my_package.pc'
[1.214s] Level 1:colcon.colcon_core.environment:checking '/home/tony/webots_ws/install/my_package/lib/python3.8/site-packages'
[1.214s] Level 1:colcon.colcon_core.shell:create_environment_hook('my_package', 'pythonpath')
[1.214s] INFO:colcon.colcon_core.shell:Creating environment hook '/home/tony/webots_ws/install/my_package/share/my_package/hook/pythonpath.ps1'
[1.214s] INFO:colcon.colcon_core.shell:Creating environment descriptor '/home/tony/webots_ws/install/my_package/share/my_package/hook/pythonpath.dsv'
[1.215s] INFO:colcon.colcon_core.shell:Creating environment hook '/home/tony/webots_ws/install/my_package/share/my_package/hook/pythonpath.sh'
[1.215s] Level 1:colcon.colcon_core.environment:checking '/home/tony/webots_ws/install/my_package/bin'
[1.215s] Level 1:colcon.colcon_core.environment:create_environment_scripts_only(my_package)
[1.215s] INFO:colcon.colcon_core.shell:Creating package script '/home/tony/webots_ws/install/my_package/share/my_package/package.ps1'
[1.216s] INFO:colcon.colcon_core.shell:Creating package descriptor '/home/tony/webots_ws/install/my_package/share/my_package/package.dsv'
[1.216s] INFO:colcon.colcon_core.shell:Creating package script '/home/tony/webots_ws/install/my_package/share/my_package/package.sh'
[1.216s] INFO:colcon.colcon_core.shell:Creating package script '/home/tony/webots_ws/install/my_package/share/my_package/package.bash'
[1.217s] INFO:colcon.colcon_core.shell:Creating package script '/home/tony/webots_ws/install/my_package/share/my_package/package.zsh'
[1.217s] Level 1:colcon.colcon_core.environment:create_file_with_runtime_dependencies(/home/tony/webots_ws/install/my_package/share/colcon-core/packages/my_package)
[1.302s] DEBUG:colcon.colcon_core.event_handler.log_command:Invoking command in '/home/tony/webots_ws/src/my_mir_package': CMAKE_PREFIX_PATH=/home/tony/webots_ws/install/motor_interfaces:/home/tony/webots_ws/install/mpc_controller:/home/tony/webots_ws/install/traj_interfaces:/home/tony/webots_ws/install/traj_publish LD_LIBRARY_PATH=/home/tony/webots_ws/install/motor_interfaces/lib:/home/tony/webots_ws/install/traj_interfaces/lib:/opt/ros/foxy/opt/yaml_cpp_vendor/lib:/opt/ros/foxy/opt/rviz_ogre_vendor/lib:/opt/ros/foxy/lib/x86_64-linux-gnu:/opt/ros/foxy/lib PYTHONPATH=/home/tony/webots_ws/build/my_mir_package/prefix_override:/home/tony/webots_ws/install/my_mir_package/lib/python3.8/site-packages:/home/tony/webots_ws/install/motor_interfaces/lib/python3.8/site-packages:/home/tony/webots_ws/install/traj_interfaces/lib/python3.8/site-packages:/home/tony/webots_ws/install/my_package/lib/python3.8/site-packages:/home/tony/webots_ws/install/my_mir_package/lib/python3.8/site-packages:/opt/ros/foxy/lib/python3.8/site-packages /usr/bin/python3 -W ignore:setup.py install is deprecated setup.py egg_info --egg-base ../../build/my_mir_package build --build-base /home/tony/webots_ws/build/my_mir_package/build install --record /home/tony/webots_ws/build/my_mir_package/install.log --install-scripts $base/lib/my_mir_package --single-version-externally-managed install_data
[1.524s] Level 1:colcon.colcon_core.environment:checking '/home/tony/webots_ws/install/my_mir_package' for CMake module files
[1.525s] DEBUG:colcon.colcon_core.event_handler.log_command:Invoked command in '/home/tony/webots_ws/src/my_mir_package' returned '0': CMAKE_PREFIX_PATH=/home/tony/webots_ws/install/motor_interfaces:/home/tony/webots_ws/install/mpc_controller:/home/tony/webots_ws/install/traj_interfaces:/home/tony/webots_ws/install/traj_publish LD_LIBRARY_PATH=/home/tony/webots_ws/install/motor_interfaces/lib:/home/tony/webots_ws/install/traj_interfaces/lib:/opt/ros/foxy/opt/yaml_cpp_vendor/lib:/opt/ros/foxy/opt/rviz_ogre_vendor/lib:/opt/ros/foxy/lib/x86_64-linux-gnu:/opt/ros/foxy/lib PYTHONPATH=/home/tony/webots_ws/build/my_mir_package/prefix_override:/home/tony/webots_ws/install/my_mir_package/lib/python3.8/site-packages:/home/tony/webots_ws/install/motor_interfaces/lib/python3.8/site-packages:/home/tony/webots_ws/install/traj_interfaces/lib/python3.8/site-packages:/home/tony/webots_ws/install/my_package/lib/python3.8/site-packages:/home/tony/webots_ws/install/my_mir_package/lib/python3.8/site-packages:/opt/ros/foxy/lib/python3.8/site-packages /usr/bin/python3 -W ignore:setup.py install is deprecated setup.py egg_info --egg-base ../../build/my_mir_package build --build-base /home/tony/webots_ws/build/my_mir_package/build install --record /home/tony/webots_ws/build/my_mir_package/install.log --install-scripts $base/lib/my_mir_package --single-version-externally-managed install_data
[1.525s] Level 1:colcon.colcon_core.environment:checking '/home/tony/webots_ws/install/my_mir_package' for CMake config files
[1.526s] Level 1:colcon.colcon_core.environment:checking '/home/tony/webots_ws/install/my_mir_package/lib'
[1.526s] Level 1:colcon.colcon_core.environment:checking '/home/tony/webots_ws/install/my_mir_package/bin'
[1.526s] Level 1:colcon.colcon_core.environment:checking '/home/tony/webots_ws/install/my_mir_package/lib/pkgconfig/my_mir_package.pc'
[1.526s] Level 1:colcon.colcon_core.environment:checking '/home/tony/webots_ws/install/my_mir_package/lib/python3.8/site-packages'
[1.527s] Level 1:colcon.colcon_core.shell:create_environment_hook('my_mir_package', 'pythonpath')
[1.527s] INFO:colcon.colcon_core.shell:Creating environment hook '/home/tony/webots_ws/install/my_mir_package/share/my_mir_package/hook/pythonpath.ps1'
[1.527s] INFO:colcon.colcon_core.shell:Creating environment descriptor '/home/tony/webots_ws/install/my_mir_package/share/my_mir_package/hook/pythonpath.dsv'
[1.528s] INFO:colcon.colcon_core.shell:Creating environment hook '/home/tony/webots_ws/install/my_mir_package/share/my_mir_package/hook/pythonpath.sh'
[1.528s] Level 1:colcon.colcon_core.environment:checking '/home/tony/webots_ws/install/my_mir_package/bin'
[1.528s] Level 1:colcon.colcon_core.environment:create_environment_scripts_only(my_mir_package)
[1.528s] INFO:colcon.colcon_core.shell:Creating package script '/home/tony/webots_ws/install/my_mir_package/share/my_mir_package/package.ps1'
[1.529s] INFO:colcon.colcon_core.shell:Creating package descriptor '/home/tony/webots_ws/install/my_mir_package/share/my_mir_package/package.dsv'
[1.529s] INFO:colcon.colcon_core.shell:Creating package script '/home/tony/webots_ws/install/my_mir_package/share/my_mir_package/package.sh'
[1.530s] INFO:colcon.colcon_core.shell:Creating package script '/home/tony/webots_ws/install/my_mir_package/share/my_mir_package/package.bash'
[1.530s] INFO:colcon.colcon_core.shell:Creating package script '/home/tony/webots_ws/install/my_mir_package/share/my_mir_package/package.zsh'
[1.530s] Level 1:colcon.colcon_core.environment:create_file_with_runtime_dependencies(/home/tony/webots_ws/install/my_mir_package/share/colcon-core/packages/my_mir_package)
[1.530s] DEBUG:colcon.colcon_parallel_executor.executor.parallel:closing loop
[1.531s] DEBUG:colcon.colcon_parallel_executor.executor.parallel:loop closed
[1.531s] DEBUG:colcon.colcon_parallel_executor.executor.parallel:run_until_complete finished with '0'
[1.531s] DEBUG:colcon.colcon_core.event_reactor:joining thread
[1.537s] INFO:colcon.colcon_core.plugin_system:Skipping extension 'colcon_notification.desktop_notification.terminal_notifier': Not used on non-Darwin systems
[1.537s] INFO:colcon.colcon_core.plugin_system:Skipping extension 'colcon_notification.desktop_notification.win32': Not used on non-Windows systems
[1.537s] INFO:colcon.colcon_notification.desktop_notification:Sending desktop notification using 'notify2'
[1.549s] DEBUG:colcon.colcon_core.event_reactor:joined thread
[1.550s] INFO:colcon.colcon_core.shell:Creating prefix script '/home/tony/webots_ws/install/local_setup.ps1'
[1.551s] INFO:colcon.colcon_core.shell:Creating prefix util module '/home/tony/webots_ws/install/_local_setup_util_ps1.py'
[1.552s] INFO:colcon.colcon_core.shell:Creating prefix chain script '/home/tony/webots_ws/install/setup.ps1'
[1.553s] INFO:colcon.colcon_core.shell:Creating prefix script '/home/tony/webots_ws/install/local_setup.sh'
[1.553s] INFO:colcon.colcon_core.shell:Creating prefix util module '/home/tony/webots_ws/install/_local_setup_util_sh.py'
[1.554s] INFO:colcon.colcon_core.shell:Creating prefix chain script '/home/tony/webots_ws/install/setup.sh'
[1.555s] INFO:colcon.colcon_core.shell:Creating prefix script '/home/tony/webots_ws/install/local_setup.bash'
[1.556s] INFO:colcon.colcon_core.shell:Creating prefix chain script '/home/tony/webots_ws/install/setup.bash'
[1.557s] INFO:colcon.colcon_core.shell:Creating prefix script '/home/tony/webots_ws/install/local_setup.zsh'
[1.558s] INFO:colcon.colcon_core.shell:Creating prefix chain script '/home/tony/webots_ws/install/setup.zsh'
