[0.616s] Invoking command in '/home/tony/webots_ws/build/qpOASES': /usr/bin/cmake --build /home/tony/webots_ws/build/qpOASES -- -j16 -l16
[0.825s] [ 46%] Built target qpOASES
[0.825s] [ 56%] Built target example1
[0.825s] [ 56%] Built target example1a
[0.826s] [ 60%] Built target exampleLP
[0.826s] [ 65%] Built target example3
[0.826s] [ 70%] Built target example2
[0.826s] [ 75%] Built target example1b
[0.827s] [ 80%] Built target example4
[0.827s] [ 85%] Built target qrecipe
[0.827s] [ 90%] Built target example5
[0.827s] [ 95%] Built target example3b
[0.827s] [100%] Built target qrecipeSchur
[0.829s] Invoked command in '/home/tony/webots_ws/build/qpOASES' returned '0': /usr/bin/cmake --build /home/tony/webots_ws/build/qpOASES -- -j16 -l16
[0.910s] Invoking command in '/home/tony/webots_ws/build/qpOASES': /usr/bin/cmake --install /home/tony/webots_ws/build/qpOASES
[0.918s] -- Install configuration: "Release"
[0.918s] -- Up-to-date: /home/tony/webots_ws/install/qpOASES/lib/libqpOASES.a
[0.919s] -- Up-to-date: /home/tony/webots_ws/install/qpOASES/include/qpOASES.hpp
[0.919s] -- Up-to-date: /home/tony/webots_ws/install/qpOASES/include/qpOASES
[0.919s] -- Up-to-date: /home/tony/webots_ws/install/qpOASES/include/qpOASES/Types.hpp
[0.919s] -- Up-to-date: /home/tony/webots_ws/install/qpOASES/include/qpOASES/QProblem.hpp
[0.919s] -- Up-to-date: /home/tony/webots_ws/install/qpOASES/include/qpOASES/QProblemB.hpp
[0.919s] -- Up-to-date: /home/tony/webots_ws/install/qpOASES/include/qpOASES/extras
[0.919s] -- Up-to-date: /home/tony/webots_ws/install/qpOASES/include/qpOASES/extras/SolutionAnalysis.hpp
[0.919s] -- Up-to-date: /home/tony/webots_ws/install/qpOASES/include/qpOASES/extras/OQPinterface.hpp
[0.920s] -- Up-to-date: /home/tony/webots_ws/install/qpOASES/include/qpOASES/extras/SolutionAnalysis.ipp
[0.920s] -- Up-to-date: /home/tony/webots_ws/install/qpOASES/include/qpOASES/Matrices.hpp
[0.920s] -- Up-to-date: /home/tony/webots_ws/install/qpOASES/include/qpOASES/SparseSolver.hpp
[0.920s] -- Up-to-date: /home/tony/webots_ws/install/qpOASES/include/qpOASES/Flipper.hpp
[0.920s] -- Up-to-date: /home/tony/webots_ws/install/qpOASES/include/qpOASES/Bounds.ipp
[0.921s] -- Up-to-date: /home/tony/webots_ws/install/qpOASES/include/qpOASES/QProblem.ipp
[0.921s] -- Up-to-date: /home/tony/webots_ws/install/qpOASES/include/qpOASES/Indexlist.ipp
[0.922s] -- Up-to-date: /home/tony/webots_ws/install/qpOASES/include/qpOASES/MessageHandling.ipp
[0.922s] -- Up-to-date: /home/tony/webots_ws/install/qpOASES/include/qpOASES/Indexlist.hpp
[0.922s] -- Up-to-date: /home/tony/webots_ws/install/qpOASES/include/qpOASES/Constraints.ipp
[0.922s] -- Up-to-date: /home/tony/webots_ws/install/qpOASES/include/qpOASES/QProblemB.ipp
[0.923s] -- Up-to-date: /home/tony/webots_ws/install/qpOASES/include/qpOASES/SQProblemSchur.hpp
[0.923s] -- Up-to-date: /home/tony/webots_ws/install/qpOASES/include/qpOASES/Constants.hpp
[0.923s] -- Up-to-date: /home/tony/webots_ws/install/qpOASES/include/qpOASES/Bounds.hpp
[0.924s] -- Up-to-date: /home/tony/webots_ws/install/qpOASES/include/qpOASES/MessageHandling.hpp
[0.924s] -- Up-to-date: /home/tony/webots_ws/install/qpOASES/include/qpOASES/Utils.ipp
[0.924s] -- Up-to-date: /home/tony/webots_ws/install/qpOASES/include/qpOASES/Options.hpp
[0.925s] -- Up-to-date: /home/tony/webots_ws/install/qpOASES/include/qpOASES/Utils.hpp
[0.925s] -- Up-to-date: /home/tony/webots_ws/install/qpOASES/include/qpOASES/SQProblem.hpp
[0.925s] -- Up-to-date: /home/tony/webots_ws/install/qpOASES/include/qpOASES/LapackBlasReplacement.hpp
[0.925s] -- Up-to-date: /home/tony/webots_ws/install/qpOASES/include/qpOASES/Constraints.hpp
[0.925s] -- Up-to-date: /home/tony/webots_ws/install/qpOASES/include/qpOASES/SQProblemSchur.ipp
[0.926s] -- Up-to-date: /home/tony/webots_ws/install/qpOASES/include/qpOASES/SubjectTo.ipp
[0.927s] -- Up-to-date: /home/tony/webots_ws/install/qpOASES/include/qpOASES/SQProblem.ipp
[0.927s] -- Up-to-date: /home/tony/webots_ws/install/qpOASES/include/qpOASES/ConstraintProduct.hpp
[0.927s] -- Up-to-date: /home/tony/webots_ws/install/qpOASES/include/qpOASES/SubjectTo.hpp
[0.927s] -- Up-to-date: /home/tony/webots_ws/install/qpOASES/include/qpOASES/UnitTesting.hpp
[0.928s] Invoked command in '/home/tony/webots_ws/build/qpOASES' returned '0': /usr/bin/cmake --install /home/tony/webots_ws/build/qpOASES
