[0.028s] Invoking command in '/home/tony/webots_ws/build/motor_interfaces': CMAKE_PREFIX_PATH=/opt/ros/foxy /usr/bin/cmake /home/tony/webots_ws/src/motor_interfaces -DCMAKE_INSTALL_PREFIX=/home/tony/webots_ws/install/motor_interfaces
[0.213s] -- The C compiler identification is GNU 9.4.0
[0.213s] -- The CXX compiler identification is GNU 9.4.0
[0.213s] -- Check for working C compiler: /usr/bin/cc
[0.215s] -- Check for working C compiler: /usr/bin/cc -- works
[0.219s] -- Detecting C compiler ABI info
[0.274s] -- Detecting C compiler ABI info - done
[0.282s] -- Detecting C compile features
[0.282s] -- Detecting C compile features - done
[0.285s] -- Check for working CXX compiler: /usr/bin/c++
[0.353s] -- Check for working CXX compiler: /usr/bin/c++ -- works
[0.354s] -- Detecting CXX compiler ABI info
[0.426s] -- Detecting CXX compiler ABI info - done
[0.436s] -- Detecting CXX compile features
[0.436s] -- Detecting CXX compile features - done
[0.438s] -- Found ament_cmake: 0.9.12 (/opt/ros/foxy/share/ament_cmake/cmake)
[0.463s] -- Found PythonInterp: /usr/bin/python3 (found suitable version "3.8.10", minimum required is "3") 
[0.464s] -- Using PYTHON_EXECUTABLE: /usr/bin/python3
[0.784s] -- Found rosidl_default_generators: 1.0.1 (/opt/ros/foxy/share/rosidl_default_generators/cmake)
[0.792s] -- Using all available rosidl_typesupport_c: rosidl_typesupport_fastrtps_c;rosidl_typesupport_introspection_c
[0.808s] -- Found rosidl_adapter: 1.3.1 (/opt/ros/foxy/share/rosidl_adapter/cmake)
[1.000s] -- Found OpenSSL: /usr/lib/x86_64-linux-gnu/libcrypto.so (found version "1.1.1f")  
[1.045s] -- Found FastRTPS: /opt/ros/foxy/include  
[1.144s] -- Using all available rosidl_typesupport_cpp: rosidl_typesupport_fastrtps_cpp;rosidl_typesupport_introspection_cpp
[1.185s] -- Found PythonInterp: /usr/bin/python3 (found version "3.8.10") 
[1.282s] -- Found ament_cmake_ros: 0.9.2 (/opt/ros/foxy/share/ament_cmake_ros/cmake)
[1.380s] -- Using all available rosidl_typesupport_c: rosidl_typesupport_fastrtps_c;rosidl_typesupport_introspection_c
[1.386s] -- Using all available rosidl_typesupport_cpp: rosidl_typesupport_fastrtps_cpp;rosidl_typesupport_introspection_cpp
[1.407s] -- Found PythonInterp: /usr/bin/python3 (found suitable version "3.8.10", minimum required is "3.5") 
[1.408s] -- Found python_cmake_module: 0.8.1 (/opt/ros/foxy/share/python_cmake_module/cmake)
[1.434s] -- Found PythonLibs: /usr/lib/x86_64-linux-gnu/libpython3.8.so (found suitable version "3.8.10", minimum required is "3.5") 
[1.434s] -- Using PYTHON_EXECUTABLE: /usr/bin/python3
[1.434s] -- Using PYTHON_INCLUDE_DIRS: /usr/include/python3.8
[1.434s] -- Using PYTHON_LIBRARIES: /usr/lib/x86_64-linux-gnu/libpython3.8.so
[1.453s] -- Found PythonExtra: .so  
[1.487s] -- Found ament_lint_auto: 0.9.8 (/opt/ros/foxy/share/ament_lint_auto/cmake)
[1.512s] -- Added test 'copyright' to check source files copyright and LICENSE
[1.514s] -- Added test 'lint_cmake' to check CMake code style
[1.515s] -- Added test 'xmllint' to check XML markup files
[1.520s] -- Configuring done
[1.546s] -- Generating done
[1.548s] -- Build files have been written to: /home/tony/webots_ws/build/motor_interfaces
[1.559s] Invoked command in '/home/tony/webots_ws/build/motor_interfaces' returned '0': CMAKE_PREFIX_PATH=/opt/ros/foxy /usr/bin/cmake /home/tony/webots_ws/src/motor_interfaces -DCMAKE_INSTALL_PREFIX=/home/tony/webots_ws/install/motor_interfaces
[1.563s] Invoking command in '/home/tony/webots_ws/build/motor_interfaces': CMAKE_PREFIX_PATH=/opt/ros/foxy /usr/bin/cmake --build /home/tony/webots_ws/build/motor_interfaces -- -j16 -l16
[1.602s] [35m[1mScanning dependencies of target motor_interfaces__cpp[0m
[1.603s] [  3%] [34m[1mGenerating C code for ROS interfaces[0m
[1.613s] [  6%] [34m[1mGenerating C++ code for ROS interfaces[0m
[1.804s] [35m[1mScanning dependencies of target motor_interfaces__rosidl_generator_c[0m
[1.817s] [  9%] [32mBuilding C object CMakeFiles/motor_interfaces__rosidl_generator_c.dir/rosidl_generator_c/motor_interfaces/msg/detail/motor__functions.c.o[0m
[1.843s] [  9%] Built target motor_interfaces__cpp
[1.853s] [ 19%] [34m[1mGenerating C++ type support dispatch for ROS interfaces[0m
[1.854s] [ 19%] [34m[1mGenerating C++ type support for eProsima Fast-RTPS[0m
[1.854s] [ 19%] [34m[1mGenerating C++ introspection for ROS interfaces[0m
[1.868s] [ 22%] [32m[1mLinking C shared library libmotor_interfaces__rosidl_generator_c.so[0m
[1.912s] [ 22%] Built target motor_interfaces__rosidl_generator_c
[1.923s] [ 25%] [34m[1mGenerating C introspection for ROS interfaces[0m
[1.923s] [ 29%] [34m[1mGenerating C type support dispatch for ROS interfaces[0m
[2.058s] [35m[1mScanning dependencies of target motor_interfaces__rosidl_typesupport_cpp[0m
[2.071s] [ 32%] [32mBuilding CXX object CMakeFiles/motor_interfaces__rosidl_typesupport_cpp.dir/rosidl_typesupport_cpp/motor_interfaces/msg/motor__type_support.cpp.o[0m
[2.072s] [35m[1mScanning dependencies of target motor_interfaces__rosidl_typesupport_fastrtps_cpp[0m
[2.087s] [ 35%] [32mBuilding CXX object CMakeFiles/motor_interfaces__rosidl_typesupport_fastrtps_cpp.dir/rosidl_typesupport_fastrtps_cpp/motor_interfaces/msg/detail/dds_fastrtps/motor__type_support.cpp.o[0m
[2.096s] [35m[1mScanning dependencies of target motor_interfaces__rosidl_typesupport_introspection_cpp[0m
[2.110s] [ 38%] [32mBuilding CXX object CMakeFiles/motor_interfaces__rosidl_typesupport_introspection_cpp.dir/rosidl_typesupport_introspection_cpp/motor_interfaces/msg/detail/motor__type_support.cpp.o[0m
[2.202s] [35m[1mScanning dependencies of target motor_interfaces__rosidl_typesupport_introspection_c[0m
[2.218s] [ 41%] [32mBuilding C object CMakeFiles/motor_interfaces__rosidl_typesupport_introspection_c.dir/rosidl_typesupport_introspection_c/motor_interfaces/msg/detail/motor__type_support.c.o[0m
[2.222s] [35m[1mScanning dependencies of target motor_interfaces__rosidl_typesupport_c[0m
[2.238s] [ 45%] [32mBuilding CXX object CMakeFiles/motor_interfaces__rosidl_typesupport_c.dir/rosidl_typesupport_c/motor_interfaces/msg/motor__type_support.cpp.o[0m
[2.260s] [ 48%] [32m[1mLinking C shared library libmotor_interfaces__rosidl_typesupport_introspection_c.so[0m
[2.271s] [ 51%] [32m[1mLinking CXX shared library libmotor_interfaces__rosidl_typesupport_c.so[0m
[2.296s] [ 51%] Built target motor_interfaces__rosidl_typesupport_introspection_c
[2.316s] [ 51%] Built target motor_interfaces__rosidl_typesupport_c
[2.361s] [ 54%] [32m[1mLinking CXX shared library libmotor_interfaces__rosidl_typesupport_cpp.so[0m
[2.401s] [ 54%] Built target motor_interfaces__rosidl_typesupport_cpp
[2.426s] [ 58%] [32m[1mLinking CXX shared library libmotor_interfaces__rosidl_typesupport_introspection_cpp.so[0m
[2.467s] [ 58%] Built target motor_interfaces__rosidl_typesupport_introspection_cpp
[2.514s] [ 61%] [32m[1mLinking CXX shared library libmotor_interfaces__rosidl_typesupport_fastrtps_cpp.so[0m
[2.597s] [ 61%] Built target motor_interfaces__rosidl_typesupport_fastrtps_cpp
[2.606s] [ 64%] [34m[1mGenerating C type support for eProsima Fast-RTPS[0m
[2.800s] [35m[1mScanning dependencies of target motor_interfaces__rosidl_typesupport_fastrtps_c[0m
[2.815s] [ 67%] [32mBuilding CXX object CMakeFiles/motor_interfaces__rosidl_typesupport_fastrtps_c.dir/rosidl_typesupport_fastrtps_c/motor_interfaces/msg/detail/motor__type_support_c.cpp.o[0m
[3.083s] [ 70%] [32m[1mLinking CXX shared library libmotor_interfaces__rosidl_typesupport_fastrtps_c.so[0m
[3.158s] [ 70%] Built target motor_interfaces__rosidl_typesupport_fastrtps_c
[3.169s] [35m[1mScanning dependencies of target motor_interfaces[0m
[3.180s] [ 70%] Built target motor_interfaces
[3.189s] [35m[1mScanning dependencies of target motor_interfaces__py[0m
[3.200s] [ 74%] [34m[1mGenerating Python code for ROS interfaces[0m
[3.516s] [ 74%] Built target motor_interfaces__py
[3.527s] [35m[1mScanning dependencies of target motor_interfaces__python[0m
[3.558s] [ 77%] [32mBuilding C object CMakeFiles/motor_interfaces__python.dir/rosidl_generator_py/motor_interfaces/msg/_motor_s.c.o[0m
[3.635s] [ 80%] [32m[1mLinking C shared library rosidl_generator_py/motor_interfaces/libmotor_interfaces__python.so[0m
[3.680s] [ 80%] Built target motor_interfaces__python
[3.692s] [35m[1mScanning dependencies of target motor_interfaces__rosidl_typesupport_introspection_c__pyext[0m
[3.692s] [35m[1mScanning dependencies of target motor_interfaces__rosidl_typesupport_c__pyext[0m
[3.711s] [35m[1mScanning dependencies of target motor_interfaces__rosidl_typesupport_fastrtps_c__pyext[0m
[3.725s] [ 83%] [32mBuilding C object CMakeFiles/motor_interfaces__rosidl_typesupport_introspection_c__pyext.dir/rosidl_generator_py/motor_interfaces/_motor_interfaces_s.ep.rosidl_typesupport_introspection_c.c.o[0m
[3.728s] [ 87%] [32mBuilding C object CMakeFiles/motor_interfaces__rosidl_typesupport_c__pyext.dir/rosidl_generator_py/motor_interfaces/_motor_interfaces_s.ep.rosidl_typesupport_c.c.o[0m
[3.738s] [ 90%] [32mBuilding C object CMakeFiles/motor_interfaces__rosidl_typesupport_fastrtps_c__pyext.dir/rosidl_generator_py/motor_interfaces/_motor_interfaces_s.ep.rosidl_typesupport_fastrtps_c.c.o[0m
[3.834s] [ 93%] [32m[1mLinking C shared library rosidl_generator_py/motor_interfaces/motor_interfaces_s__rosidl_typesupport_introspection_c.cpython-38-x86_64-linux-gnu.so[0m
[3.841s] [ 96%] [32m[1mLinking C shared library rosidl_generator_py/motor_interfaces/motor_interfaces_s__rosidl_typesupport_c.cpython-38-x86_64-linux-gnu.so[0m
[3.871s] [100%] [32m[1mLinking CXX shared library rosidl_generator_py/motor_interfaces/motor_interfaces_s__rosidl_typesupport_fastrtps_c.cpython-38-x86_64-linux-gnu.so[0m
[3.902s] [100%] Built target motor_interfaces__rosidl_typesupport_introspection_c__pyext
[3.916s] [100%] Built target motor_interfaces__rosidl_typesupport_c__pyext
[3.974s] [100%] Built target motor_interfaces__rosidl_typesupport_fastrtps_c__pyext
[3.995s] Invoked command in '/home/tony/webots_ws/build/motor_interfaces' returned '0': CMAKE_PREFIX_PATH=/opt/ros/foxy /usr/bin/cmake --build /home/tony/webots_ws/build/motor_interfaces -- -j16 -l16
[4.100s] Invoking command in '/home/tony/webots_ws/build/motor_interfaces': CMAKE_PREFIX_PATH=/opt/ros/foxy /usr/bin/cmake --install /home/tony/webots_ws/build/motor_interfaces
[4.108s] -- Install configuration: ""
[4.108s] -- Installing: /home/tony/webots_ws/install/motor_interfaces/share/ament_index/resource_index/rosidl_interfaces/motor_interfaces
[4.108s] -- Installing: /home/tony/webots_ws/install/motor_interfaces/include/motor_interfaces
[4.108s] -- Installing: /home/tony/webots_ws/install/motor_interfaces/include/motor_interfaces/msg
[4.108s] -- Installing: /home/tony/webots_ws/install/motor_interfaces/include/motor_interfaces/msg/rosidl_generator_c__visibility_control.h
[4.108s] -- Installing: /home/tony/webots_ws/install/motor_interfaces/include/motor_interfaces/msg/motor.h
[4.109s] -- Installing: /home/tony/webots_ws/install/motor_interfaces/include/motor_interfaces/msg/detail
[4.109s] -- Installing: /home/tony/webots_ws/install/motor_interfaces/include/motor_interfaces/msg/detail/motor__struct.h
[4.109s] -- Installing: /home/tony/webots_ws/install/motor_interfaces/include/motor_interfaces/msg/detail/motor__type_support.h
[4.109s] -- Installing: /home/tony/webots_ws/install/motor_interfaces/include/motor_interfaces/msg/detail/motor__functions.c
[4.109s] -- Installing: /home/tony/webots_ws/install/motor_interfaces/include/motor_interfaces/msg/detail/motor__functions.h
[4.109s] -- Installing: /home/tony/webots_ws/install/motor_interfaces/share/motor_interfaces/environment/library_path.sh
[4.109s] -- Installing: /home/tony/webots_ws/install/motor_interfaces/share/motor_interfaces/environment/library_path.dsv
[4.109s] -- Installing: /home/tony/webots_ws/install/motor_interfaces/lib/libmotor_interfaces__rosidl_generator_c.so
[4.110s] -- Set runtime path of "/home/tony/webots_ws/install/motor_interfaces/lib/libmotor_interfaces__rosidl_generator_c.so" to ""
[4.110s] -- Up-to-date: /home/tony/webots_ws/install/motor_interfaces/include/motor_interfaces
[4.110s] -- Up-to-date: /home/tony/webots_ws/install/motor_interfaces/include/motor_interfaces/msg
[4.110s] -- Installing: /home/tony/webots_ws/install/motor_interfaces/include/motor_interfaces/msg/rosidl_typesupport_fastrtps_c__visibility_control.h
[4.110s] -- Up-to-date: /home/tony/webots_ws/install/motor_interfaces/include/motor_interfaces/msg/detail
[4.110s] -- Installing: /home/tony/webots_ws/install/motor_interfaces/include/motor_interfaces/msg/detail/motor__rosidl_typesupport_fastrtps_c.h
[4.110s] -- Installing: /home/tony/webots_ws/install/motor_interfaces/lib/libmotor_interfaces__rosidl_typesupport_fastrtps_c.so
[4.111s] -- Set runtime path of "/home/tony/webots_ws/install/motor_interfaces/lib/libmotor_interfaces__rosidl_typesupport_fastrtps_c.so" to ""
[4.111s] -- Up-to-date: /home/tony/webots_ws/install/motor_interfaces/include/motor_interfaces
[4.111s] -- Up-to-date: /home/tony/webots_ws/install/motor_interfaces/include/motor_interfaces/msg
[4.111s] -- Installing: /home/tony/webots_ws/install/motor_interfaces/include/motor_interfaces/msg/rosidl_typesupport_fastrtps_cpp__visibility_control.h
[4.111s] -- Up-to-date: /home/tony/webots_ws/install/motor_interfaces/include/motor_interfaces/msg/detail
[4.111s] -- Installing: /home/tony/webots_ws/install/motor_interfaces/include/motor_interfaces/msg/detail/dds_fastrtps
[4.111s] -- Installing: /home/tony/webots_ws/install/motor_interfaces/include/motor_interfaces/msg/detail/motor__rosidl_typesupport_fastrtps_cpp.hpp
[4.111s] -- Installing: /home/tony/webots_ws/install/motor_interfaces/lib/libmotor_interfaces__rosidl_typesupport_fastrtps_cpp.so
[4.112s] -- Set runtime path of "/home/tony/webots_ws/install/motor_interfaces/lib/libmotor_interfaces__rosidl_typesupport_fastrtps_cpp.so" to ""
[4.112s] -- Up-to-date: /home/tony/webots_ws/install/motor_interfaces/include/motor_interfaces
[4.112s] -- Up-to-date: /home/tony/webots_ws/install/motor_interfaces/include/motor_interfaces/msg
[4.112s] -- Installing: /home/tony/webots_ws/install/motor_interfaces/include/motor_interfaces/msg/rosidl_typesupport_introspection_c__visibility_control.h
[4.112s] -- Up-to-date: /home/tony/webots_ws/install/motor_interfaces/include/motor_interfaces/msg/detail
[4.112s] -- Installing: /home/tony/webots_ws/install/motor_interfaces/include/motor_interfaces/msg/detail/motor__rosidl_typesupport_introspection_c.h
[4.112s] -- Installing: /home/tony/webots_ws/install/motor_interfaces/include/motor_interfaces/msg/detail/motor__type_support.c
[4.112s] -- Installing: /home/tony/webots_ws/install/motor_interfaces/lib/libmotor_interfaces__rosidl_typesupport_introspection_c.so
[4.113s] -- Set runtime path of "/home/tony/webots_ws/install/motor_interfaces/lib/libmotor_interfaces__rosidl_typesupport_introspection_c.so" to ""
[4.113s] -- Installing: /home/tony/webots_ws/install/motor_interfaces/lib/libmotor_interfaces__rosidl_typesupport_c.so
[4.113s] -- Set runtime path of "/home/tony/webots_ws/install/motor_interfaces/lib/libmotor_interfaces__rosidl_typesupport_c.so" to ""
[4.113s] -- Up-to-date: /home/tony/webots_ws/install/motor_interfaces/include/motor_interfaces
[4.113s] -- Up-to-date: /home/tony/webots_ws/install/motor_interfaces/include/motor_interfaces/msg
[4.113s] -- Installing: /home/tony/webots_ws/install/motor_interfaces/include/motor_interfaces/msg/motor.hpp
[4.113s] -- Installing: /home/tony/webots_ws/install/motor_interfaces/include/motor_interfaces/msg/rosidl_generator_cpp__visibility_control.hpp
[4.113s] -- Up-to-date: /home/tony/webots_ws/install/motor_interfaces/include/motor_interfaces/msg/detail
[4.113s] -- Installing: /home/tony/webots_ws/install/motor_interfaces/include/motor_interfaces/msg/detail/motor__struct.hpp
[4.113s] -- Installing: /home/tony/webots_ws/install/motor_interfaces/include/motor_interfaces/msg/detail/motor__traits.hpp
[4.114s] -- Installing: /home/tony/webots_ws/install/motor_interfaces/include/motor_interfaces/msg/detail/motor__builder.hpp
[4.114s] -- Installing: /home/tony/webots_ws/install/motor_interfaces/include/motor_interfaces/msg/detail/motor__type_support.hpp
[4.114s] -- Up-to-date: /home/tony/webots_ws/install/motor_interfaces/include/motor_interfaces
[4.114s] -- Up-to-date: /home/tony/webots_ws/install/motor_interfaces/include/motor_interfaces/msg
[4.114s] -- Up-to-date: /home/tony/webots_ws/install/motor_interfaces/include/motor_interfaces/msg/detail
[4.114s] -- Installing: /home/tony/webots_ws/install/motor_interfaces/include/motor_interfaces/msg/detail/motor__rosidl_typesupport_introspection_cpp.hpp
[4.114s] -- Installing: /home/tony/webots_ws/install/motor_interfaces/include/motor_interfaces/msg/detail/motor__type_support.cpp
[4.114s] -- Installing: /home/tony/webots_ws/install/motor_interfaces/lib/libmotor_interfaces__rosidl_typesupport_introspection_cpp.so
[4.114s] -- Set runtime path of "/home/tony/webots_ws/install/motor_interfaces/lib/libmotor_interfaces__rosidl_typesupport_introspection_cpp.so" to ""
[4.114s] -- Installing: /home/tony/webots_ws/install/motor_interfaces/lib/libmotor_interfaces__rosidl_typesupport_cpp.so
[4.115s] -- Set runtime path of "/home/tony/webots_ws/install/motor_interfaces/lib/libmotor_interfaces__rosidl_typesupport_cpp.so" to ""
[4.115s] -- Installing: /home/tony/webots_ws/install/motor_interfaces/share/motor_interfaces/environment/pythonpath.sh
[4.115s] -- Installing: /home/tony/webots_ws/install/motor_interfaces/share/motor_interfaces/environment/pythonpath.dsv
[4.115s] -- Installing: /home/tony/webots_ws/install/motor_interfaces/lib/python3.8/site-packages/motor_interfaces/__init__.py
[4.139s] Compiling '/home/tony/webots_ws/install/motor_interfaces/lib/python3.8/site-packages/motor_interfaces/__init__.py'...
[4.143s] -- Installing: /home/tony/webots_ws/install/motor_interfaces/lib/python3.8/site-packages/motor_interfaces/msg
[4.143s] -- Installing: /home/tony/webots_ws/install/motor_interfaces/lib/python3.8/site-packages/motor_interfaces/msg/__init__.py
[4.143s] -- Installing: /home/tony/webots_ws/install/motor_interfaces/lib/python3.8/site-packages/motor_interfaces/msg/_motor.py
[4.143s] -- Installing: /home/tony/webots_ws/install/motor_interfaces/lib/python3.8/site-packages/motor_interfaces/msg/_motor_s.c
[4.143s] -- Installing: /home/tony/webots_ws/install/motor_interfaces/lib/python3.8/site-packages/motor_interfaces/motor_interfaces_s__rosidl_typesupport_fastrtps_c.cpython-38-x86_64-linux-gnu.so
[4.144s] -- Set runtime path of "/home/tony/webots_ws/install/motor_interfaces/lib/python3.8/site-packages/motor_interfaces/motor_interfaces_s__rosidl_typesupport_fastrtps_c.cpython-38-x86_64-linux-gnu.so" to ""
[4.144s] -- Installing: /home/tony/webots_ws/install/motor_interfaces/lib/python3.8/site-packages/motor_interfaces/motor_interfaces_s__rosidl_typesupport_introspection_c.cpython-38-x86_64-linux-gnu.so
[4.145s] -- Set runtime path of "/home/tony/webots_ws/install/motor_interfaces/lib/python3.8/site-packages/motor_interfaces/motor_interfaces_s__rosidl_typesupport_introspection_c.cpython-38-x86_64-linux-gnu.so" to ""
[4.145s] -- Installing: /home/tony/webots_ws/install/motor_interfaces/lib/python3.8/site-packages/motor_interfaces/motor_interfaces_s__rosidl_typesupport_c.cpython-38-x86_64-linux-gnu.so
[4.146s] -- Set runtime path of "/home/tony/webots_ws/install/motor_interfaces/lib/python3.8/site-packages/motor_interfaces/motor_interfaces_s__rosidl_typesupport_c.cpython-38-x86_64-linux-gnu.so" to ""
[4.146s] -- Installing: /home/tony/webots_ws/install/motor_interfaces/lib/libmotor_interfaces__python.so
[4.146s] -- Set runtime path of "/home/tony/webots_ws/install/motor_interfaces/lib/libmotor_interfaces__python.so" to ""
[4.146s] -- Installing: /home/tony/webots_ws/install/motor_interfaces/share/motor_interfaces/msg/Motor.idl
[4.146s] -- Installing: /home/tony/webots_ws/install/motor_interfaces/share/motor_interfaces/msg/Motor.msg
[4.147s] -- Installing: /home/tony/webots_ws/install/motor_interfaces/share/ament_index/resource_index/package_run_dependencies/motor_interfaces
[4.147s] -- Installing: /home/tony/webots_ws/install/motor_interfaces/share/ament_index/resource_index/parent_prefix_path/motor_interfaces
[4.147s] -- Installing: /home/tony/webots_ws/install/motor_interfaces/share/motor_interfaces/environment/ament_prefix_path.sh
[4.147s] -- Installing: /home/tony/webots_ws/install/motor_interfaces/share/motor_interfaces/environment/ament_prefix_path.dsv
[4.147s] -- Installing: /home/tony/webots_ws/install/motor_interfaces/share/motor_interfaces/environment/path.sh
[4.148s] -- Installing: /home/tony/webots_ws/install/motor_interfaces/share/motor_interfaces/environment/path.dsv
[4.148s] -- Installing: /home/tony/webots_ws/install/motor_interfaces/share/motor_interfaces/local_setup.bash
[4.148s] -- Installing: /home/tony/webots_ws/install/motor_interfaces/share/motor_interfaces/local_setup.sh
[4.148s] -- Installing: /home/tony/webots_ws/install/motor_interfaces/share/motor_interfaces/local_setup.zsh
[4.148s] -- Installing: /home/tony/webots_ws/install/motor_interfaces/share/motor_interfaces/local_setup.dsv
[4.148s] -- Installing: /home/tony/webots_ws/install/motor_interfaces/share/motor_interfaces/package.dsv
[4.149s] -- Installing: /home/tony/webots_ws/install/motor_interfaces/share/ament_index/resource_index/packages/motor_interfaces
[4.149s] -- Installing: /home/tony/webots_ws/install/motor_interfaces/share/motor_interfaces/cmake/motor_interfaces__rosidl_generator_cExport.cmake
[4.149s] -- Installing: /home/tony/webots_ws/install/motor_interfaces/share/motor_interfaces/cmake/motor_interfaces__rosidl_generator_cExport-noconfig.cmake
[4.149s] -- Installing: /home/tony/webots_ws/install/motor_interfaces/share/motor_interfaces/cmake/motor_interfaces__rosidl_typesupport_introspection_cExport.cmake
[4.149s] -- Installing: /home/tony/webots_ws/install/motor_interfaces/share/motor_interfaces/cmake/motor_interfaces__rosidl_typesupport_introspection_cExport-noconfig.cmake
[4.150s] -- Installing: /home/tony/webots_ws/install/motor_interfaces/share/motor_interfaces/cmake/motor_interfaces__rosidl_typesupport_cExport.cmake
[4.150s] -- Installing: /home/tony/webots_ws/install/motor_interfaces/share/motor_interfaces/cmake/motor_interfaces__rosidl_typesupport_cExport-noconfig.cmake
[4.150s] -- Installing: /home/tony/webots_ws/install/motor_interfaces/share/motor_interfaces/cmake/motor_interfaces__rosidl_generator_cppExport.cmake
[4.150s] -- Installing: /home/tony/webots_ws/install/motor_interfaces/share/motor_interfaces/cmake/motor_interfaces__rosidl_typesupport_introspection_cppExport.cmake
[4.150s] -- Installing: /home/tony/webots_ws/install/motor_interfaces/share/motor_interfaces/cmake/motor_interfaces__rosidl_typesupport_introspection_cppExport-noconfig.cmake
[4.151s] -- Installing: /home/tony/webots_ws/install/motor_interfaces/share/motor_interfaces/cmake/motor_interfaces__rosidl_typesupport_cppExport.cmake
[4.151s] -- Installing: /home/tony/webots_ws/install/motor_interfaces/share/motor_interfaces/cmake/motor_interfaces__rosidl_typesupport_cppExport-noconfig.cmake
[4.151s] -- Installing: /home/tony/webots_ws/install/motor_interfaces/share/motor_interfaces/cmake/rosidl_cmake-extras.cmake
[4.151s] -- Installing: /home/tony/webots_ws/install/motor_interfaces/share/motor_interfaces/cmake/ament_cmake_export_dependencies-extras.cmake
[4.151s] -- Installing: /home/tony/webots_ws/install/motor_interfaces/share/motor_interfaces/cmake/ament_cmake_export_libraries-extras.cmake
[4.151s] -- Installing: /home/tony/webots_ws/install/motor_interfaces/share/motor_interfaces/cmake/ament_cmake_export_targets-extras.cmake
[4.152s] -- Installing: /home/tony/webots_ws/install/motor_interfaces/share/motor_interfaces/cmake/ament_cmake_export_include_directories-extras.cmake
[4.152s] -- Installing: /home/tony/webots_ws/install/motor_interfaces/share/motor_interfaces/cmake/rosidl_cmake_export_typesupport_libraries-extras.cmake
[4.152s] -- Installing: /home/tony/webots_ws/install/motor_interfaces/share/motor_interfaces/cmake/rosidl_cmake_export_typesupport_targets-extras.cmake
[4.152s] -- Installing: /home/tony/webots_ws/install/motor_interfaces/share/motor_interfaces/cmake/motor_interfacesConfig.cmake
[4.152s] -- Installing: /home/tony/webots_ws/install/motor_interfaces/share/motor_interfaces/cmake/motor_interfacesConfig-version.cmake
[4.152s] -- Installing: /home/tony/webots_ws/install/motor_interfaces/share/motor_interfaces/package.xml
[4.159s] Invoked command in '/home/tony/webots_ws/build/motor_interfaces' returned '0': CMAKE_PREFIX_PATH=/opt/ros/foxy /usr/bin/cmake --install /home/tony/webots_ws/build/motor_interfaces
