/usr/bin/ld: CMakeFiles/control_node.dir/src/control_node.cpp.o: in function `control_node::traj_callback(std::shared_ptr<traj_interfaces::msg::Bspline_<std::allocator<void> > >)':
control_node.cpp:(.text._ZN12control_node13traj_callbackESt10shared_ptrIN15traj_interfaces3msg8Bspline_ISaIvEEEE[_ZN12control_node13traj_callbackESt10shared_ptrIN15traj_interfaces3msg8Bspline_ISaIvEEEE]+0x292): undefined reference to `bspline_planner::UniformBspline::UniformBspline(Eigen::Matrix<double, -1, -1, 0, -1, -1> const&, int const&, double const&)'
/usr/bin/ld: control_node.cpp:(.text._ZN12control_node13traj_callbackESt10shared_ptrIN15traj_interfaces3msg8Bspline_ISaIvEEEE[_ZN12control_node13traj_callbackESt10shared_ptrIN15traj_interfaces3msg8Bspline_ISaIvEEEE]+0x2ab): undefined reference to `bspline_planner::UniformBspline::setKnot(Eigen::Matrix<double, -1, 1, 0, -1, 1> const&)'
/usr/bin/ld: control_node.cpp:(.text._ZN12control_node13traj_callbackESt10shared_ptrIN15traj_interfaces3msg8Bspline_ISaIvEEEE[_ZN12control_node13traj_callbackESt10shared_ptrIN15traj_interfaces3msg8Bspline_ISaIvEEEE]+0x32b): undefined reference to `bspline_planner::UniformBspline::getDerivative()'
/usr/bin/ld: control_node.cpp:(.text._ZN12control_node13traj_callbackESt10shared_ptrIN15traj_interfaces3msg8Bspline_ISaIvEEEE[_ZN12control_node13traj_callbackESt10shared_ptrIN15traj_interfaces3msg8Bspline_ISaIvEEEE]+0x34a): undefined reference to `bspline_planner::UniformBspline::~UniformBspline()'
/usr/bin/ld: control_node.cpp:(.text._ZN12control_node13traj_callbackESt10shared_ptrIN15traj_interfaces3msg8Bspline_ISaIvEEEE[_ZN12control_node13traj_callbackESt10shared_ptrIN15traj_interfaces3msg8Bspline_ISaIvEEEE]+0x36d): undefined reference to `bspline_planner::UniformBspline::getDerivative()'
/usr/bin/ld: control_node.cpp:(.text._ZN12control_node13traj_callbackESt10shared_ptrIN15traj_interfaces3msg8Bspline_ISaIvEEEE[_ZN12control_node13traj_callbackESt10shared_ptrIN15traj_interfaces3msg8Bspline_ISaIvEEEE]+0x38c): undefined reference to `bspline_planner::UniformBspline::~UniformBspline()'
/usr/bin/ld: control_node.cpp:(.text._ZN12control_node13traj_callbackESt10shared_ptrIN15traj_interfaces3msg8Bspline_ISaIvEEEE[_ZN12control_node13traj_callbackESt10shared_ptrIN15traj_interfaces3msg8Bspline_ISaIvEEEE]+0x3a5): undefined reference to `bspline_planner::UniformBspline::getTimeSum()'
/usr/bin/ld: control_node.cpp:(.text._ZN12control_node13traj_callbackESt10shared_ptrIN15traj_interfaces3msg8Bspline_ISaIvEEEE[_ZN12control_node13traj_callbackESt10shared_ptrIN15traj_interfaces3msg8Bspline_ISaIvEEEE]+0x3c7): undefined reference to `bspline_planner::UniformBspline::~UniformBspline()'
/usr/bin/ld: control_node.cpp:(.text._ZN12control_node13traj_callbackESt10shared_ptrIN15traj_interfaces3msg8Bspline_ISaIvEEEE[_ZN12control_node13traj_callbackESt10shared_ptrIN15traj_interfaces3msg8Bspline_ISaIvEEEE]+0x40e): undefined reference to `bspline_planner::UniformBspline::~UniformBspline()'
/usr/bin/ld: control_node.cpp:(.text._ZN12control_node13traj_callbackESt10shared_ptrIN15traj_interfaces3msg8Bspline_ISaIvEEEE[_ZN12control_node13traj_callbackESt10shared_ptrIN15traj_interfaces3msg8Bspline_ISaIvEEEE]+0x423): undefined reference to `bspline_planner::UniformBspline::~UniformBspline()'
/usr/bin/ld: control_node.cpp:(.text._ZN12control_node13traj_callbackESt10shared_ptrIN15traj_interfaces3msg8Bspline_ISaIvEEEE[_ZN12control_node13traj_callbackESt10shared_ptrIN15traj_interfaces3msg8Bspline_ISaIvEEEE]+0x43b): undefined reference to `bspline_planner::UniformBspline::~UniformBspline()'
/usr/bin/ld: CMakeFiles/control_node.dir/src/control_node.cpp.o: in function `control_node::MPC_calculate(double&)':
control_node.cpp:(.text._ZN12control_node13MPC_calculateERd[_ZN12control_node13MPC_calculateERd]+0x11b): undefined reference to `bspline_planner::UniformBspline::evaluateDeBoor(double const&)'
/usr/bin/ld: control_node.cpp:(.text._ZN12control_node13MPC_calculateERd[_ZN12control_node13MPC_calculateERd]+0x1d8): undefined reference to `bspline_planner::UniformBspline::evaluateDeBoor(double const&)'
/usr/bin/ld: control_node.cpp:(.text._ZN12control_node13MPC_calculateERd[_ZN12control_node13MPC_calculateERd]+0x2a6): undefined reference to `bspline_planner::UniformBspline::evaluateDeBoor(double const&)'
/usr/bin/ld: control_node.cpp:(.text._ZN12control_node13MPC_calculateERd[_ZN12control_node13MPC_calculateERd]+0x2fb): undefined reference to `bspline_planner::UniformBspline::evaluateDeBoor(double const&)'
/usr/bin/ld: control_node.cpp:(.text._ZN12control_node13MPC_calculateERd[_ZN12control_node13MPC_calculateERd]+0x3b6): undefined reference to `bspline_planner::UniformBspline::evaluateDeBoor(double const&)'
/usr/bin/ld: CMakeFiles/control_node.dir/src/control_node.cpp.o:control_node.cpp:(.text._ZN12control_node13MPC_calculateERd[_ZN12control_node13MPC_calculateERd]+0x40b): more undefined references to `bspline_planner::UniformBspline::evaluateDeBoor(double const&)' follow
/usr/bin/ld: CMakeFiles/control_node.dir/src/control_node.cpp.o: in function `control_node::MPC_calculate(double&)':
control_node.cpp:(.text._ZN12control_node13MPC_calculateERd[_ZN12control_node13MPC_calculateERd]+0xa16): undefined reference to `MPC_controller::MPC_Solve_qp(Eigen::Matrix<double, 3, 1, 0, 3, 1>, std::vector<Eigen::Matrix<double, 3, 1, 0, 3, 1>, std::allocator<Eigen::Matrix<double, 3, 1, 0, 3, 1> > >, std::vector<Eigen::Matrix<double, 2, 1, 0, 2, 1>, std::allocator<Eigen::Matrix<double, 2, 1, 0, 2, 1> > >, int)'
/usr/bin/ld: CMakeFiles/control_node.dir/src/control_node.cpp.o: in function `void __gnu_cxx::new_allocator<bspline_planner::UniformBspline>::destroy<bspline_planner::UniformBspline>(bspline_planner::UniformBspline*)':
control_node.cpp:(.text._ZN9__gnu_cxx13new_allocatorIN15bspline_planner14UniformBsplineEE7destroyIS2_EEvPT_[_ZN9__gnu_cxx13new_allocatorIN15bspline_planner14UniformBsplineEE7destroyIS2_EEvPT_]+0x1c): undefined reference to `bspline_planner::UniformBspline::~UniformBspline()'
/usr/bin/ld: CMakeFiles/control_node.dir/src/control_node.cpp.o: in function `void std::_Destroy<bspline_planner::UniformBspline>(bspline_planner::UniformBspline*)':
control_node.cpp:(.text._ZSt8_DestroyIN15bspline_planner14UniformBsplineEEvPT_[_ZSt8_DestroyIN15bspline_planner14UniformBsplineEEvPT_]+0x18): undefined reference to `bspline_planner::UniformBspline::~UniformBspline()'
collect2: error: ld returned 1 exit status
make[2]: *** [CMakeFiles/control_node.dir/build.make:182: control_node] Error 1
make[1]: *** [CMakeFiles/Makefile2:78: CMakeFiles/control_node.dir/all] Error 2
make: *** [Makefile:141: all] Error 2
