-- Found ament_cmake: 0.9.12 (/opt/ros/foxy/share/ament_cmake/cmake)
-- Using PYTHON_EXECUTABLE: /usr/bin/python3
-- Found rclcpp: 2.4.3 (/opt/ros/foxy/share/rclcpp/cmake)
-- Using all available rosidl_typesupport_c: rosidl_typesupport_fastrtps_c;rosidl_typesupport_introspection_c
-- Found rosidl_adapter: 1.3.1 (/opt/ros/foxy/share/rosidl_adapter/cmake)
-- Using all available rosidl_typesupport_cpp: rosidl_typesupport_fastrtps_cpp;rosidl_typesupport_introspection_cpp
-- Found rmw_implementation_cmake: 1.0.4 (/opt/ros/foxy/share/rmw_implementation_cmake/cmake)
-- Using RMW implementation 'rmw_fastrtps_cpp' as default
-- Found geometry_msgs: 2.0.5 (/opt/ros/foxy/share/geometry_msgs/cmake)
-- Found nav_msgs: 2.0.5 (/opt/ros/foxy/share/nav_msgs/cmake)
-- Found tf2: 0.13.14 (/opt/ros/foxy/share/tf2/cmake)
-- Found tf2_geometry_msgs: 0.13.14 (/opt/ros/foxy/share/tf2_geometry_msgs/cmake)
-- Found eigen3_cmake_module: 0.1.1 (/opt/ros/foxy/share/eigen3_cmake_module/cmake)
-- Found motor_interfaces: 0.0.0 (/home/tony/webots_ws/install/motor_interfaces/share/motor_interfaces/cmake)
-- Found traj_interfaces: 0.0.0 (/home/tony/webots_ws/install/traj_interfaces/share/traj_interfaces/cmake)
-- Found ament_lint_auto: 0.9.8 (/opt/ros/foxy/share/ament_lint_auto/cmake)
-- Added test 'copyright' to check source files copyright and LICENSE
-- Added test 'cppcheck' to perform static code analysis on C / C++ code
-- Configured cppcheck include dirs: 
-- Configured cppcheck exclude dirs and/or files: 
-- Added test 'cpplint' to check C / C++ code against the Google style
-- Configured cpplint exclude dirs and/or files: 
-- Added test 'lint_cmake' to check CMake code style
-- Added test 'uncrustify' to check C / C++ code style
-- Configured uncrustify additional arguments: 
-- Added test 'xmllint' to check XML markup files
-- Configuring done
-- Generating done
-- Build files have been written to: /home/tony/webots_ws/build/mpc_controller
[ 50%] [32m[1mLinking CXX executable control_node[0m
/usr/bin/ld: CMakeFiles/control_node.dir/src/control_node.cpp.o: in function `control_node::traj_callback(std::shared_ptr<traj_interfaces::msg::Bspline_<std::allocator<void> > >)':
control_node.cpp:(.text._ZN12control_node13traj_callbackESt10shared_ptrIN15traj_interfaces3msg8Bspline_ISaIvEEEE[_ZN12control_node13traj_callbackESt10shared_ptrIN15traj_interfaces3msg8Bspline_ISaIvEEEE]+0x292): undefined reference to `bspline_planner::UniformBspline::UniformBspline(Eigen::Matrix<double, -1, -1, 0, -1, -1> const&, int const&, double const&)'
/usr/bin/ld: control_node.cpp:(.text._ZN12control_node13traj_callbackESt10shared_ptrIN15traj_interfaces3msg8Bspline_ISaIvEEEE[_ZN12control_node13traj_callbackESt10shared_ptrIN15traj_interfaces3msg8Bspline_ISaIvEEEE]+0x2ab): undefined reference to `bspline_planner::UniformBspline::setKnot(Eigen::Matrix<double, -1, 1, 0, -1, 1> const&)'
/usr/bin/ld: control_node.cpp:(.text._ZN12control_node13traj_callbackESt10shared_ptrIN15traj_interfaces3msg8Bspline_ISaIvEEEE[_ZN12control_node13traj_callbackESt10shared_ptrIN15traj_interfaces3msg8Bspline_ISaIvEEEE]+0x32b): undefined reference to `bspline_planner::UniformBspline::getDerivative()'
/usr/bin/ld: control_node.cpp:(.text._ZN12control_node13traj_callbackESt10shared_ptrIN15traj_interfaces3msg8Bspline_ISaIvEEEE[_ZN12control_node13traj_callbackESt10shared_ptrIN15traj_interfaces3msg8Bspline_ISaIvEEEE]+0x34a): undefined reference to `bspline_planner::UniformBspline::~UniformBspline()'
/usr/bin/ld: control_node.cpp:(.text._ZN12control_node13traj_callbackESt10shared_ptrIN15traj_interfaces3msg8Bspline_ISaIvEEEE[_ZN12control_node13traj_callbackESt10shared_ptrIN15traj_interfaces3msg8Bspline_ISaIvEEEE]+0x36d): undefined reference to `bspline_planner::UniformBspline::getDerivative()'
/usr/bin/ld: control_node.cpp:(.text._ZN12control_node13traj_callbackESt10shared_ptrIN15traj_interfaces3msg8Bspline_ISaIvEEEE[_ZN12control_node13traj_callbackESt10shared_ptrIN15traj_interfaces3msg8Bspline_ISaIvEEEE]+0x38c): undefined reference to `bspline_planner::UniformBspline::~UniformBspline()'
/usr/bin/ld: control_node.cpp:(.text._ZN12control_node13traj_callbackESt10shared_ptrIN15traj_interfaces3msg8Bspline_ISaIvEEEE[_ZN12control_node13traj_callbackESt10shared_ptrIN15traj_interfaces3msg8Bspline_ISaIvEEEE]+0x3a5): undefined reference to `bspline_planner::UniformBspline::getTimeSum()'
/usr/bin/ld: control_node.cpp:(.text._ZN12control_node13traj_callbackESt10shared_ptrIN15traj_interfaces3msg8Bspline_ISaIvEEEE[_ZN12control_node13traj_callbackESt10shared_ptrIN15traj_interfaces3msg8Bspline_ISaIvEEEE]+0x3c7): undefined reference to `bspline_planner::UniformBspline::~UniformBspline()'
/usr/bin/ld: control_node.cpp:(.text._ZN12control_node13traj_callbackESt10shared_ptrIN15traj_interfaces3msg8Bspline_ISaIvEEEE[_ZN12control_node13traj_callbackESt10shared_ptrIN15traj_interfaces3msg8Bspline_ISaIvEEEE]+0x40e): undefined reference to `bspline_planner::UniformBspline::~UniformBspline()'
/usr/bin/ld: control_node.cpp:(.text._ZN12control_node13traj_callbackESt10shared_ptrIN15traj_interfaces3msg8Bspline_ISaIvEEEE[_ZN12control_node13traj_callbackESt10shared_ptrIN15traj_interfaces3msg8Bspline_ISaIvEEEE]+0x423): undefined reference to `bspline_planner::UniformBspline::~UniformBspline()'
/usr/bin/ld: control_node.cpp:(.text._ZN12control_node13traj_callbackESt10shared_ptrIN15traj_interfaces3msg8Bspline_ISaIvEEEE[_ZN12control_node13traj_callbackESt10shared_ptrIN15traj_interfaces3msg8Bspline_ISaIvEEEE]+0x43b): undefined reference to `bspline_planner::UniformBspline::~UniformBspline()'
/usr/bin/ld: CMakeFiles/control_node.dir/src/control_node.cpp.o: in function `control_node::MPC_calculate(double&)':
control_node.cpp:(.text._ZN12control_node13MPC_calculateERd[_ZN12control_node13MPC_calculateERd]+0x11b): undefined reference to `bspline_planner::UniformBspline::evaluateDeBoor(double const&)'
/usr/bin/ld: control_node.cpp:(.text._ZN12control_node13MPC_calculateERd[_ZN12control_node13MPC_calculateERd]+0x1d8): undefined reference to `bspline_planner::UniformBspline::evaluateDeBoor(double const&)'
/usr/bin/ld: control_node.cpp:(.text._ZN12control_node13MPC_calculateERd[_ZN12control_node13MPC_calculateERd]+0x2a6): undefined reference to `bspline_planner::UniformBspline::evaluateDeBoor(double const&)'
/usr/bin/ld: control_node.cpp:(.text._ZN12control_node13MPC_calculateERd[_ZN12control_node13MPC_calculateERd]+0x2fb): undefined reference to `bspline_planner::UniformBspline::evaluateDeBoor(double const&)'
/usr/bin/ld: control_node.cpp:(.text._ZN12control_node13MPC_calculateERd[_ZN12control_node13MPC_calculateERd]+0x3b6): undefined reference to `bspline_planner::UniformBspline::evaluateDeBoor(double const&)'
/usr/bin/ld: CMakeFiles/control_node.dir/src/control_node.cpp.o:control_node.cpp:(.text._ZN12control_node13MPC_calculateERd[_ZN12control_node13MPC_calculateERd]+0x40b): more undefined references to `bspline_planner::UniformBspline::evaluateDeBoor(double const&)' follow
/usr/bin/ld: CMakeFiles/control_node.dir/src/control_node.cpp.o: in function `control_node::MPC_calculate(double&)':
control_node.cpp:(.text._ZN12control_node13MPC_calculateERd[_ZN12control_node13MPC_calculateERd]+0xa16): undefined reference to `MPC_controller::MPC_Solve_qp(Eigen::Matrix<double, 3, 1, 0, 3, 1>, std::vector<Eigen::Matrix<double, 3, 1, 0, 3, 1>, std::allocator<Eigen::Matrix<double, 3, 1, 0, 3, 1> > >, std::vector<Eigen::Matrix<double, 2, 1, 0, 2, 1>, std::allocator<Eigen::Matrix<double, 2, 1, 0, 2, 1> > >, int)'
/usr/bin/ld: CMakeFiles/control_node.dir/src/control_node.cpp.o: in function `void __gnu_cxx::new_allocator<bspline_planner::UniformBspline>::destroy<bspline_planner::UniformBspline>(bspline_planner::UniformBspline*)':
control_node.cpp:(.text._ZN9__gnu_cxx13new_allocatorIN15bspline_planner14UniformBsplineEE7destroyIS2_EEvPT_[_ZN9__gnu_cxx13new_allocatorIN15bspline_planner14UniformBsplineEE7destroyIS2_EEvPT_]+0x1c): undefined reference to `bspline_planner::UniformBspline::~UniformBspline()'
/usr/bin/ld: CMakeFiles/control_node.dir/src/control_node.cpp.o: in function `void std::_Destroy<bspline_planner::UniformBspline>(bspline_planner::UniformBspline*)':
control_node.cpp:(.text._ZSt8_DestroyIN15bspline_planner14UniformBsplineEEvPT_[_ZSt8_DestroyIN15bspline_planner14UniformBsplineEEvPT_]+0x18): undefined reference to `bspline_planner::UniformBspline::~UniformBspline()'
collect2: error: ld returned 1 exit status
make[2]: *** [CMakeFiles/control_node.dir/build.make:182: control_node] Error 1
make[1]: *** [CMakeFiles/Makefile2:78: CMakeFiles/control_node.dir/all] Error 2
make: *** [Makefile:141: all] Error 2
