[0.044s] Invoking command in '/home/tony/webots_ws/build/action_interfaces': CMAKE_PREFIX_PATH=${CMAKE_PREFIX_PATH}:/home/tony/webots_ws/install/post_train:/home/tony/webots_ws/install/my_package:/home/tony/webots_ws/install/my_mir_package:/home/tony/webots_ws/install/multi_mir_package:/opt/ros/foxy /usr/bin/cmake --build /home/tony/webots_ws/build/action_interfaces -- -j16 -l16
[0.848s] [  9%] Built target action_interfaces__rosidl_generator_c
[0.848s] [ 12%] Built target action_interfaces__cpp
[0.848s] [ 32%] Built target action_interfaces__rosidl_typesupport_introspection_c
[0.848s] [ 41%] Built target action_interfaces__rosidl_typesupport_introspection_cpp
[0.848s] [ 41%] Built target action_interfaces__rosidl_typesupport_c
[0.849s] [ 51%] Built target action_interfaces__rosidl_typesupport_cpp
[0.849s] [ 61%] Built target action_interfaces__rosidl_typesupport_fastrtps_cpp
[0.849s] [ 70%] Built target action_interfaces__rosidl_typesupport_fastrtps_c
[0.849s] [ 70%] Built target action_interfaces
[0.849s] [ 74%] Built target action_interfaces__py
[0.849s] [ 80%] Built target action_interfaces__python
[0.849s] [100%] Built target action_interfaces__rosidl_typesupport_introspection_c__pyext
[0.849s] [100%] Built target action_interfaces__rosidl_typesupport_fastrtps_c__pyext
[0.849s] [100%] Built target action_interfaces__rosidl_typesupport_c__pyext
[0.853s] Invoked command in '/home/tony/webots_ws/build/action_interfaces' returned '0': CMAKE_PREFIX_PATH=${CMAKE_PREFIX_PATH}:/home/tony/webots_ws/install/post_train:/home/tony/webots_ws/install/my_package:/home/tony/webots_ws/install/my_mir_package:/home/tony/webots_ws/install/multi_mir_package:/opt/ros/foxy /usr/bin/cmake --build /home/tony/webots_ws/build/action_interfaces -- -j16 -l16
[0.912s] Invoking command in '/home/tony/webots_ws/build/action_interfaces': CMAKE_PREFIX_PATH=${CMAKE_PREFIX_PATH}:/home/tony/webots_ws/install/post_train:/home/tony/webots_ws/install/my_package:/home/tony/webots_ws/install/my_mir_package:/home/tony/webots_ws/install/multi_mir_package:/opt/ros/foxy /usr/bin/cmake --install /home/tony/webots_ws/build/action_interfaces
[0.926s] -- Install configuration: ""
[0.926s] -- Up-to-date: /home/tony/webots_ws/install/action_interfaces/share/ament_index/resource_index/rosidl_interfaces/action_interfaces
[0.926s] -- Up-to-date: /home/tony/webots_ws/install/action_interfaces/include/action_interfaces
[0.927s] -- Up-to-date: /home/tony/webots_ws/install/action_interfaces/include/action_interfaces/msg
[0.927s] -- Up-to-date: /home/tony/webots_ws/install/action_interfaces/include/action_interfaces/msg/action.h
[0.927s] -- Up-to-date: /home/tony/webots_ws/install/action_interfaces/include/action_interfaces/msg/rosidl_generator_c__visibility_control.h
[0.927s] -- Up-to-date: /home/tony/webots_ws/install/action_interfaces/include/action_interfaces/msg/detail
[0.927s] -- Up-to-date: /home/tony/webots_ws/install/action_interfaces/include/action_interfaces/msg/detail/action__functions.h
[0.927s] -- Up-to-date: /home/tony/webots_ws/install/action_interfaces/include/action_interfaces/msg/detail/action__struct.h
[0.927s] -- Up-to-date: /home/tony/webots_ws/install/action_interfaces/include/action_interfaces/msg/detail/action__type_support.h
[0.927s] -- Up-to-date: /home/tony/webots_ws/install/action_interfaces/include/action_interfaces/msg/detail/action__functions.c
[0.927s] -- Up-to-date: /home/tony/webots_ws/install/action_interfaces/share/action_interfaces/environment/library_path.sh
[0.927s] -- Up-to-date: /home/tony/webots_ws/install/action_interfaces/share/action_interfaces/environment/library_path.dsv
[0.928s] -- Up-to-date: /home/tony/webots_ws/install/action_interfaces/lib/libaction_interfaces__rosidl_generator_c.so
[0.928s] -- Up-to-date: /home/tony/webots_ws/install/action_interfaces/include/action_interfaces
[0.928s] -- Up-to-date: /home/tony/webots_ws/install/action_interfaces/include/action_interfaces/msg
[0.928s] -- Up-to-date: /home/tony/webots_ws/install/action_interfaces/include/action_interfaces/msg/rosidl_typesupport_fastrtps_c__visibility_control.h
[0.928s] -- Up-to-date: /home/tony/webots_ws/install/action_interfaces/include/action_interfaces/msg/detail
[0.928s] -- Up-to-date: /home/tony/webots_ws/install/action_interfaces/include/action_interfaces/msg/detail/action__rosidl_typesupport_fastrtps_c.h
[0.928s] -- Up-to-date: /home/tony/webots_ws/install/action_interfaces/lib/libaction_interfaces__rosidl_typesupport_fastrtps_c.so
[0.928s] -- Up-to-date: /home/tony/webots_ws/install/action_interfaces/include/action_interfaces
[0.929s] -- Up-to-date: /home/tony/webots_ws/install/action_interfaces/include/action_interfaces/msg
[0.929s] -- Up-to-date: /home/tony/webots_ws/install/action_interfaces/include/action_interfaces/msg/rosidl_typesupport_fastrtps_cpp__visibility_control.h
[0.929s] -- Up-to-date: /home/tony/webots_ws/install/action_interfaces/include/action_interfaces/msg/detail
[0.929s] -- Up-to-date: /home/tony/webots_ws/install/action_interfaces/include/action_interfaces/msg/detail/dds_fastrtps
[0.929s] -- Up-to-date: /home/tony/webots_ws/install/action_interfaces/include/action_interfaces/msg/detail/action__rosidl_typesupport_fastrtps_cpp.hpp
[0.930s] -- Up-to-date: /home/tony/webots_ws/install/action_interfaces/lib/libaction_interfaces__rosidl_typesupport_fastrtps_cpp.so
[0.930s] -- Up-to-date: /home/tony/webots_ws/install/action_interfaces/include/action_interfaces
[0.930s] -- Up-to-date: /home/tony/webots_ws/install/action_interfaces/include/action_interfaces/msg
[0.930s] -- Up-to-date: /home/tony/webots_ws/install/action_interfaces/include/action_interfaces/msg/rosidl_typesupport_introspection_c__visibility_control.h
[0.930s] -- Up-to-date: /home/tony/webots_ws/install/action_interfaces/include/action_interfaces/msg/detail
[0.930s] -- Up-to-date: /home/tony/webots_ws/install/action_interfaces/include/action_interfaces/msg/detail/action__rosidl_typesupport_introspection_c.h
[0.931s] -- Up-to-date: /home/tony/webots_ws/install/action_interfaces/include/action_interfaces/msg/detail/action__type_support.c
[0.931s] -- Up-to-date: /home/tony/webots_ws/install/action_interfaces/lib/libaction_interfaces__rosidl_typesupport_introspection_c.so
[0.931s] -- Up-to-date: /home/tony/webots_ws/install/action_interfaces/lib/libaction_interfaces__rosidl_typesupport_c.so
[0.931s] -- Up-to-date: /home/tony/webots_ws/install/action_interfaces/include/action_interfaces
[0.931s] -- Up-to-date: /home/tony/webots_ws/install/action_interfaces/include/action_interfaces/msg
[0.931s] -- Up-to-date: /home/tony/webots_ws/install/action_interfaces/include/action_interfaces/msg/rosidl_generator_cpp__visibility_control.hpp
[0.931s] -- Up-to-date: /home/tony/webots_ws/install/action_interfaces/include/action_interfaces/msg/detail
[0.931s] -- Up-to-date: /home/tony/webots_ws/install/action_interfaces/include/action_interfaces/msg/detail/action__struct.hpp
[0.931s] -- Up-to-date: /home/tony/webots_ws/install/action_interfaces/include/action_interfaces/msg/detail/action__type_support.hpp
[0.932s] -- Up-to-date: /home/tony/webots_ws/install/action_interfaces/include/action_interfaces/msg/detail/action__traits.hpp
[0.932s] -- Up-to-date: /home/tony/webots_ws/install/action_interfaces/include/action_interfaces/msg/detail/action__builder.hpp
[0.932s] -- Up-to-date: /home/tony/webots_ws/install/action_interfaces/include/action_interfaces/msg/action.hpp
[0.932s] -- Up-to-date: /home/tony/webots_ws/install/action_interfaces/include/action_interfaces
[0.932s] -- Up-to-date: /home/tony/webots_ws/install/action_interfaces/include/action_interfaces/msg
[0.932s] -- Up-to-date: /home/tony/webots_ws/install/action_interfaces/include/action_interfaces/msg/detail
[0.932s] -- Up-to-date: /home/tony/webots_ws/install/action_interfaces/include/action_interfaces/msg/detail/action__rosidl_typesupport_introspection_cpp.hpp
[0.932s] -- Up-to-date: /home/tony/webots_ws/install/action_interfaces/include/action_interfaces/msg/detail/action__type_support.cpp
[0.932s] -- Up-to-date: /home/tony/webots_ws/install/action_interfaces/lib/libaction_interfaces__rosidl_typesupport_introspection_cpp.so
[0.933s] -- Up-to-date: /home/tony/webots_ws/install/action_interfaces/lib/libaction_interfaces__rosidl_typesupport_cpp.so
[0.933s] -- Up-to-date: /home/tony/webots_ws/install/action_interfaces/share/action_interfaces/environment/pythonpath.sh
[0.933s] -- Up-to-date: /home/tony/webots_ws/install/action_interfaces/share/action_interfaces/environment/pythonpath.dsv
[0.933s] -- Up-to-date: /home/tony/webots_ws/install/action_interfaces/lib/python3.8/site-packages/action_interfaces/__init__.py
[0.958s] -- Up-to-date: /home/tony/webots_ws/install/action_interfaces/lib/python3.8/site-packages/action_interfaces/msg
[0.959s] -- Up-to-date: /home/tony/webots_ws/install/action_interfaces/lib/python3.8/site-packages/action_interfaces/msg/__init__.py
[0.960s] -- Up-to-date: /home/tony/webots_ws/install/action_interfaces/lib/python3.8/site-packages/action_interfaces/msg/_action.py
[0.960s] -- Up-to-date: /home/tony/webots_ws/install/action_interfaces/lib/python3.8/site-packages/action_interfaces/msg/_action_s.c
[0.960s] -- Up-to-date: /home/tony/webots_ws/install/action_interfaces/lib/python3.8/site-packages/action_interfaces/action_interfaces_s__rosidl_typesupport_fastrtps_c.cpython-38-x86_64-linux-gnu.so
[0.960s] -- Up-to-date: /home/tony/webots_ws/install/action_interfaces/lib/python3.8/site-packages/action_interfaces/action_interfaces_s__rosidl_typesupport_introspection_c.cpython-38-x86_64-linux-gnu.so
[0.962s] -- Up-to-date: /home/tony/webots_ws/install/action_interfaces/lib/python3.8/site-packages/action_interfaces/action_interfaces_s__rosidl_typesupport_c.cpython-38-x86_64-linux-gnu.so
[0.963s] -- Up-to-date: /home/tony/webots_ws/install/action_interfaces/lib/libaction_interfaces__python.so
[0.963s] -- Up-to-date: /home/tony/webots_ws/install/action_interfaces/share/action_interfaces/msg/Action.idl
[0.964s] -- Up-to-date: /home/tony/webots_ws/install/action_interfaces/share/action_interfaces/msg/Action.msg
[0.964s] -- Up-to-date: /home/tony/webots_ws/install/action_interfaces/share/ament_index/resource_index/package_run_dependencies/action_interfaces
[0.964s] -- Up-to-date: /home/tony/webots_ws/install/action_interfaces/share/ament_index/resource_index/parent_prefix_path/action_interfaces
[0.965s] -- Up-to-date: /home/tony/webots_ws/install/action_interfaces/share/action_interfaces/environment/ament_prefix_path.sh
[0.965s] -- Up-to-date: /home/tony/webots_ws/install/action_interfaces/share/action_interfaces/environment/ament_prefix_path.dsv
[0.965s] -- Up-to-date: /home/tony/webots_ws/install/action_interfaces/share/action_interfaces/environment/path.sh
[0.965s] -- Up-to-date: /home/tony/webots_ws/install/action_interfaces/share/action_interfaces/environment/path.dsv
[0.965s] -- Up-to-date: /home/tony/webots_ws/install/action_interfaces/share/action_interfaces/local_setup.bash
[0.966s] -- Up-to-date: /home/tony/webots_ws/install/action_interfaces/share/action_interfaces/local_setup.sh
[0.966s] -- Up-to-date: /home/tony/webots_ws/install/action_interfaces/share/action_interfaces/local_setup.zsh
[0.966s] -- Up-to-date: /home/tony/webots_ws/install/action_interfaces/share/action_interfaces/local_setup.dsv
[0.966s] -- Installing: /home/tony/webots_ws/install/action_interfaces/share/action_interfaces/package.dsv
[0.966s] -- Up-to-date: /home/tony/webots_ws/install/action_interfaces/share/ament_index/resource_index/packages/action_interfaces
[0.966s] -- Up-to-date: /home/tony/webots_ws/install/action_interfaces/share/action_interfaces/cmake/action_interfaces__rosidl_generator_cExport.cmake
[0.966s] -- Up-to-date: /home/tony/webots_ws/install/action_interfaces/share/action_interfaces/cmake/action_interfaces__rosidl_generator_cExport-noconfig.cmake
[0.967s] -- Up-to-date: /home/tony/webots_ws/install/action_interfaces/share/action_interfaces/cmake/action_interfaces__rosidl_typesupport_introspection_cExport.cmake
[0.967s] -- Up-to-date: /home/tony/webots_ws/install/action_interfaces/share/action_interfaces/cmake/action_interfaces__rosidl_typesupport_introspection_cExport-noconfig.cmake
[0.967s] -- Up-to-date: /home/tony/webots_ws/install/action_interfaces/share/action_interfaces/cmake/action_interfaces__rosidl_typesupport_cExport.cmake
[0.967s] -- Up-to-date: /home/tony/webots_ws/install/action_interfaces/share/action_interfaces/cmake/action_interfaces__rosidl_typesupport_cExport-noconfig.cmake
[0.967s] -- Up-to-date: /home/tony/webots_ws/install/action_interfaces/share/action_interfaces/cmake/action_interfaces__rosidl_generator_cppExport.cmake
[0.967s] -- Up-to-date: /home/tony/webots_ws/install/action_interfaces/share/action_interfaces/cmake/action_interfaces__rosidl_typesupport_introspection_cppExport.cmake
[0.967s] -- Up-to-date: /home/tony/webots_ws/install/action_interfaces/share/action_interfaces/cmake/action_interfaces__rosidl_typesupport_introspection_cppExport-noconfig.cmake
[0.967s] -- Up-to-date: /home/tony/webots_ws/install/action_interfaces/share/action_interfaces/cmake/action_interfaces__rosidl_typesupport_cppExport.cmake
[0.968s] -- Up-to-date: /home/tony/webots_ws/install/action_interfaces/share/action_interfaces/cmake/action_interfaces__rosidl_typesupport_cppExport-noconfig.cmake
[0.968s] -- Up-to-date: /home/tony/webots_ws/install/action_interfaces/share/action_interfaces/cmake/rosidl_cmake-extras.cmake
[0.968s] -- Up-to-date: /home/tony/webots_ws/install/action_interfaces/share/action_interfaces/cmake/ament_cmake_export_dependencies-extras.cmake
[0.968s] -- Up-to-date: /home/tony/webots_ws/install/action_interfaces/share/action_interfaces/cmake/ament_cmake_export_libraries-extras.cmake
[0.969s] -- Up-to-date: /home/tony/webots_ws/install/action_interfaces/share/action_interfaces/cmake/ament_cmake_export_targets-extras.cmake
[0.969s] -- Up-to-date: /home/tony/webots_ws/install/action_interfaces/share/action_interfaces/cmake/ament_cmake_export_include_directories-extras.cmake
[0.969s] -- Up-to-date: /home/tony/webots_ws/install/action_interfaces/share/action_interfaces/cmake/rosidl_cmake_export_typesupport_libraries-extras.cmake
[0.969s] -- Up-to-date: /home/tony/webots_ws/install/action_interfaces/share/action_interfaces/cmake/rosidl_cmake_export_typesupport_targets-extras.cmake
[0.969s] -- Up-to-date: /home/tony/webots_ws/install/action_interfaces/share/action_interfaces/cmake/action_interfacesConfig.cmake
[0.969s] -- Up-to-date: /home/tony/webots_ws/install/action_interfaces/share/action_interfaces/cmake/action_interfacesConfig-version.cmake
[0.969s] -- Up-to-date: /home/tony/webots_ws/install/action_interfaces/share/action_interfaces/package.xml
[0.992s] Invoked command in '/home/tony/webots_ws/build/action_interfaces' returned '0': CMAKE_PREFIX_PATH=${CMAKE_PREFIX_PATH}:/home/tony/webots_ws/install/post_train:/home/tony/webots_ws/install/my_package:/home/tony/webots_ws/install/my_mir_package:/home/tony/webots_ws/install/multi_mir_package:/opt/ros/foxy /usr/bin/cmake --install /home/tony/webots_ws/build/action_interfaces
