[0.028s] Invoking command in '/home/tony/webots_ws/build/traj_interfaces': CMAKE_PREFIX_PATH=${CMAKE_PREFIX_PATH}:/home/tony/webots_ws/install/my_package:/home/tony/webots_ws/install/my_mir_package:/home/tony/webots_ws/install/multi_mir_package:/opt/ros/foxy /usr/bin/cmake /home/tony/webots_ws/src/traj_interfaces -DCMAKE_INSTALL_PREFIX=/home/tony/webots_ws/install/traj_interfaces
[0.212s] -- The C compiler identification is GNU 9.4.0
[0.212s] -- The CXX compiler identification is GNU 9.4.0
[0.212s] -- Check for working C compiler: /usr/bin/cc
[0.212s] -- Check for working C compiler: /usr/bin/cc -- works
[0.212s] -- Detecting C compiler ABI info
[0.251s] -- Detecting C compiler ABI info - done
[0.260s] -- Detecting C compile features
[0.260s] -- Detecting C compile features - done
[0.262s] -- Check for working CXX compiler: /usr/bin/c++
[0.330s] -- Check for working CXX compiler: /usr/bin/c++ -- works
[0.331s] -- Detecting CXX compiler ABI info
[0.405s] -- Detecting CXX compiler ABI info - done
[0.415s] -- Detecting CXX compile features
[0.415s] -- Detecting CXX compile features - done
[0.417s] -- Found ament_cmake: 0.9.12 (/opt/ros/foxy/share/ament_cmake/cmake)
[0.439s] -- Found PythonInterp: /usr/bin/python3 (found suitable version "3.8.10", minimum required is "3") 
[0.439s] -- Using PYTHON_EXECUTABLE: /usr/bin/python3
[0.732s] -- Found rosidl_default_generators: 1.0.1 (/opt/ros/foxy/share/rosidl_default_generators/cmake)
[0.732s] -- Using all available rosidl_typesupport_c: rosidl_typesupport_fastrtps_c;rosidl_typesupport_introspection_c
[0.733s] -- Found rosidl_adapter: 1.3.1 (/opt/ros/foxy/share/rosidl_adapter/cmake)
[0.929s] -- Found OpenSSL: /usr/lib/x86_64-linux-gnu/libcrypto.so (found version "1.1.1f")  
[0.963s] -- Found FastRTPS: /opt/ros/foxy/include  
[1.059s] -- Using all available rosidl_typesupport_cpp: rosidl_typesupport_fastrtps_cpp;rosidl_typesupport_introspection_cpp
[1.082s] -- Found geometry_msgs: 2.0.5 (/opt/ros/foxy/share/geometry_msgs/cmake)
[1.161s] -- Found PythonInterp: /usr/bin/python3 (found version "3.8.10") 
[1.319s] -- Found ament_cmake_ros: 0.9.2 (/opt/ros/foxy/share/ament_cmake_ros/cmake)
[1.528s] -- Using all available rosidl_typesupport_c: rosidl_typesupport_fastrtps_c;rosidl_typesupport_introspection_c
[1.612s] -- Using all available rosidl_typesupport_cpp: rosidl_typesupport_fastrtps_cpp;rosidl_typesupport_introspection_cpp
[1.641s] -- Found PythonInterp: /usr/bin/python3 (found suitable version "3.8.10", minimum required is "3.5") 
[1.643s] -- Found python_cmake_module: 0.8.1 (/opt/ros/foxy/share/python_cmake_module/cmake)
[1.672s] -- Found PythonLibs: /usr/lib/x86_64-linux-gnu/libpython3.8.so (found suitable version "3.8.10", minimum required is "3.5") 
[1.673s] -- Using PYTHON_EXECUTABLE: /usr/bin/python3
[1.673s] -- Using PYTHON_INCLUDE_DIRS: /usr/include/python3.8
[1.673s] -- Using PYTHON_LIBRARIES: /usr/lib/x86_64-linux-gnu/libpython3.8.so
[1.695s] -- Found PythonExtra: .so  
[1.775s] -- Found ament_lint_auto: 0.9.8 (/opt/ros/foxy/share/ament_lint_auto/cmake)
[1.801s] -- Added test 'copyright' to check source files copyright and LICENSE
[1.804s] -- Added test 'lint_cmake' to check CMake code style
[1.805s] -- Added test 'xmllint' to check XML markup files
[1.810s] -- Configuring done
[1.860s] -- Generating done
[1.863s] -- Build files have been written to: /home/tony/webots_ws/build/traj_interfaces
[1.877s] Invoked command in '/home/tony/webots_ws/build/traj_interfaces' returned '0': CMAKE_PREFIX_PATH=${CMAKE_PREFIX_PATH}:/home/tony/webots_ws/install/my_package:/home/tony/webots_ws/install/my_mir_package:/home/tony/webots_ws/install/multi_mir_package:/opt/ros/foxy /usr/bin/cmake /home/tony/webots_ws/src/traj_interfaces -DCMAKE_INSTALL_PREFIX=/home/tony/webots_ws/install/traj_interfaces
[1.880s] Invoking command in '/home/tony/webots_ws/build/traj_interfaces': CMAKE_PREFIX_PATH=${CMAKE_PREFIX_PATH}:/home/tony/webots_ws/install/my_package:/home/tony/webots_ws/install/my_mir_package:/home/tony/webots_ws/install/multi_mir_package:/opt/ros/foxy /usr/bin/cmake --build /home/tony/webots_ws/build/traj_interfaces -- -j16 -l16
[1.933s] [  3%] [34m[1mGenerating C code for ROS interfaces[0m
[1.933s] [35m[1mScanning dependencies of target traj_interfaces__cpp[0m
[1.950s] [  6%] [34m[1mGenerating C++ code for ROS interfaces[0m
[2.191s] [35m[1mScanning dependencies of target traj_interfaces__rosidl_generator_c[0m
[2.207s] [  9%] [32mBuilding C object CMakeFiles/traj_interfaces__rosidl_generator_c.dir/rosidl_generator_c/traj_interfaces/msg/detail/bspline__functions.c.o[0m
[2.228s] [  9%] Built target traj_interfaces__cpp
[2.241s] [ 16%] [34m[1mGenerating C++ type support for eProsima Fast-RTPS[0m
[2.241s] [ 16%] [34m[1mGenerating C++ introspection for ROS interfaces[0m
[2.246s] [ 19%] [34m[1mGenerating C++ type support dispatch for ROS interfaces[0m
[2.279s] [ 22%] [32m[1mLinking C shared library libtraj_interfaces__rosidl_generator_c.so[0m
[2.326s] [ 22%] Built target traj_interfaces__rosidl_generator_c
[2.339s] [ 25%] [34m[1mGenerating C type support dispatch for ROS interfaces[0m
[2.340s] [ 29%] [34m[1mGenerating C introspection for ROS interfaces[0m
[2.512s] [35m[1mScanning dependencies of target traj_interfaces__rosidl_typesupport_introspection_cpp[0m
[2.532s] [35m[1mScanning dependencies of target traj_interfaces__rosidl_typesupport_cpp[0m
[2.533s] [ 32%] [32mBuilding CXX object CMakeFiles/traj_interfaces__rosidl_typesupport_introspection_cpp.dir/rosidl_typesupport_introspection_cpp/traj_interfaces/msg/detail/bspline__type_support.cpp.o[0m
[2.550s] [ 35%] [32mBuilding CXX object CMakeFiles/traj_interfaces__rosidl_typesupport_cpp.dir/rosidl_typesupport_cpp/traj_interfaces/msg/bspline__type_support.cpp.o[0m
[2.561s] [35m[1mScanning dependencies of target traj_interfaces__rosidl_typesupport_fastrtps_cpp[0m
[2.579s] [ 38%] [32mBuilding CXX object CMakeFiles/traj_interfaces__rosidl_typesupport_fastrtps_cpp.dir/rosidl_typesupport_fastrtps_cpp/traj_interfaces/msg/detail/dds_fastrtps/bspline__type_support.cpp.o[0m
[2.589s] [35m[1mScanning dependencies of target traj_interfaces__rosidl_typesupport_c[0m
[2.596s] [35m[1mScanning dependencies of target traj_interfaces__rosidl_typesupport_introspection_c[0m
[2.602s] [ 41%] [32mBuilding CXX object CMakeFiles/traj_interfaces__rosidl_typesupport_c.dir/rosidl_typesupport_c/traj_interfaces/msg/bspline__type_support.cpp.o[0m
[2.613s] [ 45%] [32mBuilding C object CMakeFiles/traj_interfaces__rosidl_typesupport_introspection_c.dir/rosidl_typesupport_introspection_c/traj_interfaces/msg/detail/bspline__type_support.c.o[0m
[2.632s] [ 48%] [32m[1mLinking CXX shared library libtraj_interfaces__rosidl_typesupport_c.so[0m
[2.650s] [ 51%] [32m[1mLinking C shared library libtraj_interfaces__rosidl_typesupport_introspection_c.so[0m
[2.672s] [ 51%] Built target traj_interfaces__rosidl_typesupport_c
[2.684s] [ 51%] Built target traj_interfaces__rosidl_typesupport_introspection_c
[2.816s] [ 54%] [32m[1mLinking CXX shared library libtraj_interfaces__rosidl_typesupport_cpp.so[0m
[2.861s] [ 54%] Built target traj_interfaces__rosidl_typesupport_cpp
[2.997s] [ 58%] [32m[1mLinking CXX shared library libtraj_interfaces__rosidl_typesupport_introspection_cpp.so[0m
[3.007s] [ 61%] [32m[1mLinking CXX shared library libtraj_interfaces__rosidl_typesupport_fastrtps_cpp.so[0m
[3.091s] [ 61%] Built target traj_interfaces__rosidl_typesupport_introspection_cpp
[3.112s] [ 61%] Built target traj_interfaces__rosidl_typesupport_fastrtps_cpp
[3.124s] [ 64%] [34m[1mGenerating C type support for eProsima Fast-RTPS[0m
[3.297s] [35m[1mScanning dependencies of target traj_interfaces__rosidl_typesupport_fastrtps_c[0m
[3.314s] [ 67%] [32mBuilding CXX object CMakeFiles/traj_interfaces__rosidl_typesupport_fastrtps_c.dir/rosidl_typesupport_fastrtps_c/traj_interfaces/msg/detail/bspline__type_support_c.cpp.o[0m
[3.621s] [ 70%] [32m[1mLinking CXX shared library libtraj_interfaces__rosidl_typesupport_fastrtps_c.so[0m
[3.726s] [ 70%] Built target traj_interfaces__rosidl_typesupport_fastrtps_c
[3.740s] [35m[1mScanning dependencies of target traj_interfaces[0m
[3.755s] [ 70%] Built target traj_interfaces
[3.770s] [35m[1mScanning dependencies of target traj_interfaces__py[0m
[3.791s] [ 74%] [34m[1mGenerating Python code for ROS interfaces[0m
[4.254s] [ 74%] Built target traj_interfaces__py
[4.264s] [35m[1mScanning dependencies of target traj_interfaces__python[0m
[4.283s] [ 77%] [32mBuilding C object CMakeFiles/traj_interfaces__python.dir/rosidl_generator_py/traj_interfaces/msg/_bspline_s.c.o[0m
[4.367s] [ 80%] [32m[1mLinking C shared library rosidl_generator_py/traj_interfaces/libtraj_interfaces__python.so[0m
[4.412s] [ 80%] Built target traj_interfaces__python
[4.424s] [35m[1mScanning dependencies of target traj_interfaces__rosidl_typesupport_c__pyext[0m
[4.424s] [35m[1mScanning dependencies of target traj_interfaces__rosidl_typesupport_introspection_c__pyext[0m
[4.424s] [35m[1mScanning dependencies of target traj_interfaces__rosidl_typesupport_fastrtps_c__pyext[0m
[4.440s] [ 83%] [32mBuilding C object CMakeFiles/traj_interfaces__rosidl_typesupport_introspection_c__pyext.dir/rosidl_generator_py/traj_interfaces/_traj_interfaces_s.ep.rosidl_typesupport_introspection_c.c.o[0m
[4.440s] [ 87%] [32mBuilding C object CMakeFiles/traj_interfaces__rosidl_typesupport_c__pyext.dir/rosidl_generator_py/traj_interfaces/_traj_interfaces_s.ep.rosidl_typesupport_c.c.o[0m
[4.441s] [ 90%] [32mBuilding C object CMakeFiles/traj_interfaces__rosidl_typesupport_fastrtps_c__pyext.dir/rosidl_generator_py/traj_interfaces/_traj_interfaces_s.ep.rosidl_typesupport_fastrtps_c.c.o[0m
[4.508s] [ 93%] [32m[1mLinking C shared library rosidl_generator_py/traj_interfaces/traj_interfaces_s__rosidl_typesupport_introspection_c.cpython-38-x86_64-linux-gnu.so[0m
[4.515s] [ 96%] [32m[1mLinking C shared library rosidl_generator_py/traj_interfaces/traj_interfaces_s__rosidl_typesupport_c.cpython-38-x86_64-linux-gnu.so[0m
[4.519s] [100%] [32m[1mLinking CXX shared library rosidl_generator_py/traj_interfaces/traj_interfaces_s__rosidl_typesupport_fastrtps_c.cpython-38-x86_64-linux-gnu.so[0m
[4.545s] [100%] Built target traj_interfaces__rosidl_typesupport_introspection_c__pyext
[4.551s] [100%] Built target traj_interfaces__rosidl_typesupport_c__pyext
[4.579s] [100%] Built target traj_interfaces__rosidl_typesupport_fastrtps_c__pyext
[4.869s] Invoked command in '/home/tony/webots_ws/build/traj_interfaces' returned '0': CMAKE_PREFIX_PATH=${CMAKE_PREFIX_PATH}:/home/tony/webots_ws/install/my_package:/home/tony/webots_ws/install/my_mir_package:/home/tony/webots_ws/install/multi_mir_package:/opt/ros/foxy /usr/bin/cmake --build /home/tony/webots_ws/build/traj_interfaces -- -j16 -l16
[4.919s] Invoking command in '/home/tony/webots_ws/build/traj_interfaces': CMAKE_PREFIX_PATH=${CMAKE_PREFIX_PATH}:/home/tony/webots_ws/install/my_package:/home/tony/webots_ws/install/my_mir_package:/home/tony/webots_ws/install/multi_mir_package:/opt/ros/foxy /usr/bin/cmake --install /home/tony/webots_ws/build/traj_interfaces
[4.927s] -- Install configuration: ""
[4.927s] -- Installing: /home/tony/webots_ws/install/traj_interfaces/share/ament_index/resource_index/rosidl_interfaces/traj_interfaces
[4.927s] -- Installing: /home/tony/webots_ws/install/traj_interfaces/include/traj_interfaces
[4.928s] -- Installing: /home/tony/webots_ws/install/traj_interfaces/include/traj_interfaces/msg
[4.928s] -- Installing: /home/tony/webots_ws/install/traj_interfaces/include/traj_interfaces/msg/bspline.h
[4.928s] -- Installing: /home/tony/webots_ws/install/traj_interfaces/include/traj_interfaces/msg/rosidl_generator_c__visibility_control.h
[4.928s] -- Installing: /home/tony/webots_ws/install/traj_interfaces/include/traj_interfaces/msg/detail
[4.928s] -- Installing: /home/tony/webots_ws/install/traj_interfaces/include/traj_interfaces/msg/detail/bspline__functions.c
[4.928s] -- Installing: /home/tony/webots_ws/install/traj_interfaces/include/traj_interfaces/msg/detail/bspline__type_support.h
[4.928s] -- Installing: /home/tony/webots_ws/install/traj_interfaces/include/traj_interfaces/msg/detail/bspline__struct.h
[4.928s] -- Installing: /home/tony/webots_ws/install/traj_interfaces/include/traj_interfaces/msg/detail/bspline__functions.h
[4.928s] -- Installing: /home/tony/webots_ws/install/traj_interfaces/share/traj_interfaces/environment/library_path.sh
[4.928s] -- Installing: /home/tony/webots_ws/install/traj_interfaces/share/traj_interfaces/environment/library_path.dsv
[4.929s] -- Installing: /home/tony/webots_ws/install/traj_interfaces/lib/libtraj_interfaces__rosidl_generator_c.so
[4.929s] -- Set runtime path of "/home/tony/webots_ws/install/traj_interfaces/lib/libtraj_interfaces__rosidl_generator_c.so" to ""
[4.929s] -- Up-to-date: /home/tony/webots_ws/install/traj_interfaces/include/traj_interfaces
[4.929s] -- Up-to-date: /home/tony/webots_ws/install/traj_interfaces/include/traj_interfaces/msg
[4.929s] -- Installing: /home/tony/webots_ws/install/traj_interfaces/include/traj_interfaces/msg/rosidl_typesupport_fastrtps_c__visibility_control.h
[4.929s] -- Up-to-date: /home/tony/webots_ws/install/traj_interfaces/include/traj_interfaces/msg/detail
[4.929s] -- Installing: /home/tony/webots_ws/install/traj_interfaces/include/traj_interfaces/msg/detail/bspline__rosidl_typesupport_fastrtps_c.h
[4.929s] -- Installing: /home/tony/webots_ws/install/traj_interfaces/lib/libtraj_interfaces__rosidl_typesupport_fastrtps_c.so
[4.930s] -- Set runtime path of "/home/tony/webots_ws/install/traj_interfaces/lib/libtraj_interfaces__rosidl_typesupport_fastrtps_c.so" to ""
[4.930s] -- Up-to-date: /home/tony/webots_ws/install/traj_interfaces/include/traj_interfaces
[4.930s] -- Up-to-date: /home/tony/webots_ws/install/traj_interfaces/include/traj_interfaces/msg
[4.930s] -- Installing: /home/tony/webots_ws/install/traj_interfaces/include/traj_interfaces/msg/rosidl_typesupport_fastrtps_cpp__visibility_control.h
[4.930s] -- Up-to-date: /home/tony/webots_ws/install/traj_interfaces/include/traj_interfaces/msg/detail
[4.930s] -- Installing: /home/tony/webots_ws/install/traj_interfaces/include/traj_interfaces/msg/detail/bspline__rosidl_typesupport_fastrtps_cpp.hpp
[4.930s] -- Installing: /home/tony/webots_ws/install/traj_interfaces/include/traj_interfaces/msg/detail/dds_fastrtps
[4.930s] -- Installing: /home/tony/webots_ws/install/traj_interfaces/lib/libtraj_interfaces__rosidl_typesupport_fastrtps_cpp.so
[4.931s] -- Set runtime path of "/home/tony/webots_ws/install/traj_interfaces/lib/libtraj_interfaces__rosidl_typesupport_fastrtps_cpp.so" to ""
[4.931s] -- Up-to-date: /home/tony/webots_ws/install/traj_interfaces/include/traj_interfaces
[4.931s] -- Up-to-date: /home/tony/webots_ws/install/traj_interfaces/include/traj_interfaces/msg
[4.931s] -- Installing: /home/tony/webots_ws/install/traj_interfaces/include/traj_interfaces/msg/rosidl_typesupport_introspection_c__visibility_control.h
[4.931s] -- Up-to-date: /home/tony/webots_ws/install/traj_interfaces/include/traj_interfaces/msg/detail
[4.931s] -- Installing: /home/tony/webots_ws/install/traj_interfaces/include/traj_interfaces/msg/detail/bspline__rosidl_typesupport_introspection_c.h
[4.931s] -- Installing: /home/tony/webots_ws/install/traj_interfaces/include/traj_interfaces/msg/detail/bspline__type_support.c
[4.931s] -- Installing: /home/tony/webots_ws/install/traj_interfaces/lib/libtraj_interfaces__rosidl_typesupport_introspection_c.so
[4.932s] -- Set runtime path of "/home/tony/webots_ws/install/traj_interfaces/lib/libtraj_interfaces__rosidl_typesupport_introspection_c.so" to ""
[4.932s] -- Installing: /home/tony/webots_ws/install/traj_interfaces/lib/libtraj_interfaces__rosidl_typesupport_c.so
[4.932s] -- Set runtime path of "/home/tony/webots_ws/install/traj_interfaces/lib/libtraj_interfaces__rosidl_typesupport_c.so" to ""
[4.932s] -- Up-to-date: /home/tony/webots_ws/install/traj_interfaces/include/traj_interfaces
[4.932s] -- Up-to-date: /home/tony/webots_ws/install/traj_interfaces/include/traj_interfaces/msg
[4.932s] -- Installing: /home/tony/webots_ws/install/traj_interfaces/include/traj_interfaces/msg/bspline.hpp
[4.932s] -- Installing: /home/tony/webots_ws/install/traj_interfaces/include/traj_interfaces/msg/rosidl_generator_cpp__visibility_control.hpp
[4.932s] -- Up-to-date: /home/tony/webots_ws/install/traj_interfaces/include/traj_interfaces/msg/detail
[4.933s] -- Installing: /home/tony/webots_ws/install/traj_interfaces/include/traj_interfaces/msg/detail/bspline__traits.hpp
[4.933s] -- Installing: /home/tony/webots_ws/install/traj_interfaces/include/traj_interfaces/msg/detail/bspline__type_support.hpp
[4.933s] -- Installing: /home/tony/webots_ws/install/traj_interfaces/include/traj_interfaces/msg/detail/bspline__builder.hpp
[4.933s] -- Installing: /home/tony/webots_ws/install/traj_interfaces/include/traj_interfaces/msg/detail/bspline__struct.hpp
[4.933s] -- Up-to-date: /home/tony/webots_ws/install/traj_interfaces/include/traj_interfaces
[4.933s] -- Up-to-date: /home/tony/webots_ws/install/traj_interfaces/include/traj_interfaces/msg
[4.933s] -- Up-to-date: /home/tony/webots_ws/install/traj_interfaces/include/traj_interfaces/msg/detail
[4.933s] -- Installing: /home/tony/webots_ws/install/traj_interfaces/include/traj_interfaces/msg/detail/bspline__type_support.cpp
[4.933s] -- Installing: /home/tony/webots_ws/install/traj_interfaces/include/traj_interfaces/msg/detail/bspline__rosidl_typesupport_introspection_cpp.hpp
[4.933s] -- Installing: /home/tony/webots_ws/install/traj_interfaces/lib/libtraj_interfaces__rosidl_typesupport_introspection_cpp.so
[4.934s] -- Set runtime path of "/home/tony/webots_ws/install/traj_interfaces/lib/libtraj_interfaces__rosidl_typesupport_introspection_cpp.so" to ""
[4.934s] -- Installing: /home/tony/webots_ws/install/traj_interfaces/lib/libtraj_interfaces__rosidl_typesupport_cpp.so
[4.934s] -- Set runtime path of "/home/tony/webots_ws/install/traj_interfaces/lib/libtraj_interfaces__rosidl_typesupport_cpp.so" to ""
[4.934s] -- Installing: /home/tony/webots_ws/install/traj_interfaces/share/traj_interfaces/environment/pythonpath.sh
[4.935s] -- Installing: /home/tony/webots_ws/install/traj_interfaces/share/traj_interfaces/environment/pythonpath.dsv
[4.935s] -- Installing: /home/tony/webots_ws/install/traj_interfaces/lib/python3.8/site-packages/traj_interfaces/__init__.py
[4.961s] Compiling '/home/tony/webots_ws/install/traj_interfaces/lib/python3.8/site-packages/traj_interfaces/__init__.py'...
[4.965s] -- Installing: /home/tony/webots_ws/install/traj_interfaces/lib/python3.8/site-packages/traj_interfaces/msg
[4.965s] -- Installing: /home/tony/webots_ws/install/traj_interfaces/lib/python3.8/site-packages/traj_interfaces/msg/__init__.py
[4.965s] -- Installing: /home/tony/webots_ws/install/traj_interfaces/lib/python3.8/site-packages/traj_interfaces/msg/_bspline_s.c
[4.966s] -- Installing: /home/tony/webots_ws/install/traj_interfaces/lib/python3.8/site-packages/traj_interfaces/msg/_bspline.py
[4.966s] -- Installing: /home/tony/webots_ws/install/traj_interfaces/lib/python3.8/site-packages/traj_interfaces/traj_interfaces_s__rosidl_typesupport_fastrtps_c.cpython-38-x86_64-linux-gnu.so
[4.966s] -- Set runtime path of "/home/tony/webots_ws/install/traj_interfaces/lib/python3.8/site-packages/traj_interfaces/traj_interfaces_s__rosidl_typesupport_fastrtps_c.cpython-38-x86_64-linux-gnu.so" to ""
[4.967s] -- Installing: /home/tony/webots_ws/install/traj_interfaces/lib/python3.8/site-packages/traj_interfaces/traj_interfaces_s__rosidl_typesupport_introspection_c.cpython-38-x86_64-linux-gnu.so
[4.967s] -- Set runtime path of "/home/tony/webots_ws/install/traj_interfaces/lib/python3.8/site-packages/traj_interfaces/traj_interfaces_s__rosidl_typesupport_introspection_c.cpython-38-x86_64-linux-gnu.so" to ""
[4.967s] -- Installing: /home/tony/webots_ws/install/traj_interfaces/lib/python3.8/site-packages/traj_interfaces/traj_interfaces_s__rosidl_typesupport_c.cpython-38-x86_64-linux-gnu.so
[4.968s] -- Set runtime path of "/home/tony/webots_ws/install/traj_interfaces/lib/python3.8/site-packages/traj_interfaces/traj_interfaces_s__rosidl_typesupport_c.cpython-38-x86_64-linux-gnu.so" to ""
[4.968s] -- Installing: /home/tony/webots_ws/install/traj_interfaces/lib/libtraj_interfaces__python.so
[4.969s] -- Set runtime path of "/home/tony/webots_ws/install/traj_interfaces/lib/libtraj_interfaces__python.so" to ""
[4.969s] -- Installing: /home/tony/webots_ws/install/traj_interfaces/share/traj_interfaces/msg/Bspline.idl
[4.969s] -- Installing: /home/tony/webots_ws/install/traj_interfaces/share/traj_interfaces/msg/Bspline.msg
[4.969s] -- Installing: /home/tony/webots_ws/install/traj_interfaces/share/ament_index/resource_index/package_run_dependencies/traj_interfaces
[4.970s] -- Installing: /home/tony/webots_ws/install/traj_interfaces/share/ament_index/resource_index/parent_prefix_path/traj_interfaces
[4.970s] -- Installing: /home/tony/webots_ws/install/traj_interfaces/share/traj_interfaces/environment/ament_prefix_path.sh
[4.970s] -- Installing: /home/tony/webots_ws/install/traj_interfaces/share/traj_interfaces/environment/ament_prefix_path.dsv
[4.970s] -- Installing: /home/tony/webots_ws/install/traj_interfaces/share/traj_interfaces/environment/path.sh
[4.970s] -- Installing: /home/tony/webots_ws/install/traj_interfaces/share/traj_interfaces/environment/path.dsv
[4.971s] -- Installing: /home/tony/webots_ws/install/traj_interfaces/share/traj_interfaces/local_setup.bash
[4.971s] -- Installing: /home/tony/webots_ws/install/traj_interfaces/share/traj_interfaces/local_setup.sh
[4.971s] -- Installing: /home/tony/webots_ws/install/traj_interfaces/share/traj_interfaces/local_setup.zsh
[4.971s] -- Installing: /home/tony/webots_ws/install/traj_interfaces/share/traj_interfaces/local_setup.dsv
[4.971s] -- Installing: /home/tony/webots_ws/install/traj_interfaces/share/traj_interfaces/package.dsv
[4.971s] -- Installing: /home/tony/webots_ws/install/traj_interfaces/share/ament_index/resource_index/packages/traj_interfaces
[4.972s] -- Installing: /home/tony/webots_ws/install/traj_interfaces/share/traj_interfaces/cmake/traj_interfaces__rosidl_generator_cExport.cmake
[4.972s] -- Installing: /home/tony/webots_ws/install/traj_interfaces/share/traj_interfaces/cmake/traj_interfaces__rosidl_generator_cExport-noconfig.cmake
[4.972s] -- Installing: /home/tony/webots_ws/install/traj_interfaces/share/traj_interfaces/cmake/traj_interfaces__rosidl_typesupport_introspection_cExport.cmake
[4.972s] -- Installing: /home/tony/webots_ws/install/traj_interfaces/share/traj_interfaces/cmake/traj_interfaces__rosidl_typesupport_introspection_cExport-noconfig.cmake
[4.973s] -- Installing: /home/tony/webots_ws/install/traj_interfaces/share/traj_interfaces/cmake/traj_interfaces__rosidl_typesupport_cExport.cmake
[4.973s] -- Installing: /home/tony/webots_ws/install/traj_interfaces/share/traj_interfaces/cmake/traj_interfaces__rosidl_typesupport_cExport-noconfig.cmake
[4.973s] -- Installing: /home/tony/webots_ws/install/traj_interfaces/share/traj_interfaces/cmake/traj_interfaces__rosidl_generator_cppExport.cmake
[4.973s] -- Installing: /home/tony/webots_ws/install/traj_interfaces/share/traj_interfaces/cmake/traj_interfaces__rosidl_typesupport_introspection_cppExport.cmake
[4.974s] -- Installing: /home/tony/webots_ws/install/traj_interfaces/share/traj_interfaces/cmake/traj_interfaces__rosidl_typesupport_introspection_cppExport-noconfig.cmake
[4.974s] -- Installing: /home/tony/webots_ws/install/traj_interfaces/share/traj_interfaces/cmake/traj_interfaces__rosidl_typesupport_cppExport.cmake
[4.974s] -- Installing: /home/tony/webots_ws/install/traj_interfaces/share/traj_interfaces/cmake/traj_interfaces__rosidl_typesupport_cppExport-noconfig.cmake
[4.974s] -- Installing: /home/tony/webots_ws/install/traj_interfaces/share/traj_interfaces/cmake/rosidl_cmake-extras.cmake
[4.975s] -- Installing: /home/tony/webots_ws/install/traj_interfaces/share/traj_interfaces/cmake/ament_cmake_export_dependencies-extras.cmake
[4.975s] -- Installing: /home/tony/webots_ws/install/traj_interfaces/share/traj_interfaces/cmake/ament_cmake_export_libraries-extras.cmake
[4.975s] -- Installing: /home/tony/webots_ws/install/traj_interfaces/share/traj_interfaces/cmake/ament_cmake_export_targets-extras.cmake
[4.975s] -- Installing: /home/tony/webots_ws/install/traj_interfaces/share/traj_interfaces/cmake/ament_cmake_export_include_directories-extras.cmake
[4.975s] -- Installing: /home/tony/webots_ws/install/traj_interfaces/share/traj_interfaces/cmake/rosidl_cmake_export_typesupport_libraries-extras.cmake
[4.976s] -- Installing: /home/tony/webots_ws/install/traj_interfaces/share/traj_interfaces/cmake/rosidl_cmake_export_typesupport_targets-extras.cmake
[4.976s] -- Installing: /home/tony/webots_ws/install/traj_interfaces/share/traj_interfaces/cmake/traj_interfacesConfig.cmake
[4.976s] -- Installing: /home/tony/webots_ws/install/traj_interfaces/share/traj_interfaces/cmake/traj_interfacesConfig-version.cmake
[4.976s] -- Installing: /home/tony/webots_ws/install/traj_interfaces/share/traj_interfaces/package.xml
[4.979s] Invoked command in '/home/tony/webots_ws/build/traj_interfaces' returned '0': CMAKE_PREFIX_PATH=${CMAKE_PREFIX_PATH}:/home/tony/webots_ws/install/my_package:/home/tony/webots_ws/install/my_mir_package:/home/tony/webots_ws/install/multi_mir_package:/opt/ros/foxy /usr/bin/cmake --install /home/tony/webots_ws/build/traj_interfaces
