[0.515s] Invoking command in '/home/tony/webots_ws/src/post_train': PYTHONPATH=/home/tony/webots_ws/build/post_train/prefix_override:/home/tony/webots_ws/install/post_train/lib/python3.8/site-packages:${PYTHONPATH} /usr/bin/python3 -W ignore:setup.py install is deprecated setup.py egg_info --egg-base ../../build/post_train build --build-base /home/tony/webots_ws/build/post_train/build install --record /home/tony/webots_ws/build/post_train/install.log --install-scripts $base/lib/post_train --single-version-externally-managed install_data
[0.675s] running egg_info
[0.675s] writing ../../build/post_train/post_train.egg-info/PKG-INFO
[0.675s] writing dependency_links to ../../build/post_train/post_train.egg-info/dependency_links.txt
[0.676s] writing entry points to ../../build/post_train/post_train.egg-info/entry_points.txt
[0.676s] writing requirements to ../../build/post_train/post_train.egg-info/requires.txt
[0.676s] writing top-level names to ../../build/post_train/post_train.egg-info/top_level.txt
[0.698s] reading manifest file '../../build/post_train/post_train.egg-info/SOURCES.txt'
[0.698s] writing manifest file '../../build/post_train/post_train.egg-info/SOURCES.txt'
[0.699s] running build
[0.699s] running build_py
[0.699s] running install
[0.699s] running install_lib
[0.700s] running install_data
[0.700s] running install_egg_info
[0.701s] removing '/home/tony/webots_ws/install/post_train/lib/python3.8/site-packages/post_train-0.0.0-py3.8.egg-info' (and everything under it)
[0.702s] Copying ../../build/post_train/post_train.egg-info to /home/tony/webots_ws/install/post_train/lib/python3.8/site-packages/post_train-0.0.0-py3.8.egg-info
[0.702s] running install_scripts
[0.714s] Installing post_train script to /home/tony/webots_ws/install/post_train/lib/post_train
[0.714s] writing list of installed files to '/home/tony/webots_ws/build/post_train/install.log'
[0.733s] Invoked command in '/home/tony/webots_ws/src/post_train' returned '0': PYTHONPATH=/home/tony/webots_ws/build/post_train/prefix_override:/home/tony/webots_ws/install/post_train/lib/python3.8/site-packages:${PYTHONPATH} /usr/bin/python3 -W ignore:setup.py install is deprecated setup.py egg_info --egg-base ../../build/post_train build --build-base /home/tony/webots_ws/build/post_train/build install --record /home/tony/webots_ws/build/post_train/install.log --install-scripts $base/lib/post_train --single-version-externally-managed install_data
