[0.694s] Invoking command in '/home/tony/webots_ws/src/my_package': PYTHONPATH=/home/tony/webots_ws/build/my_package/prefix_override:/home/tony/webots_ws/install/my_package/lib/python3.8/site-packages:${PYTHONPATH} /usr/bin/python3 -W ignore:setup.py install is deprecated setup.py egg_info --egg-base ../../build/my_package build --build-base /home/tony/webots_ws/build/my_package/build install --record /home/tony/webots_ws/build/my_package/install.log --install-scripts $base/lib/my_package --single-version-externally-managed install_data
[0.864s] running egg_info
[0.865s] writing ../../build/my_package/my_package.egg-info/PKG-INFO
[0.865s] writing dependency_links to ../../build/my_package/my_package.egg-info/dependency_links.txt
[0.865s] writing entry points to ../../build/my_package/my_package.egg-info/entry_points.txt
[0.865s] writing requirements to ../../build/my_package/my_package.egg-info/requires.txt
[0.865s] writing top-level names to ../../build/my_package/my_package.egg-info/top_level.txt
[0.894s] reading manifest file '../../build/my_package/my_package.egg-info/SOURCES.txt'
[0.895s] writing manifest file '../../build/my_package/my_package.egg-info/SOURCES.txt'
[0.895s] running build
[0.895s] running build_py
[0.895s] running install
[0.896s] running install_lib
[0.898s] running install_data
[0.898s] running install_egg_info
[0.900s] removing '/home/tony/webots_ws/install/my_package/lib/python3.8/site-packages/my_package-0.0.0-py3.8.egg-info' (and everything under it)
[0.900s] Copying ../../build/my_package/my_package.egg-info to /home/tony/webots_ws/install/my_package/lib/python3.8/site-packages/my_package-0.0.0-py3.8.egg-info
[0.902s] running install_scripts
[0.919s] Installing my_robot_driver script to /home/tony/webots_ws/install/my_package/lib/my_package
[0.919s] Installing obstacle_avoider script to /home/tony/webots_ws/install/my_package/lib/my_package
[0.919s] writing list of installed files to '/home/tony/webots_ws/build/my_package/install.log'
[0.947s] Invoked command in '/home/tony/webots_ws/src/my_package' returned '0': PYTHONPATH=/home/tony/webots_ws/build/my_package/prefix_override:/home/tony/webots_ws/install/my_package/lib/python3.8/site-packages:${PYTHONPATH} /usr/bin/python3 -W ignore:setup.py install is deprecated setup.py egg_info --egg-base ../../build/my_package build --build-base /home/tony/webots_ws/build/my_package/build install --record /home/tony/webots_ws/build/my_package/install.log --install-scripts $base/lib/my_package --single-version-externally-managed install_data
