[0.028s] Invoking command in '/home/tony/webots_ws/build/mpc_controller': CMAKE_PREFIX_PATH=/home/tony/webots_ws/install/motor_interfaces:/home/tony/webots_ws/install/traj_publish:/home/tony/webots_ws/install/my_package:/home/tony/webots_ws/install/my_mir_package:/opt/ros/foxy PYTHONPATH=/home/tony/webots_ws/install/motor_interfaces/lib/python3.8/site-packages:/home/tony/webots_ws/install/my_package/lib/python3.8/site-packages:/home/tony/webots_ws/install/my_mir_package/lib/python3.8/site-packages:/opt/ros/foxy/lib/python3.8/site-packages /usr/bin/cmake --build /home/tony/webots_ws/build/mpc_controller -- -j16 -l16
[0.091s] [35m[1mScanning dependencies of target control_node[0m
[0.146s] [ 50%] [32mBuilding CXX object CMakeFiles/control_node.dir/src/control_node.cpp.o[0m
[1.143s] In file included from [01m[K/home/tony/webots_ws/src/qpOASES/include/qpOASES/QProblemB.hpp:1014[m[K,
[1.143s]                  from [01m[K/home/tony/webots_ws/src/qpOASES/include/qpOASES.hpp:66[m[K,
[1.144s]                  from [01m[K/home/tony/webots_ws/src/mpc_controller/include/mpc_controller/mpc_controller.hpp:4[m[K,
[1.144s]                  from [01m[K/home/tony/webots_ws/src/mpc_controller/src/control_node.cpp:5[m[K:
[1.144s] [01m[K/home/tony/webots_ws/src/qpOASES/include/qpOASES/QProblemB.ipp:[m[K In member function ‘[01m[Kvoid qpOASES::QProblemB::applyGivens(qpOASES::real_t, qpOASES::real_t, qpOASES::real_t, qpOASES::real_t, qpOASES::real_t, qpOASES::real_t&, qpOASES::real_t&) const[m[K’:
[1.144s] [01m[K/home/tony/webots_ws/src/qpOASES/include/qpOASES/QProblemB.ipp:447:64:[m[K [01;35m[Kwarning: [m[Kunused parameter ‘[01m[Knu[m[K’ [[01;35m[K-Wunused-parameter[m[K]
[1.144s]   447 | inline void QProblemB::applyGivens( real_t c, real_t s, [01;35m[Kreal_t nu[m[K, real_t xold, real_t yold,
[1.144s]       |                                                         [01;35m[K~~~~~~~^~[m[K
[1.144s] In file included from [01m[K/home/tony/webots_ws/src/qpOASES/include/qpOASES/QProblem.hpp:43[m[K,
[1.144s]                  from [01m[K/home/tony/webots_ws/src/qpOASES/include/qpOASES.hpp:67[m[K,
[1.144s]                  from [01m[K/home/tony/webots_ws/src/mpc_controller/include/mpc_controller/mpc_controller.hpp:4[m[K,
[1.144s]                  from [01m[K/home/tony/webots_ws/src/mpc_controller/src/control_node.cpp:5[m[K:
[1.144s] [01m[K/home/tony/webots_ws/src/qpOASES/include/qpOASES/ConstraintProduct.hpp:[m[K In copy constructor ‘[01m[KqpOASES::ConstraintProduct::ConstraintProduct(const qpOASES::ConstraintProduct&)[m[K’:
[1.144s] [01m[K/home/tony/webots_ws/src/qpOASES/include/qpOASES/ConstraintProduct.hpp:64:47:[m[K [01;35m[Kwarning: [m[Kunused parameter ‘[01m[KtoCopy[m[K’ [[01;35m[K-Wunused-parameter[m[K]
[1.144s]    64 |   ConstraintProduct( [01;35m[Kconst ConstraintProduct &toCopy[m[K /**< Rhs object. */
[1.144s]       |                      [01;35m[K~~~~~~~~~~~~~~~~~~~~~~~~~^~~~~~[m[K
[1.145s] [01m[K/home/tony/webots_ws/src/qpOASES/include/qpOASES/ConstraintProduct.hpp:[m[K In member function ‘[01m[KqpOASES::ConstraintProduct& qpOASES::ConstraintProduct::operator=(const qpOASES::ConstraintProduct&)[m[K’:
[1.145s] [01m[K/home/tony/webots_ws/src/qpOASES/include/qpOASES/ConstraintProduct.hpp:71:58:[m[K [01;35m[Kwarning: [m[Kunused parameter ‘[01m[KtoCopy[m[K’ [[01;35m[K-Wunused-parameter[m[K]
[1.145s]    71 |   ConstraintProduct &operator=( [01;35m[Kconst ConstraintProduct &toCopy[m[K /**< Rhs object. */
[1.145s]       |                                 [01;35m[K~~~~~~~~~~~~~~~~~~~~~~~~~^~~~~~[m[K
[1.913s] [01m[K/home/tony/webots_ws/src/mpc_controller/src/control_node.cpp:[m[K In member function ‘[01m[Kvoid control_node::traj_callback(nav_msgs::msg::Path_<std::allocator<void> >::SharedPtr)[m[K’:
[1.913s] [01m[K/home/tony/webots_ws/src/mpc_controller/src/control_node.cpp:96:41:[m[K [01;31m[Kerror: [m[K‘[01m[Kusing element_type = struct nav_msgs::msg::Path_<std::allocator<void> >[m[K’ {aka ‘[01m[Kstruct nav_msgs::msg::Path_<std::allocator<void> >[m[K’} has no member named ‘[01m[Kpos_pts[m[K’; did you mean ‘[01m[Kposes[m[K’?
[1.913s]    96 |         Eigen::MatrixXd pos_pts(3, msg->[01;31m[Kpos_pts[m[K.size());
[1.913s]       |                                         [01;31m[K^~~~~~~[m[K
[1.913s]       |                                         [32m[Kposes[m[K
[1.913s] [01m[K/home/tony/webots_ws/src/mpc_controller/src/control_node.cpp:98:27:[m[K [01;35m[Kwarning: [m[Kcomparison of integer expressions of different signedness: ‘[01m[Kint[m[K’ and ‘[01m[Kstd::vector<geometry_msgs::msg::PoseStamped_<std::allocator<void> >, std::allocator<geometry_msgs::msg::PoseStamped_<std::allocator<void> > > >::size_type[m[K’ {aka ‘[01m[Klong unsigned int[m[K’} [[01;35m[K-Wsign-compare[m[K]
[1.914s]    98 |         for (int i = 0; [01;35m[Ki < msg->poses.size()[m[K; i++)
[1.914s]       |                         [01;35m[K~~^~~~~~~~~~~~~~~~~~~[m[K
[1.914s] [01m[K/home/tony/webots_ws/src/mpc_controller/src/control_node.cpp:107:32:[m[K [01;31m[Kerror: [m[Kno matching function for call to ‘[01m[Kstd::vector<bspline_planner::UniformBspline>::push_back(Eigen::MatrixXd&)[m[K’
[1.914s]   107 |         traj_.push_back(pos_pts[01;31m[K)[m[K;
[1.914s]       |                                [01;31m[K^[m[K
[1.914s] In file included from [01m[K/usr/include/c++/9/vector:67[m[K,
[1.915s]                  from [01m[K/opt/ros/foxy/include/rosidl_runtime_cpp/bounded_vector.hpp:22[m[K,
[1.915s]                  from [01m[K/opt/ros/foxy/include/std_msgs/msg/detail/u_int8__struct.hpp:8[m[K,
[1.915s]                  from [01m[K/opt/ros/foxy/include/std_msgs/msg/u_int8.hpp:7[m[K,
[1.915s]                  from [01m[K/home/tony/webots_ws/src/mpc_controller/src/control_node.cpp:3[m[K:
[1.915s] [01m[K/usr/include/c++/9/bits/stl_vector.h:1184:7:[m[K [01;36m[Knote: [m[Kcandidate: ‘[01m[Kvoid std::vector<_Tp, _Alloc>::push_back(const value_type&) [with _Tp = bspline_planner::UniformBspline; _Alloc = std::allocator<bspline_planner::UniformBspline>; std::vector<_Tp, _Alloc>::value_type = bspline_planner::UniformBspline][m[K’
[1.915s]  1184 |       [01;36m[Kpush_back[m[K(const value_type& __x)
[1.915s]       |       [01;36m[K^~~~~~~~~[m[K
[1.915s] [01m[K/usr/include/c++/9/bits/stl_vector.h:1184:35:[m[K [01;36m[Knote: [m[K  no known conversion for argument 1 from ‘[01m[KEigen::MatrixXd[m[K’ {aka ‘[01m[KEigen::Matrix<double, -1, -1>[m[K’} to ‘[01m[Kconst value_type&[m[K’ {aka ‘[01m[Kconst bspline_planner::UniformBspline&[m[K’}
[1.915s]  1184 |       push_back([01;36m[Kconst value_type& __x[m[K)
[1.915s]       |                 [01;36m[K~~~~~~~~~~~~~~~~~~^~~[m[K
[1.915s] [01m[K/usr/include/c++/9/bits/stl_vector.h:1200:7:[m[K [01;36m[Knote: [m[Kcandidate: ‘[01m[Kvoid std::vector<_Tp, _Alloc>::push_back(std::vector<_Tp, _Alloc>::value_type&&) [with _Tp = bspline_planner::UniformBspline; _Alloc = std::allocator<bspline_planner::UniformBspline>; std::vector<_Tp, _Alloc>::value_type = bspline_planner::UniformBspline][m[K’
[1.915s]  1200 |       [01;36m[Kpush_back[m[K(value_type&& __x)
[1.915s]       |       [01;36m[K^~~~~~~~~[m[K
[1.915s] [01m[K/usr/include/c++/9/bits/stl_vector.h:1200:30:[m[K [01;36m[Knote: [m[K  no known conversion for argument 1 from ‘[01m[KEigen::MatrixXd[m[K’ {aka ‘[01m[KEigen::Matrix<double, -1, -1>[m[K’} to ‘[01m[Kstd::vector<bspline_planner::UniformBspline>::value_type&&[m[K’ {aka ‘[01m[Kbspline_planner::UniformBspline&&[m[K’}
[1.915s]  1200 |       push_back([01;36m[Kvalue_type&& __x[m[K)
[1.916s]       |                 [01;36m[K~~~~~~~~~~~~~^~~[m[K
[1.948s] [01m[K/home/tony/webots_ws/src/mpc_controller/src/control_node.cpp:[m[K In member function ‘[01m[Kvoid control_node::MPC_calculate(double&)[m[K’:
[1.948s] [01m[K/home/tony/webots_ws/src/mpc_controller/src/control_node.cpp:232:15:[m[K [01;31m[Kerror: [m[K‘[01m[Kmpc_controller[m[K’ was not declared in this scope; did you mean ‘[01m[KMPC_controller[m[K’?
[1.948s]   232 |         u_k = [01;31m[Kmpc_controller[m[K.MPC_Solve_qp(X_k, X_r, U_r, N); // 当前状态，参考状态，参考输入，预测步数
[1.948s]       |               [01;31m[K^~~~~~~~~~~~~~[m[K
[1.948s]       |               [32m[KMPC_controller[m[K
[1.949s] [01m[K/home/tony/webots_ws/src/mpc_controller/src/control_node.cpp:236:13:[m[K [01;31m[Kerror: [m[K‘[01m[Kcmd[m[K’ was not declared in this scope
[1.949s]   236 |             [01;31m[Kcmd[m[K.linear.x = -u_k.col(0)(0);
[1.949s]       |             [01;31m[K^~~[m[K
[1.959s] [01m[K/home/tony/webots_ws/src/mpc_controller/src/control_node.cpp:240:13:[m[K [01;31m[Kerror: [m[K‘[01m[Kcmd[m[K’ was not declared in this scope
[1.959s]   240 |             [01;31m[Kcmd[m[K.linear.x = u_k.col(0)(0);
[1.959s]       |             [01;31m[K^~~[m[K
[1.960s] [01m[K/home/tony/webots_ws/src/mpc_controller/src/control_node.cpp:243:9:[m[K [01;31m[Kerror: [m[K‘[01m[Kcmd[m[K’ was not declared in this scope
[1.960s]   243 |         [01;31m[Kcmd[m[K.angular.z = u_k.col(0)(1);
[1.961s]       |         [01;31m[K^~~[m[K
[1.962s] [01m[K/home/tony/webots_ws/src/mpc_controller/src/control_node.cpp:248:13:[m[K [01;31m[Kerror: [m[K‘[01m[KROS_WARN[m[K’ was not declared in this scope
[1.962s]   248 |             [01;31m[KROS_WARN[m[K("U r :");
[1.962s]       |             [01;31m[K^~~~~~~~[m[K
[1.962s] [01m[K/home/tony/webots_ws/src/mpc_controller/src/control_node.cpp:249:31:[m[K [01;35m[Kwarning: [m[Kcomparison of integer expressions of different signedness: ‘[01m[Kint[m[K’ and ‘[01m[Kstd::vector<Eigen::Matrix<double, 2, 1> >::size_type[m[K’ {aka ‘[01m[Klong unsigned int[m[K’} [[01;35m[K-Wsign-compare[m[K]
[1.962s]   249 |             for (int i = 0; [01;35m[Ki < U_r.size()[m[K; i++)
[1.962s]       |                             [01;35m[K~~^~~~~~~~~~~~[m[K
[1.967s] [01m[K/home/tony/webots_ws/src/mpc_controller/src/control_node.cpp:267:9:[m[K [01;31m[Kerror: [m[K‘[01m[Kvel_cmd_pub[m[K’ was not declared in this scope
[1.967s]   267 |         [01;31m[Kvel_cmd_pub[m[K.publish(cmd);
[1.967s]       |         [01;31m[K^~~~~~~~~~~[m[K
[1.967s] [01m[K/home/tony/webots_ws/src/mpc_controller/src/control_node.cpp:131:16:[m[K [01;35m[Kwarning: [m[Kunused variable ‘[01m[Kyaw_start[m[K’ [[01;35m[K-Wunused-variable[m[K]
[1.967s]   131 |         double [01;35m[Kyaw_start[m[K = atan2(vel_start(1), vel_start(0));       // 初始航向角
[1.967s]       |                [01;35m[K^~~~~~~~~[m[K
[1.969s] [01m[K/home/tony/webots_ws/src/mpc_controller/src/control_node.cpp:[m[K In member function ‘[01m[Kvoid control_node::cmdCallback()[m[K’:
[1.969s] [01m[K/home/tony/webots_ws/src/mpc_controller/src/control_node.cpp:273:13:[m[K [01;31m[Kerror: [m[K‘[01m[Kstop_command[m[K’ was not declared in this scope
[1.969s]   273 |         if ([01;31m[Kstop_command[m[K.data == 1)
[1.969s]       |             [01;31m[K^~~~~~~~~~~~[m[K
[1.971s] [01m[K/home/tony/webots_ws/src/mpc_controller/src/control_node.cpp:277:13:[m[K [01;31m[Kerror: [m[K‘[01m[Kvel_cmd_pub[m[K’ was not declared in this scope
[1.971s]   277 |             [01;31m[Kvel_cmd_pub[m[K.publish(motor_cmd);
[1.971s]       |             [01;31m[K^~~~~~~~~~~[m[K
[1.971s] [01m[K/home/tony/webots_ws/src/mpc_controller/src/control_node.cpp:284:31:[m[K [01;31m[Kerror: [m[K‘[01m[Kros[m[K’ has not been declared
[1.972s]   284 |         rclcpp::Time time_s = [01;31m[Kros[m[K::Time::now();
[1.972s]       |                               [01;31m[K^~~[m[K
[1.972s] [01m[K/home/tony/webots_ws/src/mpc_controller/src/control_node.cpp:285:47:[m[K [01;31m[Kerror: [m[K‘[01m[Kclass rclcpp::Duration[m[K’ has no member named ‘[01m[KtoSec[m[K’
[1.972s]   285 |         double t_cur = (time_s - start_time_).[01;31m[KtoSec[m[K();
[1.972s]       |                                               [01;31m[K^~~~~[m[K
[1.972s] [01m[K/home/tony/webots_ws/src/mpc_controller/src/control_node.cpp:286:55:[m[K [01;31m[Kerror: [m[K‘[01m[Know[m[K’ is not a member of ‘[01m[Krclcpp::Time[m[K’
[1.972s]   286 |         static rclcpp::Time time_last = rclcpp::Time::[01;31m[Know[m[K();
[1.972s]       |                                                       [01;31m[K^~~[m[K
[1.973s] [01m[K/home/tony/webots_ws/src/mpc_controller/src/control_node.cpp:301:13:[m[K [01;31m[Kerror: [m[K‘[01m[Kvel_cmd_pub[m[K’ was not declared in this scope
[1.973s]   301 |             [01;31m[Kvel_cmd_pub[m[K.publish(motor_cmd);
[1.973s]       |             [01;31m[K^~~~~~~~~~~[m[K
[1.981s] [01m[K/home/tony/webots_ws/src/mpc_controller/src/control_node.cpp:[m[K In function ‘[01m[Kint main(int, char**)[m[K’:
[1.981s] [01m[K/home/tony/webots_ws/src/mpc_controller/src/control_node.cpp:319:139:[m[K [01;31m[Kerror: [m[Kinvalid use of ‘[01m[Kthis[m[K’ in non-member function
[1.981s]   319 | timer(std::chrono::milliseconds(30), std::bind(&control_node::cmdCallback, [01;31m[Kthis[m[K));
[1.981s]       |                                                                            [01;31m[K^~~~[m[K
[1.981s] 
[2.566s] In file included from [01m[K/usr/include/x86_64-linux-gnu/c++/9/bits/c++allocator.h:33[m[K,
[2.566s]                  from [01m[K/usr/include/c++/9/bits/allocator.h:46[m[K,
[2.566s]                  from [01m[K/usr/include/c++/9/memory:63[m[K,
[2.566s]                  from [01m[K/opt/ros/foxy/include/rosidl_runtime_cpp/bounded_vector.hpp:19[m[K,
[2.566s]                  from [01m[K/opt/ros/foxy/include/std_msgs/msg/detail/u_int8__struct.hpp:8[m[K,
[2.566s]                  from [01m[K/opt/ros/foxy/include/std_msgs/msg/u_int8.hpp:7[m[K,
[2.566s]                  from [01m[K/home/tony/webots_ws/src/mpc_controller/src/control_node.cpp:3[m[K:
[2.566s] /usr/include/c++/9/ext/new_allocator.h: In instantiation of ‘[01m[Kvoid __gnu_cxx::new_allocator<_Tp>::construct(_Up*, _Args&& ...) [with _Up = control_node; _Args = {const char (&)[13]}; _Tp = control_node][m[K’:
[2.566s] [01m[K/usr/include/c++/9/bits/alloc_traits.h:483:4:[m[K   required from ‘[01m[Kstatic void std::allocator_traits<std::allocator<_Tp> >::construct(std::allocator_traits<std::allocator<_Tp> >::allocator_type&, _Up*, _Args&& ...) [with _Up = control_node; _Args = {const char (&)[13]}; _Tp = control_node; std::allocator_traits<std::allocator<_Tp> >::allocator_type = std::allocator<control_node>][m[K’
[2.566s] [01m[K/usr/include/c++/9/bits/shared_ptr_base.h:548:39:[m[K   required from ‘[01m[Kstd::_Sp_counted_ptr_inplace<_Tp, _Alloc, _Lp>::_Sp_counted_ptr_inplace(_Alloc, _Args&& ...) [with _Args = {const char (&)[13]}; _Tp = control_node; _Alloc = std::allocator<control_node>; __gnu_cxx::_Lock_policy _Lp = __gnu_cxx::_S_atomic][m[K’
[2.566s] [01m[K/usr/include/c++/9/bits/shared_ptr_base.h:679:16:[m[K   required from ‘[01m[Kstd::__shared_count<_Lp>::__shared_count(_Tp*&, std::_Sp_alloc_shared_tag<_Alloc>, _Args&& ...) [with _Tp = control_node; _Alloc = std::allocator<control_node>; _Args = {const char (&)[13]}; __gnu_cxx::_Lock_policy _Lp = __gnu_cxx::_S_atomic][m[K’
[2.566s] [01m[K/usr/include/c++/9/bits/shared_ptr_base.h:1344:71:[m[K   required from ‘[01m[Kstd::__shared_ptr<_Tp, _Lp>::__shared_ptr(std::_Sp_alloc_shared_tag<_Tp>, _Args&& ...) [with _Alloc = std::allocator<control_node>; _Args = {const char (&)[13]}; _Tp = control_node; __gnu_cxx::_Lock_policy _Lp = __gnu_cxx::_S_atomic][m[K’
[2.566s] [01m[K/usr/include/c++/9/bits/shared_ptr.h:359:59:[m[K   required from ‘[01m[Kstd::shared_ptr<_Tp>::shared_ptr(std::_Sp_alloc_shared_tag<_Tp>, _Args&& ...) [with _Alloc = std::allocator<control_node>; _Args = {const char (&)[13]}; _Tp = control_node][m[K’
[2.566s] [01m[K/usr/include/c++/9/bits/shared_ptr.h:701:14:[m[K   required from ‘[01m[Kstd::shared_ptr<_Tp> std::allocate_shared(const _Alloc&, _Args&& ...) [with _Tp = control_node; _Alloc = std::allocator<control_node>; _Args = {const char (&)[13]}][m[K’
[2.567s] [01m[K/usr/include/c++/9/bits/shared_ptr.h:717:39:[m[K   required from ‘[01m[Kstd::shared_ptr<_Tp> std::make_shared(_Args&& ...) [with _Tp = control_node; _Args = {const char (&)[13]}][m[K’
[2.567s] [01m[K/home/tony/webots_ws/src/mpc_controller/src/control_node.cpp:317:62:[m[K   required from here
[2.567s] [01m[K/usr/include/c++/9/ext/new_allocator.h:146:4:[m[K [01;31m[Kerror: [m[K‘[01m[Kcontrol_node::control_node(std::string)[m[K’ is private within this context
[2.567s]   146 |  { [01;31m[K::new((void *)__p) _Up(std::forward<_Args>(__args)...)[m[K; }
[2.567s]       |    [01;31m[K^~~~~~~~~~~~~~~~~~~~~~~~~~~~~~~~~~~~~~~~~~~~~~~~~~~~~~[m[K
[2.567s] [01m[K/home/tony/webots_ws/src/mpc_controller/src/control_node.cpp:40:5:[m[K [01;36m[Knote: [m[Kdeclared private here
[2.567s]    40 |     [01;36m[Kcontrol_node[m[K(std::string node_name) : Node(node_name)
[2.567s]       |     [01;36m[K^~~~~~~~~~~~[m[K
[4.034s] make[2]: *** [CMakeFiles/control_node.dir/build.make:63: CMakeFiles/control_node.dir/src/control_node.cpp.o] Error 1
[4.035s] make[1]: *** [CMakeFiles/Makefile2:78: CMakeFiles/control_node.dir/all] Error 2
[4.035s] make: *** [Makefile:141: all] Error 2
[4.037s] Invoked command in '/home/tony/webots_ws/build/mpc_controller' returned '2': CMAKE_PREFIX_PATH=/home/tony/webots_ws/install/motor_interfaces:/home/tony/webots_ws/install/traj_publish:/home/tony/webots_ws/install/my_package:/home/tony/webots_ws/install/my_mir_package:/opt/ros/foxy PYTHONPATH=/home/tony/webots_ws/install/motor_interfaces/lib/python3.8/site-packages:/home/tony/webots_ws/install/my_package/lib/python3.8/site-packages:/home/tony/webots_ws/install/my_mir_package/lib/python3.8/site-packages:/opt/ros/foxy/lib/python3.8/site-packages /usr/bin/cmake --build /home/tony/webots_ws/build/mpc_controller -- -j16 -l16
