[01m[K/home/tony/webots_ws/src/mpc_controller/src/mpc_controller.cpp:[m[K In member function ‘[01m[KEigen::MatrixXd MPC_controller::MPC_Solve_qp(Eigen::Vector3d, std::vector<Eigen::Matrix<double, 3, 1> >, std::vector<Eigen::Matrix<double, 2, 1> >, int)[m[K’:
[01m[K/home/tony/webots_ws/src/mpc_controller/src/mpc_controller.cpp:82:12:[m[K [01;35m[Kwarning: [m[KISO C++ forbids variable length array ‘[01m[KH[m[K’ [[01;35m[K-Wvla[m[K]
   82 |     real_t [01;35m[KH[m[K[2*N*2*N],g[2*N],A[2*N],lb[2*N],ub[2*N],lbA[1],ubA[1];
      |            [01;35m[K^[m[K
[01m[K/home/tony/webots_ws/src/mpc_controller/src/mpc_controller.cpp:82:23:[m[K [01;35m[Kwarning: [m[KISO C++ forbids variable length array ‘[01m[Kg[m[K’ [[01;35m[K-Wvla[m[K]
   82 |     real_t H[2*N*2*N],[01;35m[Kg[m[K[2*N],A[2*N],lb[2*N],ub[2*N],lbA[1],ubA[1];
      |                       [01;35m[K^[m[K
[01m[K/home/tony/webots_ws/src/mpc_controller/src/mpc_controller.cpp:82:30:[m[K [01;35m[Kwarning: [m[KISO C++ forbids variable length array ‘[01m[KA[m[K’ [[01;35m[K-Wvla[m[K]
   82 |     real_t H[2*N*2*N],g[2*N],[01;35m[KA[m[K[2*N],lb[2*N],ub[2*N],lbA[1],ubA[1];
      |                              [01;35m[K^[m[K
[01m[K/home/tony/webots_ws/src/mpc_controller/src/mpc_controller.cpp:82:37:[m[K [01;35m[Kwarning: [m[KISO C++ forbids variable length array ‘[01m[Klb[m[K’ [[01;35m[K-Wvla[m[K]
   82 |     real_t H[2*N*2*N],g[2*N],A[2*N],[01;35m[Klb[m[K[2*N],ub[2*N],lbA[1],ubA[1];
      |                                     [01;35m[K^~[m[K
[01m[K/home/tony/webots_ws/src/mpc_controller/src/mpc_controller.cpp:82:45:[m[K [01;35m[Kwarning: [m[KISO C++ forbids variable length array ‘[01m[Kub[m[K’ [[01;35m[K-Wvla[m[K]
   82 |     real_t H[2*N*2*N],g[2*N],A[2*N],lb[2*N],[01;35m[Kub[m[K[2*N],lbA[1],ubA[1];
      |                                             [01;35m[K^~[m[K
[01m[K/home/tony/webots_ws/src/mpc_controller/src/mpc_controller.cpp:110:12:[m[K [01;35m[Kwarning: [m[KISO C++ forbids variable length array ‘[01m[Kx_solution[m[K’ [[01;35m[K-Wvla[m[K]
  110 |     real_t [01;35m[Kx_solution[m[K[2*N];
      |            [01;35m[K^~~~~~~~~~[m[K
/usr/bin/ld: /usr/lib/gcc/x86_64-linux-gnu/9/../../../x86_64-linux-gnu/Scrt1.o: in function `_start':
(.text+0x24): undefined reference to `main'
/usr/bin/ld: CMakeFiles/control_node.dir/src/mpc_controller.cpp.o: in function `MPC_controller::MPC_Solve_qp(Eigen::Matrix<double, 3, 1, 0, 3, 1>, std::vector<Eigen::Matrix<double, 3, 1, 0, 3, 1>, std::allocator<Eigen::Matrix<double, 3, 1, 0, 3, 1> > >, std::vector<Eigen::Matrix<double, 2, 1, 0, 2, 1>, std::allocator<Eigen::Matrix<double, 2, 1, 0, 2, 1> > >, int)':
mpc_controller.cpp:(.text+0x14ad): undefined reference to `qpOASES::QProblem::QProblem(int, int, qpOASES::HessianType, qpOASES::BooleanType)'
/usr/bin/ld: mpc_controller.cpp:(.text+0x1501): undefined reference to `qpOASES::QProblem::init(double const*, double const*, double const*, double const*, double const*, double const*, double const*, int&, double*, double const*, double const*, qpOASES::Bounds const*, qpOASES::Constraints const*, double const*)'
/usr/bin/ld: mpc_controller.cpp:(.text+0x1604): undefined reference to `qpOASES::QProblemB::getPrimalSolution(double*) const'
/usr/bin/ld: mpc_controller.cpp:(.text+0x1712): undefined reference to `qpOASES::QProblem::~QProblem()'
/usr/bin/ld: mpc_controller.cpp:(.text+0x1912): undefined reference to `qpOASES::QProblem::~QProblem()'
collect2: error: ld returned 1 exit status
make[2]: *** [CMakeFiles/control_node.dir/build.make:148: control_node] Error 1
make[1]: *** [CMakeFiles/Makefile2:78: CMakeFiles/control_node.dir/all] Error 2
make: *** [Makefile:141: all] Error 2
