[0.023s] Invoking command in '/home/tony/webots_ws/build/mpc_controller': CMAKE_PREFIX_PATH=/home/tony/webots_ws/install/motor_interfaces:/home/tony/webots_ws/install/traj_publish:/home/tony/webots_ws/install/my_package:/home/tony/webots_ws/install/my_mir_package:/opt/ros/foxy PYTHONPATH=/home/tony/webots_ws/install/motor_interfaces/lib/python3.8/site-packages:/home/tony/webots_ws/install/my_package/lib/python3.8/site-packages:/home/tony/webots_ws/install/my_mir_package/lib/python3.8/site-packages:/opt/ros/foxy/lib/python3.8/site-packages /usr/bin/cmake --build /home/tony/webots_ws/build/mpc_controller -- -j16 -l16
[0.055s] -- Found ament_cmake: 0.9.12 (/opt/ros/foxy/share/ament_cmake/cmake)
[0.077s] -- Using PYTHON_EXECUTABLE: /usr/bin/python3
[0.228s] -- Found rclcpp: 2.4.3 (/opt/ros/foxy/share/rclcpp/cmake)
[0.254s] -- Using all available rosidl_typesupport_c: rosidl_typesupport_fastrtps_c;rosidl_typesupport_introspection_c
[0.257s] -- Found rosidl_adapter: 1.3.1 (/opt/ros/foxy/share/rosidl_adapter/cmake)
[0.360s] -- Using all available rosidl_typesupport_cpp: rosidl_typesupport_fastrtps_cpp;rosidl_typesupport_introspection_cpp
[0.393s] -- Found rmw_implementation_cmake: 1.0.4 (/opt/ros/foxy/share/rmw_implementation_cmake/cmake)
[0.394s] -- Using RMW implementation 'rmw_fastrtps_cpp' as default
[0.491s] -- Found geometry_msgs: 2.0.5 (/opt/ros/foxy/share/geometry_msgs/cmake)
[0.514s] -- Found nav_msgs: 2.0.5 (/opt/ros/foxy/share/nav_msgs/cmake)
[0.562s] -- Found tf2: 0.13.14 (/opt/ros/foxy/share/tf2/cmake)
[0.569s] -- Found motor_interfaces: 0.0.0 (/home/tony/webots_ws/install/motor_interfaces/share/motor_interfaces/cmake)
[0.573s] -- Found ament_lint_auto: 0.9.8 (/opt/ros/foxy/share/ament_lint_auto/cmake)
[0.636s] -- Added test 'copyright' to check source files copyright and LICENSE
[0.637s] -- Added test 'cppcheck' to perform static code analysis on C / C++ code
[0.637s] -- Configured cppcheck include dirs: 
[0.637s] -- Configured cppcheck exclude dirs and/or files: 
[0.638s] -- Added test 'cpplint' to check C / C++ code against the Google style
[0.638s] -- Configured cpplint exclude dirs and/or files: 
[0.638s] -- Added test 'lint_cmake' to check CMake code style
[0.639s] -- Added test 'uncrustify' to check C / C++ code style
[0.639s] -- Configured uncrustify additional arguments: 
[0.639s] -- Added test 'xmllint' to check XML markup files
[0.643s] -- Configuring done
[0.650s] -- Generating done
[0.651s] -- Build files have been written to: /home/tony/webots_ws/build/mpc_controller
[0.686s] [35m[1mScanning dependencies of target control_node[0m
[0.704s] [ 50%] [32mBuilding CXX object CMakeFiles/control_node.dir/src/mpc_controller.cpp.o[0m
[2.563s] [01m[K/home/tony/webots_ws/src/mpc_controller/src/mpc_controller.cpp:[m[K In member function ‘[01m[KEigen::MatrixXd MPC_controller::MPC_Solve_qp(Eigen::Vector3d, std::vector<Eigen::Matrix<double, 3, 1> >, std::vector<Eigen::Matrix<double, 2, 1> >, int)[m[K’:
[2.564s] [01m[K/home/tony/webots_ws/src/mpc_controller/src/mpc_controller.cpp:82:12:[m[K [01;35m[Kwarning: [m[KISO C++ forbids variable length array ‘[01m[KH[m[K’ [[01;35m[K-Wvla[m[K]
[2.564s]    82 |     real_t [01;35m[KH[m[K[2*N*2*N],g[2*N],A[2*N],lb[2*N],ub[2*N],lbA[1],ubA[1];
[2.564s]       |            [01;35m[K^[m[K
[2.564s] [01m[K/home/tony/webots_ws/src/mpc_controller/src/mpc_controller.cpp:82:23:[m[K [01;35m[Kwarning: [m[KISO C++ forbids variable length array ‘[01m[Kg[m[K’ [[01;35m[K-Wvla[m[K]
[2.564s]    82 |     real_t H[2*N*2*N],[01;35m[Kg[m[K[2*N],A[2*N],lb[2*N],ub[2*N],lbA[1],ubA[1];
[2.564s]       |                       [01;35m[K^[m[K
[2.564s] [01m[K/home/tony/webots_ws/src/mpc_controller/src/mpc_controller.cpp:82:30:[m[K [01;35m[Kwarning: [m[KISO C++ forbids variable length array ‘[01m[KA[m[K’ [[01;35m[K-Wvla[m[K]
[2.564s]    82 |     real_t H[2*N*2*N],g[2*N],[01;35m[KA[m[K[2*N],lb[2*N],ub[2*N],lbA[1],ubA[1];
[2.564s]       |                              [01;35m[K^[m[K
[2.564s] [01m[K/home/tony/webots_ws/src/mpc_controller/src/mpc_controller.cpp:82:37:[m[K [01;35m[Kwarning: [m[KISO C++ forbids variable length array ‘[01m[Klb[m[K’ [[01;35m[K-Wvla[m[K]
[2.564s]    82 |     real_t H[2*N*2*N],g[2*N],A[2*N],[01;35m[Klb[m[K[2*N],ub[2*N],lbA[1],ubA[1];
[2.564s]       |                                     [01;35m[K^~[m[K
[2.564s] [01m[K/home/tony/webots_ws/src/mpc_controller/src/mpc_controller.cpp:82:45:[m[K [01;35m[Kwarning: [m[KISO C++ forbids variable length array ‘[01m[Kub[m[K’ [[01;35m[K-Wvla[m[K]
[2.564s]    82 |     real_t H[2*N*2*N],g[2*N],A[2*N],lb[2*N],[01;35m[Kub[m[K[2*N],lbA[1],ubA[1];
[2.564s]       |                                             [01;35m[K^~[m[K
[2.565s] [01m[K/home/tony/webots_ws/src/mpc_controller/src/mpc_controller.cpp:110:12:[m[K [01;35m[Kwarning: [m[KISO C++ forbids variable length array ‘[01m[Kx_solution[m[K’ [[01;35m[K-Wvla[m[K]
[2.565s]   110 |     real_t [01;35m[Kx_solution[m[K[2*N];
[2.565s]       |            [01;35m[K^~~~~~~~~~[m[K
[5.548s] [100%] [32m[1mLinking CXX executable control_node[0m
[5.727s] /usr/bin/ld: /usr/lib/gcc/x86_64-linux-gnu/9/../../../x86_64-linux-gnu/Scrt1.o: in function `_start':
[5.728s] (.text+0x24): undefined reference to `main'
[5.728s] /usr/bin/ld: CMakeFiles/control_node.dir/src/mpc_controller.cpp.o: in function `MPC_controller::MPC_Solve_qp(Eigen::Matrix<double, 3, 1, 0, 3, 1>, std::vector<Eigen::Matrix<double, 3, 1, 0, 3, 1>, std::allocator<Eigen::Matrix<double, 3, 1, 0, 3, 1> > >, std::vector<Eigen::Matrix<double, 2, 1, 0, 2, 1>, std::allocator<Eigen::Matrix<double, 2, 1, 0, 2, 1> > >, int)':
[5.728s] mpc_controller.cpp:(.text+0x14ad): undefined reference to `qpOASES::QProblem::QProblem(int, int, qpOASES::HessianType, qpOASES::BooleanType)'
[5.728s] /usr/bin/ld: mpc_controller.cpp:(.text+0x1501): undefined reference to `qpOASES::QProblem::init(double const*, double const*, double const*, double const*, double const*, double const*, double const*, int&, double*, double const*, double const*, qpOASES::Bounds const*, qpOASES::Constraints const*, double const*)'
[5.728s] /usr/bin/ld: mpc_controller.cpp:(.text+0x1604): undefined reference to `qpOASES::QProblemB::getPrimalSolution(double*) const'
[5.728s] /usr/bin/ld: mpc_controller.cpp:(.text+0x1712): undefined reference to `qpOASES::QProblem::~QProblem()'
[5.728s] /usr/bin/ld: mpc_controller.cpp:(.text+0x1912): undefined reference to `qpOASES::QProblem::~QProblem()'
[5.728s] collect2: error: ld returned 1 exit status
[5.730s] make[2]: *** [CMakeFiles/control_node.dir/build.make:148: control_node] Error 1
[5.731s] make[1]: *** [CMakeFiles/Makefile2:78: CMakeFiles/control_node.dir/all] Error 2
[5.731s] make: *** [Makefile:141: all] Error 2
[5.735s] Invoked command in '/home/tony/webots_ws/build/mpc_controller' returned '2': CMAKE_PREFIX_PATH=/home/tony/webots_ws/install/motor_interfaces:/home/tony/webots_ws/install/traj_publish:/home/tony/webots_ws/install/my_package:/home/tony/webots_ws/install/my_mir_package:/opt/ros/foxy PYTHONPATH=/home/tony/webots_ws/install/motor_interfaces/lib/python3.8/site-packages:/home/tony/webots_ws/install/my_package/lib/python3.8/site-packages:/home/tony/webots_ws/install/my_mir_package/lib/python3.8/site-packages:/opt/ros/foxy/lib/python3.8/site-packages /usr/bin/cmake --build /home/tony/webots_ws/build/mpc_controller -- -j16 -l16
