[0.047s] Invoking command in '/home/tony/webots_ws/build/action_interfaces': CMAKE_PREFIX_PATH=${CMAKE_PREFIX_PATH}:/home/tony/webots_ws/install/post_train:/home/tony/webots_ws/install/my_package:/home/tony/webots_ws/install/my_mir_package:/home/tony/webots_ws/install/multi_mir_package:/opt/ros/foxy /usr/bin/cmake --build /home/tony/webots_ws/build/action_interfaces -- -j16 -l16
[0.862s] [  3%] Built target action_interfaces__cpp
[0.863s] [ 12%] Built target action_interfaces__rosidl_generator_c
[0.863s] [ 32%] Built target action_interfaces__rosidl_typesupport_cpp
[0.863s] [ 32%] Built target action_interfaces__rosidl_typesupport_c
[0.863s] [ 41%] Built target action_interfaces__rosidl_typesupport_introspection_cpp
[0.863s] [ 51%] Built target action_interfaces__rosidl_typesupport_introspection_c
[0.863s] [ 61%] Built target action_interfaces__rosidl_typesupport_fastrtps_cpp
[0.863s] [ 70%] Built target action_interfaces__rosidl_typesupport_fastrtps_c
[0.863s] [ 70%] Built target action_interfaces
[0.864s] [ 74%] Built target action_interfaces__py
[0.864s] [ 80%] Built target action_interfaces__python
[0.864s] [ 87%] Built target action_interfaces__rosidl_typesupport_fastrtps_c__pyext
[0.864s] [ 93%] Built target action_interfaces__rosidl_typesupport_c__pyext
[0.864s] [100%] Built target action_interfaces__rosidl_typesupport_introspection_c__pyext
[0.872s] Invoked command in '/home/tony/webots_ws/build/action_interfaces' returned '0': CMAKE_PREFIX_PATH=${CMAKE_PREFIX_PATH}:/home/tony/webots_ws/install/post_train:/home/tony/webots_ws/install/my_package:/home/tony/webots_ws/install/my_mir_package:/home/tony/webots_ws/install/multi_mir_package:/opt/ros/foxy /usr/bin/cmake --build /home/tony/webots_ws/build/action_interfaces -- -j16 -l16
[0.923s] Invoking command in '/home/tony/webots_ws/build/action_interfaces': CMAKE_PREFIX_PATH=${CMAKE_PREFIX_PATH}:/home/tony/webots_ws/install/post_train:/home/tony/webots_ws/install/my_package:/home/tony/webots_ws/install/my_mir_package:/home/tony/webots_ws/install/multi_mir_package:/opt/ros/foxy /usr/bin/cmake --install /home/tony/webots_ws/build/action_interfaces
[0.940s] -- Install configuration: ""
[0.942s] -- Up-to-date: /home/tony/webots_ws/install/action_interfaces/share/ament_index/resource_index/rosidl_interfaces/action_interfaces
[0.943s] -- Up-to-date: /home/tony/webots_ws/install/action_interfaces/include/action_interfaces
[0.943s] -- Up-to-date: /home/tony/webots_ws/install/action_interfaces/include/action_interfaces/msg
[0.943s] -- Up-to-date: /home/tony/webots_ws/install/action_interfaces/include/action_interfaces/msg/action.h
[0.943s] -- Up-to-date: /home/tony/webots_ws/install/action_interfaces/include/action_interfaces/msg/rosidl_generator_c__visibility_control.h
[0.943s] -- Up-to-date: /home/tony/webots_ws/install/action_interfaces/include/action_interfaces/msg/detail
[0.944s] -- Up-to-date: /home/tony/webots_ws/install/action_interfaces/include/action_interfaces/msg/detail/action__functions.h
[0.944s] -- Up-to-date: /home/tony/webots_ws/install/action_interfaces/include/action_interfaces/msg/detail/action__struct.h
[0.944s] -- Up-to-date: /home/tony/webots_ws/install/action_interfaces/include/action_interfaces/msg/detail/action__type_support.h
[0.945s] -- Up-to-date: /home/tony/webots_ws/install/action_interfaces/include/action_interfaces/msg/detail/action__functions.c
[0.945s] -- Up-to-date: /home/tony/webots_ws/install/action_interfaces/share/action_interfaces/environment/library_path.sh
[0.945s] -- Up-to-date: /home/tony/webots_ws/install/action_interfaces/share/action_interfaces/environment/library_path.dsv
[0.945s] -- Up-to-date: /home/tony/webots_ws/install/action_interfaces/lib/libaction_interfaces__rosidl_generator_c.so
[0.945s] -- Up-to-date: /home/tony/webots_ws/install/action_interfaces/include/action_interfaces
[0.945s] -- Up-to-date: /home/tony/webots_ws/install/action_interfaces/include/action_interfaces/msg
[0.945s] -- Up-to-date: /home/tony/webots_ws/install/action_interfaces/include/action_interfaces/msg/rosidl_typesupport_fastrtps_c__visibility_control.h
[0.945s] -- Up-to-date: /home/tony/webots_ws/install/action_interfaces/include/action_interfaces/msg/detail
[0.945s] -- Up-to-date: /home/tony/webots_ws/install/action_interfaces/include/action_interfaces/msg/detail/action__rosidl_typesupport_fastrtps_c.h
[0.945s] -- Up-to-date: /home/tony/webots_ws/install/action_interfaces/lib/libaction_interfaces__rosidl_typesupport_fastrtps_c.so
[0.946s] -- Up-to-date: /home/tony/webots_ws/install/action_interfaces/include/action_interfaces
[0.946s] -- Up-to-date: /home/tony/webots_ws/install/action_interfaces/include/action_interfaces/msg
[0.946s] -- Up-to-date: /home/tony/webots_ws/install/action_interfaces/include/action_interfaces/msg/rosidl_typesupport_fastrtps_cpp__visibility_control.h
[0.946s] -- Up-to-date: /home/tony/webots_ws/install/action_interfaces/include/action_interfaces/msg/detail
[0.946s] -- Up-to-date: /home/tony/webots_ws/install/action_interfaces/include/action_interfaces/msg/detail/dds_fastrtps
[0.946s] -- Up-to-date: /home/tony/webots_ws/install/action_interfaces/include/action_interfaces/msg/detail/action__rosidl_typesupport_fastrtps_cpp.hpp
[0.946s] -- Up-to-date: /home/tony/webots_ws/install/action_interfaces/lib/libaction_interfaces__rosidl_typesupport_fastrtps_cpp.so
[0.946s] -- Up-to-date: /home/tony/webots_ws/install/action_interfaces/include/action_interfaces
[0.946s] -- Up-to-date: /home/tony/webots_ws/install/action_interfaces/include/action_interfaces/msg
[0.946s] -- Up-to-date: /home/tony/webots_ws/install/action_interfaces/include/action_interfaces/msg/rosidl_typesupport_introspection_c__visibility_control.h
[0.946s] -- Up-to-date: /home/tony/webots_ws/install/action_interfaces/include/action_interfaces/msg/detail
[0.947s] -- Up-to-date: /home/tony/webots_ws/install/action_interfaces/include/action_interfaces/msg/detail/action__rosidl_typesupport_introspection_c.h
[0.947s] -- Up-to-date: /home/tony/webots_ws/install/action_interfaces/include/action_interfaces/msg/detail/action__type_support.c
[0.947s] -- Up-to-date: /home/tony/webots_ws/install/action_interfaces/lib/libaction_interfaces__rosidl_typesupport_introspection_c.so
[0.947s] -- Up-to-date: /home/tony/webots_ws/install/action_interfaces/lib/libaction_interfaces__rosidl_typesupport_c.so
[0.947s] -- Up-to-date: /home/tony/webots_ws/install/action_interfaces/include/action_interfaces
[0.947s] -- Up-to-date: /home/tony/webots_ws/install/action_interfaces/include/action_interfaces/msg
[0.947s] -- Up-to-date: /home/tony/webots_ws/install/action_interfaces/include/action_interfaces/msg/rosidl_generator_cpp__visibility_control.hpp
[0.947s] -- Up-to-date: /home/tony/webots_ws/install/action_interfaces/include/action_interfaces/msg/detail
[0.947s] -- Up-to-date: /home/tony/webots_ws/install/action_interfaces/include/action_interfaces/msg/detail/action__struct.hpp
[0.947s] -- Up-to-date: /home/tony/webots_ws/install/action_interfaces/include/action_interfaces/msg/detail/action__type_support.hpp
[0.947s] -- Up-to-date: /home/tony/webots_ws/install/action_interfaces/include/action_interfaces/msg/detail/action__traits.hpp
[0.948s] -- Up-to-date: /home/tony/webots_ws/install/action_interfaces/include/action_interfaces/msg/detail/action__builder.hpp
[0.948s] -- Up-to-date: /home/tony/webots_ws/install/action_interfaces/include/action_interfaces/msg/action.hpp
[0.948s] -- Up-to-date: /home/tony/webots_ws/install/action_interfaces/include/action_interfaces
[0.948s] -- Up-to-date: /home/tony/webots_ws/install/action_interfaces/include/action_interfaces/msg
[0.948s] -- Up-to-date: /home/tony/webots_ws/install/action_interfaces/include/action_interfaces/msg/detail
[0.948s] -- Up-to-date: /home/tony/webots_ws/install/action_interfaces/include/action_interfaces/msg/detail/action__rosidl_typesupport_introspection_cpp.hpp
[0.948s] -- Up-to-date: /home/tony/webots_ws/install/action_interfaces/include/action_interfaces/msg/detail/action__type_support.cpp
[0.948s] -- Up-to-date: /home/tony/webots_ws/install/action_interfaces/lib/libaction_interfaces__rosidl_typesupport_introspection_cpp.so
[0.948s] -- Up-to-date: /home/tony/webots_ws/install/action_interfaces/lib/libaction_interfaces__rosidl_typesupport_cpp.so
[0.948s] -- Up-to-date: /home/tony/webots_ws/install/action_interfaces/share/action_interfaces/environment/pythonpath.sh
[0.948s] -- Up-to-date: /home/tony/webots_ws/install/action_interfaces/share/action_interfaces/environment/pythonpath.dsv
[0.949s] -- Up-to-date: /home/tony/webots_ws/install/action_interfaces/lib/python3.8/site-packages/action_interfaces/__init__.py
[0.972s] -- Up-to-date: /home/tony/webots_ws/install/action_interfaces/lib/python3.8/site-packages/action_interfaces/msg
[0.972s] -- Up-to-date: /home/tony/webots_ws/install/action_interfaces/lib/python3.8/site-packages/action_interfaces/msg/__init__.py
[0.972s] -- Up-to-date: /home/tony/webots_ws/install/action_interfaces/lib/python3.8/site-packages/action_interfaces/msg/_action.py
[0.972s] -- Up-to-date: /home/tony/webots_ws/install/action_interfaces/lib/python3.8/site-packages/action_interfaces/msg/_action_s.c
[0.972s] -- Up-to-date: /home/tony/webots_ws/install/action_interfaces/lib/python3.8/site-packages/action_interfaces/action_interfaces_s__rosidl_typesupport_fastrtps_c.cpython-38-x86_64-linux-gnu.so
[0.973s] -- Up-to-date: /home/tony/webots_ws/install/action_interfaces/lib/python3.8/site-packages/action_interfaces/action_interfaces_s__rosidl_typesupport_introspection_c.cpython-38-x86_64-linux-gnu.so
[0.973s] -- Up-to-date: /home/tony/webots_ws/install/action_interfaces/lib/python3.8/site-packages/action_interfaces/action_interfaces_s__rosidl_typesupport_c.cpython-38-x86_64-linux-gnu.so
[0.974s] -- Up-to-date: /home/tony/webots_ws/install/action_interfaces/lib/libaction_interfaces__python.so
[0.974s] -- Up-to-date: /home/tony/webots_ws/install/action_interfaces/share/action_interfaces/msg/Action.idl
[0.976s] -- Up-to-date: /home/tony/webots_ws/install/action_interfaces/share/action_interfaces/msg/Action.msg
[0.977s] -- Up-to-date: /home/tony/webots_ws/install/action_interfaces/share/ament_index/resource_index/package_run_dependencies/action_interfaces
[0.978s] -- Up-to-date: /home/tony/webots_ws/install/action_interfaces/share/ament_index/resource_index/parent_prefix_path/action_interfaces
[0.979s] -- Up-to-date: /home/tony/webots_ws/install/action_interfaces/share/action_interfaces/environment/ament_prefix_path.sh
[0.979s] -- Up-to-date: /home/tony/webots_ws/install/action_interfaces/share/action_interfaces/environment/ament_prefix_path.dsv
[0.979s] -- Up-to-date: /home/tony/webots_ws/install/action_interfaces/share/action_interfaces/environment/path.sh
[0.979s] -- Up-to-date: /home/tony/webots_ws/install/action_interfaces/share/action_interfaces/environment/path.dsv
[0.979s] -- Up-to-date: /home/tony/webots_ws/install/action_interfaces/share/action_interfaces/local_setup.bash
[0.979s] -- Up-to-date: /home/tony/webots_ws/install/action_interfaces/share/action_interfaces/local_setup.sh
[0.979s] -- Up-to-date: /home/tony/webots_ws/install/action_interfaces/share/action_interfaces/local_setup.zsh
[0.980s] -- Up-to-date: /home/tony/webots_ws/install/action_interfaces/share/action_interfaces/local_setup.dsv
[0.980s] -- Installing: /home/tony/webots_ws/install/action_interfaces/share/action_interfaces/package.dsv
[0.980s] -- Up-to-date: /home/tony/webots_ws/install/action_interfaces/share/ament_index/resource_index/packages/action_interfaces
[0.981s] -- Up-to-date: /home/tony/webots_ws/install/action_interfaces/share/action_interfaces/cmake/action_interfaces__rosidl_generator_cExport.cmake
[0.981s] -- Up-to-date: /home/tony/webots_ws/install/action_interfaces/share/action_interfaces/cmake/action_interfaces__rosidl_generator_cExport-noconfig.cmake
[0.981s] -- Up-to-date: /home/tony/webots_ws/install/action_interfaces/share/action_interfaces/cmake/action_interfaces__rosidl_typesupport_introspection_cExport.cmake
[0.981s] -- Up-to-date: /home/tony/webots_ws/install/action_interfaces/share/action_interfaces/cmake/action_interfaces__rosidl_typesupport_introspection_cExport-noconfig.cmake
[0.982s] -- Up-to-date: /home/tony/webots_ws/install/action_interfaces/share/action_interfaces/cmake/action_interfaces__rosidl_typesupport_cExport.cmake
[0.982s] -- Up-to-date: /home/tony/webots_ws/install/action_interfaces/share/action_interfaces/cmake/action_interfaces__rosidl_typesupport_cExport-noconfig.cmake
[0.983s] -- Up-to-date: /home/tony/webots_ws/install/action_interfaces/share/action_interfaces/cmake/action_interfaces__rosidl_generator_cppExport.cmake
[0.983s] -- Up-to-date: /home/tony/webots_ws/install/action_interfaces/share/action_interfaces/cmake/action_interfaces__rosidl_typesupport_introspection_cppExport.cmake
[0.984s] -- Up-to-date: /home/tony/webots_ws/install/action_interfaces/share/action_interfaces/cmake/action_interfaces__rosidl_typesupport_introspection_cppExport-noconfig.cmake
[0.984s] -- Up-to-date: /home/tony/webots_ws/install/action_interfaces/share/action_interfaces/cmake/action_interfaces__rosidl_typesupport_cppExport.cmake
[0.984s] -- Up-to-date: /home/tony/webots_ws/install/action_interfaces/share/action_interfaces/cmake/action_interfaces__rosidl_typesupport_cppExport-noconfig.cmake
[0.984s] -- Up-to-date: /home/tony/webots_ws/install/action_interfaces/share/action_interfaces/cmake/rosidl_cmake-extras.cmake
[0.986s] -- Up-to-date: /home/tony/webots_ws/install/action_interfaces/share/action_interfaces/cmake/ament_cmake_export_dependencies-extras.cmake
[0.986s] -- Up-to-date: /home/tony/webots_ws/install/action_interfaces/share/action_interfaces/cmake/ament_cmake_export_libraries-extras.cmake
[0.986s] -- Up-to-date: /home/tony/webots_ws/install/action_interfaces/share/action_interfaces/cmake/ament_cmake_export_targets-extras.cmake
[0.986s] -- Up-to-date: /home/tony/webots_ws/install/action_interfaces/share/action_interfaces/cmake/ament_cmake_export_include_directories-extras.cmake
[0.987s] -- Up-to-date: /home/tony/webots_ws/install/action_interfaces/share/action_interfaces/cmake/rosidl_cmake_export_typesupport_libraries-extras.cmake
[0.987s] -- Up-to-date: /home/tony/webots_ws/install/action_interfaces/share/action_interfaces/cmake/rosidl_cmake_export_typesupport_targets-extras.cmake
[0.987s] -- Up-to-date: /home/tony/webots_ws/install/action_interfaces/share/action_interfaces/cmake/action_interfacesConfig.cmake
[0.988s] -- Up-to-date: /home/tony/webots_ws/install/action_interfaces/share/action_interfaces/cmake/action_interfacesConfig-version.cmake
[0.988s] -- Up-to-date: /home/tony/webots_ws/install/action_interfaces/share/action_interfaces/package.xml
[1.008s] Invoked command in '/home/tony/webots_ws/build/action_interfaces' returned '0': CMAKE_PREFIX_PATH=${CMAKE_PREFIX_PATH}:/home/tony/webots_ws/install/post_train:/home/tony/webots_ws/install/my_package:/home/tony/webots_ws/install/my_mir_package:/home/tony/webots_ws/install/multi_mir_package:/opt/ros/foxy /usr/bin/cmake --install /home/tony/webots_ws/build/action_interfaces
