[0.025s] Invoking command in '/home/tony/webots_ws/build/traj_interfaces': CMAKE_PREFIX_PATH=/opt/ros/foxy /usr/bin/cmake --build /home/tony/webots_ws/build/traj_interfaces -- -j16 -l16
[0.232s] [  6%] Built target traj_interfaces__cpp
[0.232s] [ 12%] Built target traj_interfaces__rosidl_generator_c
[0.232s] [ 22%] Built target traj_interfaces__rosidl_typesupport_cpp
[0.232s] [ 32%] Built target traj_interfaces__rosidl_typesupport_introspection_cpp
[0.232s] [ 41%] Built target traj_interfaces__rosidl_typesupport_c
[0.233s] [ 51%] Built target traj_interfaces__rosidl_typesupport_introspection_c
[0.233s] [ 61%] Built target traj_interfaces__rosidl_typesupport_fastrtps_cpp
[0.233s] [ 70%] Built target traj_interfaces__rosidl_typesupport_fastrtps_c
[0.234s] [ 70%] Built target traj_interfaces
[0.234s] [ 74%] Built target traj_interfaces__py
[0.234s] [ 80%] Built target traj_interfaces__python
[0.234s] [ 93%] Built target traj_interfaces__rosidl_typesupport_fastrtps_c__pyext
[0.234s] [ 93%] Built target traj_interfaces__rosidl_typesupport_c__pyext
[0.234s] [100%] Built target traj_interfaces__rosidl_typesupport_introspection_c__pyext
[0.240s] Invoked command in '/home/tony/webots_ws/build/traj_interfaces' returned '0': CMAKE_PREFIX_PATH=/opt/ros/foxy /usr/bin/cmake --build /home/tony/webots_ws/build/traj_interfaces -- -j16 -l16
[0.305s] Invoking command in '/home/tony/webots_ws/build/traj_interfaces': CMAKE_PREFIX_PATH=/opt/ros/foxy /usr/bin/cmake --install /home/tony/webots_ws/build/traj_interfaces
[0.315s] -- Install configuration: ""
[0.315s] -- Up-to-date: /home/tony/webots_ws/install/traj_interfaces/share/ament_index/resource_index/rosidl_interfaces/traj_interfaces
[0.315s] -- Up-to-date: /home/tony/webots_ws/install/traj_interfaces/include/traj_interfaces
[0.315s] -- Up-to-date: /home/tony/webots_ws/install/traj_interfaces/include/traj_interfaces/msg
[0.315s] -- Up-to-date: /home/tony/webots_ws/install/traj_interfaces/include/traj_interfaces/msg/bspline.h
[0.315s] -- Up-to-date: /home/tony/webots_ws/install/traj_interfaces/include/traj_interfaces/msg/rosidl_generator_c__visibility_control.h
[0.315s] -- Up-to-date: /home/tony/webots_ws/install/traj_interfaces/include/traj_interfaces/msg/detail
[0.315s] -- Up-to-date: /home/tony/webots_ws/install/traj_interfaces/include/traj_interfaces/msg/detail/bspline__functions.c
[0.315s] -- Up-to-date: /home/tony/webots_ws/install/traj_interfaces/include/traj_interfaces/msg/detail/bspline__type_support.h
[0.315s] -- Up-to-date: /home/tony/webots_ws/install/traj_interfaces/include/traj_interfaces/msg/detail/bspline__struct.h
[0.315s] -- Up-to-date: /home/tony/webots_ws/install/traj_interfaces/include/traj_interfaces/msg/detail/bspline__functions.h
[0.316s] -- Up-to-date: /home/tony/webots_ws/install/traj_interfaces/share/traj_interfaces/environment/library_path.sh
[0.316s] -- Up-to-date: /home/tony/webots_ws/install/traj_interfaces/share/traj_interfaces/environment/library_path.dsv
[0.316s] -- Up-to-date: /home/tony/webots_ws/install/traj_interfaces/lib/libtraj_interfaces__rosidl_generator_c.so
[0.316s] -- Up-to-date: /home/tony/webots_ws/install/traj_interfaces/include/traj_interfaces
[0.316s] -- Up-to-date: /home/tony/webots_ws/install/traj_interfaces/include/traj_interfaces/msg
[0.316s] -- Up-to-date: /home/tony/webots_ws/install/traj_interfaces/include/traj_interfaces/msg/rosidl_typesupport_fastrtps_c__visibility_control.h
[0.316s] -- Up-to-date: /home/tony/webots_ws/install/traj_interfaces/include/traj_interfaces/msg/detail
[0.316s] -- Up-to-date: /home/tony/webots_ws/install/traj_interfaces/include/traj_interfaces/msg/detail/bspline__rosidl_typesupport_fastrtps_c.h
[0.316s] -- Up-to-date: /home/tony/webots_ws/install/traj_interfaces/lib/libtraj_interfaces__rosidl_typesupport_fastrtps_c.so
[0.316s] -- Up-to-date: /home/tony/webots_ws/install/traj_interfaces/include/traj_interfaces
[0.316s] -- Up-to-date: /home/tony/webots_ws/install/traj_interfaces/include/traj_interfaces/msg
[0.316s] -- Up-to-date: /home/tony/webots_ws/install/traj_interfaces/include/traj_interfaces/msg/rosidl_typesupport_fastrtps_cpp__visibility_control.h
[0.317s] -- Up-to-date: /home/tony/webots_ws/install/traj_interfaces/include/traj_interfaces/msg/detail
[0.317s] -- Up-to-date: /home/tony/webots_ws/install/traj_interfaces/include/traj_interfaces/msg/detail/bspline__rosidl_typesupport_fastrtps_cpp.hpp
[0.317s] -- Up-to-date: /home/tony/webots_ws/install/traj_interfaces/include/traj_interfaces/msg/detail/dds_fastrtps
[0.317s] -- Up-to-date: /home/tony/webots_ws/install/traj_interfaces/lib/libtraj_interfaces__rosidl_typesupport_fastrtps_cpp.so
[0.317s] -- Up-to-date: /home/tony/webots_ws/install/traj_interfaces/include/traj_interfaces
[0.317s] -- Up-to-date: /home/tony/webots_ws/install/traj_interfaces/include/traj_interfaces/msg
[0.317s] -- Up-to-date: /home/tony/webots_ws/install/traj_interfaces/include/traj_interfaces/msg/rosidl_typesupport_introspection_c__visibility_control.h
[0.317s] -- Up-to-date: /home/tony/webots_ws/install/traj_interfaces/include/traj_interfaces/msg/detail
[0.317s] -- Up-to-date: /home/tony/webots_ws/install/traj_interfaces/include/traj_interfaces/msg/detail/bspline__rosidl_typesupport_introspection_c.h
[0.317s] -- Up-to-date: /home/tony/webots_ws/install/traj_interfaces/include/traj_interfaces/msg/detail/bspline__type_support.c
[0.317s] -- Up-to-date: /home/tony/webots_ws/install/traj_interfaces/lib/libtraj_interfaces__rosidl_typesupport_introspection_c.so
[0.317s] -- Up-to-date: /home/tony/webots_ws/install/traj_interfaces/lib/libtraj_interfaces__rosidl_typesupport_c.so
[0.318s] -- Up-to-date: /home/tony/webots_ws/install/traj_interfaces/include/traj_interfaces
[0.318s] -- Up-to-date: /home/tony/webots_ws/install/traj_interfaces/include/traj_interfaces/msg
[0.318s] -- Up-to-date: /home/tony/webots_ws/install/traj_interfaces/include/traj_interfaces/msg/bspline.hpp
[0.318s] -- Up-to-date: /home/tony/webots_ws/install/traj_interfaces/include/traj_interfaces/msg/rosidl_generator_cpp__visibility_control.hpp
[0.318s] -- Up-to-date: /home/tony/webots_ws/install/traj_interfaces/include/traj_interfaces/msg/detail
[0.318s] -- Up-to-date: /home/tony/webots_ws/install/traj_interfaces/include/traj_interfaces/msg/detail/bspline__traits.hpp
[0.318s] -- Up-to-date: /home/tony/webots_ws/install/traj_interfaces/include/traj_interfaces/msg/detail/bspline__type_support.hpp
[0.318s] -- Up-to-date: /home/tony/webots_ws/install/traj_interfaces/include/traj_interfaces/msg/detail/bspline__builder.hpp
[0.318s] -- Up-to-date: /home/tony/webots_ws/install/traj_interfaces/include/traj_interfaces/msg/detail/bspline__struct.hpp
[0.318s] -- Up-to-date: /home/tony/webots_ws/install/traj_interfaces/include/traj_interfaces
[0.318s] -- Up-to-date: /home/tony/webots_ws/install/traj_interfaces/include/traj_interfaces/msg
[0.318s] -- Up-to-date: /home/tony/webots_ws/install/traj_interfaces/include/traj_interfaces/msg/detail
[0.318s] -- Up-to-date: /home/tony/webots_ws/install/traj_interfaces/include/traj_interfaces/msg/detail/bspline__type_support.cpp
[0.319s] -- Up-to-date: /home/tony/webots_ws/install/traj_interfaces/include/traj_interfaces/msg/detail/bspline__rosidl_typesupport_introspection_cpp.hpp
[0.319s] -- Up-to-date: /home/tony/webots_ws/install/traj_interfaces/lib/libtraj_interfaces__rosidl_typesupport_introspection_cpp.so
[0.319s] -- Up-to-date: /home/tony/webots_ws/install/traj_interfaces/lib/libtraj_interfaces__rosidl_typesupport_cpp.so
[0.319s] -- Up-to-date: /home/tony/webots_ws/install/traj_interfaces/share/traj_interfaces/environment/pythonpath.sh
[0.319s] -- Up-to-date: /home/tony/webots_ws/install/traj_interfaces/share/traj_interfaces/environment/pythonpath.dsv
[0.319s] -- Up-to-date: /home/tony/webots_ws/install/traj_interfaces/lib/python3.8/site-packages/traj_interfaces/__init__.py
[0.348s] -- Up-to-date: /home/tony/webots_ws/install/traj_interfaces/lib/python3.8/site-packages/traj_interfaces/msg
[0.349s] -- Up-to-date: /home/tony/webots_ws/install/traj_interfaces/lib/python3.8/site-packages/traj_interfaces/msg/__init__.py
[0.349s] -- Up-to-date: /home/tony/webots_ws/install/traj_interfaces/lib/python3.8/site-packages/traj_interfaces/msg/_bspline_s.c
[0.349s] -- Up-to-date: /home/tony/webots_ws/install/traj_interfaces/lib/python3.8/site-packages/traj_interfaces/msg/_bspline.py
[0.349s] -- Up-to-date: /home/tony/webots_ws/install/traj_interfaces/lib/python3.8/site-packages/traj_interfaces/traj_interfaces_s__rosidl_typesupport_fastrtps_c.cpython-38-x86_64-linux-gnu.so
[0.349s] -- Up-to-date: /home/tony/webots_ws/install/traj_interfaces/lib/python3.8/site-packages/traj_interfaces/traj_interfaces_s__rosidl_typesupport_introspection_c.cpython-38-x86_64-linux-gnu.so
[0.349s] -- Up-to-date: /home/tony/webots_ws/install/traj_interfaces/lib/python3.8/site-packages/traj_interfaces/traj_interfaces_s__rosidl_typesupport_c.cpython-38-x86_64-linux-gnu.so
[0.350s] -- Up-to-date: /home/tony/webots_ws/install/traj_interfaces/lib/libtraj_interfaces__python.so
[0.350s] -- Up-to-date: /home/tony/webots_ws/install/traj_interfaces/share/traj_interfaces/msg/Bspline.idl
[0.350s] -- Up-to-date: /home/tony/webots_ws/install/traj_interfaces/share/traj_interfaces/msg/Bspline.msg
[0.350s] -- Up-to-date: /home/tony/webots_ws/install/traj_interfaces/share/ament_index/resource_index/package_run_dependencies/traj_interfaces
[0.351s] -- Up-to-date: /home/tony/webots_ws/install/traj_interfaces/share/ament_index/resource_index/parent_prefix_path/traj_interfaces
[0.351s] -- Up-to-date: /home/tony/webots_ws/install/traj_interfaces/share/traj_interfaces/environment/ament_prefix_path.sh
[0.351s] -- Up-to-date: /home/tony/webots_ws/install/traj_interfaces/share/traj_interfaces/environment/ament_prefix_path.dsv
[0.351s] -- Up-to-date: /home/tony/webots_ws/install/traj_interfaces/share/traj_interfaces/environment/path.sh
[0.351s] -- Up-to-date: /home/tony/webots_ws/install/traj_interfaces/share/traj_interfaces/environment/path.dsv
[0.351s] -- Up-to-date: /home/tony/webots_ws/install/traj_interfaces/share/traj_interfaces/local_setup.bash
[0.351s] -- Up-to-date: /home/tony/webots_ws/install/traj_interfaces/share/traj_interfaces/local_setup.sh
[0.351s] -- Up-to-date: /home/tony/webots_ws/install/traj_interfaces/share/traj_interfaces/local_setup.zsh
[0.351s] -- Up-to-date: /home/tony/webots_ws/install/traj_interfaces/share/traj_interfaces/local_setup.dsv
[0.351s] -- Installing: /home/tony/webots_ws/install/traj_interfaces/share/traj_interfaces/package.dsv
[0.351s] -- Up-to-date: /home/tony/webots_ws/install/traj_interfaces/share/ament_index/resource_index/packages/traj_interfaces
[0.351s] -- Up-to-date: /home/tony/webots_ws/install/traj_interfaces/share/traj_interfaces/cmake/traj_interfaces__rosidl_generator_cExport.cmake
[0.352s] -- Up-to-date: /home/tony/webots_ws/install/traj_interfaces/share/traj_interfaces/cmake/traj_interfaces__rosidl_generator_cExport-noconfig.cmake
[0.352s] -- Up-to-date: /home/tony/webots_ws/install/traj_interfaces/share/traj_interfaces/cmake/traj_interfaces__rosidl_typesupport_introspection_cExport.cmake
[0.352s] -- Up-to-date: /home/tony/webots_ws/install/traj_interfaces/share/traj_interfaces/cmake/traj_interfaces__rosidl_typesupport_introspection_cExport-noconfig.cmake
[0.352s] -- Up-to-date: /home/tony/webots_ws/install/traj_interfaces/share/traj_interfaces/cmake/traj_interfaces__rosidl_typesupport_cExport.cmake
[0.352s] -- Up-to-date: /home/tony/webots_ws/install/traj_interfaces/share/traj_interfaces/cmake/traj_interfaces__rosidl_typesupport_cExport-noconfig.cmake
[0.352s] -- Up-to-date: /home/tony/webots_ws/install/traj_interfaces/share/traj_interfaces/cmake/traj_interfaces__rosidl_generator_cppExport.cmake
[0.352s] -- Up-to-date: /home/tony/webots_ws/install/traj_interfaces/share/traj_interfaces/cmake/traj_interfaces__rosidl_typesupport_introspection_cppExport.cmake
[0.352s] -- Up-to-date: /home/tony/webots_ws/install/traj_interfaces/share/traj_interfaces/cmake/traj_interfaces__rosidl_typesupport_introspection_cppExport-noconfig.cmake
[0.353s] -- Up-to-date: /home/tony/webots_ws/install/traj_interfaces/share/traj_interfaces/cmake/traj_interfaces__rosidl_typesupport_cppExport.cmake
[0.353s] -- Up-to-date: /home/tony/webots_ws/install/traj_interfaces/share/traj_interfaces/cmake/traj_interfaces__rosidl_typesupport_cppExport-noconfig.cmake
[0.353s] -- Up-to-date: /home/tony/webots_ws/install/traj_interfaces/share/traj_interfaces/cmake/rosidl_cmake-extras.cmake
[0.353s] -- Up-to-date: /home/tony/webots_ws/install/traj_interfaces/share/traj_interfaces/cmake/ament_cmake_export_dependencies-extras.cmake
[0.353s] -- Up-to-date: /home/tony/webots_ws/install/traj_interfaces/share/traj_interfaces/cmake/ament_cmake_export_libraries-extras.cmake
[0.353s] -- Up-to-date: /home/tony/webots_ws/install/traj_interfaces/share/traj_interfaces/cmake/ament_cmake_export_targets-extras.cmake
[0.353s] -- Up-to-date: /home/tony/webots_ws/install/traj_interfaces/share/traj_interfaces/cmake/ament_cmake_export_include_directories-extras.cmake
[0.353s] -- Up-to-date: /home/tony/webots_ws/install/traj_interfaces/share/traj_interfaces/cmake/rosidl_cmake_export_typesupport_libraries-extras.cmake
[0.353s] -- Up-to-date: /home/tony/webots_ws/install/traj_interfaces/share/traj_interfaces/cmake/rosidl_cmake_export_typesupport_targets-extras.cmake
[0.353s] -- Up-to-date: /home/tony/webots_ws/install/traj_interfaces/share/traj_interfaces/cmake/traj_interfacesConfig.cmake
[0.353s] -- Up-to-date: /home/tony/webots_ws/install/traj_interfaces/share/traj_interfaces/cmake/traj_interfacesConfig-version.cmake
[0.354s] -- Up-to-date: /home/tony/webots_ws/install/traj_interfaces/share/traj_interfaces/package.xml
[0.366s] Invoked command in '/home/tony/webots_ws/build/traj_interfaces' returned '0': CMAKE_PREFIX_PATH=/opt/ros/foxy /usr/bin/cmake --install /home/tony/webots_ws/build/traj_interfaces
