[0.681s] Invoking command in '/home/tony/webots_ws/src/my_package': PYTHONPATH=/home/tony/webots_ws/build/my_package/prefix_override:/home/tony/webots_ws/install/my_package/lib/python3.8/site-packages:${PYTHONPATH} /usr/bin/python3 -W ignore:setup.py install is deprecated setup.py egg_info --egg-base ../../build/my_package build --build-base /home/tony/webots_ws/build/my_package/build install --record /home/tony/webots_ws/build/my_package/install.log --install-scripts $base/lib/my_package --single-version-externally-managed install_data
[0.847s] running egg_info
[0.847s] writing ../../build/my_package/my_package.egg-info/PKG-INFO
[0.847s] writing dependency_links to ../../build/my_package/my_package.egg-info/dependency_links.txt
[0.847s] writing entry points to ../../build/my_package/my_package.egg-info/entry_points.txt
[0.847s] writing requirements to ../../build/my_package/my_package.egg-info/requires.txt
[0.847s] writing top-level names to ../../build/my_package/my_package.egg-info/top_level.txt
[0.872s] reading manifest file '../../build/my_package/my_package.egg-info/SOURCES.txt'
[0.873s] writing manifest file '../../build/my_package/my_package.egg-info/SOURCES.txt'
[0.873s] running build
[0.873s] running build_py
[0.873s] running install
[0.874s] running install_lib
[0.875s] running install_data
[0.875s] running install_egg_info
[0.877s] removing '/home/tony/webots_ws/install/my_package/lib/python3.8/site-packages/my_package-0.0.0-py3.8.egg-info' (and everything under it)
[0.877s] Copying ../../build/my_package/my_package.egg-info to /home/tony/webots_ws/install/my_package/lib/python3.8/site-packages/my_package-0.0.0-py3.8.egg-info
[0.878s] running install_scripts
[0.890s] Installing my_robot_driver script to /home/tony/webots_ws/install/my_package/lib/my_package
[0.890s] Installing obstacle_avoider script to /home/tony/webots_ws/install/my_package/lib/my_package
[0.890s] writing list of installed files to '/home/tony/webots_ws/build/my_package/install.log'
[0.908s] Invoked command in '/home/tony/webots_ws/src/my_package' returned '0': PYTHONPATH=/home/tony/webots_ws/build/my_package/prefix_override:/home/tony/webots_ws/install/my_package/lib/python3.8/site-packages:${PYTHONPATH} /usr/bin/python3 -W ignore:setup.py install is deprecated setup.py egg_info --egg-base ../../build/my_package build --build-base /home/tony/webots_ws/build/my_package/build install --record /home/tony/webots_ws/build/my_package/install.log --install-scripts $base/lib/my_package --single-version-externally-managed install_data
