[0.030s] Invoking command in '/home/tony/webots_ws/build/multi_traj_publish': CMAKE_PREFIX_PATH=/home/tony/webots_ws/install/traj_interfaces:/home/tony/webots_ws/install/traj_publish:/home/tony/webots_ws/install/multi_traj_publish:/home/tony/webots_ws/install/multi_mpc_controller:/home/tony/webots_ws/install/mpc_controller:/home/tony/webots_ws/install/motor_interfaces:/home/tony/webots_ws/install/action_interfaces:/home/tony/webots_ws/install/post_train:/home/tony/webots_ws/install/my_package:/home/tony/webots_ws/install/my_mir_package:/home/tony/webots_ws/install/multi_mir_package:/opt/ros/foxy /usr/bin/cmake /home/tony/webots_ws/src/multi_traj_publish -DCMAKE_INSTALL_PREFIX=/home/tony/webots_ws/install/multi_traj_publish
[0.086s] -- The C compiler identification is GNU 9.4.0
[0.139s] -- The CXX compiler identification is GNU 9.4.0
[0.145s] -- Check for working C compiler: /usr/bin/cc
[0.221s] -- Check for working C compiler: /usr/bin/cc -- works
[0.222s] -- Detecting C compiler ABI info
[0.294s] -- Detecting C compiler ABI info - done
[0.307s] -- Detecting C compile features
[0.307s] -- Detecting C compile features - done
[0.310s] -- Check for working CXX compiler: /usr/bin/c++
[0.387s] -- Check for working CXX compiler: /usr/bin/c++ -- works
[0.388s] -- Detecting CXX compiler ABI info
[0.469s] -- Detecting CXX compiler ABI info - done
[0.478s] -- Detecting CXX compile features
[0.478s] -- Detecting CXX compile features - done
[0.481s] -- Found ament_cmake: 0.9.12 (/opt/ros/foxy/share/ament_cmake/cmake)
[0.510s] -- Found PythonInterp: /usr/bin/python3 (found suitable version "3.8.10", minimum required is "3") 
[0.510s] -- Using PYTHON_EXECUTABLE: /usr/bin/python3
[0.739s] -- Found rclcpp: 2.4.3 (/opt/ros/foxy/share/rclcpp/cmake)
[0.807s] -- Using all available rosidl_typesupport_c: rosidl_typesupport_fastrtps_c;rosidl_typesupport_introspection_c
[0.819s] -- Found rosidl_adapter: 1.3.1 (/opt/ros/foxy/share/rosidl_adapter/cmake)
[0.925s] -- Found OpenSSL: /usr/lib/x86_64-linux-gnu/libcrypto.so (found version "1.1.1f")  
[0.968s] -- Found FastRTPS: /opt/ros/foxy/include  
[1.081s] -- Using all available rosidl_typesupport_cpp: rosidl_typesupport_fastrtps_cpp;rosidl_typesupport_introspection_cpp
[1.133s] -- Found rmw_implementation_cmake: 1.0.4 (/opt/ros/foxy/share/rmw_implementation_cmake/cmake)
[1.134s] -- Using RMW implementation 'rmw_fastrtps_cpp' as default
[1.135s] -- Looking for pthread.h
[1.204s] -- Looking for pthread.h - found
[1.204s] -- Performing Test CMAKE_HAVE_LIBC_PTHREAD
[1.273s] -- Performing Test CMAKE_HAVE_LIBC_PTHREAD - Failed
[1.273s] -- Looking for pthread_create in pthreads
[1.333s] -- Looking for pthread_create in pthreads - not found
[1.333s] -- Looking for pthread_create in pthread
[1.401s] -- Looking for pthread_create in pthread - found
[1.402s] -- Found Threads: TRUE  
[1.526s] -- Found nav_msgs: 2.0.5 (/opt/ros/foxy/share/nav_msgs/cmake)
[1.615s] -- Found traj_interfaces: 0.0.0 (/home/tony/webots_ws/install/traj_interfaces/share/traj_interfaces/cmake)
[1.665s] -- Found visualization_msgs: 2.0.5 (/opt/ros/foxy/share/visualization_msgs/cmake)
[1.720s] -- Found ament_lint_auto: 0.9.8 (/opt/ros/foxy/share/ament_lint_auto/cmake)
[1.796s] -- Added test 'copyright' to check source files copyright and LICENSE
[1.798s] -- Added test 'cppcheck' to perform static code analysis on C / C++ code
[1.798s] -- Configured cppcheck include dirs: 
[1.798s] -- Configured cppcheck exclude dirs and/or files: 
[1.799s] -- Added test 'cpplint' to check C / C++ code against the Google style
[1.799s] -- Configured cpplint exclude dirs and/or files: 
[1.799s] -- Added test 'lint_cmake' to check CMake code style
[1.800s] -- Added test 'uncrustify' to check C / C++ code style
[1.800s] -- Configured uncrustify additional arguments: 
[1.801s] -- Added test 'xmllint' to check XML markup files
[1.806s] -- Configuring done
[1.814s] -- Generating done
[1.816s] -- Build files have been written to: /home/tony/webots_ws/build/multi_traj_publish
[1.825s] Invoked command in '/home/tony/webots_ws/build/multi_traj_publish' returned '0': CMAKE_PREFIX_PATH=/home/tony/webots_ws/install/traj_interfaces:/home/tony/webots_ws/install/traj_publish:/home/tony/webots_ws/install/multi_traj_publish:/home/tony/webots_ws/install/multi_mpc_controller:/home/tony/webots_ws/install/mpc_controller:/home/tony/webots_ws/install/motor_interfaces:/home/tony/webots_ws/install/action_interfaces:/home/tony/webots_ws/install/post_train:/home/tony/webots_ws/install/my_package:/home/tony/webots_ws/install/my_mir_package:/home/tony/webots_ws/install/multi_mir_package:/opt/ros/foxy /usr/bin/cmake /home/tony/webots_ws/src/multi_traj_publish -DCMAKE_INSTALL_PREFIX=/home/tony/webots_ws/install/multi_traj_publish
[1.828s] Invoking command in '/home/tony/webots_ws/build/multi_traj_publish': CMAKE_PREFIX_PATH=/home/tony/webots_ws/install/traj_interfaces:/home/tony/webots_ws/install/traj_publish:/home/tony/webots_ws/install/multi_traj_publish:/home/tony/webots_ws/install/multi_mpc_controller:/home/tony/webots_ws/install/mpc_controller:/home/tony/webots_ws/install/motor_interfaces:/home/tony/webots_ws/install/action_interfaces:/home/tony/webots_ws/install/post_train:/home/tony/webots_ws/install/my_package:/home/tony/webots_ws/install/my_mir_package:/home/tony/webots_ws/install/multi_mir_package:/opt/ros/foxy /usr/bin/cmake --build /home/tony/webots_ws/build/multi_traj_publish -- -j16 -l16
[1.869s] [35m[1mScanning dependencies of target traj_pub[0m
[1.959s] [ 33%] [32mBuilding CXX object CMakeFiles/traj_pub.dir/src/traj_pub.cpp.o[0m
[1.961s] [ 66%] [32mBuilding CXX object CMakeFiles/traj_pub.dir/src/traj_visualization.cpp.o[0m
[7.667s] [100%] [32m[1mLinking CXX executable traj_pub[0m
[7.923s] [100%] Built target traj_pub
[7.936s] Invoked command in '/home/tony/webots_ws/build/multi_traj_publish' returned '0': CMAKE_PREFIX_PATH=/home/tony/webots_ws/install/traj_interfaces:/home/tony/webots_ws/install/traj_publish:/home/tony/webots_ws/install/multi_traj_publish:/home/tony/webots_ws/install/multi_mpc_controller:/home/tony/webots_ws/install/mpc_controller:/home/tony/webots_ws/install/motor_interfaces:/home/tony/webots_ws/install/action_interfaces:/home/tony/webots_ws/install/post_train:/home/tony/webots_ws/install/my_package:/home/tony/webots_ws/install/my_mir_package:/home/tony/webots_ws/install/multi_mir_package:/opt/ros/foxy /usr/bin/cmake --build /home/tony/webots_ws/build/multi_traj_publish -- -j16 -l16
[7.965s] Invoking command in '/home/tony/webots_ws/build/multi_traj_publish': CMAKE_PREFIX_PATH=/home/tony/webots_ws/install/traj_interfaces:/home/tony/webots_ws/install/traj_publish:/home/tony/webots_ws/install/multi_traj_publish:/home/tony/webots_ws/install/multi_mpc_controller:/home/tony/webots_ws/install/mpc_controller:/home/tony/webots_ws/install/motor_interfaces:/home/tony/webots_ws/install/action_interfaces:/home/tony/webots_ws/install/post_train:/home/tony/webots_ws/install/my_package:/home/tony/webots_ws/install/my_mir_package:/home/tony/webots_ws/install/multi_mir_package:/opt/ros/foxy /usr/bin/cmake --install /home/tony/webots_ws/build/multi_traj_publish
[7.975s] -- Install configuration: ""
[7.975s] -- Installing: /home/tony/webots_ws/install/multi_traj_publish/share/ament_index/resource_index/package_run_dependencies/multi_traj_publish
[7.976s] -- Installing: /home/tony/webots_ws/install/multi_traj_publish/share/ament_index/resource_index/parent_prefix_path/multi_traj_publish
[7.976s] -- Up-to-date: /home/tony/webots_ws/install/multi_traj_publish/share/multi_traj_publish/environment/ament_prefix_path.sh
[7.976s] -- Installing: /home/tony/webots_ws/install/multi_traj_publish/share/multi_traj_publish/environment/ament_prefix_path.dsv
[7.976s] -- Up-to-date: /home/tony/webots_ws/install/multi_traj_publish/share/multi_traj_publish/environment/path.sh
[7.976s] -- Installing: /home/tony/webots_ws/install/multi_traj_publish/share/multi_traj_publish/environment/path.dsv
[7.976s] -- Installing: /home/tony/webots_ws/install/multi_traj_publish/share/multi_traj_publish/local_setup.bash
[7.977s] -- Installing: /home/tony/webots_ws/install/multi_traj_publish/share/multi_traj_publish/local_setup.sh
[7.977s] -- Installing: /home/tony/webots_ws/install/multi_traj_publish/share/multi_traj_publish/local_setup.zsh
[7.977s] -- Installing: /home/tony/webots_ws/install/multi_traj_publish/share/multi_traj_publish/local_setup.dsv
[7.977s] -- Installing: /home/tony/webots_ws/install/multi_traj_publish/share/multi_traj_publish/package.dsv
[7.977s] -- Installing: /home/tony/webots_ws/install/multi_traj_publish/share/ament_index/resource_index/packages/multi_traj_publish
[7.978s] -- Installing: /home/tony/webots_ws/install/multi_traj_publish/share/multi_traj_publish/cmake/multi_traj_publishConfig.cmake
[7.978s] -- Installing: /home/tony/webots_ws/install/multi_traj_publish/share/multi_traj_publish/cmake/multi_traj_publishConfig-version.cmake
[7.978s] -- Up-to-date: /home/tony/webots_ws/install/multi_traj_publish/share/multi_traj_publish/package.xml
[7.978s] -- Installing: /home/tony/webots_ws/install/multi_traj_publish/lib/multi_traj_publish/traj_pub
[7.981s] -- Set runtime path of "/home/tony/webots_ws/install/multi_traj_publish/lib/multi_traj_publish/traj_pub" to ""
[7.984s] Invoked command in '/home/tony/webots_ws/build/multi_traj_publish' returned '0': CMAKE_PREFIX_PATH=/home/tony/webots_ws/install/traj_interfaces:/home/tony/webots_ws/install/traj_publish:/home/tony/webots_ws/install/multi_traj_publish:/home/tony/webots_ws/install/multi_mpc_controller:/home/tony/webots_ws/install/mpc_controller:/home/tony/webots_ws/install/motor_interfaces:/home/tony/webots_ws/install/action_interfaces:/home/tony/webots_ws/install/post_train:/home/tony/webots_ws/install/my_package:/home/tony/webots_ws/install/my_mir_package:/home/tony/webots_ws/install/multi_mir_package:/opt/ros/foxy /usr/bin/cmake --install /home/tony/webots_ws/build/multi_traj_publish
