running egg_info
creating ../../build/post_train/post_train.egg-info
writing ../../build/post_train/post_train.egg-info/PKG-INFO
writing dependency_links to ../../build/post_train/post_train.egg-info/dependency_links.txt
writing entry points to ../../build/post_train/post_train.egg-info/entry_points.txt
writing requirements to ../../build/post_train/post_train.egg-info/requires.txt
writing top-level names to ../../build/post_train/post_train.egg-info/top_level.txt
writing manifest file '../../build/post_train/post_train.egg-info/SOURCES.txt'
reading manifest file '../../build/post_train/post_train.egg-info/SOURCES.txt'
writing manifest file '../../build/post_train/post_train.egg-info/SOURCES.txt'
running build
running build_py
creating /home/tony/webots_ws/build/post_train/build
creating /home/tony/webots_ws/build/post_train/build/lib
creating /home/tony/webots_ws/build/post_train/build/lib/post_train
copying post_train/__init__.py -> /home/tony/webots_ws/build/post_train/build/lib/post_train
copying post_train/post_train.py -> /home/tony/webots_ws/build/post_train/build/lib/post_train
running install
running install_lib
creating /home/tony/webots_ws/install/post_train/lib/python3.8/site-packages/post_train
copying /home/tony/webots_ws/build/post_train/build/lib/post_train/__init__.py -> /home/tony/webots_ws/install/post_train/lib/python3.8/site-packages/post_train
copying /home/tony/webots_ws/build/post_train/build/lib/post_train/post_train.py -> /home/tony/webots_ws/install/post_train/lib/python3.8/site-packages/post_train
byte-compiling /home/tony/webots_ws/install/post_train/lib/python3.8/site-packages/post_train/__init__.py to __init__.cpython-38.pyc
byte-compiling /home/tony/webots_ws/install/post_train/lib/python3.8/site-packages/post_train/post_train.py to post_train.cpython-38.pyc
running install_data
creating /home/tony/webots_ws/install/post_train/share/ament_index
creating /home/tony/webots_ws/install/post_train/share/ament_index/resource_index
creating /home/tony/webots_ws/install/post_train/share/ament_index/resource_index/packages
copying resource/post_train -> /home/tony/webots_ws/install/post_train/share/ament_index/resource_index/packages
copying package.xml -> /home/tony/webots_ws/install/post_train/share/post_train
running install_egg_info
Copying ../../build/post_train/post_train.egg-info to /home/tony/webots_ws/install/post_train/lib/python3.8/site-packages/post_train-0.0.0-py3.8.egg-info
running install_scripts
writing list of installed files to '/home/tony/webots_ws/build/post_train/install.log'
