[0.555s] Invoking command in '/home/tony/webots_ws/src/post_train': PYTHONPATH=/home/tony/webots_ws/build/post_train/prefix_override:/home/tony/webots_ws/install/post_train/lib/python3.8/site-packages:${PYTHONPATH} /usr/bin/python3 -W ignore:setup.py install is deprecated setup.py egg_info --egg-base ../../build/post_train build --build-base /home/tony/webots_ws/build/post_train/build install --record /home/tony/webots_ws/build/post_train/install.log --install-scripts $base/lib/post_train --single-version-externally-managed install_data
[0.714s] running egg_info
[0.714s] creating ../../build/post_train/post_train.egg-info
[0.714s] writing ../../build/post_train/post_train.egg-info/PKG-INFO
[0.714s] writing dependency_links to ../../build/post_train/post_train.egg-info/dependency_links.txt
[0.714s] writing entry points to ../../build/post_train/post_train.egg-info/entry_points.txt
[0.714s] writing requirements to ../../build/post_train/post_train.egg-info/requires.txt
[0.714s] writing top-level names to ../../build/post_train/post_train.egg-info/top_level.txt
[0.725s] writing manifest file '../../build/post_train/post_train.egg-info/SOURCES.txt'
[0.755s] reading manifest file '../../build/post_train/post_train.egg-info/SOURCES.txt'
[0.755s] writing manifest file '../../build/post_train/post_train.egg-info/SOURCES.txt'
[0.755s] running build
[0.755s] running build_py
[0.755s] creating /home/tony/webots_ws/build/post_train/build
[0.755s] creating /home/tony/webots_ws/build/post_train/build/lib
[0.756s] creating /home/tony/webots_ws/build/post_train/build/lib/post_train
[0.756s] copying post_train/__init__.py -> /home/tony/webots_ws/build/post_train/build/lib/post_train
[0.756s] copying post_train/post_train.py -> /home/tony/webots_ws/build/post_train/build/lib/post_train
[0.756s] running install
[0.756s] running install_lib
[0.757s] creating /home/tony/webots_ws/install/post_train/lib/python3.8/site-packages/post_train
[0.757s] copying /home/tony/webots_ws/build/post_train/build/lib/post_train/__init__.py -> /home/tony/webots_ws/install/post_train/lib/python3.8/site-packages/post_train
[0.757s] copying /home/tony/webots_ws/build/post_train/build/lib/post_train/post_train.py -> /home/tony/webots_ws/install/post_train/lib/python3.8/site-packages/post_train
[0.757s] byte-compiling /home/tony/webots_ws/install/post_train/lib/python3.8/site-packages/post_train/__init__.py to __init__.cpython-38.pyc
[0.758s] byte-compiling /home/tony/webots_ws/install/post_train/lib/python3.8/site-packages/post_train/post_train.py to post_train.cpython-38.pyc
[0.758s] running install_data
[0.759s] creating /home/tony/webots_ws/install/post_train/share/ament_index
[0.759s] creating /home/tony/webots_ws/install/post_train/share/ament_index/resource_index
[0.759s] creating /home/tony/webots_ws/install/post_train/share/ament_index/resource_index/packages
[0.759s] copying resource/post_train -> /home/tony/webots_ws/install/post_train/share/ament_index/resource_index/packages
[0.759s] copying package.xml -> /home/tony/webots_ws/install/post_train/share/post_train
[0.759s] running install_egg_info
[0.760s] Copying ../../build/post_train/post_train.egg-info to /home/tony/webots_ws/install/post_train/lib/python3.8/site-packages/post_train-0.0.0-py3.8.egg-info
[0.761s] running install_scripts
[0.778s] writing list of installed files to '/home/tony/webots_ws/build/post_train/install.log'
[0.792s] Invoked command in '/home/tony/webots_ws/src/post_train' returned '0': PYTHONPATH=/home/tony/webots_ws/build/post_train/prefix_override:/home/tony/webots_ws/install/post_train/lib/python3.8/site-packages:${PYTHONPATH} /usr/bin/python3 -W ignore:setup.py install is deprecated setup.py egg_info --egg-base ../../build/post_train build --build-base /home/tony/webots_ws/build/post_train/build install --record /home/tony/webots_ws/build/post_train/install.log --install-scripts $base/lib/post_train --single-version-externally-managed install_data
