[0.223s] Invoking command in '/home/tony/webots_ws/build/traj_publish': CMAKE_PREFIX_PATH=/home/tony/webots_ws/install/traj_interfaces:/home/tony/webots_ws/install/traj_publish:/home/tony/webots_ws/install/mpc_controller:/home/tony/webots_ws/install/motor_interfaces:/home/tony/webots_ws/install/my_package:/home/tony/webots_ws/install/my_mir_package:/opt/ros/foxy /usr/bin/cmake --build /home/tony/webots_ws/build/traj_publish -- -j16 -l16
[0.265s] [35m[1mScanning dependencies of target traj_pub[0m
[0.320s] [ 33%] [32mBuilding CXX object CMakeFiles/traj_pub.dir/src/traj_pub.cpp.o[0m
[2.171s] [01m[K/home/tony/webots_ws/src/traj_publish/src/traj_pub.cpp:[m[K In member function ‘[01m[Kvoid TrajectoryPublisher::publishBspline()[m[K’:
[2.171s] [01m[K/home/tony/webots_ws/src/traj_publish/src/traj_pub.cpp:54:93:[m[K [01;31m[Kerror: [m[Kno matching function for call to ‘[01m[KEigen::Matrix<double, -1, 1>::LinSpaced(double, double, double, double, double, double, double)[m[K’
[2.171s]    54 | ctorXd knots = Eigen::VectorXd::LinSpaced(0.0, 0.0, 0.0, 0.5, 1.0, 1.0, 1.0[01;31m[K)[m[K; // knot vector 节点向量
[2.171s]       |                                                                            [01;31m[K^[m[K
[2.171s] 
[2.171s] In file included from [01m[K/usr/local/include/eigen3/Eigen/Core:300[m[K,
[2.171s]                  from [01m[K/usr/local/include/eigen3/Eigen/Dense:1[m[K,
[2.171s]                  from [01m[K/usr/local/include/eigen3/Eigen/Eigen:1[m[K,
[2.171s]                  from [01m[K/home/tony/webots_ws/src/traj_publish/include/traj_visualization.hpp:3[m[K,
[2.171s]                  from [01m[K/home/tony/webots_ws/src/traj_publish/include/traj_publish/traj_pub.hpp:7[m[K,
[2.171s]                  from [01m[K/home/tony/webots_ws/src/traj_publish/src/traj_pub.cpp:1[m[K:
[2.171s] [01m[K/usr/local/include/eigen3/Eigen/src/Core/CwiseNullaryOp.h:244:1:[m[K [01;36m[Knote: [m[Kcandidate: ‘[01m[Kstatic const RandomAccessLinSpacedReturnType Eigen::DenseBase<Derived>::LinSpaced(Eigen::Sequential_t, Eigen::Index, const Scalar&, const Scalar&) [with Derived = Eigen::Matrix<double, -1, 1>; Eigen::DenseBase<Derived>::RandomAccessLinSpacedReturnType = Eigen::CwiseNullaryOp<Eigen::internal::linspaced_op<double>, Eigen::Matrix<double, -1, 1> >; typename Eigen::internal::conditional<Eigen::internal::is_same<typename Eigen::internal::traits<T>::XprKind, Eigen::MatrixXpr>::value, Eigen::Matrix<typename Eigen::internal::traits<T>::Scalar, Eigen::internal::traits<T>::RowsAtCompileTime, Eigen::internal::traits<T>::ColsAtCompileTime, (Eigen::AutoAlign | ((Eigen::internal::traits<T>::Flags & Eigen::RowMajorBit) ? Eigen::RowMajor :  Eigen::ColMajor)), Eigen::internal::traits<T>::MaxRowsAtCompileTime, Eigen::internal::traits<T>::MaxColsAtCompileTime>, Eigen::Array<typename Eigen::internal::traits<T>::Scalar, Eigen::internal::traits<T>::RowsAtCompileTime, Eigen::internal::traits<T>::ColsAtCompileTime, (Eigen::AutoAlign | ((Eigen::internal::traits<T>::Flags & Eigen::RowMajorBit) ? Eigen::RowMajor :  Eigen::ColMajor)), Eigen::internal::traits<T>::MaxRowsAtCompileTime, Eigen::internal::traits<T>::MaxColsAtCompileTime> >::type = Eigen::Matrix<double, -1, 1>; typename Eigen::internal::traits<T>::Scalar = double; Eigen::Index = long int; Eigen::DenseBase<Derived>::Scalar = double][m[K’
[2.171s]   244 | [01;36m[KDenseBase<Derived>[m[K::LinSpaced(Sequential_t, Index size, const Scalar& low, const Scalar& high)
[2.172s]       | [01;36m[K^~~~~~~~~~~~~~~~~~[m[K
[2.172s] [01m[K/usr/local/include/eigen3/Eigen/src/Core/CwiseNullaryOp.h:244:1:[m[K [01;36m[Knote: [m[K  candidate expects 4 arguments, 7 provided
[2.172s] [01m[K/usr/local/include/eigen3/Eigen/src/Core/CwiseNullaryOp.h:256:1:[m[K [01;36m[Knote: [m[Kcandidate: ‘[01m[Kstatic const RandomAccessLinSpacedReturnType Eigen::DenseBase<Derived>::LinSpaced(Eigen::Sequential_t, const Scalar&, const Scalar&) [with Derived = Eigen::Matrix<double, -1, 1>; Eigen::DenseBase<Derived>::RandomAccessLinSpacedReturnType = Eigen::CwiseNullaryOp<Eigen::internal::linspaced_op<double>, Eigen::Matrix<double, -1, 1> >; typename Eigen::internal::conditional<Eigen::internal::is_same<typename Eigen::internal::traits<T>::XprKind, Eigen::MatrixXpr>::value, Eigen::Matrix<typename Eigen::internal::traits<T>::Scalar, Eigen::internal::traits<T>::RowsAtCompileTime, Eigen::internal::traits<T>::ColsAtCompileTime, (Eigen::AutoAlign | ((Eigen::internal::traits<T>::Flags & Eigen::RowMajorBit) ? Eigen::RowMajor :  Eigen::ColMajor)), Eigen::internal::traits<T>::MaxRowsAtCompileTime, Eigen::internal::traits<T>::MaxColsAtCompileTime>, Eigen::Array<typename Eigen::internal::traits<T>::Scalar, Eigen::internal::traits<T>::RowsAtCompileTime, Eigen::internal::traits<T>::ColsAtCompileTime, (Eigen::AutoAlign | ((Eigen::internal::traits<T>::Flags & Eigen::RowMajorBit) ? Eigen::RowMajor :  Eigen::ColMajor)), Eigen::internal::traits<T>::MaxRowsAtCompileTime, Eigen::internal::traits<T>::MaxColsAtCompileTime> >::type = Eigen::Matrix<double, -1, 1>; typename Eigen::internal::traits<T>::Scalar = double; Eigen::DenseBase<Derived>::Scalar = double][m[K’
[2.172s]   256 | [01;36m[KDenseBase<Derived>[m[K::LinSpaced(Sequential_t, const Scalar& low, const Scalar& high)
[2.172s]       | [01;36m[K^~~~~~~~~~~~~~~~~~[m[K
[2.172s] [01m[K/usr/local/include/eigen3/Eigen/src/Core/CwiseNullaryOp.h:256:1:[m[K [01;36m[Knote: [m[K  candidate expects 3 arguments, 7 provided
[2.172s] [01m[K/usr/local/include/eigen3/Eigen/src/Core/CwiseNullaryOp.h:288:1:[m[K [01;36m[Knote: [m[Kcandidate: ‘[01m[Kstatic const RandomAccessLinSpacedReturnType Eigen::DenseBase<Derived>::LinSpaced(Eigen::Index, const Scalar&, const Scalar&) [with Derived = Eigen::Matrix<double, -1, 1>; Eigen::DenseBase<Derived>::RandomAccessLinSpacedReturnType = Eigen::CwiseNullaryOp<Eigen::internal::linspaced_op<double>, Eigen::Matrix<double, -1, 1> >; typename Eigen::internal::conditional<Eigen::internal::is_same<typename Eigen::internal::traits<T>::XprKind, Eigen::MatrixXpr>::value, Eigen::Matrix<typename Eigen::internal::traits<T>::Scalar, Eigen::internal::traits<T>::RowsAtCompileTime, Eigen::internal::traits<T>::ColsAtCompileTime, (Eigen::AutoAlign | ((Eigen::internal::traits<T>::Flags & Eigen::RowMajorBit) ? Eigen::RowMajor :  Eigen::ColMajor)), Eigen::internal::traits<T>::MaxRowsAtCompileTime, Eigen::internal::traits<T>::MaxColsAtCompileTime>, Eigen::Array<typename Eigen::internal::traits<T>::Scalar, Eigen::internal::traits<T>::RowsAtCompileTime, Eigen::internal::traits<T>::ColsAtCompileTime, (Eigen::AutoAlign | ((Eigen::internal::traits<T>::Flags & Eigen::RowMajorBit) ? Eigen::RowMajor :  Eigen::ColMajor)), Eigen::internal::traits<T>::MaxRowsAtCompileTime, Eigen::internal::traits<T>::MaxColsAtCompileTime> >::type = Eigen::Matrix<double, -1, 1>; typename Eigen::internal::traits<T>::Scalar = double; Eigen::Index = long int; Eigen::DenseBase<Derived>::Scalar = double][m[K’
[2.172s]   288 | [01;36m[KDenseBase<Derived>[m[K::LinSpaced(Index size, const Scalar& low, const Scalar& high)
[2.172s]       | [01;36m[K^~~~~~~~~~~~~~~~~~[m[K
[2.172s] [01m[K/usr/local/include/eigen3/Eigen/src/Core/CwiseNullaryOp.h:288:1:[m[K [01;36m[Knote: [m[K  candidate expects 3 arguments, 7 provided
[2.172s] [01m[K/usr/local/include/eigen3/Eigen/src/Core/CwiseNullaryOp.h:300:1:[m[K [01;36m[Knote: [m[Kcandidate: ‘[01m[Kstatic const RandomAccessLinSpacedReturnType Eigen::DenseBase<Derived>::LinSpaced(const Scalar&, const Scalar&) [with Derived = Eigen::Matrix<double, -1, 1>; Eigen::DenseBase<Derived>::RandomAccessLinSpacedReturnType = Eigen::CwiseNullaryOp<Eigen::internal::linspaced_op<double>, Eigen::Matrix<double, -1, 1> >; typename Eigen::internal::conditional<Eigen::internal::is_same<typename Eigen::internal::traits<T>::XprKind, Eigen::MatrixXpr>::value, Eigen::Matrix<typename Eigen::internal::traits<T>::Scalar, Eigen::internal::traits<T>::RowsAtCompileTime, Eigen::internal::traits<T>::ColsAtCompileTime, (Eigen::AutoAlign | ((Eigen::internal::traits<T>::Flags & Eigen::RowMajorBit) ? Eigen::RowMajor :  Eigen::ColMajor)), Eigen::internal::traits<T>::MaxRowsAtCompileTime, Eigen::internal::traits<T>::MaxColsAtCompileTime>, Eigen::Array<typename Eigen::internal::traits<T>::Scalar, Eigen::internal::traits<T>::RowsAtCompileTime, Eigen::internal::traits<T>::ColsAtCompileTime, (Eigen::AutoAlign | ((Eigen::internal::traits<T>::Flags & Eigen::RowMajorBit) ? Eigen::RowMajor :  Eigen::ColMajor)), Eigen::internal::traits<T>::MaxRowsAtCompileTime, Eigen::internal::traits<T>::MaxColsAtCompileTime> >::type = Eigen::Matrix<double, -1, 1>; typename Eigen::internal::traits<T>::Scalar = double; Eigen::DenseBase<Derived>::Scalar = double][m[K’
[2.172s]   300 | [01;36m[KDenseBase<Derived>[m[K::LinSpaced(const Scalar& low, const Scalar& high)
[2.172s]       | [01;36m[K^~~~~~~~~~~~~~~~~~[m[K
[2.172s] [01m[K/usr/local/include/eigen3/Eigen/src/Core/CwiseNullaryOp.h:300:1:[m[K [01;36m[Knote: [m[K  candidate expects 2 arguments, 7 provided
[2.908s] make[2]: *** [CMakeFiles/traj_pub.dir/build.make:63: CMakeFiles/traj_pub.dir/src/traj_pub.cpp.o] Error 1
[2.908s] make[1]: *** [CMakeFiles/Makefile2:78: CMakeFiles/traj_pub.dir/all] Error 2
[2.909s] make: *** [Makefile:141: all] Error 2
[2.914s] Invoked command in '/home/tony/webots_ws/build/traj_publish' returned '2': CMAKE_PREFIX_PATH=/home/tony/webots_ws/install/traj_interfaces:/home/tony/webots_ws/install/traj_publish:/home/tony/webots_ws/install/mpc_controller:/home/tony/webots_ws/install/motor_interfaces:/home/tony/webots_ws/install/my_package:/home/tony/webots_ws/install/my_mir_package:/opt/ros/foxy /usr/bin/cmake --build /home/tony/webots_ws/build/traj_publish -- -j16 -l16
