running egg_info
creating ../../build/my_mir_package/my_mir_package.egg-info
writing ../../build/my_mir_package/my_mir_package.egg-info/PKG-INFO
writing dependency_links to ../../build/my_mir_package/my_mir_package.egg-info/dependency_links.txt
writing entry points to ../../build/my_mir_package/my_mir_package.egg-info/entry_points.txt
writing requirements to ../../build/my_mir_package/my_mir_package.egg-info/requires.txt
writing top-level names to ../../build/my_mir_package/my_mir_package.egg-info/top_level.txt
writing manifest file '../../build/my_mir_package/my_mir_package.egg-info/SOURCES.txt'
reading manifest file '../../build/my_mir_package/my_mir_package.egg-info/SOURCES.txt'
writing manifest file '../../build/my_mir_package/my_mir_package.egg-info/SOURCES.txt'
running build
running build_py
creating /home/tony/webots_ws/build/my_mir_package/build
creating /home/tony/webots_ws/build/my_mir_package/build/lib
creating /home/tony/webots_ws/build/my_mir_package/build/lib/my_mir_package
copying my_mir_package/__init__.py -> /home/tony/webots_ws/build/my_mir_package/build/lib/my_mir_package
copying my_mir_package/my_mir_driver.py -> /home/tony/webots_ws/build/my_mir_package/build/lib/my_mir_package
running install
running install_lib
creating /home/tony/webots_ws/install/my_mir_package/lib/python3.8/site-packages/my_mir_package
copying /home/tony/webots_ws/build/my_mir_package/build/lib/my_mir_package/__init__.py -> /home/tony/webots_ws/install/my_mir_package/lib/python3.8/site-packages/my_mir_package
copying /home/tony/webots_ws/build/my_mir_package/build/lib/my_mir_package/my_mir_driver.py -> /home/tony/webots_ws/install/my_mir_package/lib/python3.8/site-packages/my_mir_package
byte-compiling /home/tony/webots_ws/install/my_mir_package/lib/python3.8/site-packages/my_mir_package/__init__.py to __init__.cpython-38.pyc
byte-compiling /home/tony/webots_ws/install/my_mir_package/lib/python3.8/site-packages/my_mir_package/my_mir_driver.py to my_mir_driver.cpython-38.pyc
running install_data
creating /home/tony/webots_ws/install/my_mir_package/share/ament_index
creating /home/tony/webots_ws/install/my_mir_package/share/ament_index/resource_index
creating /home/tony/webots_ws/install/my_mir_package/share/ament_index/resource_index/packages
copying resource/my_mir_package -> /home/tony/webots_ws/install/my_mir_package/share/ament_index/resource_index/packages
creating /home/tony/webots_ws/install/my_mir_package/share/my_mir_package/launch
copying launch/robot_launch.py -> /home/tony/webots_ws/install/my_mir_package/share/my_mir_package/launch
creating /home/tony/webots_ws/install/my_mir_package/share/my_mir_package/worlds
copying worlds/my_world.wbt -> /home/tony/webots_ws/install/my_mir_package/share/my_mir_package/worlds
error: can't copy 'resource/my_robot.urdf': doesn't exist or not a regular file
creating /home/tony/webots_ws/install/my_mir_package/share/my_mir_package/resource
