[0.688s] Invoking command in '/home/tony/webots_ws/src/my_mir_package': PYTHONPATH=/home/tony/webots_ws/build/my_mir_package/prefix_override:/home/tony/webots_ws/install/my_mir_package/lib/python3.8/site-packages:${PYTHONPATH} /usr/bin/python3 -W ignore:setup.py install is deprecated setup.py egg_info --egg-base ../../build/my_mir_package build --build-base /home/tony/webots_ws/build/my_mir_package/build install --record /home/tony/webots_ws/build/my_mir_package/install.log --install-scripts $base/lib/my_mir_package --single-version-externally-managed install_data
[0.841s] running egg_info
[0.842s] creating ../../build/my_mir_package/my_mir_package.egg-info
[0.842s] writing ../../build/my_mir_package/my_mir_package.egg-info/PKG-INFO
[0.842s] writing dependency_links to ../../build/my_mir_package/my_mir_package.egg-info/dependency_links.txt
[0.842s] writing entry points to ../../build/my_mir_package/my_mir_package.egg-info/entry_points.txt
[0.842s] writing requirements to ../../build/my_mir_package/my_mir_package.egg-info/requires.txt
[0.842s] writing top-level names to ../../build/my_mir_package/my_mir_package.egg-info/top_level.txt
[0.843s] writing manifest file '../../build/my_mir_package/my_mir_package.egg-info/SOURCES.txt'
[0.866s] reading manifest file '../../build/my_mir_package/my_mir_package.egg-info/SOURCES.txt'
[0.867s] writing manifest file '../../build/my_mir_package/my_mir_package.egg-info/SOURCES.txt'
[0.867s] running build
[0.867s] running build_py
[0.867s] creating /home/tony/webots_ws/build/my_mir_package/build
[0.867s] creating /home/tony/webots_ws/build/my_mir_package/build/lib
[0.876s] creating /home/tony/webots_ws/build/my_mir_package/build/lib/my_mir_package
[0.876s] copying my_mir_package/__init__.py -> /home/tony/webots_ws/build/my_mir_package/build/lib/my_mir_package
[0.876s] copying my_mir_package/my_mir_driver.py -> /home/tony/webots_ws/build/my_mir_package/build/lib/my_mir_package
[0.876s] running install
[0.877s] running install_lib
[0.877s] creating /home/tony/webots_ws/install/my_mir_package/lib/python3.8/site-packages/my_mir_package
[0.877s] copying /home/tony/webots_ws/build/my_mir_package/build/lib/my_mir_package/__init__.py -> /home/tony/webots_ws/install/my_mir_package/lib/python3.8/site-packages/my_mir_package
[0.878s] copying /home/tony/webots_ws/build/my_mir_package/build/lib/my_mir_package/my_mir_driver.py -> /home/tony/webots_ws/install/my_mir_package/lib/python3.8/site-packages/my_mir_package
[0.878s] byte-compiling /home/tony/webots_ws/install/my_mir_package/lib/python3.8/site-packages/my_mir_package/__init__.py to __init__.cpython-38.pyc
[0.879s] byte-compiling /home/tony/webots_ws/install/my_mir_package/lib/python3.8/site-packages/my_mir_package/my_mir_driver.py to my_mir_driver.cpython-38.pyc
[0.880s] running install_data
[0.880s] creating /home/tony/webots_ws/install/my_mir_package/share/ament_index
[0.880s] creating /home/tony/webots_ws/install/my_mir_package/share/ament_index/resource_index
[0.880s] creating /home/tony/webots_ws/install/my_mir_package/share/ament_index/resource_index/packages
[0.880s] copying resource/my_mir_package -> /home/tony/webots_ws/install/my_mir_package/share/ament_index/resource_index/packages
[0.880s] creating /home/tony/webots_ws/install/my_mir_package/share/my_mir_package/launch
[0.881s] copying launch/robot_launch.py -> /home/tony/webots_ws/install/my_mir_package/share/my_mir_package/launch
[0.881s] creating /home/tony/webots_ws/install/my_mir_package/share/my_mir_package/worlds
[0.881s] copying worlds/my_world.wbt -> /home/tony/webots_ws/install/my_mir_package/share/my_mir_package/worlds
[0.881s] error: can't copy 'resource/my_robot.urdf': doesn't exist or not a regular file
[0.881s] creating /home/tony/webots_ws/install/my_mir_package/share/my_mir_package/resource
[0.894s] Invoked command in '/home/tony/webots_ws/src/my_mir_package' returned '1': PYTHONPATH=/home/tony/webots_ws/build/my_mir_package/prefix_override:/home/tony/webots_ws/install/my_mir_package/lib/python3.8/site-packages:${PYTHONPATH} /usr/bin/python3 -W ignore:setup.py install is deprecated setup.py egg_info --egg-base ../../build/my_mir_package build --build-base /home/tony/webots_ws/build/my_mir_package/build install --record /home/tony/webots_ws/build/my_mir_package/install.log --install-scripts $base/lib/my_mir_package --single-version-externally-managed install_data
