[0.820s] Invoking command in '/home/tony/webots_ws/src/my_mir_package': AMENT_PREFIX_PATH=/home/tony/webots_ws/install/motor_interfaces:${AMENT_PREFIX_PATH} CMAKE_PREFIX_PATH=/home/tony/webots_ws/install/motor_interfaces LD_LIBRARY_PATH=/home/tony/webots_ws/install/motor_interfaces/lib:${LD_LIBRARY_PATH} PYTHONPATH=/home/tony/webots_ws/build/my_mir_package/prefix_override:/home/tony/webots_ws/install/my_mir_package/lib/python3.8/site-packages:/home/tony/webots_ws/install/motor_interfaces/lib/python3.8/site-packages:${PYTHONPATH} /usr/bin/python3 -W ignore:setup.py install is deprecated setup.py egg_info --egg-base ../../build/my_mir_package build --build-base /home/tony/webots_ws/build/my_mir_package/build install --record /home/tony/webots_ws/build/my_mir_package/install.log --install-scripts $base/lib/my_mir_package --single-version-externally-managed install_data
[1.005s] running egg_info
[1.007s] creating ../../build/my_mir_package/my_mir_package.egg-info
[1.007s] writing ../../build/my_mir_package/my_mir_package.egg-info/PKG-INFO
[1.008s] writing dependency_links to ../../build/my_mir_package/my_mir_package.egg-info/dependency_links.txt
[1.008s] writing entry points to ../../build/my_mir_package/my_mir_package.egg-info/entry_points.txt
[1.008s] writing requirements to ../../build/my_mir_package/my_mir_package.egg-info/requires.txt
[1.008s] writing top-level names to ../../build/my_mir_package/my_mir_package.egg-info/top_level.txt
[1.009s] writing manifest file '../../build/my_mir_package/my_mir_package.egg-info/SOURCES.txt'
[1.036s] reading manifest file '../../build/my_mir_package/my_mir_package.egg-info/SOURCES.txt'
[1.036s] writing manifest file '../../build/my_mir_package/my_mir_package.egg-info/SOURCES.txt'
[1.036s] running build
[1.036s] running build_py
[1.036s] creating /home/tony/webots_ws/build/my_mir_package/build
[1.037s] creating /home/tony/webots_ws/build/my_mir_package/build/lib
[1.037s] creating /home/tony/webots_ws/build/my_mir_package/build/lib/my_mir_package
[1.037s] copying my_mir_package/__init__.py -> /home/tony/webots_ws/build/my_mir_package/build/lib/my_mir_package
[1.037s] copying my_mir_package/my_mir_driver.py -> /home/tony/webots_ws/build/my_mir_package/build/lib/my_mir_package
[1.037s] running install
[1.037s] running install_lib
[1.038s] creating /home/tony/webots_ws/install/my_mir_package/lib/python3.8/site-packages/my_mir_package
[1.038s] copying /home/tony/webots_ws/build/my_mir_package/build/lib/my_mir_package/__init__.py -> /home/tony/webots_ws/install/my_mir_package/lib/python3.8/site-packages/my_mir_package
[1.038s] copying /home/tony/webots_ws/build/my_mir_package/build/lib/my_mir_package/my_mir_driver.py -> /home/tony/webots_ws/install/my_mir_package/lib/python3.8/site-packages/my_mir_package
[1.038s] byte-compiling /home/tony/webots_ws/install/my_mir_package/lib/python3.8/site-packages/my_mir_package/__init__.py to __init__.cpython-38.pyc
[1.039s] byte-compiling /home/tony/webots_ws/install/my_mir_package/lib/python3.8/site-packages/my_mir_package/my_mir_driver.py to my_mir_driver.cpython-38.pyc
[1.040s] running install_data
[1.040s] creating /home/tony/webots_ws/install/my_mir_package/share/ament_index
[1.040s] creating /home/tony/webots_ws/install/my_mir_package/share/ament_index/resource_index
[1.040s] creating /home/tony/webots_ws/install/my_mir_package/share/ament_index/resource_index/packages
[1.041s] copying resource/my_mir_package -> /home/tony/webots_ws/install/my_mir_package/share/ament_index/resource_index/packages
[1.041s] creating /home/tony/webots_ws/install/my_mir_package/share/my_mir_package/launch
[1.041s] copying launch/robot_mir_launch.py -> /home/tony/webots_ws/install/my_mir_package/share/my_mir_package/launch
[1.041s] creating /home/tony/webots_ws/install/my_mir_package/share/my_mir_package/worlds
[1.041s] copying worlds/my_world.wbt -> /home/tony/webots_ws/install/my_mir_package/share/my_mir_package/worlds
[1.041s] creating /home/tony/webots_ws/install/my_mir_package/share/my_mir_package/resource
[1.041s] copying resource/my_mir_robot.urdf -> /home/tony/webots_ws/install/my_mir_package/share/my_mir_package/resource
[1.042s] copying package.xml -> /home/tony/webots_ws/install/my_mir_package/share/my_mir_package
[1.042s] creating /home/tony/webots_ws/install/my_mir_package/share/my_mir_package/config
[1.042s] copying config/mir100.rviz -> /home/tony/webots_ws/install/my_mir_package/share/my_mir_package/config
[1.042s] running install_egg_info
[1.043s] Copying ../../build/my_mir_package/my_mir_package.egg-info to /home/tony/webots_ws/install/my_mir_package/lib/python3.8/site-packages/my_mir_package-0.0.0-py3.8.egg-info
[1.044s] running install_scripts
[1.057s] Installing my_mir_driver script to /home/tony/webots_ws/install/my_mir_package/lib/my_mir_package
[1.057s] writing list of installed files to '/home/tony/webots_ws/build/my_mir_package/install.log'
[1.078s] Invoked command in '/home/tony/webots_ws/src/my_mir_package' returned '0': AMENT_PREFIX_PATH=/home/tony/webots_ws/install/motor_interfaces:${AMENT_PREFIX_PATH} CMAKE_PREFIX_PATH=/home/tony/webots_ws/install/motor_interfaces LD_LIBRARY_PATH=/home/tony/webots_ws/install/motor_interfaces/lib:${LD_LIBRARY_PATH} PYTHONPATH=/home/tony/webots_ws/build/my_mir_package/prefix_override:/home/tony/webots_ws/install/my_mir_package/lib/python3.8/site-packages:/home/tony/webots_ws/install/motor_interfaces/lib/python3.8/site-packages:${PYTHONPATH} /usr/bin/python3 -W ignore:setup.py install is deprecated setup.py egg_info --egg-base ../../build/my_mir_package build --build-base /home/tony/webots_ws/build/my_mir_package/build install --record /home/tony/webots_ws/build/my_mir_package/install.log --install-scripts $base/lib/my_mir_package --single-version-externally-managed install_data
