[0.639s] Invoking command in '/home/tony/webots_ws/build/qpOASES': /usr/bin/cmake --build /home/tony/webots_ws/build/qpOASES -- -j16 -l16
[0.842s] [ 46%] Built target qpOASES
[0.843s] [ 60%] Built target example2
[0.843s] [ 60%] Built target example1a
[0.843s] [ 60%] Built target example1b
[0.844s] [ 70%] Built target example1
[0.844s] [ 70%] Built target example4
[0.844s] [ 75%] Built target qrecipeSchur
[0.844s] [ 80%] Built target qrecipe
[0.844s] [ 85%] Built target example3
[0.844s] [ 90%] Built target example3b
[0.845s] [ 95%] Built target example5
[0.845s] [100%] Built target exampleLP
[0.848s] Invoked command in '/home/tony/webots_ws/build/qpOASES' returned '0': /usr/bin/cmake --build /home/tony/webots_ws/build/qpOASES -- -j16 -l16
[0.937s] Invoking command in '/home/tony/webots_ws/build/qpOASES': /usr/bin/cmake --install /home/tony/webots_ws/build/qpOASES
[0.938s] -- Install configuration: "Release"
[0.938s] -- Up-to-date: /home/tony/webots_ws/install/qpOASES/lib/libqpOASES.a
[0.938s] -- Up-to-date: /home/tony/webots_ws/install/qpOASES/include/qpOASES.hpp
[0.939s] -- Up-to-date: /home/tony/webots_ws/install/qpOASES/include/qpOASES
[0.939s] -- Up-to-date: /home/tony/webots_ws/install/qpOASES/include/qpOASES/Types.hpp
[0.939s] -- Up-to-date: /home/tony/webots_ws/install/qpOASES/include/qpOASES/QProblem.hpp
[0.939s] -- Up-to-date: /home/tony/webots_ws/install/qpOASES/include/qpOASES/QProblemB.hpp
[0.939s] -- Up-to-date: /home/tony/webots_ws/install/qpOASES/include/qpOASES/extras
[0.939s] -- Up-to-date: /home/tony/webots_ws/install/qpOASES/include/qpOASES/extras/SolutionAnalysis.hpp
[0.939s] -- Up-to-date: /home/tony/webots_ws/install/qpOASES/include/qpOASES/extras/OQPinterface.hpp
[0.939s] -- Up-to-date: /home/tony/webots_ws/install/qpOASES/include/qpOASES/extras/SolutionAnalysis.ipp
[0.940s] -- Up-to-date: /home/tony/webots_ws/install/qpOASES/include/qpOASES/Matrices.hpp
[0.940s] -- Up-to-date: /home/tony/webots_ws/install/qpOASES/include/qpOASES/SparseSolver.hpp
[0.940s] -- Up-to-date: /home/tony/webots_ws/install/qpOASES/include/qpOASES/Flipper.hpp
[0.940s] -- Up-to-date: /home/tony/webots_ws/install/qpOASES/include/qpOASES/Bounds.ipp
[0.940s] -- Up-to-date: /home/tony/webots_ws/install/qpOASES/include/qpOASES/QProblem.ipp
[0.940s] -- Up-to-date: /home/tony/webots_ws/install/qpOASES/include/qpOASES/Indexlist.ipp
[0.940s] -- Up-to-date: /home/tony/webots_ws/install/qpOASES/include/qpOASES/MessageHandling.ipp
[0.941s] -- Up-to-date: /home/tony/webots_ws/install/qpOASES/include/qpOASES/Indexlist.hpp
[0.942s] -- Up-to-date: /home/tony/webots_ws/install/qpOASES/include/qpOASES/Constraints.ipp
[0.942s] -- Up-to-date: /home/tony/webots_ws/install/qpOASES/include/qpOASES/QProblemB.ipp
[0.942s] -- Up-to-date: /home/tony/webots_ws/install/qpOASES/include/qpOASES/SQProblemSchur.hpp
[0.943s] -- Up-to-date: /home/tony/webots_ws/install/qpOASES/include/qpOASES/Constants.hpp
[0.943s] -- Up-to-date: /home/tony/webots_ws/install/qpOASES/include/qpOASES/Bounds.hpp
[0.943s] -- Up-to-date: /home/tony/webots_ws/install/qpOASES/include/qpOASES/MessageHandling.hpp
[0.943s] -- Up-to-date: /home/tony/webots_ws/install/qpOASES/include/qpOASES/Utils.ipp
[0.944s] -- Up-to-date: /home/tony/webots_ws/install/qpOASES/include/qpOASES/Options.hpp
[0.944s] -- Up-to-date: /home/tony/webots_ws/install/qpOASES/include/qpOASES/Utils.hpp
[0.944s] -- Up-to-date: /home/tony/webots_ws/install/qpOASES/include/qpOASES/SQProblem.hpp
[0.944s] -- Up-to-date: /home/tony/webots_ws/install/qpOASES/include/qpOASES/LapackBlasReplacement.hpp
[0.944s] -- Up-to-date: /home/tony/webots_ws/install/qpOASES/include/qpOASES/Constraints.hpp
[0.945s] -- Up-to-date: /home/tony/webots_ws/install/qpOASES/include/qpOASES/SQProblemSchur.ipp
[0.945s] -- Up-to-date: /home/tony/webots_ws/install/qpOASES/include/qpOASES/SubjectTo.ipp
[0.945s] -- Up-to-date: /home/tony/webots_ws/install/qpOASES/include/qpOASES/SQProblem.ipp
[0.945s] -- Up-to-date: /home/tony/webots_ws/install/qpOASES/include/qpOASES/ConstraintProduct.hpp
[0.945s] -- Up-to-date: /home/tony/webots_ws/install/qpOASES/include/qpOASES/SubjectTo.hpp
[0.946s] -- Up-to-date: /home/tony/webots_ws/install/qpOASES/include/qpOASES/UnitTesting.hpp
[0.946s] Invoked command in '/home/tony/webots_ws/build/qpOASES' returned '0': /usr/bin/cmake --install /home/tony/webots_ws/build/qpOASES
