[0.141s] DEBUG:colcon:Command line arguments: ['/usr/bin/colcon', 'build']
[0.142s] DEBUG:colcon:Parsed command line arguments: Namespace(allow_overriding=[], ament_cmake_args=None, base_paths=['.'], build_base='build', catkin_cmake_args=None, catkin_skip_building_tests=False, cmake_args=None, cmake_clean_cache=False, cmake_clean_first=False, cmake_force_configure=False, cmake_target=None, cmake_target_skip_unavailable=False, continue_on_error=False, event_handlers=None, executor='parallel', ignore_user_meta=False, install_base='install', log_base=None, log_level=None, main=<bound method BuildVerb.main of <colcon_core.verb.build.BuildVerb object at 0x7fa32348a280>>, merge_install=False, metas=['./colcon.meta'], packages_above=None, packages_above_and_dependencies=None, packages_above_depth=None, packages_end=None, packages_ignore=None, packages_ignore_regex=None, packages_select=None, packages_select_build_failed=False, packages_select_by_dep=None, packages_select_regex=None, packages_select_test_failures=False, packages_skip=None, packages_skip_build_finished=False, packages_skip_by_dep=None, packages_skip_regex=None, packages_skip_test_passed=False, packages_skip_up_to=None, packages_start=None, packages_up_to=None, packages_up_to_regex=None, parallel_workers=16, paths=None, symlink_install=False, test_result_base=None, verb_extension=<colcon_core.verb.build.BuildVerb object at 0x7fa32348a280>, verb_name='build', verb_parser=<colcon_defaults.argument_parser.defaults.DefaultArgumentsDecorator object at 0x7fa32331ce50>)
[0.260s] Level 1:colcon.colcon_core.package_discovery:discover_packages(colcon_meta) check parameters
[0.260s] Level 1:colcon.colcon_core.package_discovery:discover_packages(recursive) check parameters
[0.260s] Level 1:colcon.colcon_core.package_discovery:discover_packages(ignore) check parameters
[0.260s] Level 1:colcon.colcon_core.package_discovery:discover_packages(path) check parameters
[0.260s] Level 1:colcon.colcon_core.package_discovery:discover_packages(colcon_meta) discover
[0.260s] Level 1:colcon.colcon_core.package_discovery:discover_packages(recursive) discover
[0.260s] INFO:colcon.colcon_core.package_discovery:Crawling recursively for packages in '/home/tony/webots_ws'
[0.261s] Level 1:colcon.colcon_core.package_identification:_identify(.) by extensions ['ignore', 'ignore_ament_install']
[0.261s] Level 1:colcon.colcon_core.package_identification:_identify(.) by extension 'ignore'
[0.261s] Level 1:colcon.colcon_core.package_identification:_identify(.) by extension 'ignore_ament_install'
[0.261s] Level 1:colcon.colcon_core.package_identification:_identify(.) by extensions ['colcon_pkg']
[0.261s] Level 1:colcon.colcon_core.package_identification:_identify(.) by extension 'colcon_pkg'
[0.261s] Level 1:colcon.colcon_core.package_identification:_identify(.) by extensions ['colcon_meta']
[0.261s] Level 1:colcon.colcon_core.package_identification:_identify(.) by extension 'colcon_meta'
[0.261s] Level 1:colcon.colcon_core.package_identification:_identify(.) by extensions ['ros']
[0.261s] Level 1:colcon.colcon_core.package_identification:_identify(.) by extension 'ros'
[0.271s] Level 1:colcon.colcon_core.package_identification:_identify(.) by extensions ['cmake', 'python']
[0.271s] Level 1:colcon.colcon_core.package_identification:_identify(.) by extension 'cmake'
[0.271s] Level 1:colcon.colcon_core.package_identification:_identify(.) by extension 'python'
[0.271s] Level 1:colcon.colcon_core.package_identification:_identify(.) by extensions ['python_setup_py']
[0.271s] Level 1:colcon.colcon_core.package_identification:_identify(.) by extension 'python_setup_py'
[0.271s] Level 1:colcon.colcon_core.package_identification:_identify(build) by extensions ['ignore', 'ignore_ament_install']
[0.271s] Level 1:colcon.colcon_core.package_identification:_identify(build) by extension 'ignore'
[0.271s] Level 1:colcon.colcon_core.package_identification:_identify(build) ignored
[0.272s] Level 1:colcon.colcon_core.package_identification:_identify(install) by extensions ['ignore', 'ignore_ament_install']
[0.272s] Level 1:colcon.colcon_core.package_identification:_identify(install) by extension 'ignore'
[0.272s] Level 1:colcon.colcon_core.package_identification:_identify(install) ignored
[0.272s] Level 1:colcon.colcon_core.package_identification:_identify(log) by extensions ['ignore', 'ignore_ament_install']
[0.272s] Level 1:colcon.colcon_core.package_identification:_identify(log) by extension 'ignore'
[0.272s] Level 1:colcon.colcon_core.package_identification:_identify(log) ignored
[0.272s] Level 1:colcon.colcon_core.package_identification:_identify(src) by extensions ['ignore', 'ignore_ament_install']
[0.272s] Level 1:colcon.colcon_core.package_identification:_identify(src) by extension 'ignore'
[0.272s] Level 1:colcon.colcon_core.package_identification:_identify(src) by extension 'ignore_ament_install'
[0.272s] Level 1:colcon.colcon_core.package_identification:_identify(src) by extensions ['colcon_pkg']
[0.272s] Level 1:colcon.colcon_core.package_identification:_identify(src) by extension 'colcon_pkg'
[0.272s] Level 1:colcon.colcon_core.package_identification:_identify(src) by extensions ['colcon_meta']
[0.272s] Level 1:colcon.colcon_core.package_identification:_identify(src) by extension 'colcon_meta'
[0.272s] Level 1:colcon.colcon_core.package_identification:_identify(src) by extensions ['ros']
[0.272s] Level 1:colcon.colcon_core.package_identification:_identify(src) by extension 'ros'
[0.272s] Level 1:colcon.colcon_core.package_identification:_identify(src) by extensions ['cmake', 'python']
[0.272s] Level 1:colcon.colcon_core.package_identification:_identify(src) by extension 'cmake'
[0.272s] Level 1:colcon.colcon_core.package_identification:_identify(src) by extension 'python'
[0.272s] Level 1:colcon.colcon_core.package_identification:_identify(src) by extensions ['python_setup_py']
[0.273s] Level 1:colcon.colcon_core.package_identification:_identify(src) by extension 'python_setup_py'
[0.273s] Level 1:colcon.colcon_core.package_identification:_identify(src/motor_interfaces) by extensions ['ignore', 'ignore_ament_install']
[0.273s] Level 1:colcon.colcon_core.package_identification:_identify(src/motor_interfaces) by extension 'ignore'
[0.273s] Level 1:colcon.colcon_core.package_identification:_identify(src/motor_interfaces) by extension 'ignore_ament_install'
[0.273s] Level 1:colcon.colcon_core.package_identification:_identify(src/motor_interfaces) by extensions ['colcon_pkg']
[0.273s] Level 1:colcon.colcon_core.package_identification:_identify(src/motor_interfaces) by extension 'colcon_pkg'
[0.273s] Level 1:colcon.colcon_core.package_identification:_identify(src/motor_interfaces) by extensions ['colcon_meta']
[0.273s] Level 1:colcon.colcon_core.package_identification:_identify(src/motor_interfaces) by extension 'colcon_meta'
[0.273s] Level 1:colcon.colcon_core.package_identification:_identify(src/motor_interfaces) by extensions ['ros']
[0.273s] Level 1:colcon.colcon_core.package_identification:_identify(src/motor_interfaces) by extension 'ros'
[0.275s] DEBUG:colcon.colcon_core.package_identification:Package 'src/motor_interfaces' with type 'ros.ament_cmake' and name 'motor_interfaces'
[0.275s] Level 1:colcon.colcon_core.package_identification:_identify(src/mpc_controller) by extensions ['ignore', 'ignore_ament_install']
[0.275s] Level 1:colcon.colcon_core.package_identification:_identify(src/mpc_controller) by extension 'ignore'
[0.275s] Level 1:colcon.colcon_core.package_identification:_identify(src/mpc_controller) by extension 'ignore_ament_install'
[0.275s] Level 1:colcon.colcon_core.package_identification:_identify(src/mpc_controller) by extensions ['colcon_pkg']
[0.275s] Level 1:colcon.colcon_core.package_identification:_identify(src/mpc_controller) by extension 'colcon_pkg'
[0.275s] Level 1:colcon.colcon_core.package_identification:_identify(src/mpc_controller) by extensions ['colcon_meta']
[0.275s] Level 1:colcon.colcon_core.package_identification:_identify(src/mpc_controller) by extension 'colcon_meta'
[0.275s] Level 1:colcon.colcon_core.package_identification:_identify(src/mpc_controller) by extensions ['ros']
[0.275s] Level 1:colcon.colcon_core.package_identification:_identify(src/mpc_controller) by extension 'ros'
[0.276s] DEBUG:colcon.colcon_core.package_identification:Package 'src/mpc_controller' with type 'ros.ament_cmake' and name 'mpc_controller'
[0.276s] Level 1:colcon.colcon_core.package_identification:_identify(src/my_mir_package) by extensions ['ignore', 'ignore_ament_install']
[0.276s] Level 1:colcon.colcon_core.package_identification:_identify(src/my_mir_package) by extension 'ignore'
[0.276s] Level 1:colcon.colcon_core.package_identification:_identify(src/my_mir_package) by extension 'ignore_ament_install'
[0.276s] Level 1:colcon.colcon_core.package_identification:_identify(src/my_mir_package) by extensions ['colcon_pkg']
[0.276s] Level 1:colcon.colcon_core.package_identification:_identify(src/my_mir_package) by extension 'colcon_pkg'
[0.276s] Level 1:colcon.colcon_core.package_identification:_identify(src/my_mir_package) by extensions ['colcon_meta']
[0.276s] Level 1:colcon.colcon_core.package_identification:_identify(src/my_mir_package) by extension 'colcon_meta'
[0.276s] Level 1:colcon.colcon_core.package_identification:_identify(src/my_mir_package) by extensions ['ros']
[0.276s] Level 1:colcon.colcon_core.package_identification:_identify(src/my_mir_package) by extension 'ros'
[0.277s] DEBUG:colcon.colcon_core.package_identification:Package 'src/my_mir_package' with type 'ros.ament_python' and name 'my_mir_package'
[0.277s] Level 1:colcon.colcon_core.package_identification:_identify(src/my_package) by extensions ['ignore', 'ignore_ament_install']
[0.277s] Level 1:colcon.colcon_core.package_identification:_identify(src/my_package) by extension 'ignore'
[0.277s] Level 1:colcon.colcon_core.package_identification:_identify(src/my_package) by extension 'ignore_ament_install'
[0.277s] Level 1:colcon.colcon_core.package_identification:_identify(src/my_package) by extensions ['colcon_pkg']
[0.277s] Level 1:colcon.colcon_core.package_identification:_identify(src/my_package) by extension 'colcon_pkg'
[0.277s] Level 1:colcon.colcon_core.package_identification:_identify(src/my_package) by extensions ['colcon_meta']
[0.277s] Level 1:colcon.colcon_core.package_identification:_identify(src/my_package) by extension 'colcon_meta'
[0.277s] Level 1:colcon.colcon_core.package_identification:_identify(src/my_package) by extensions ['ros']
[0.277s] Level 1:colcon.colcon_core.package_identification:_identify(src/my_package) by extension 'ros'
[0.278s] DEBUG:colcon.colcon_core.package_identification:Package 'src/my_package' with type 'ros.ament_python' and name 'my_package'
[0.278s] Level 1:colcon.colcon_core.package_identification:_identify(src/qpOASES) by extensions ['ignore', 'ignore_ament_install']
[0.278s] Level 1:colcon.colcon_core.package_identification:_identify(src/qpOASES) by extension 'ignore'
[0.278s] Level 1:colcon.colcon_core.package_identification:_identify(src/qpOASES) by extension 'ignore_ament_install'
[0.278s] Level 1:colcon.colcon_core.package_identification:_identify(src/qpOASES) by extensions ['colcon_pkg']
[0.278s] Level 1:colcon.colcon_core.package_identification:_identify(src/qpOASES) by extension 'colcon_pkg'
[0.278s] Level 1:colcon.colcon_core.package_identification:_identify(src/qpOASES) by extensions ['colcon_meta']
[0.278s] Level 1:colcon.colcon_core.package_identification:_identify(src/qpOASES) by extension 'colcon_meta'
[0.278s] Level 1:colcon.colcon_core.package_identification:_identify(src/qpOASES) by extensions ['ros']
[0.278s] Level 1:colcon.colcon_core.package_identification:_identify(src/qpOASES) by extension 'ros'
[0.278s] Level 1:colcon.colcon_core.package_identification:_identify(src/qpOASES) by extensions ['cmake', 'python']
[0.278s] Level 1:colcon.colcon_core.package_identification:_identify(src/qpOASES) by extension 'cmake'
[0.283s] Level 1:colcon.colcon_core.package_identification:_identify(src/qpOASES) by extension 'python'
[0.283s] DEBUG:colcon.colcon_core.package_identification:Package 'src/qpOASES' with type 'cmake' and name 'qpOASES'
[0.283s] Level 1:colcon.colcon_core.package_identification:_identify(src/traj_interfaces) by extensions ['ignore', 'ignore_ament_install']
[0.283s] Level 1:colcon.colcon_core.package_identification:_identify(src/traj_interfaces) by extension 'ignore'
[0.283s] Level 1:colcon.colcon_core.package_identification:_identify(src/traj_interfaces) by extension 'ignore_ament_install'
[0.283s] Level 1:colcon.colcon_core.package_identification:_identify(src/traj_interfaces) by extensions ['colcon_pkg']
[0.283s] Level 1:colcon.colcon_core.package_identification:_identify(src/traj_interfaces) by extension 'colcon_pkg'
[0.283s] Level 1:colcon.colcon_core.package_identification:_identify(src/traj_interfaces) by extensions ['colcon_meta']
[0.283s] Level 1:colcon.colcon_core.package_identification:_identify(src/traj_interfaces) by extension 'colcon_meta'
[0.283s] Level 1:colcon.colcon_core.package_identification:_identify(src/traj_interfaces) by extensions ['ros']
[0.283s] Level 1:colcon.colcon_core.package_identification:_identify(src/traj_interfaces) by extension 'ros'
[0.284s] DEBUG:colcon.colcon_core.package_identification:Package 'src/traj_interfaces' with type 'ros.ament_cmake' and name 'traj_interfaces'
[0.284s] Level 1:colcon.colcon_core.package_identification:_identify(src/traj_publish) by extensions ['ignore', 'ignore_ament_install']
[0.284s] Level 1:colcon.colcon_core.package_identification:_identify(src/traj_publish) by extension 'ignore'
[0.284s] Level 1:colcon.colcon_core.package_identification:_identify(src/traj_publish) by extension 'ignore_ament_install'
[0.284s] Level 1:colcon.colcon_core.package_identification:_identify(src/traj_publish) by extensions ['colcon_pkg']
[0.284s] Level 1:colcon.colcon_core.package_identification:_identify(src/traj_publish) by extension 'colcon_pkg'
[0.284s] Level 1:colcon.colcon_core.package_identification:_identify(src/traj_publish) by extensions ['colcon_meta']
[0.284s] Level 1:colcon.colcon_core.package_identification:_identify(src/traj_publish) by extension 'colcon_meta'
[0.284s] Level 1:colcon.colcon_core.package_identification:_identify(src/traj_publish) by extensions ['ros']
[0.284s] Level 1:colcon.colcon_core.package_identification:_identify(src/traj_publish) by extension 'ros'
[0.285s] DEBUG:colcon.colcon_core.package_identification:Package 'src/traj_publish' with type 'ros.ament_cmake' and name 'traj_publish'
[0.285s] Level 1:colcon.colcon_core.package_discovery:discover_packages(recursive) using defaults
[0.285s] Level 1:colcon.colcon_core.package_discovery:discover_packages(ignore) discover
[0.285s] Level 1:colcon.colcon_core.package_discovery:discover_packages(ignore) using defaults
[0.285s] Level 1:colcon.colcon_core.package_discovery:discover_packages(path) discover
[0.285s] Level 1:colcon.colcon_core.package_discovery:discover_packages(path) using defaults
[0.297s] Level 1:colcon.colcon_core.package_discovery:discover_packages(prefix_path) check parameters
[0.297s] Level 1:colcon.colcon_core.package_discovery:discover_packages(prefix_path) discover
[0.299s] DEBUG:colcon.colcon_installed_package_information.package_discovery:Found 7 installed packages in /home/tony/webots_ws/install
[0.300s] DEBUG:colcon.colcon_installed_package_information.package_discovery:Found 284 installed packages in /opt/ros/foxy
[0.301s] Level 1:colcon.colcon_core.package_discovery:discover_packages(prefix_path) using defaults
[0.360s] Level 5:colcon.colcon_core.verb:set package 'motor_interfaces' build argument 'cmake_args' from command line to 'None'
[0.360s] Level 5:colcon.colcon_core.verb:set package 'motor_interfaces' build argument 'cmake_target' from command line to 'None'
[0.360s] Level 5:colcon.colcon_core.verb:set package 'motor_interfaces' build argument 'cmake_target_skip_unavailable' from command line to 'False'
[0.360s] Level 5:colcon.colcon_core.verb:set package 'motor_interfaces' build argument 'cmake_clean_cache' from command line to 'False'
[0.360s] Level 5:colcon.colcon_core.verb:set package 'motor_interfaces' build argument 'cmake_clean_first' from command line to 'False'
[0.360s] Level 5:colcon.colcon_core.verb:set package 'motor_interfaces' build argument 'cmake_force_configure' from command line to 'False'
[0.360s] Level 5:colcon.colcon_core.verb:set package 'motor_interfaces' build argument 'ament_cmake_args' from command line to 'None'
[0.360s] Level 5:colcon.colcon_core.verb:set package 'motor_interfaces' build argument 'catkin_cmake_args' from command line to 'None'
[0.360s] Level 5:colcon.colcon_core.verb:set package 'motor_interfaces' build argument 'catkin_skip_building_tests' from command line to 'False'
[0.360s] DEBUG:colcon.colcon_core.verb:Building package 'motor_interfaces' with the following arguments: {'ament_cmake_args': None, 'build_base': '/home/tony/webots_ws/build/motor_interfaces', 'catkin_cmake_args': None, 'catkin_skip_building_tests': False, 'cmake_args': None, 'cmake_clean_cache': False, 'cmake_clean_first': False, 'cmake_force_configure': False, 'cmake_target': None, 'cmake_target_skip_unavailable': False, 'install_base': '/home/tony/webots_ws/install/motor_interfaces', 'merge_install': False, 'path': '/home/tony/webots_ws/src/motor_interfaces', 'symlink_install': False, 'test_result_base': None}
[0.360s] Level 5:colcon.colcon_core.verb:set package 'my_package' build argument 'cmake_args' from command line to 'None'
[0.360s] Level 5:colcon.colcon_core.verb:set package 'my_package' build argument 'cmake_target' from command line to 'None'
[0.360s] Level 5:colcon.colcon_core.verb:set package 'my_package' build argument 'cmake_target_skip_unavailable' from command line to 'False'
[0.360s] Level 5:colcon.colcon_core.verb:set package 'my_package' build argument 'cmake_clean_cache' from command line to 'False'
[0.360s] Level 5:colcon.colcon_core.verb:set package 'my_package' build argument 'cmake_clean_first' from command line to 'False'
[0.360s] Level 5:colcon.colcon_core.verb:set package 'my_package' build argument 'cmake_force_configure' from command line to 'False'
[0.360s] Level 5:colcon.colcon_core.verb:set package 'my_package' build argument 'ament_cmake_args' from command line to 'None'
[0.360s] Level 5:colcon.colcon_core.verb:set package 'my_package' build argument 'catkin_cmake_args' from command line to 'None'
[0.360s] Level 5:colcon.colcon_core.verb:set package 'my_package' build argument 'catkin_skip_building_tests' from command line to 'False'
[0.360s] DEBUG:colcon.colcon_core.verb:Building package 'my_package' with the following arguments: {'ament_cmake_args': None, 'build_base': '/home/tony/webots_ws/build/my_package', 'catkin_cmake_args': None, 'catkin_skip_building_tests': False, 'cmake_args': None, 'cmake_clean_cache': False, 'cmake_clean_first': False, 'cmake_force_configure': False, 'cmake_target': None, 'cmake_target_skip_unavailable': False, 'install_base': '/home/tony/webots_ws/install/my_package', 'merge_install': False, 'path': '/home/tony/webots_ws/src/my_package', 'symlink_install': False, 'test_result_base': None}
[0.361s] Level 5:colcon.colcon_core.verb:set package 'qpOASES' build argument 'cmake_args' from command line to 'None'
[0.361s] Level 5:colcon.colcon_core.verb:set package 'qpOASES' build argument 'cmake_target' from command line to 'None'
[0.361s] Level 5:colcon.colcon_core.verb:set package 'qpOASES' build argument 'cmake_target_skip_unavailable' from command line to 'False'
[0.361s] Level 5:colcon.colcon_core.verb:set package 'qpOASES' build argument 'cmake_clean_cache' from command line to 'False'
[0.361s] Level 5:colcon.colcon_core.verb:set package 'qpOASES' build argument 'cmake_clean_first' from command line to 'False'
[0.361s] Level 5:colcon.colcon_core.verb:set package 'qpOASES' build argument 'cmake_force_configure' from command line to 'False'
[0.361s] Level 5:colcon.colcon_core.verb:set package 'qpOASES' build argument 'ament_cmake_args' from command line to 'None'
[0.361s] Level 5:colcon.colcon_core.verb:set package 'qpOASES' build argument 'catkin_cmake_args' from command line to 'None'
[0.361s] Level 5:colcon.colcon_core.verb:set package 'qpOASES' build argument 'catkin_skip_building_tests' from command line to 'False'
[0.361s] DEBUG:colcon.colcon_core.verb:Building package 'qpOASES' with the following arguments: {'ament_cmake_args': None, 'build_base': '/home/tony/webots_ws/build/qpOASES', 'catkin_cmake_args': None, 'catkin_skip_building_tests': False, 'cmake_args': None, 'cmake_clean_cache': False, 'cmake_clean_first': False, 'cmake_force_configure': False, 'cmake_target': None, 'cmake_target_skip_unavailable': False, 'install_base': '/home/tony/webots_ws/install/qpOASES', 'merge_install': False, 'path': '/home/tony/webots_ws/src/qpOASES', 'symlink_install': False, 'test_result_base': None}
[0.361s] Level 5:colcon.colcon_core.verb:set package 'traj_interfaces' build argument 'cmake_args' from command line to 'None'
[0.361s] Level 5:colcon.colcon_core.verb:set package 'traj_interfaces' build argument 'cmake_target' from command line to 'None'
[0.361s] Level 5:colcon.colcon_core.verb:set package 'traj_interfaces' build argument 'cmake_target_skip_unavailable' from command line to 'False'
[0.361s] Level 5:colcon.colcon_core.verb:set package 'traj_interfaces' build argument 'cmake_clean_cache' from command line to 'False'
[0.361s] Level 5:colcon.colcon_core.verb:set package 'traj_interfaces' build argument 'cmake_clean_first' from command line to 'False'
[0.361s] Level 5:colcon.colcon_core.verb:set package 'traj_interfaces' build argument 'cmake_force_configure' from command line to 'False'
[0.361s] Level 5:colcon.colcon_core.verb:set package 'traj_interfaces' build argument 'ament_cmake_args' from command line to 'None'
[0.361s] Level 5:colcon.colcon_core.verb:set package 'traj_interfaces' build argument 'catkin_cmake_args' from command line to 'None'
[0.361s] Level 5:colcon.colcon_core.verb:set package 'traj_interfaces' build argument 'catkin_skip_building_tests' from command line to 'False'
[0.361s] DEBUG:colcon.colcon_core.verb:Building package 'traj_interfaces' with the following arguments: {'ament_cmake_args': None, 'build_base': '/home/tony/webots_ws/build/traj_interfaces', 'catkin_cmake_args': None, 'catkin_skip_building_tests': False, 'cmake_args': None, 'cmake_clean_cache': False, 'cmake_clean_first': False, 'cmake_force_configure': False, 'cmake_target': None, 'cmake_target_skip_unavailable': False, 'install_base': '/home/tony/webots_ws/install/traj_interfaces', 'merge_install': False, 'path': '/home/tony/webots_ws/src/traj_interfaces', 'symlink_install': False, 'test_result_base': None}
[0.361s] Level 5:colcon.colcon_core.verb:set package 'mpc_controller' build argument 'cmake_args' from command line to 'None'
[0.361s] Level 5:colcon.colcon_core.verb:set package 'mpc_controller' build argument 'cmake_target' from command line to 'None'
[0.362s] Level 5:colcon.colcon_core.verb:set package 'mpc_controller' build argument 'cmake_target_skip_unavailable' from command line to 'False'
[0.362s] Level 5:colcon.colcon_core.verb:set package 'mpc_controller' build argument 'cmake_clean_cache' from command line to 'False'
[0.362s] Level 5:colcon.colcon_core.verb:set package 'mpc_controller' build argument 'cmake_clean_first' from command line to 'False'
[0.362s] Level 5:colcon.colcon_core.verb:set package 'mpc_controller' build argument 'cmake_force_configure' from command line to 'False'
[0.362s] Level 5:colcon.colcon_core.verb:set package 'mpc_controller' build argument 'ament_cmake_args' from command line to 'None'
[0.362s] Level 5:colcon.colcon_core.verb:set package 'mpc_controller' build argument 'catkin_cmake_args' from command line to 'None'
[0.362s] Level 5:colcon.colcon_core.verb:set package 'mpc_controller' build argument 'catkin_skip_building_tests' from command line to 'False'
[0.362s] DEBUG:colcon.colcon_core.verb:Building package 'mpc_controller' with the following arguments: {'ament_cmake_args': None, 'build_base': '/home/tony/webots_ws/build/mpc_controller', 'catkin_cmake_args': None, 'catkin_skip_building_tests': False, 'cmake_args': None, 'cmake_clean_cache': False, 'cmake_clean_first': False, 'cmake_force_configure': False, 'cmake_target': None, 'cmake_target_skip_unavailable': False, 'install_base': '/home/tony/webots_ws/install/mpc_controller', 'merge_install': False, 'path': '/home/tony/webots_ws/src/mpc_controller', 'symlink_install': False, 'test_result_base': None}
[0.362s] Level 5:colcon.colcon_core.verb:set package 'my_mir_package' build argument 'cmake_args' from command line to 'None'
[0.362s] Level 5:colcon.colcon_core.verb:set package 'my_mir_package' build argument 'cmake_target' from command line to 'None'
[0.362s] Level 5:colcon.colcon_core.verb:set package 'my_mir_package' build argument 'cmake_target_skip_unavailable' from command line to 'False'
[0.362s] Level 5:colcon.colcon_core.verb:set package 'my_mir_package' build argument 'cmake_clean_cache' from command line to 'False'
[0.362s] Level 5:colcon.colcon_core.verb:set package 'my_mir_package' build argument 'cmake_clean_first' from command line to 'False'
[0.362s] Level 5:colcon.colcon_core.verb:set package 'my_mir_package' build argument 'cmake_force_configure' from command line to 'False'
[0.362s] Level 5:colcon.colcon_core.verb:set package 'my_mir_package' build argument 'ament_cmake_args' from command line to 'None'
[0.362s] Level 5:colcon.colcon_core.verb:set package 'my_mir_package' build argument 'catkin_cmake_args' from command line to 'None'
[0.362s] Level 5:colcon.colcon_core.verb:set package 'my_mir_package' build argument 'catkin_skip_building_tests' from command line to 'False'
[0.362s] DEBUG:colcon.colcon_core.verb:Building package 'my_mir_package' with the following arguments: {'ament_cmake_args': None, 'build_base': '/home/tony/webots_ws/build/my_mir_package', 'catkin_cmake_args': None, 'catkin_skip_building_tests': False, 'cmake_args': None, 'cmake_clean_cache': False, 'cmake_clean_first': False, 'cmake_force_configure': False, 'cmake_target': None, 'cmake_target_skip_unavailable': False, 'install_base': '/home/tony/webots_ws/install/my_mir_package', 'merge_install': False, 'path': '/home/tony/webots_ws/src/my_mir_package', 'symlink_install': False, 'test_result_base': None}
[0.362s] Level 5:colcon.colcon_core.verb:set package 'traj_publish' build argument 'cmake_args' from command line to 'None'
[0.362s] Level 5:colcon.colcon_core.verb:set package 'traj_publish' build argument 'cmake_target' from command line to 'None'
[0.362s] Level 5:colcon.colcon_core.verb:set package 'traj_publish' build argument 'cmake_target_skip_unavailable' from command line to 'False'
[0.362s] Level 5:colcon.colcon_core.verb:set package 'traj_publish' build argument 'cmake_clean_cache' from command line to 'False'
[0.362s] Level 5:colcon.colcon_core.verb:set package 'traj_publish' build argument 'cmake_clean_first' from command line to 'False'
[0.362s] Level 5:colcon.colcon_core.verb:set package 'traj_publish' build argument 'cmake_force_configure' from command line to 'False'
[0.362s] Level 5:colcon.colcon_core.verb:set package 'traj_publish' build argument 'ament_cmake_args' from command line to 'None'
[0.363s] Level 5:colcon.colcon_core.verb:set package 'traj_publish' build argument 'catkin_cmake_args' from command line to 'None'
[0.363s] Level 5:colcon.colcon_core.verb:set package 'traj_publish' build argument 'catkin_skip_building_tests' from command line to 'False'
[0.363s] DEBUG:colcon.colcon_core.verb:Building package 'traj_publish' with the following arguments: {'ament_cmake_args': None, 'build_base': '/home/tony/webots_ws/build/traj_publish', 'catkin_cmake_args': None, 'catkin_skip_building_tests': False, 'cmake_args': None, 'cmake_clean_cache': False, 'cmake_clean_first': False, 'cmake_force_configure': False, 'cmake_target': None, 'cmake_target_skip_unavailable': False, 'install_base': '/home/tony/webots_ws/install/traj_publish', 'merge_install': False, 'path': '/home/tony/webots_ws/src/traj_publish', 'symlink_install': False, 'test_result_base': None}
[0.363s] INFO:colcon.colcon_core.executor:Executing jobs using 'parallel' executor
[0.364s] DEBUG:colcon.colcon_parallel_executor.executor.parallel:run_until_complete
[0.364s] INFO:colcon.colcon_ros.task.ament_cmake.build:Building ROS package in '/home/tony/webots_ws/src/motor_interfaces' with build type 'ament_cmake'
[0.364s] INFO:colcon.colcon_cmake.task.cmake.build:Building CMake package in '/home/tony/webots_ws/src/motor_interfaces'
[0.368s] INFO:colcon.colcon_core.plugin_system:Skipping extension 'colcon_core.shell.bat': Not used on non-Windows systems
[0.369s] INFO:colcon.colcon_core.shell:Skip shell extension 'powershell' for command environment: Not usable outside of PowerShell
[0.369s] DEBUG:colcon.colcon_core.shell:Skip shell extension 'dsv' for command environment
[0.378s] INFO:colcon.colcon_ros.task.ament_cmake.build:Building ROS package in '/home/tony/webots_ws/src/traj_interfaces' with build type 'ament_cmake'
[0.378s] INFO:colcon.colcon_cmake.task.cmake.build:Building CMake package in '/home/tony/webots_ws/src/traj_interfaces'
[0.379s] INFO:colcon.colcon_core.shell:Skip shell extension 'powershell' for command environment: Not usable outside of PowerShell
[0.379s] DEBUG:colcon.colcon_core.shell:Skip shell extension 'dsv' for command environment
[0.383s] INFO:colcon.colcon_ros.task.ament_python.build:Building ROS package in '/home/tony/webots_ws/src/my_package' with build type 'ament_python'
[0.383s] Level 1:colcon.colcon_core.shell:create_environment_hook('my_package', 'ament_prefix_path')
[0.384s] INFO:colcon.colcon_core.shell:Creating environment hook '/home/tony/webots_ws/install/my_package/share/my_package/hook/ament_prefix_path.ps1'
[0.384s] INFO:colcon.colcon_core.shell:Creating environment descriptor '/home/tony/webots_ws/install/my_package/share/my_package/hook/ament_prefix_path.dsv'
[0.384s] INFO:colcon.colcon_core.shell:Creating environment hook '/home/tony/webots_ws/install/my_package/share/my_package/hook/ament_prefix_path.sh'
[0.385s] INFO:colcon.colcon_core.shell:Skip shell extension 'powershell' for command environment: Not usable outside of PowerShell
[0.385s] DEBUG:colcon.colcon_core.shell:Skip shell extension 'dsv' for command environment
[0.389s] INFO:colcon.colcon_cmake.task.cmake.build:Building CMake package in '/home/tony/webots_ws/src/qpOASES'
[0.390s] INFO:colcon.colcon_core.shell:Skip shell extension 'powershell' for command environment: Not usable outside of PowerShell
[0.390s] DEBUG:colcon.colcon_core.shell:Skip shell extension 'dsv' for command environment
[0.400s] DEBUG:colcon.colcon_core.event_handler.log_command:Invoking command in '/home/tony/webots_ws/build/motor_interfaces': CMAKE_PREFIX_PATH=${CMAKE_PREFIX_PATH}:/home/tony/webots_ws/install/my_package:/home/tony/webots_ws/install/my_mir_package:/opt/ros/foxy /usr/bin/cmake --build /home/tony/webots_ws/build/motor_interfaces -- -j16 -l16
[0.405s] DEBUG:colcon.colcon_core.event_handler.log_command:Invoking command in '/home/tony/webots_ws/build/traj_interfaces': CMAKE_PREFIX_PATH=${CMAKE_PREFIX_PATH}:/home/tony/webots_ws/install/my_package:/home/tony/webots_ws/install/my_mir_package:/opt/ros/foxy /usr/bin/cmake --build /home/tony/webots_ws/build/traj_interfaces -- -j16 -l16
[0.594s] INFO:colcon.colcon_core.task.python.build:Building Python package in '/home/tony/webots_ws/src/my_package'
[0.594s] INFO:colcon.colcon_core.shell:Skip shell extension 'powershell' for command environment: Not usable outside of PowerShell
[0.595s] DEBUG:colcon.colcon_core.shell:Skip shell extension 'dsv' for command environment
[0.610s] DEBUG:colcon.colcon_core.event_handler.log_command:Invoking command in '/home/tony/webots_ws/build/qpOASES': /usr/bin/cmake --build /home/tony/webots_ws/build/qpOASES -- -j16 -l16
[0.615s] DEBUG:colcon.colcon_core.event_handler.log_command:Invoked command in '/home/tony/webots_ws/build/motor_interfaces' returned '0': CMAKE_PREFIX_PATH=${CMAKE_PREFIX_PATH}:/home/tony/webots_ws/install/my_package:/home/tony/webots_ws/install/my_mir_package:/opt/ros/foxy /usr/bin/cmake --build /home/tony/webots_ws/build/motor_interfaces -- -j16 -l16
[0.621s] DEBUG:colcon.colcon_core.event_handler.log_command:Invoked command in '/home/tony/webots_ws/build/traj_interfaces' returned '0': CMAKE_PREFIX_PATH=${CMAKE_PREFIX_PATH}:/home/tony/webots_ws/install/my_package:/home/tony/webots_ws/install/my_mir_package:/opt/ros/foxy /usr/bin/cmake --build /home/tony/webots_ws/build/traj_interfaces -- -j16 -l16
[0.681s] DEBUG:colcon.colcon_core.event_handler.log_command:Invoking command in '/home/tony/webots_ws/build/motor_interfaces': CMAKE_PREFIX_PATH=${CMAKE_PREFIX_PATH}:/home/tony/webots_ws/install/my_package:/home/tony/webots_ws/install/my_mir_package:/opt/ros/foxy /usr/bin/cmake --install /home/tony/webots_ws/build/motor_interfaces
[0.686s] DEBUG:colcon.colcon_core.event_handler.log_command:Invoking command in '/home/tony/webots_ws/build/traj_interfaces': CMAKE_PREFIX_PATH=${CMAKE_PREFIX_PATH}:/home/tony/webots_ws/install/my_package:/home/tony/webots_ws/install/my_mir_package:/opt/ros/foxy /usr/bin/cmake --install /home/tony/webots_ws/build/traj_interfaces
[0.701s] DEBUG:colcon.colcon_core.event_handler.log_command:Invoked command in '/home/tony/webots_ws/build/qpOASES' returned '0': /usr/bin/cmake --build /home/tony/webots_ws/build/qpOASES -- -j16 -l16
[0.732s] Level 1:colcon.colcon_core.environment:create_environment_scripts_only(motor_interfaces)
[0.733s] DEBUG:colcon.colcon_core.event_handler.log_command:Invoked command in '/home/tony/webots_ws/build/motor_interfaces' returned '0': CMAKE_PREFIX_PATH=${CMAKE_PREFIX_PATH}:/home/tony/webots_ws/install/my_package:/home/tony/webots_ws/install/my_mir_package:/opt/ros/foxy /usr/bin/cmake --install /home/tony/webots_ws/build/motor_interfaces
[0.736s] Level 1:colcon.colcon_core.environment:checking '/home/tony/webots_ws/install/motor_interfaces' for CMake module files
[0.736s] Level 1:colcon.colcon_core.environment:checking '/home/tony/webots_ws/install/motor_interfaces' for CMake config files
[0.737s] Level 1:colcon.colcon_core.shell:create_environment_hook('motor_interfaces', 'cmake_prefix_path')
[0.737s] INFO:colcon.colcon_core.shell:Creating environment hook '/home/tony/webots_ws/install/motor_interfaces/share/motor_interfaces/hook/cmake_prefix_path.ps1'
[0.737s] INFO:colcon.colcon_core.shell:Creating environment descriptor '/home/tony/webots_ws/install/motor_interfaces/share/motor_interfaces/hook/cmake_prefix_path.dsv'
[0.738s] INFO:colcon.colcon_core.shell:Creating environment hook '/home/tony/webots_ws/install/motor_interfaces/share/motor_interfaces/hook/cmake_prefix_path.sh'
[0.738s] Level 1:colcon.colcon_core.environment:checking '/home/tony/webots_ws/install/motor_interfaces/lib'
[0.738s] Level 1:colcon.colcon_core.shell:create_environment_hook('motor_interfaces', 'ld_library_path_lib')
[0.738s] INFO:colcon.colcon_core.shell:Creating environment hook '/home/tony/webots_ws/install/motor_interfaces/share/motor_interfaces/hook/ld_library_path_lib.ps1'
[0.739s] INFO:colcon.colcon_core.shell:Creating environment descriptor '/home/tony/webots_ws/install/motor_interfaces/share/motor_interfaces/hook/ld_library_path_lib.dsv'
[0.739s] INFO:colcon.colcon_core.shell:Creating environment hook '/home/tony/webots_ws/install/motor_interfaces/share/motor_interfaces/hook/ld_library_path_lib.sh'
[0.739s] Level 1:colcon.colcon_core.environment:checking '/home/tony/webots_ws/install/motor_interfaces/bin'
[0.739s] Level 1:colcon.colcon_core.environment:checking '/home/tony/webots_ws/install/motor_interfaces/lib/pkgconfig/motor_interfaces.pc'
[0.739s] Level 1:colcon.colcon_core.environment:checking '/home/tony/webots_ws/install/motor_interfaces/lib/python3.8/site-packages'
[0.740s] Level 1:colcon.colcon_core.shell:create_environment_hook('motor_interfaces', 'pythonpath')
[0.740s] INFO:colcon.colcon_core.shell:Creating environment hook '/home/tony/webots_ws/install/motor_interfaces/share/motor_interfaces/hook/pythonpath.ps1'
[0.740s] INFO:colcon.colcon_core.shell:Creating environment descriptor '/home/tony/webots_ws/install/motor_interfaces/share/motor_interfaces/hook/pythonpath.dsv'
[0.740s] INFO:colcon.colcon_core.shell:Creating environment hook '/home/tony/webots_ws/install/motor_interfaces/share/motor_interfaces/hook/pythonpath.sh'
[0.741s] Level 1:colcon.colcon_core.environment:checking '/home/tony/webots_ws/install/motor_interfaces/bin'
[0.741s] INFO:colcon.colcon_core.shell:Creating package script '/home/tony/webots_ws/install/motor_interfaces/share/motor_interfaces/package.ps1'
[0.742s] INFO:colcon.colcon_core.shell:Creating package descriptor '/home/tony/webots_ws/install/motor_interfaces/share/motor_interfaces/package.dsv'
[0.742s] INFO:colcon.colcon_core.shell:Creating package script '/home/tony/webots_ws/install/motor_interfaces/share/motor_interfaces/package.sh'
[0.743s] INFO:colcon.colcon_core.shell:Creating package script '/home/tony/webots_ws/install/motor_interfaces/share/motor_interfaces/package.bash'
[0.744s] INFO:colcon.colcon_core.shell:Creating package script '/home/tony/webots_ws/install/motor_interfaces/share/motor_interfaces/package.zsh'
[0.744s] Level 1:colcon.colcon_core.environment:create_file_with_runtime_dependencies(/home/tony/webots_ws/install/motor_interfaces/share/colcon-core/packages/motor_interfaces)
[0.747s] Level 1:colcon.colcon_core.environment:create_environment_scripts_only(traj_interfaces)
[0.748s] Level 1:colcon.colcon_core.environment:checking '/home/tony/webots_ws/install/traj_interfaces' for CMake module files
[0.748s] DEBUG:colcon.colcon_core.event_handler.log_command:Invoked command in '/home/tony/webots_ws/build/traj_interfaces' returned '0': CMAKE_PREFIX_PATH=${CMAKE_PREFIX_PATH}:/home/tony/webots_ws/install/my_package:/home/tony/webots_ws/install/my_mir_package:/opt/ros/foxy /usr/bin/cmake --install /home/tony/webots_ws/build/traj_interfaces
[0.749s] Level 1:colcon.colcon_core.environment:checking '/home/tony/webots_ws/install/traj_interfaces' for CMake config files
[0.749s] Level 1:colcon.colcon_core.shell:create_environment_hook('traj_interfaces', 'cmake_prefix_path')
[0.749s] INFO:colcon.colcon_core.shell:Creating environment hook '/home/tony/webots_ws/install/traj_interfaces/share/traj_interfaces/hook/cmake_prefix_path.ps1'
[0.750s] INFO:colcon.colcon_core.shell:Creating environment descriptor '/home/tony/webots_ws/install/traj_interfaces/share/traj_interfaces/hook/cmake_prefix_path.dsv'
[0.750s] INFO:colcon.colcon_core.shell:Creating environment hook '/home/tony/webots_ws/install/traj_interfaces/share/traj_interfaces/hook/cmake_prefix_path.sh'
[0.750s] Level 1:colcon.colcon_core.environment:checking '/home/tony/webots_ws/install/traj_interfaces/lib'
[0.750s] Level 1:colcon.colcon_core.shell:create_environment_hook('traj_interfaces', 'ld_library_path_lib')
[0.751s] INFO:colcon.colcon_core.shell:Creating environment hook '/home/tony/webots_ws/install/traj_interfaces/share/traj_interfaces/hook/ld_library_path_lib.ps1'
[0.751s] INFO:colcon.colcon_core.shell:Creating environment descriptor '/home/tony/webots_ws/install/traj_interfaces/share/traj_interfaces/hook/ld_library_path_lib.dsv'
[0.751s] INFO:colcon.colcon_core.shell:Creating environment hook '/home/tony/webots_ws/install/traj_interfaces/share/traj_interfaces/hook/ld_library_path_lib.sh'
[0.751s] Level 1:colcon.colcon_core.environment:checking '/home/tony/webots_ws/install/traj_interfaces/bin'
[0.751s] Level 1:colcon.colcon_core.environment:checking '/home/tony/webots_ws/install/traj_interfaces/lib/pkgconfig/traj_interfaces.pc'
[0.752s] Level 1:colcon.colcon_core.environment:checking '/home/tony/webots_ws/install/traj_interfaces/lib/python3.8/site-packages'
[0.752s] Level 1:colcon.colcon_core.shell:create_environment_hook('traj_interfaces', 'pythonpath')
[0.752s] INFO:colcon.colcon_core.shell:Creating environment hook '/home/tony/webots_ws/install/traj_interfaces/share/traj_interfaces/hook/pythonpath.ps1'
[0.752s] INFO:colcon.colcon_core.shell:Creating environment descriptor '/home/tony/webots_ws/install/traj_interfaces/share/traj_interfaces/hook/pythonpath.dsv'
[0.752s] INFO:colcon.colcon_core.shell:Creating environment hook '/home/tony/webots_ws/install/traj_interfaces/share/traj_interfaces/hook/pythonpath.sh'
[0.753s] Level 1:colcon.colcon_core.environment:checking '/home/tony/webots_ws/install/traj_interfaces/bin'
[0.753s] INFO:colcon.colcon_core.shell:Creating package script '/home/tony/webots_ws/install/traj_interfaces/share/traj_interfaces/package.ps1'
[0.753s] INFO:colcon.colcon_core.shell:Creating package descriptor '/home/tony/webots_ws/install/traj_interfaces/share/traj_interfaces/package.dsv'
[0.754s] INFO:colcon.colcon_core.shell:Creating package script '/home/tony/webots_ws/install/traj_interfaces/share/traj_interfaces/package.sh'
[0.754s] INFO:colcon.colcon_core.shell:Creating package script '/home/tony/webots_ws/install/traj_interfaces/share/traj_interfaces/package.bash'
[0.754s] INFO:colcon.colcon_core.shell:Creating package script '/home/tony/webots_ws/install/traj_interfaces/share/traj_interfaces/package.zsh'
[0.754s] Level 1:colcon.colcon_core.environment:create_file_with_runtime_dependencies(/home/tony/webots_ws/install/traj_interfaces/share/colcon-core/packages/traj_interfaces)
[0.776s] DEBUG:colcon.colcon_core.event_handler.log_command:Invoking command in '/home/tony/webots_ws/build/qpOASES': /usr/bin/cmake --install /home/tony/webots_ws/build/qpOASES
[0.789s] Level 1:colcon.colcon_core.environment:create_environment_scripts_only(qpOASES)
[0.789s] Level 1:colcon.colcon_core.environment:checking '/home/tony/webots_ws/install/qpOASES' for CMake module files
[0.790s] DEBUG:colcon.colcon_core.event_handler.log_command:Invoked command in '/home/tony/webots_ws/build/qpOASES' returned '0': /usr/bin/cmake --install /home/tony/webots_ws/build/qpOASES
[0.790s] Level 1:colcon.colcon_core.environment:checking '/home/tony/webots_ws/install/qpOASES' for CMake config files
[0.790s] Level 1:colcon.colcon_core.environment:checking '/home/tony/webots_ws/install/qpOASES/lib'
[0.790s] Level 1:colcon.colcon_core.environment:checking '/home/tony/webots_ws/install/qpOASES/bin'
[0.790s] Level 1:colcon.colcon_core.environment:checking '/home/tony/webots_ws/install/qpOASES/lib/pkgconfig/qpOASES.pc'
[0.791s] Level 1:colcon.colcon_core.environment:checking '/home/tony/webots_ws/install/qpOASES/lib/python3.8/site-packages'
[0.791s] Level 1:colcon.colcon_core.environment:checking '/home/tony/webots_ws/install/qpOASES/bin'
[0.791s] INFO:colcon.colcon_core.shell:Creating package script '/home/tony/webots_ws/install/qpOASES/share/qpOASES/package.ps1'
[0.792s] INFO:colcon.colcon_core.shell:Creating package descriptor '/home/tony/webots_ws/install/qpOASES/share/qpOASES/package.dsv'
[0.792s] INFO:colcon.colcon_core.shell:Creating package script '/home/tony/webots_ws/install/qpOASES/share/qpOASES/package.sh'
[0.792s] INFO:colcon.colcon_core.shell:Creating package script '/home/tony/webots_ws/install/qpOASES/share/qpOASES/package.bash'
[0.792s] INFO:colcon.colcon_core.shell:Creating package script '/home/tony/webots_ws/install/qpOASES/share/qpOASES/package.zsh'
[0.793s] Level 1:colcon.colcon_core.environment:create_file_with_runtime_dependencies(/home/tony/webots_ws/install/qpOASES/share/colcon-core/packages/qpOASES)
[0.794s] Level 1:colcon.colcon_core.environment:create_environment_scripts_only(motor_interfaces)
[0.794s] Level 1:colcon.colcon_core.environment:checking '/home/tony/webots_ws/install/motor_interfaces' for CMake module files
[0.795s] Level 1:colcon.colcon_core.environment:checking '/home/tony/webots_ws/install/motor_interfaces' for CMake config files
[0.795s] Level 1:colcon.colcon_core.shell:create_environment_hook('motor_interfaces', 'cmake_prefix_path')
[0.796s] INFO:colcon.colcon_core.shell:Creating environment hook '/home/tony/webots_ws/install/motor_interfaces/share/motor_interfaces/hook/cmake_prefix_path.ps1'
[0.796s] INFO:colcon.colcon_core.shell:Creating environment descriptor '/home/tony/webots_ws/install/motor_interfaces/share/motor_interfaces/hook/cmake_prefix_path.dsv'
[0.796s] INFO:colcon.colcon_core.shell:Creating environment hook '/home/tony/webots_ws/install/motor_interfaces/share/motor_interfaces/hook/cmake_prefix_path.sh'
[0.797s] Level 1:colcon.colcon_core.environment:checking '/home/tony/webots_ws/install/motor_interfaces/lib'
[0.797s] Level 1:colcon.colcon_core.shell:create_environment_hook('motor_interfaces', 'ld_library_path_lib')
[0.797s] INFO:colcon.colcon_core.shell:Creating environment hook '/home/tony/webots_ws/install/motor_interfaces/share/motor_interfaces/hook/ld_library_path_lib.ps1'
[0.797s] INFO:colcon.colcon_core.shell:Creating environment descriptor '/home/tony/webots_ws/install/motor_interfaces/share/motor_interfaces/hook/ld_library_path_lib.dsv'
[0.798s] INFO:colcon.colcon_core.shell:Creating environment hook '/home/tony/webots_ws/install/motor_interfaces/share/motor_interfaces/hook/ld_library_path_lib.sh'
[0.798s] Level 1:colcon.colcon_core.environment:checking '/home/tony/webots_ws/install/motor_interfaces/bin'
[0.798s] Level 1:colcon.colcon_core.environment:checking '/home/tony/webots_ws/install/motor_interfaces/lib/pkgconfig/motor_interfaces.pc'
[0.798s] Level 1:colcon.colcon_core.environment:checking '/home/tony/webots_ws/install/motor_interfaces/lib/python3.8/site-packages'
[0.798s] Level 1:colcon.colcon_core.shell:create_environment_hook('motor_interfaces', 'pythonpath')
[0.798s] INFO:colcon.colcon_core.shell:Creating environment hook '/home/tony/webots_ws/install/motor_interfaces/share/motor_interfaces/hook/pythonpath.ps1'
[0.799s] INFO:colcon.colcon_core.shell:Creating environment descriptor '/home/tony/webots_ws/install/motor_interfaces/share/motor_interfaces/hook/pythonpath.dsv'
[0.799s] INFO:colcon.colcon_core.shell:Creating environment hook '/home/tony/webots_ws/install/motor_interfaces/share/motor_interfaces/hook/pythonpath.sh'
[0.799s] Level 1:colcon.colcon_core.environment:checking '/home/tony/webots_ws/install/motor_interfaces/bin'
[0.800s] INFO:colcon.colcon_core.shell:Creating package script '/home/tony/webots_ws/install/motor_interfaces/share/motor_interfaces/package.ps1'
[0.800s] INFO:colcon.colcon_core.shell:Creating package descriptor '/home/tony/webots_ws/install/motor_interfaces/share/motor_interfaces/package.dsv'
[0.801s] INFO:colcon.colcon_core.shell:Creating package script '/home/tony/webots_ws/install/motor_interfaces/share/motor_interfaces/package.sh'
[0.801s] INFO:colcon.colcon_core.shell:Creating package script '/home/tony/webots_ws/install/motor_interfaces/share/motor_interfaces/package.bash'
[0.802s] INFO:colcon.colcon_core.shell:Creating package script '/home/tony/webots_ws/install/motor_interfaces/share/motor_interfaces/package.zsh'
[0.802s] Level 1:colcon.colcon_core.environment:create_file_with_runtime_dependencies(/home/tony/webots_ws/install/motor_interfaces/share/colcon-core/packages/motor_interfaces)
[0.802s] INFO:colcon.colcon_ros.task.ament_python.build:Building ROS package in '/home/tony/webots_ws/src/my_mir_package' with build type 'ament_python'
[0.802s] Level 1:colcon.colcon_core.shell:create_environment_hook('my_mir_package', 'ament_prefix_path')
[0.803s] INFO:colcon.colcon_core.shell:Creating environment hook '/home/tony/webots_ws/install/my_mir_package/share/my_mir_package/hook/ament_prefix_path.ps1'
[0.803s] INFO:colcon.colcon_core.shell:Creating environment descriptor '/home/tony/webots_ws/install/my_mir_package/share/my_mir_package/hook/ament_prefix_path.dsv'
[0.804s] INFO:colcon.colcon_core.shell:Creating environment hook '/home/tony/webots_ws/install/my_mir_package/share/my_mir_package/hook/ament_prefix_path.sh'
[0.804s] INFO:colcon.colcon_core.shell:Skip shell extension 'powershell' for command environment: Not usable outside of PowerShell
[0.804s] DEBUG:colcon.colcon_core.shell:Skip shell extension 'dsv' for command environment
[0.810s] Level 1:colcon.colcon_core.environment:create_environment_scripts_only(traj_interfaces)
[0.810s] Level 1:colcon.colcon_core.environment:checking '/home/tony/webots_ws/install/traj_interfaces' for CMake module files
[0.811s] Level 1:colcon.colcon_core.environment:checking '/home/tony/webots_ws/install/traj_interfaces' for CMake config files
[0.811s] Level 1:colcon.colcon_core.shell:create_environment_hook('traj_interfaces', 'cmake_prefix_path')
[0.811s] INFO:colcon.colcon_core.shell:Creating environment hook '/home/tony/webots_ws/install/traj_interfaces/share/traj_interfaces/hook/cmake_prefix_path.ps1'
[0.812s] INFO:colcon.colcon_core.shell:Creating environment descriptor '/home/tony/webots_ws/install/traj_interfaces/share/traj_interfaces/hook/cmake_prefix_path.dsv'
[0.812s] INFO:colcon.colcon_core.shell:Creating environment hook '/home/tony/webots_ws/install/traj_interfaces/share/traj_interfaces/hook/cmake_prefix_path.sh'
[0.812s] Level 1:colcon.colcon_core.environment:checking '/home/tony/webots_ws/install/traj_interfaces/lib'
[0.813s] Level 1:colcon.colcon_core.shell:create_environment_hook('traj_interfaces', 'ld_library_path_lib')
[0.813s] INFO:colcon.colcon_core.shell:Creating environment hook '/home/tony/webots_ws/install/traj_interfaces/share/traj_interfaces/hook/ld_library_path_lib.ps1'
[0.813s] INFO:colcon.colcon_core.shell:Creating environment descriptor '/home/tony/webots_ws/install/traj_interfaces/share/traj_interfaces/hook/ld_library_path_lib.dsv'
[0.813s] INFO:colcon.colcon_core.shell:Creating environment hook '/home/tony/webots_ws/install/traj_interfaces/share/traj_interfaces/hook/ld_library_path_lib.sh'
[0.813s] Level 1:colcon.colcon_core.environment:checking '/home/tony/webots_ws/install/traj_interfaces/bin'
[0.814s] Level 1:colcon.colcon_core.environment:checking '/home/tony/webots_ws/install/traj_interfaces/lib/pkgconfig/traj_interfaces.pc'
[0.814s] Level 1:colcon.colcon_core.environment:checking '/home/tony/webots_ws/install/traj_interfaces/lib/python3.8/site-packages'
[0.814s] Level 1:colcon.colcon_core.shell:create_environment_hook('traj_interfaces', 'pythonpath')
[0.814s] INFO:colcon.colcon_core.shell:Creating environment hook '/home/tony/webots_ws/install/traj_interfaces/share/traj_interfaces/hook/pythonpath.ps1'
[0.814s] INFO:colcon.colcon_core.shell:Creating environment descriptor '/home/tony/webots_ws/install/traj_interfaces/share/traj_interfaces/hook/pythonpath.dsv'
[0.815s] INFO:colcon.colcon_core.shell:Creating environment hook '/home/tony/webots_ws/install/traj_interfaces/share/traj_interfaces/hook/pythonpath.sh'
[0.815s] Level 1:colcon.colcon_core.environment:checking '/home/tony/webots_ws/install/traj_interfaces/bin'
[0.815s] INFO:colcon.colcon_core.shell:Creating package script '/home/tony/webots_ws/install/traj_interfaces/share/traj_interfaces/package.ps1'
[0.816s] INFO:colcon.colcon_core.shell:Creating package descriptor '/home/tony/webots_ws/install/traj_interfaces/share/traj_interfaces/package.dsv'
[0.816s] INFO:colcon.colcon_core.shell:Creating package script '/home/tony/webots_ws/install/traj_interfaces/share/traj_interfaces/package.sh'
[0.816s] INFO:colcon.colcon_core.shell:Creating package script '/home/tony/webots_ws/install/traj_interfaces/share/traj_interfaces/package.bash'
[0.817s] INFO:colcon.colcon_core.shell:Creating package script '/home/tony/webots_ws/install/traj_interfaces/share/traj_interfaces/package.zsh'
[0.817s] Level 1:colcon.colcon_core.environment:create_file_with_runtime_dependencies(/home/tony/webots_ws/install/traj_interfaces/share/colcon-core/packages/traj_interfaces)
[0.818s] INFO:colcon.colcon_ros.task.ament_cmake.build:Building ROS package in '/home/tony/webots_ws/src/mpc_controller' with build type 'ament_cmake'
[0.818s] INFO:colcon.colcon_cmake.task.cmake.build:Building CMake package in '/home/tony/webots_ws/src/mpc_controller'
[0.818s] INFO:colcon.colcon_core.shell:Skip shell extension 'powershell' for command environment: Not usable outside of PowerShell
[0.818s] DEBUG:colcon.colcon_core.shell:Skip shell extension 'dsv' for command environment
[0.823s] INFO:colcon.colcon_ros.task.ament_cmake.build:Building ROS package in '/home/tony/webots_ws/src/traj_publish' with build type 'ament_cmake'
[0.824s] INFO:colcon.colcon_cmake.task.cmake.build:Building CMake package in '/home/tony/webots_ws/src/traj_publish'
[0.824s] INFO:colcon.colcon_core.shell:Skip shell extension 'powershell' for command environment: Not usable outside of PowerShell
[0.824s] DEBUG:colcon.colcon_core.shell:Skip shell extension 'dsv' for command environment
[1.012s] INFO:colcon.colcon_core.task.python.build:Building Python package in '/home/tony/webots_ws/src/my_mir_package'
[1.013s] INFO:colcon.colcon_core.shell:Skip shell extension 'powershell' for command environment: Not usable outside of PowerShell
[1.013s] DEBUG:colcon.colcon_core.shell:Skip shell extension 'dsv' for command environment
[1.024s] DEBUG:colcon.colcon_core.event_handler.log_command:Invoking command in '/home/tony/webots_ws/build/mpc_controller': CMAKE_PREFIX_PATH=/home/tony/webots_ws/install/traj_interfaces:/home/tony/webots_ws/install/motor_interfaces:/home/tony/webots_ws/install/mpc_controller:/home/tony/webots_ws/install/traj_publish:/home/tony/webots_ws/install/my_package:/home/tony/webots_ws/install/my_mir_package:/opt/ros/foxy PYTHONPATH=/home/tony/webots_ws/install/traj_interfaces/lib/python3.8/site-packages:/home/tony/webots_ws/install/motor_interfaces/lib/python3.8/site-packages:/home/tony/webots_ws/install/my_package/lib/python3.8/site-packages:/home/tony/webots_ws/install/my_mir_package/lib/python3.8/site-packages:/opt/ros/foxy/lib/python3.8/site-packages /usr/bin/cmake --build /home/tony/webots_ws/build/mpc_controller -- -j16 -l16
[1.027s] DEBUG:colcon.colcon_core.event_handler.log_command:Invoking command in '/home/tony/webots_ws/build/traj_publish': CMAKE_PREFIX_PATH=/home/tony/webots_ws/install/traj_interfaces:/home/tony/webots_ws/install/mpc_controller:/home/tony/webots_ws/install/traj_publish:/home/tony/webots_ws/install/motor_interfaces:/home/tony/webots_ws/install/my_package:/home/tony/webots_ws/install/my_mir_package:/opt/ros/foxy /usr/bin/cmake --build /home/tony/webots_ws/build/traj_publish -- -j16 -l16
[1.032s] DEBUG:colcon.colcon_core.event_handler.log_command:Invoking command in '/home/tony/webots_ws/src/my_package': PYTHONPATH=/home/tony/webots_ws/build/my_package/prefix_override:/home/tony/webots_ws/install/my_package/lib/python3.8/site-packages:${PYTHONPATH} /usr/bin/python3 -W ignore:setup.py install is deprecated setup.py egg_info --egg-base ../../build/my_package build --build-base /home/tony/webots_ws/build/my_package/build install --record /home/tony/webots_ws/build/my_package/install.log --install-scripts $base/lib/my_package --single-version-externally-managed install_data
[1.106s] DEBUG:colcon.colcon_core.event_handler.log_command:Invoked command in '/home/tony/webots_ws/build/traj_publish' returned '0': CMAKE_PREFIX_PATH=/home/tony/webots_ws/install/traj_interfaces:/home/tony/webots_ws/install/mpc_controller:/home/tony/webots_ws/install/traj_publish:/home/tony/webots_ws/install/motor_interfaces:/home/tony/webots_ws/install/my_package:/home/tony/webots_ws/install/my_mir_package:/opt/ros/foxy /usr/bin/cmake --build /home/tony/webots_ws/build/traj_publish -- -j16 -l16
[1.134s] DEBUG:colcon.colcon_core.event_handler.log_command:Invoking command in '/home/tony/webots_ws/build/traj_publish': CMAKE_PREFIX_PATH=/home/tony/webots_ws/install/traj_interfaces:/home/tony/webots_ws/install/mpc_controller:/home/tony/webots_ws/install/traj_publish:/home/tony/webots_ws/install/motor_interfaces:/home/tony/webots_ws/install/my_package:/home/tony/webots_ws/install/my_mir_package:/opt/ros/foxy /usr/bin/cmake --install /home/tony/webots_ws/build/traj_publish
[1.146s] Level 1:colcon.colcon_core.environment:create_environment_scripts_only(traj_publish)
[1.146s] DEBUG:colcon.colcon_core.event_handler.log_command:Invoked command in '/home/tony/webots_ws/build/traj_publish' returned '0': CMAKE_PREFIX_PATH=/home/tony/webots_ws/install/traj_interfaces:/home/tony/webots_ws/install/mpc_controller:/home/tony/webots_ws/install/traj_publish:/home/tony/webots_ws/install/motor_interfaces:/home/tony/webots_ws/install/my_package:/home/tony/webots_ws/install/my_mir_package:/opt/ros/foxy /usr/bin/cmake --install /home/tony/webots_ws/build/traj_publish
[1.146s] Level 1:colcon.colcon_core.environment:checking '/home/tony/webots_ws/install/traj_publish' for CMake module files
[1.147s] Level 1:colcon.colcon_core.environment:checking '/home/tony/webots_ws/install/traj_publish' for CMake config files
[1.147s] Level 1:colcon.colcon_core.shell:create_environment_hook('traj_publish', 'cmake_prefix_path')
[1.147s] INFO:colcon.colcon_core.shell:Creating environment hook '/home/tony/webots_ws/install/traj_publish/share/traj_publish/hook/cmake_prefix_path.ps1'
[1.148s] INFO:colcon.colcon_core.shell:Creating environment descriptor '/home/tony/webots_ws/install/traj_publish/share/traj_publish/hook/cmake_prefix_path.dsv'
[1.148s] INFO:colcon.colcon_core.shell:Creating environment hook '/home/tony/webots_ws/install/traj_publish/share/traj_publish/hook/cmake_prefix_path.sh'
[1.149s] Level 1:colcon.colcon_core.environment:checking '/home/tony/webots_ws/install/traj_publish/lib'
[1.149s] Level 1:colcon.colcon_core.environment:checking '/home/tony/webots_ws/install/traj_publish/bin'
[1.149s] Level 1:colcon.colcon_core.environment:checking '/home/tony/webots_ws/install/traj_publish/lib/pkgconfig/traj_publish.pc'
[1.149s] Level 1:colcon.colcon_core.environment:checking '/home/tony/webots_ws/install/traj_publish/lib/python3.8/site-packages'
[1.149s] Level 1:colcon.colcon_core.environment:checking '/home/tony/webots_ws/install/traj_publish/bin'
[1.149s] INFO:colcon.colcon_core.shell:Creating package script '/home/tony/webots_ws/install/traj_publish/share/traj_publish/package.ps1'
[1.150s] INFO:colcon.colcon_core.shell:Creating package descriptor '/home/tony/webots_ws/install/traj_publish/share/traj_publish/package.dsv'
[1.150s] INFO:colcon.colcon_core.shell:Creating package script '/home/tony/webots_ws/install/traj_publish/share/traj_publish/package.sh'
[1.150s] INFO:colcon.colcon_core.shell:Creating package script '/home/tony/webots_ws/install/traj_publish/share/traj_publish/package.bash'
[1.151s] INFO:colcon.colcon_core.shell:Creating package script '/home/tony/webots_ws/install/traj_publish/share/traj_publish/package.zsh'
[1.151s] Level 1:colcon.colcon_core.environment:create_file_with_runtime_dependencies(/home/tony/webots_ws/install/traj_publish/share/colcon-core/packages/traj_publish)
[1.177s] Level 1:colcon.colcon_core.environment:create_environment_scripts_only(traj_publish)
[1.178s] Level 1:colcon.colcon_core.environment:checking '/home/tony/webots_ws/install/traj_publish' for CMake module files
[1.178s] Level 1:colcon.colcon_core.environment:checking '/home/tony/webots_ws/install/traj_publish' for CMake config files
[1.178s] Level 1:colcon.colcon_core.shell:create_environment_hook('traj_publish', 'cmake_prefix_path')
[1.178s] INFO:colcon.colcon_core.shell:Creating environment hook '/home/tony/webots_ws/install/traj_publish/share/traj_publish/hook/cmake_prefix_path.ps1'
[1.179s] INFO:colcon.colcon_core.shell:Creating environment descriptor '/home/tony/webots_ws/install/traj_publish/share/traj_publish/hook/cmake_prefix_path.dsv'
[1.179s] INFO:colcon.colcon_core.shell:Creating environment hook '/home/tony/webots_ws/install/traj_publish/share/traj_publish/hook/cmake_prefix_path.sh'
[1.180s] Level 1:colcon.colcon_core.environment:checking '/home/tony/webots_ws/install/traj_publish/lib'
[1.180s] Level 1:colcon.colcon_core.environment:checking '/home/tony/webots_ws/install/traj_publish/bin'
[1.180s] Level 1:colcon.colcon_core.environment:checking '/home/tony/webots_ws/install/traj_publish/lib/pkgconfig/traj_publish.pc'
[1.180s] Level 1:colcon.colcon_core.environment:checking '/home/tony/webots_ws/install/traj_publish/lib/python3.8/site-packages'
[1.180s] Level 1:colcon.colcon_core.environment:checking '/home/tony/webots_ws/install/traj_publish/bin'
[1.181s] INFO:colcon.colcon_core.shell:Creating package script '/home/tony/webots_ws/install/traj_publish/share/traj_publish/package.ps1'
[1.181s] INFO:colcon.colcon_core.shell:Creating package descriptor '/home/tony/webots_ws/install/traj_publish/share/traj_publish/package.dsv'
[1.182s] INFO:colcon.colcon_core.shell:Creating package script '/home/tony/webots_ws/install/traj_publish/share/traj_publish/package.sh'
[1.182s] INFO:colcon.colcon_core.shell:Creating package script '/home/tony/webots_ws/install/traj_publish/share/traj_publish/package.bash'
[1.182s] INFO:colcon.colcon_core.shell:Creating package script '/home/tony/webots_ws/install/traj_publish/share/traj_publish/package.zsh'
[1.183s] Level 1:colcon.colcon_core.environment:create_file_with_runtime_dependencies(/home/tony/webots_ws/install/traj_publish/share/colcon-core/packages/traj_publish)
[1.277s] Level 1:colcon.colcon_core.environment:checking '/home/tony/webots_ws/install/my_package' for CMake module files
[1.277s] DEBUG:colcon.colcon_core.event_handler.log_command:Invoked command in '/home/tony/webots_ws/src/my_package' returned '0': PYTHONPATH=/home/tony/webots_ws/build/my_package/prefix_override:/home/tony/webots_ws/install/my_package/lib/python3.8/site-packages:${PYTHONPATH} /usr/bin/python3 -W ignore:setup.py install is deprecated setup.py egg_info --egg-base ../../build/my_package build --build-base /home/tony/webots_ws/build/my_package/build install --record /home/tony/webots_ws/build/my_package/install.log --install-scripts $base/lib/my_package --single-version-externally-managed install_data
[1.278s] Level 1:colcon.colcon_core.environment:checking '/home/tony/webots_ws/install/my_package' for CMake config files
[1.278s] Level 1:colcon.colcon_core.environment:checking '/home/tony/webots_ws/install/my_package/lib'
[1.278s] Level 1:colcon.colcon_core.environment:checking '/home/tony/webots_ws/install/my_package/bin'
[1.278s] Level 1:colcon.colcon_core.environment:checking '/home/tony/webots_ws/install/my_package/lib/pkgconfig/my_package.pc'
[1.279s] Level 1:colcon.colcon_core.environment:checking '/home/tony/webots_ws/install/my_package/lib/python3.8/site-packages'
[1.279s] Level 1:colcon.colcon_core.shell:create_environment_hook('my_package', 'pythonpath')
[1.279s] INFO:colcon.colcon_core.shell:Creating environment hook '/home/tony/webots_ws/install/my_package/share/my_package/hook/pythonpath.ps1'
[1.279s] INFO:colcon.colcon_core.shell:Creating environment descriptor '/home/tony/webots_ws/install/my_package/share/my_package/hook/pythonpath.dsv'
[1.280s] INFO:colcon.colcon_core.shell:Creating environment hook '/home/tony/webots_ws/install/my_package/share/my_package/hook/pythonpath.sh'
[1.280s] Level 1:colcon.colcon_core.environment:checking '/home/tony/webots_ws/install/my_package/bin'
[1.280s] Level 1:colcon.colcon_core.environment:create_environment_scripts_only(my_package)
[1.281s] INFO:colcon.colcon_core.shell:Creating package script '/home/tony/webots_ws/install/my_package/share/my_package/package.ps1'
[1.281s] INFO:colcon.colcon_core.shell:Creating package descriptor '/home/tony/webots_ws/install/my_package/share/my_package/package.dsv'
[1.281s] INFO:colcon.colcon_core.shell:Creating package script '/home/tony/webots_ws/install/my_package/share/my_package/package.sh'
[1.282s] INFO:colcon.colcon_core.shell:Creating package script '/home/tony/webots_ws/install/my_package/share/my_package/package.bash'
[1.282s] INFO:colcon.colcon_core.shell:Creating package script '/home/tony/webots_ws/install/my_package/share/my_package/package.zsh'
[1.282s] Level 1:colcon.colcon_core.environment:create_file_with_runtime_dependencies(/home/tony/webots_ws/install/my_package/share/colcon-core/packages/my_package)
[1.370s] DEBUG:colcon.colcon_core.event_handler.log_command:Invoking command in '/home/tony/webots_ws/src/my_mir_package': CMAKE_PREFIX_PATH=/home/tony/webots_ws/install/motor_interfaces:/home/tony/webots_ws/install/mpc_controller:/home/tony/webots_ws/install/traj_interfaces:/home/tony/webots_ws/install/traj_publish LD_LIBRARY_PATH=/home/tony/webots_ws/install/motor_interfaces/lib:/home/tony/webots_ws/install/traj_interfaces/lib:/opt/ros/foxy/opt/yaml_cpp_vendor/lib:/opt/ros/foxy/opt/rviz_ogre_vendor/lib:/opt/ros/foxy/lib/x86_64-linux-gnu:/opt/ros/foxy/lib PYTHONPATH=/home/tony/webots_ws/build/my_mir_package/prefix_override:/home/tony/webots_ws/install/my_mir_package/lib/python3.8/site-packages:/home/tony/webots_ws/install/motor_interfaces/lib/python3.8/site-packages:/home/tony/webots_ws/install/traj_interfaces/lib/python3.8/site-packages:/home/tony/webots_ws/install/my_package/lib/python3.8/site-packages:/home/tony/webots_ws/install/my_mir_package/lib/python3.8/site-packages:/opt/ros/foxy/lib/python3.8/site-packages /usr/bin/python3 -W ignore:setup.py install is deprecated setup.py egg_info --egg-base ../../build/my_mir_package build --build-base /home/tony/webots_ws/build/my_mir_package/build install --record /home/tony/webots_ws/build/my_mir_package/install.log --install-scripts $base/lib/my_mir_package --single-version-externally-managed install_data
[1.621s] Level 1:colcon.colcon_core.environment:checking '/home/tony/webots_ws/install/my_mir_package' for CMake module files
[1.622s] DEBUG:colcon.colcon_core.event_handler.log_command:Invoked command in '/home/tony/webots_ws/src/my_mir_package' returned '0': CMAKE_PREFIX_PATH=/home/tony/webots_ws/install/motor_interfaces:/home/tony/webots_ws/install/mpc_controller:/home/tony/webots_ws/install/traj_interfaces:/home/tony/webots_ws/install/traj_publish LD_LIBRARY_PATH=/home/tony/webots_ws/install/motor_interfaces/lib:/home/tony/webots_ws/install/traj_interfaces/lib:/opt/ros/foxy/opt/yaml_cpp_vendor/lib:/opt/ros/foxy/opt/rviz_ogre_vendor/lib:/opt/ros/foxy/lib/x86_64-linux-gnu:/opt/ros/foxy/lib PYTHONPATH=/home/tony/webots_ws/build/my_mir_package/prefix_override:/home/tony/webots_ws/install/my_mir_package/lib/python3.8/site-packages:/home/tony/webots_ws/install/motor_interfaces/lib/python3.8/site-packages:/home/tony/webots_ws/install/traj_interfaces/lib/python3.8/site-packages:/home/tony/webots_ws/install/my_package/lib/python3.8/site-packages:/home/tony/webots_ws/install/my_mir_package/lib/python3.8/site-packages:/opt/ros/foxy/lib/python3.8/site-packages /usr/bin/python3 -W ignore:setup.py install is deprecated setup.py egg_info --egg-base ../../build/my_mir_package build --build-base /home/tony/webots_ws/build/my_mir_package/build install --record /home/tony/webots_ws/build/my_mir_package/install.log --install-scripts $base/lib/my_mir_package --single-version-externally-managed install_data
[1.622s] Level 1:colcon.colcon_core.environment:checking '/home/tony/webots_ws/install/my_mir_package' for CMake config files
[1.622s] Level 1:colcon.colcon_core.environment:checking '/home/tony/webots_ws/install/my_mir_package/lib'
[1.623s] Level 1:colcon.colcon_core.environment:checking '/home/tony/webots_ws/install/my_mir_package/bin'
[1.623s] Level 1:colcon.colcon_core.environment:checking '/home/tony/webots_ws/install/my_mir_package/lib/pkgconfig/my_mir_package.pc'
[1.623s] Level 1:colcon.colcon_core.environment:checking '/home/tony/webots_ws/install/my_mir_package/lib/python3.8/site-packages'
[1.623s] Level 1:colcon.colcon_core.shell:create_environment_hook('my_mir_package', 'pythonpath')
[1.623s] INFO:colcon.colcon_core.shell:Creating environment hook '/home/tony/webots_ws/install/my_mir_package/share/my_mir_package/hook/pythonpath.ps1'
[1.624s] INFO:colcon.colcon_core.shell:Creating environment descriptor '/home/tony/webots_ws/install/my_mir_package/share/my_mir_package/hook/pythonpath.dsv'
[1.624s] INFO:colcon.colcon_core.shell:Creating environment hook '/home/tony/webots_ws/install/my_mir_package/share/my_mir_package/hook/pythonpath.sh'
[1.624s] Level 1:colcon.colcon_core.environment:checking '/home/tony/webots_ws/install/my_mir_package/bin'
[1.624s] Level 1:colcon.colcon_core.environment:create_environment_scripts_only(my_mir_package)
[1.625s] INFO:colcon.colcon_core.shell:Creating package script '/home/tony/webots_ws/install/my_mir_package/share/my_mir_package/package.ps1'
[1.625s] INFO:colcon.colcon_core.shell:Creating package descriptor '/home/tony/webots_ws/install/my_mir_package/share/my_mir_package/package.dsv'
[1.625s] INFO:colcon.colcon_core.shell:Creating package script '/home/tony/webots_ws/install/my_mir_package/share/my_mir_package/package.sh'
[1.626s] INFO:colcon.colcon_core.shell:Creating package script '/home/tony/webots_ws/install/my_mir_package/share/my_mir_package/package.bash'
[1.626s] INFO:colcon.colcon_core.shell:Creating package script '/home/tony/webots_ws/install/my_mir_package/share/my_mir_package/package.zsh'
[1.626s] Level 1:colcon.colcon_core.environment:create_file_with_runtime_dependencies(/home/tony/webots_ws/install/my_mir_package/share/colcon-core/packages/my_mir_package)
[9.293s] DEBUG:colcon.colcon_core.event_handler.log_command:Invoked command in '/home/tony/webots_ws/build/mpc_controller' returned '0': CMAKE_PREFIX_PATH=/home/tony/webots_ws/install/traj_interfaces:/home/tony/webots_ws/install/motor_interfaces:/home/tony/webots_ws/install/mpc_controller:/home/tony/webots_ws/install/traj_publish:/home/tony/webots_ws/install/my_package:/home/tony/webots_ws/install/my_mir_package:/opt/ros/foxy PYTHONPATH=/home/tony/webots_ws/install/traj_interfaces/lib/python3.8/site-packages:/home/tony/webots_ws/install/motor_interfaces/lib/python3.8/site-packages:/home/tony/webots_ws/install/my_package/lib/python3.8/site-packages:/home/tony/webots_ws/install/my_mir_package/lib/python3.8/site-packages:/opt/ros/foxy/lib/python3.8/site-packages /usr/bin/cmake --build /home/tony/webots_ws/build/mpc_controller -- -j16 -l16
[9.322s] DEBUG:colcon.colcon_core.event_handler.log_command:Invoking command in '/home/tony/webots_ws/build/mpc_controller': CMAKE_PREFIX_PATH=/home/tony/webots_ws/install/traj_interfaces:/home/tony/webots_ws/install/motor_interfaces:/home/tony/webots_ws/install/mpc_controller:/home/tony/webots_ws/install/traj_publish:/home/tony/webots_ws/install/my_package:/home/tony/webots_ws/install/my_mir_package:/opt/ros/foxy PYTHONPATH=/home/tony/webots_ws/install/traj_interfaces/lib/python3.8/site-packages:/home/tony/webots_ws/install/motor_interfaces/lib/python3.8/site-packages:/home/tony/webots_ws/install/my_package/lib/python3.8/site-packages:/home/tony/webots_ws/install/my_mir_package/lib/python3.8/site-packages:/opt/ros/foxy/lib/python3.8/site-packages /usr/bin/cmake --install /home/tony/webots_ws/build/mpc_controller
[9.343s] Level 1:colcon.colcon_core.environment:create_environment_scripts_only(mpc_controller)
[9.343s] DEBUG:colcon.colcon_core.event_handler.log_command:Invoked command in '/home/tony/webots_ws/build/mpc_controller' returned '0': CMAKE_PREFIX_PATH=/home/tony/webots_ws/install/traj_interfaces:/home/tony/webots_ws/install/motor_interfaces:/home/tony/webots_ws/install/mpc_controller:/home/tony/webots_ws/install/traj_publish:/home/tony/webots_ws/install/my_package:/home/tony/webots_ws/install/my_mir_package:/opt/ros/foxy PYTHONPATH=/home/tony/webots_ws/install/traj_interfaces/lib/python3.8/site-packages:/home/tony/webots_ws/install/motor_interfaces/lib/python3.8/site-packages:/home/tony/webots_ws/install/my_package/lib/python3.8/site-packages:/home/tony/webots_ws/install/my_mir_package/lib/python3.8/site-packages:/opt/ros/foxy/lib/python3.8/site-packages /usr/bin/cmake --install /home/tony/webots_ws/build/mpc_controller
[9.344s] Level 1:colcon.colcon_core.environment:checking '/home/tony/webots_ws/install/mpc_controller' for CMake module files
[9.344s] Level 1:colcon.colcon_core.environment:checking '/home/tony/webots_ws/install/mpc_controller' for CMake config files
[9.344s] Level 1:colcon.colcon_core.shell:create_environment_hook('mpc_controller', 'cmake_prefix_path')
[9.345s] INFO:colcon.colcon_core.shell:Creating environment hook '/home/tony/webots_ws/install/mpc_controller/share/mpc_controller/hook/cmake_prefix_path.ps1'
[9.345s] INFO:colcon.colcon_core.shell:Creating environment descriptor '/home/tony/webots_ws/install/mpc_controller/share/mpc_controller/hook/cmake_prefix_path.dsv'
[9.345s] INFO:colcon.colcon_core.shell:Creating environment hook '/home/tony/webots_ws/install/mpc_controller/share/mpc_controller/hook/cmake_prefix_path.sh'
[9.346s] Level 1:colcon.colcon_core.environment:checking '/home/tony/webots_ws/install/mpc_controller/lib'
[9.346s] Level 1:colcon.colcon_core.environment:checking '/home/tony/webots_ws/install/mpc_controller/bin'
[9.346s] Level 1:colcon.colcon_core.environment:checking '/home/tony/webots_ws/install/mpc_controller/lib/pkgconfig/mpc_controller.pc'
[9.346s] Level 1:colcon.colcon_core.environment:checking '/home/tony/webots_ws/install/mpc_controller/lib/python3.8/site-packages'
[9.346s] Level 1:colcon.colcon_core.environment:checking '/home/tony/webots_ws/install/mpc_controller/bin'
[9.347s] INFO:colcon.colcon_core.shell:Creating package script '/home/tony/webots_ws/install/mpc_controller/share/mpc_controller/package.ps1'
[9.347s] INFO:colcon.colcon_core.shell:Creating package descriptor '/home/tony/webots_ws/install/mpc_controller/share/mpc_controller/package.dsv'
[9.347s] INFO:colcon.colcon_core.shell:Creating package script '/home/tony/webots_ws/install/mpc_controller/share/mpc_controller/package.sh'
[9.348s] INFO:colcon.colcon_core.shell:Creating package script '/home/tony/webots_ws/install/mpc_controller/share/mpc_controller/package.bash'
[9.348s] INFO:colcon.colcon_core.shell:Creating package script '/home/tony/webots_ws/install/mpc_controller/share/mpc_controller/package.zsh'
[9.348s] Level 1:colcon.colcon_core.environment:create_file_with_runtime_dependencies(/home/tony/webots_ws/install/mpc_controller/share/colcon-core/packages/mpc_controller)
[9.378s] Level 1:colcon.colcon_core.environment:create_environment_scripts_only(mpc_controller)
[9.378s] Level 1:colcon.colcon_core.environment:checking '/home/tony/webots_ws/install/mpc_controller' for CMake module files
[9.379s] Level 1:colcon.colcon_core.environment:checking '/home/tony/webots_ws/install/mpc_controller' for CMake config files
[9.379s] Level 1:colcon.colcon_core.shell:create_environment_hook('mpc_controller', 'cmake_prefix_path')
[9.379s] INFO:colcon.colcon_core.shell:Creating environment hook '/home/tony/webots_ws/install/mpc_controller/share/mpc_controller/hook/cmake_prefix_path.ps1'
[9.380s] INFO:colcon.colcon_core.shell:Creating environment descriptor '/home/tony/webots_ws/install/mpc_controller/share/mpc_controller/hook/cmake_prefix_path.dsv'
[9.380s] INFO:colcon.colcon_core.shell:Creating environment hook '/home/tony/webots_ws/install/mpc_controller/share/mpc_controller/hook/cmake_prefix_path.sh'
[9.380s] Level 1:colcon.colcon_core.environment:checking '/home/tony/webots_ws/install/mpc_controller/lib'
[9.381s] Level 1:colcon.colcon_core.environment:checking '/home/tony/webots_ws/install/mpc_controller/bin'
[9.381s] Level 1:colcon.colcon_core.environment:checking '/home/tony/webots_ws/install/mpc_controller/lib/pkgconfig/mpc_controller.pc'
[9.381s] Level 1:colcon.colcon_core.environment:checking '/home/tony/webots_ws/install/mpc_controller/lib/python3.8/site-packages'
[9.381s] Level 1:colcon.colcon_core.environment:checking '/home/tony/webots_ws/install/mpc_controller/bin'
[9.381s] INFO:colcon.colcon_core.shell:Creating package script '/home/tony/webots_ws/install/mpc_controller/share/mpc_controller/package.ps1'
[9.382s] INFO:colcon.colcon_core.shell:Creating package descriptor '/home/tony/webots_ws/install/mpc_controller/share/mpc_controller/package.dsv'
[9.382s] INFO:colcon.colcon_core.shell:Creating package script '/home/tony/webots_ws/install/mpc_controller/share/mpc_controller/package.sh'
[9.382s] INFO:colcon.colcon_core.shell:Creating package script '/home/tony/webots_ws/install/mpc_controller/share/mpc_controller/package.bash'
[9.383s] INFO:colcon.colcon_core.shell:Creating package script '/home/tony/webots_ws/install/mpc_controller/share/mpc_controller/package.zsh'
[9.383s] Level 1:colcon.colcon_core.environment:create_file_with_runtime_dependencies(/home/tony/webots_ws/install/mpc_controller/share/colcon-core/packages/mpc_controller)
[9.383s] DEBUG:colcon.colcon_parallel_executor.executor.parallel:closing loop
[9.384s] DEBUG:colcon.colcon_parallel_executor.executor.parallel:loop closed
[9.384s] DEBUG:colcon.colcon_parallel_executor.executor.parallel:run_until_complete finished with '0'
[9.384s] DEBUG:colcon.colcon_core.event_reactor:joining thread
[9.390s] INFO:colcon.colcon_core.plugin_system:Skipping extension 'colcon_notification.desktop_notification.terminal_notifier': Not used on non-Darwin systems
[9.390s] INFO:colcon.colcon_core.plugin_system:Skipping extension 'colcon_notification.desktop_notification.win32': Not used on non-Windows systems
[9.390s] INFO:colcon.colcon_notification.desktop_notification:Sending desktop notification using 'notify2'
[9.402s] DEBUG:colcon.colcon_core.event_reactor:joined thread
[9.403s] INFO:colcon.colcon_core.shell:Creating prefix script '/home/tony/webots_ws/install/local_setup.ps1'
[9.404s] INFO:colcon.colcon_core.shell:Creating prefix util module '/home/tony/webots_ws/install/_local_setup_util_ps1.py'
[9.405s] INFO:colcon.colcon_core.shell:Creating prefix chain script '/home/tony/webots_ws/install/setup.ps1'
[9.406s] INFO:colcon.colcon_core.shell:Creating prefix script '/home/tony/webots_ws/install/local_setup.sh'
[9.406s] INFO:colcon.colcon_core.shell:Creating prefix util module '/home/tony/webots_ws/install/_local_setup_util_sh.py'
[9.407s] INFO:colcon.colcon_core.shell:Creating prefix chain script '/home/tony/webots_ws/install/setup.sh'
[9.408s] INFO:colcon.colcon_core.shell:Creating prefix script '/home/tony/webots_ws/install/local_setup.bash'
[9.408s] INFO:colcon.colcon_core.shell:Creating prefix chain script '/home/tony/webots_ws/install/setup.bash'
[9.409s] INFO:colcon.colcon_core.shell:Creating prefix script '/home/tony/webots_ws/install/local_setup.zsh'
[9.410s] INFO:colcon.colcon_core.shell:Creating prefix chain script '/home/tony/webots_ws/install/setup.zsh'
