[0.148s] DEBUG:colcon:Command line arguments: ['/usr/bin/colcon', 'build']
[0.148s] DEBUG:colcon:Parsed command line arguments: Namespace(allow_overriding=[], ament_cmake_args=None, base_paths=['.'], build_base='build', catkin_cmake_args=None, catkin_skip_building_tests=False, cmake_args=None, cmake_clean_cache=False, cmake_clean_first=False, cmake_force_configure=False, cmake_target=None, cmake_target_skip_unavailable=False, continue_on_error=False, event_handlers=None, executor='parallel', ignore_user_meta=False, install_base='install', log_base=None, log_level=None, main=<bound method BuildVerb.main of <colcon_core.verb.build.BuildVerb object at 0x7f1bc12312b0>>, merge_install=False, metas=['./colcon.meta'], packages_above=None, packages_above_and_dependencies=None, packages_above_depth=None, packages_end=None, packages_ignore=None, packages_ignore_regex=None, packages_select=None, packages_select_build_failed=False, packages_select_by_dep=None, packages_select_regex=None, packages_select_test_failures=False, packages_skip=None, packages_skip_build_finished=False, packages_skip_by_dep=None, packages_skip_regex=None, packages_skip_test_passed=False, packages_skip_up_to=None, packages_start=None, packages_up_to=None, packages_up_to_regex=None, parallel_workers=16, paths=None, symlink_install=False, test_result_base=None, verb_extension=<colcon_core.verb.build.BuildVerb object at 0x7f1bc12312b0>, verb_name='build', verb_parser=<colcon_defaults.argument_parser.defaults.DefaultArgumentsDecorator object at 0x7f1bc10c3e80>)
[0.272s] Level 1:colcon.colcon_core.package_discovery:discover_packages(colcon_meta) check parameters
[0.272s] Level 1:colcon.colcon_core.package_discovery:discover_packages(recursive) check parameters
[0.272s] Level 1:colcon.colcon_core.package_discovery:discover_packages(ignore) check parameters
[0.272s] Level 1:colcon.colcon_core.package_discovery:discover_packages(path) check parameters
[0.272s] Level 1:colcon.colcon_core.package_discovery:discover_packages(colcon_meta) discover
[0.272s] Level 1:colcon.colcon_core.package_discovery:discover_packages(recursive) discover
[0.272s] INFO:colcon.colcon_core.package_discovery:Crawling recursively for packages in '/home/tony/webots_ws'
[0.272s] Level 1:colcon.colcon_core.package_identification:_identify(.) by extensions ['ignore', 'ignore_ament_install']
[0.273s] Level 1:colcon.colcon_core.package_identification:_identify(.) by extension 'ignore'
[0.273s] Level 1:colcon.colcon_core.package_identification:_identify(.) by extension 'ignore_ament_install'
[0.273s] Level 1:colcon.colcon_core.package_identification:_identify(.) by extensions ['colcon_pkg']
[0.273s] Level 1:colcon.colcon_core.package_identification:_identify(.) by extension 'colcon_pkg'
[0.273s] Level 1:colcon.colcon_core.package_identification:_identify(.) by extensions ['colcon_meta']
[0.273s] Level 1:colcon.colcon_core.package_identification:_identify(.) by extension 'colcon_meta'
[0.273s] Level 1:colcon.colcon_core.package_identification:_identify(.) by extensions ['ros']
[0.273s] Level 1:colcon.colcon_core.package_identification:_identify(.) by extension 'ros'
[0.282s] Level 1:colcon.colcon_core.package_identification:_identify(.) by extensions ['cmake', 'python']
[0.282s] Level 1:colcon.colcon_core.package_identification:_identify(.) by extension 'cmake'
[0.282s] Level 1:colcon.colcon_core.package_identification:_identify(.) by extension 'python'
[0.282s] Level 1:colcon.colcon_core.package_identification:_identify(.) by extensions ['python_setup_py']
[0.282s] Level 1:colcon.colcon_core.package_identification:_identify(.) by extension 'python_setup_py'
[0.282s] Level 1:colcon.colcon_core.package_identification:_identify(build) by extensions ['ignore', 'ignore_ament_install']
[0.282s] Level 1:colcon.colcon_core.package_identification:_identify(build) by extension 'ignore'
[0.282s] Level 1:colcon.colcon_core.package_identification:_identify(build) ignored
[0.283s] Level 1:colcon.colcon_core.package_identification:_identify(install) by extensions ['ignore', 'ignore_ament_install']
[0.283s] Level 1:colcon.colcon_core.package_identification:_identify(install) by extension 'ignore'
[0.283s] Level 1:colcon.colcon_core.package_identification:_identify(install) ignored
[0.283s] Level 1:colcon.colcon_core.package_identification:_identify(log) by extensions ['ignore', 'ignore_ament_install']
[0.283s] Level 1:colcon.colcon_core.package_identification:_identify(log) by extension 'ignore'
[0.283s] Level 1:colcon.colcon_core.package_identification:_identify(log) ignored
[0.283s] Level 1:colcon.colcon_core.package_identification:_identify(src) by extensions ['ignore', 'ignore_ament_install']
[0.283s] Level 1:colcon.colcon_core.package_identification:_identify(src) by extension 'ignore'
[0.283s] Level 1:colcon.colcon_core.package_identification:_identify(src) by extension 'ignore_ament_install'
[0.283s] Level 1:colcon.colcon_core.package_identification:_identify(src) by extensions ['colcon_pkg']
[0.283s] Level 1:colcon.colcon_core.package_identification:_identify(src) by extension 'colcon_pkg'
[0.283s] Level 1:colcon.colcon_core.package_identification:_identify(src) by extensions ['colcon_meta']
[0.283s] Level 1:colcon.colcon_core.package_identification:_identify(src) by extension 'colcon_meta'
[0.283s] Level 1:colcon.colcon_core.package_identification:_identify(src) by extensions ['ros']
[0.283s] Level 1:colcon.colcon_core.package_identification:_identify(src) by extension 'ros'
[0.283s] Level 1:colcon.colcon_core.package_identification:_identify(src) by extensions ['cmake', 'python']
[0.283s] Level 1:colcon.colcon_core.package_identification:_identify(src) by extension 'cmake'
[0.283s] Level 1:colcon.colcon_core.package_identification:_identify(src) by extension 'python'
[0.283s] Level 1:colcon.colcon_core.package_identification:_identify(src) by extensions ['python_setup_py']
[0.283s] Level 1:colcon.colcon_core.package_identification:_identify(src) by extension 'python_setup_py'
[0.284s] Level 1:colcon.colcon_core.package_identification:_identify(src/motor_interfaces) by extensions ['ignore', 'ignore_ament_install']
[0.284s] Level 1:colcon.colcon_core.package_identification:_identify(src/motor_interfaces) by extension 'ignore'
[0.284s] Level 1:colcon.colcon_core.package_identification:_identify(src/motor_interfaces) by extension 'ignore_ament_install'
[0.284s] Level 1:colcon.colcon_core.package_identification:_identify(src/motor_interfaces) by extensions ['colcon_pkg']
[0.284s] Level 1:colcon.colcon_core.package_identification:_identify(src/motor_interfaces) by extension 'colcon_pkg'
[0.284s] Level 1:colcon.colcon_core.package_identification:_identify(src/motor_interfaces) by extensions ['colcon_meta']
[0.284s] Level 1:colcon.colcon_core.package_identification:_identify(src/motor_interfaces) by extension 'colcon_meta'
[0.284s] Level 1:colcon.colcon_core.package_identification:_identify(src/motor_interfaces) by extensions ['ros']
[0.284s] Level 1:colcon.colcon_core.package_identification:_identify(src/motor_interfaces) by extension 'ros'
[0.286s] DEBUG:colcon.colcon_core.package_identification:Package 'src/motor_interfaces' with type 'ros.ament_cmake' and name 'motor_interfaces'
[0.286s] Level 1:colcon.colcon_core.package_identification:_identify(src/mpc_controller) by extensions ['ignore', 'ignore_ament_install']
[0.286s] Level 1:colcon.colcon_core.package_identification:_identify(src/mpc_controller) by extension 'ignore'
[0.286s] Level 1:colcon.colcon_core.package_identification:_identify(src/mpc_controller) by extension 'ignore_ament_install'
[0.286s] Level 1:colcon.colcon_core.package_identification:_identify(src/mpc_controller) by extensions ['colcon_pkg']
[0.286s] Level 1:colcon.colcon_core.package_identification:_identify(src/mpc_controller) by extension 'colcon_pkg'
[0.286s] Level 1:colcon.colcon_core.package_identification:_identify(src/mpc_controller) by extensions ['colcon_meta']
[0.286s] Level 1:colcon.colcon_core.package_identification:_identify(src/mpc_controller) by extension 'colcon_meta'
[0.286s] Level 1:colcon.colcon_core.package_identification:_identify(src/mpc_controller) by extensions ['ros']
[0.286s] Level 1:colcon.colcon_core.package_identification:_identify(src/mpc_controller) by extension 'ros'
[0.287s] DEBUG:colcon.colcon_core.package_identification:Package 'src/mpc_controller' with type 'ros.ament_cmake' and name 'mpc_controller'
[0.287s] Level 1:colcon.colcon_core.package_identification:_identify(src/my_mir_package) by extensions ['ignore', 'ignore_ament_install']
[0.287s] Level 1:colcon.colcon_core.package_identification:_identify(src/my_mir_package) by extension 'ignore'
[0.287s] Level 1:colcon.colcon_core.package_identification:_identify(src/my_mir_package) by extension 'ignore_ament_install'
[0.287s] Level 1:colcon.colcon_core.package_identification:_identify(src/my_mir_package) by extensions ['colcon_pkg']
[0.287s] Level 1:colcon.colcon_core.package_identification:_identify(src/my_mir_package) by extension 'colcon_pkg'
[0.287s] Level 1:colcon.colcon_core.package_identification:_identify(src/my_mir_package) by extensions ['colcon_meta']
[0.287s] Level 1:colcon.colcon_core.package_identification:_identify(src/my_mir_package) by extension 'colcon_meta'
[0.287s] Level 1:colcon.colcon_core.package_identification:_identify(src/my_mir_package) by extensions ['ros']
[0.287s] Level 1:colcon.colcon_core.package_identification:_identify(src/my_mir_package) by extension 'ros'
[0.288s] DEBUG:colcon.colcon_core.package_identification:Package 'src/my_mir_package' with type 'ros.ament_python' and name 'my_mir_package'
[0.288s] Level 1:colcon.colcon_core.package_identification:_identify(src/my_package) by extensions ['ignore', 'ignore_ament_install']
[0.288s] Level 1:colcon.colcon_core.package_identification:_identify(src/my_package) by extension 'ignore'
[0.288s] Level 1:colcon.colcon_core.package_identification:_identify(src/my_package) by extension 'ignore_ament_install'
[0.288s] Level 1:colcon.colcon_core.package_identification:_identify(src/my_package) by extensions ['colcon_pkg']
[0.288s] Level 1:colcon.colcon_core.package_identification:_identify(src/my_package) by extension 'colcon_pkg'
[0.288s] Level 1:colcon.colcon_core.package_identification:_identify(src/my_package) by extensions ['colcon_meta']
[0.288s] Level 1:colcon.colcon_core.package_identification:_identify(src/my_package) by extension 'colcon_meta'
[0.288s] Level 1:colcon.colcon_core.package_identification:_identify(src/my_package) by extensions ['ros']
[0.288s] Level 1:colcon.colcon_core.package_identification:_identify(src/my_package) by extension 'ros'
[0.289s] DEBUG:colcon.colcon_core.package_identification:Package 'src/my_package' with type 'ros.ament_python' and name 'my_package'
[0.289s] Level 1:colcon.colcon_core.package_identification:_identify(src/qpOASES) by extensions ['ignore', 'ignore_ament_install']
[0.289s] Level 1:colcon.colcon_core.package_identification:_identify(src/qpOASES) by extension 'ignore'
[0.289s] Level 1:colcon.colcon_core.package_identification:_identify(src/qpOASES) by extension 'ignore_ament_install'
[0.289s] Level 1:colcon.colcon_core.package_identification:_identify(src/qpOASES) by extensions ['colcon_pkg']
[0.289s] Level 1:colcon.colcon_core.package_identification:_identify(src/qpOASES) by extension 'colcon_pkg'
[0.289s] Level 1:colcon.colcon_core.package_identification:_identify(src/qpOASES) by extensions ['colcon_meta']
[0.289s] Level 1:colcon.colcon_core.package_identification:_identify(src/qpOASES) by extension 'colcon_meta'
[0.289s] Level 1:colcon.colcon_core.package_identification:_identify(src/qpOASES) by extensions ['ros']
[0.289s] Level 1:colcon.colcon_core.package_identification:_identify(src/qpOASES) by extension 'ros'
[0.289s] Level 1:colcon.colcon_core.package_identification:_identify(src/qpOASES) by extensions ['cmake', 'python']
[0.289s] Level 1:colcon.colcon_core.package_identification:_identify(src/qpOASES) by extension 'cmake'
[0.294s] Level 1:colcon.colcon_core.package_identification:_identify(src/qpOASES) by extension 'python'
[0.294s] DEBUG:colcon.colcon_core.package_identification:Package 'src/qpOASES' with type 'cmake' and name 'qpOASES'
[0.294s] Level 1:colcon.colcon_core.package_identification:_identify(src/traj_interfaces) by extensions ['ignore', 'ignore_ament_install']
[0.294s] Level 1:colcon.colcon_core.package_identification:_identify(src/traj_interfaces) by extension 'ignore'
[0.294s] Level 1:colcon.colcon_core.package_identification:_identify(src/traj_interfaces) by extension 'ignore_ament_install'
[0.294s] Level 1:colcon.colcon_core.package_identification:_identify(src/traj_interfaces) by extensions ['colcon_pkg']
[0.294s] Level 1:colcon.colcon_core.package_identification:_identify(src/traj_interfaces) by extension 'colcon_pkg'
[0.294s] Level 1:colcon.colcon_core.package_identification:_identify(src/traj_interfaces) by extensions ['colcon_meta']
[0.294s] Level 1:colcon.colcon_core.package_identification:_identify(src/traj_interfaces) by extension 'colcon_meta'
[0.294s] Level 1:colcon.colcon_core.package_identification:_identify(src/traj_interfaces) by extensions ['ros']
[0.294s] Level 1:colcon.colcon_core.package_identification:_identify(src/traj_interfaces) by extension 'ros'
[0.295s] DEBUG:colcon.colcon_core.package_identification:Package 'src/traj_interfaces' with type 'ros.ament_cmake' and name 'traj_interfaces'
[0.295s] Level 1:colcon.colcon_core.package_identification:_identify(src/traj_publish) by extensions ['ignore', 'ignore_ament_install']
[0.295s] Level 1:colcon.colcon_core.package_identification:_identify(src/traj_publish) by extension 'ignore'
[0.295s] Level 1:colcon.colcon_core.package_identification:_identify(src/traj_publish) by extension 'ignore_ament_install'
[0.295s] Level 1:colcon.colcon_core.package_identification:_identify(src/traj_publish) by extensions ['colcon_pkg']
[0.295s] Level 1:colcon.colcon_core.package_identification:_identify(src/traj_publish) by extension 'colcon_pkg'
[0.295s] Level 1:colcon.colcon_core.package_identification:_identify(src/traj_publish) by extensions ['colcon_meta']
[0.295s] Level 1:colcon.colcon_core.package_identification:_identify(src/traj_publish) by extension 'colcon_meta'
[0.295s] Level 1:colcon.colcon_core.package_identification:_identify(src/traj_publish) by extensions ['ros']
[0.295s] Level 1:colcon.colcon_core.package_identification:_identify(src/traj_publish) by extension 'ros'
[0.296s] DEBUG:colcon.colcon_core.package_identification:Package 'src/traj_publish' with type 'ros.ament_cmake' and name 'traj_publish'
[0.296s] Level 1:colcon.colcon_core.package_discovery:discover_packages(recursive) using defaults
[0.296s] Level 1:colcon.colcon_core.package_discovery:discover_packages(ignore) discover
[0.296s] Level 1:colcon.colcon_core.package_discovery:discover_packages(ignore) using defaults
[0.296s] Level 1:colcon.colcon_core.package_discovery:discover_packages(path) discover
[0.296s] Level 1:colcon.colcon_core.package_discovery:discover_packages(path) using defaults
[0.309s] Level 1:colcon.colcon_core.package_discovery:discover_packages(prefix_path) check parameters
[0.309s] Level 1:colcon.colcon_core.package_discovery:discover_packages(prefix_path) discover
[0.311s] DEBUG:colcon.colcon_installed_package_information.package_discovery:Found 7 installed packages in /home/tony/webots_ws/install
[0.312s] DEBUG:colcon.colcon_installed_package_information.package_discovery:Found 284 installed packages in /opt/ros/foxy
[0.313s] Level 1:colcon.colcon_core.package_discovery:discover_packages(prefix_path) using defaults
[0.375s] Level 5:colcon.colcon_core.verb:set package 'motor_interfaces' build argument 'cmake_args' from command line to 'None'
[0.375s] Level 5:colcon.colcon_core.verb:set package 'motor_interfaces' build argument 'cmake_target' from command line to 'None'
[0.376s] Level 5:colcon.colcon_core.verb:set package 'motor_interfaces' build argument 'cmake_target_skip_unavailable' from command line to 'False'
[0.376s] Level 5:colcon.colcon_core.verb:set package 'motor_interfaces' build argument 'cmake_clean_cache' from command line to 'False'
[0.376s] Level 5:colcon.colcon_core.verb:set package 'motor_interfaces' build argument 'cmake_clean_first' from command line to 'False'
[0.376s] Level 5:colcon.colcon_core.verb:set package 'motor_interfaces' build argument 'cmake_force_configure' from command line to 'False'
[0.376s] Level 5:colcon.colcon_core.verb:set package 'motor_interfaces' build argument 'ament_cmake_args' from command line to 'None'
[0.376s] Level 5:colcon.colcon_core.verb:set package 'motor_interfaces' build argument 'catkin_cmake_args' from command line to 'None'
[0.376s] Level 5:colcon.colcon_core.verb:set package 'motor_interfaces' build argument 'catkin_skip_building_tests' from command line to 'False'
[0.376s] DEBUG:colcon.colcon_core.verb:Building package 'motor_interfaces' with the following arguments: {'ament_cmake_args': None, 'build_base': '/home/tony/webots_ws/build/motor_interfaces', 'catkin_cmake_args': None, 'catkin_skip_building_tests': False, 'cmake_args': None, 'cmake_clean_cache': False, 'cmake_clean_first': False, 'cmake_force_configure': False, 'cmake_target': None, 'cmake_target_skip_unavailable': False, 'install_base': '/home/tony/webots_ws/install/motor_interfaces', 'merge_install': False, 'path': '/home/tony/webots_ws/src/motor_interfaces', 'symlink_install': False, 'test_result_base': None}
[0.376s] Level 5:colcon.colcon_core.verb:set package 'my_package' build argument 'cmake_args' from command line to 'None'
[0.376s] Level 5:colcon.colcon_core.verb:set package 'my_package' build argument 'cmake_target' from command line to 'None'
[0.376s] Level 5:colcon.colcon_core.verb:set package 'my_package' build argument 'cmake_target_skip_unavailable' from command line to 'False'
[0.376s] Level 5:colcon.colcon_core.verb:set package 'my_package' build argument 'cmake_clean_cache' from command line to 'False'
[0.376s] Level 5:colcon.colcon_core.verb:set package 'my_package' build argument 'cmake_clean_first' from command line to 'False'
[0.376s] Level 5:colcon.colcon_core.verb:set package 'my_package' build argument 'cmake_force_configure' from command line to 'False'
[0.376s] Level 5:colcon.colcon_core.verb:set package 'my_package' build argument 'ament_cmake_args' from command line to 'None'
[0.376s] Level 5:colcon.colcon_core.verb:set package 'my_package' build argument 'catkin_cmake_args' from command line to 'None'
[0.376s] Level 5:colcon.colcon_core.verb:set package 'my_package' build argument 'catkin_skip_building_tests' from command line to 'False'
[0.376s] DEBUG:colcon.colcon_core.verb:Building package 'my_package' with the following arguments: {'ament_cmake_args': None, 'build_base': '/home/tony/webots_ws/build/my_package', 'catkin_cmake_args': None, 'catkin_skip_building_tests': False, 'cmake_args': None, 'cmake_clean_cache': False, 'cmake_clean_first': False, 'cmake_force_configure': False, 'cmake_target': None, 'cmake_target_skip_unavailable': False, 'install_base': '/home/tony/webots_ws/install/my_package', 'merge_install': False, 'path': '/home/tony/webots_ws/src/my_package', 'symlink_install': False, 'test_result_base': None}
[0.377s] Level 5:colcon.colcon_core.verb:set package 'qpOASES' build argument 'cmake_args' from command line to 'None'
[0.377s] Level 5:colcon.colcon_core.verb:set package 'qpOASES' build argument 'cmake_target' from command line to 'None'
[0.377s] Level 5:colcon.colcon_core.verb:set package 'qpOASES' build argument 'cmake_target_skip_unavailable' from command line to 'False'
[0.377s] Level 5:colcon.colcon_core.verb:set package 'qpOASES' build argument 'cmake_clean_cache' from command line to 'False'
[0.377s] Level 5:colcon.colcon_core.verb:set package 'qpOASES' build argument 'cmake_clean_first' from command line to 'False'
[0.377s] Level 5:colcon.colcon_core.verb:set package 'qpOASES' build argument 'cmake_force_configure' from command line to 'False'
[0.377s] Level 5:colcon.colcon_core.verb:set package 'qpOASES' build argument 'ament_cmake_args' from command line to 'None'
[0.377s] Level 5:colcon.colcon_core.verb:set package 'qpOASES' build argument 'catkin_cmake_args' from command line to 'None'
[0.377s] Level 5:colcon.colcon_core.verb:set package 'qpOASES' build argument 'catkin_skip_building_tests' from command line to 'False'
[0.378s] DEBUG:colcon.colcon_core.verb:Building package 'qpOASES' with the following arguments: {'ament_cmake_args': None, 'build_base': '/home/tony/webots_ws/build/qpOASES', 'catkin_cmake_args': None, 'catkin_skip_building_tests': False, 'cmake_args': None, 'cmake_clean_cache': False, 'cmake_clean_first': False, 'cmake_force_configure': False, 'cmake_target': None, 'cmake_target_skip_unavailable': False, 'install_base': '/home/tony/webots_ws/install/qpOASES', 'merge_install': False, 'path': '/home/tony/webots_ws/src/qpOASES', 'symlink_install': False, 'test_result_base': None}
[0.379s] Level 5:colcon.colcon_core.verb:set package 'traj_interfaces' build argument 'cmake_args' from command line to 'None'
[0.379s] Level 5:colcon.colcon_core.verb:set package 'traj_interfaces' build argument 'cmake_target' from command line to 'None'
[0.379s] Level 5:colcon.colcon_core.verb:set package 'traj_interfaces' build argument 'cmake_target_skip_unavailable' from command line to 'False'
[0.379s] Level 5:colcon.colcon_core.verb:set package 'traj_interfaces' build argument 'cmake_clean_cache' from command line to 'False'
[0.379s] Level 5:colcon.colcon_core.verb:set package 'traj_interfaces' build argument 'cmake_clean_first' from command line to 'False'
[0.379s] Level 5:colcon.colcon_core.verb:set package 'traj_interfaces' build argument 'cmake_force_configure' from command line to 'False'
[0.379s] Level 5:colcon.colcon_core.verb:set package 'traj_interfaces' build argument 'ament_cmake_args' from command line to 'None'
[0.379s] Level 5:colcon.colcon_core.verb:set package 'traj_interfaces' build argument 'catkin_cmake_args' from command line to 'None'
[0.379s] Level 5:colcon.colcon_core.verb:set package 'traj_interfaces' build argument 'catkin_skip_building_tests' from command line to 'False'
[0.379s] DEBUG:colcon.colcon_core.verb:Building package 'traj_interfaces' with the following arguments: {'ament_cmake_args': None, 'build_base': '/home/tony/webots_ws/build/traj_interfaces', 'catkin_cmake_args': None, 'catkin_skip_building_tests': False, 'cmake_args': None, 'cmake_clean_cache': False, 'cmake_clean_first': False, 'cmake_force_configure': False, 'cmake_target': None, 'cmake_target_skip_unavailable': False, 'install_base': '/home/tony/webots_ws/install/traj_interfaces', 'merge_install': False, 'path': '/home/tony/webots_ws/src/traj_interfaces', 'symlink_install': False, 'test_result_base': None}
[0.380s] Level 5:colcon.colcon_core.verb:set package 'mpc_controller' build argument 'cmake_args' from command line to 'None'
[0.380s] Level 5:colcon.colcon_core.verb:set package 'mpc_controller' build argument 'cmake_target' from command line to 'None'
[0.380s] Level 5:colcon.colcon_core.verb:set package 'mpc_controller' build argument 'cmake_target_skip_unavailable' from command line to 'False'
[0.380s] Level 5:colcon.colcon_core.verb:set package 'mpc_controller' build argument 'cmake_clean_cache' from command line to 'False'
[0.380s] Level 5:colcon.colcon_core.verb:set package 'mpc_controller' build argument 'cmake_clean_first' from command line to 'False'
[0.381s] Level 5:colcon.colcon_core.verb:set package 'mpc_controller' build argument 'cmake_force_configure' from command line to 'False'
[0.381s] Level 5:colcon.colcon_core.verb:set package 'mpc_controller' build argument 'ament_cmake_args' from command line to 'None'
[0.381s] Level 5:colcon.colcon_core.verb:set package 'mpc_controller' build argument 'catkin_cmake_args' from command line to 'None'
[0.381s] Level 5:colcon.colcon_core.verb:set package 'mpc_controller' build argument 'catkin_skip_building_tests' from command line to 'False'
[0.381s] DEBUG:colcon.colcon_core.verb:Building package 'mpc_controller' with the following arguments: {'ament_cmake_args': None, 'build_base': '/home/tony/webots_ws/build/mpc_controller', 'catkin_cmake_args': None, 'catkin_skip_building_tests': False, 'cmake_args': None, 'cmake_clean_cache': False, 'cmake_clean_first': False, 'cmake_force_configure': False, 'cmake_target': None, 'cmake_target_skip_unavailable': False, 'install_base': '/home/tony/webots_ws/install/mpc_controller', 'merge_install': False, 'path': '/home/tony/webots_ws/src/mpc_controller', 'symlink_install': False, 'test_result_base': None}
[0.382s] Level 5:colcon.colcon_core.verb:set package 'my_mir_package' build argument 'cmake_args' from command line to 'None'
[0.382s] Level 5:colcon.colcon_core.verb:set package 'my_mir_package' build argument 'cmake_target' from command line to 'None'
[0.382s] Level 5:colcon.colcon_core.verb:set package 'my_mir_package' build argument 'cmake_target_skip_unavailable' from command line to 'False'
[0.382s] Level 5:colcon.colcon_core.verb:set package 'my_mir_package' build argument 'cmake_clean_cache' from command line to 'False'
[0.382s] Level 5:colcon.colcon_core.verb:set package 'my_mir_package' build argument 'cmake_clean_first' from command line to 'False'
[0.382s] Level 5:colcon.colcon_core.verb:set package 'my_mir_package' build argument 'cmake_force_configure' from command line to 'False'
[0.382s] Level 5:colcon.colcon_core.verb:set package 'my_mir_package' build argument 'ament_cmake_args' from command line to 'None'
[0.382s] Level 5:colcon.colcon_core.verb:set package 'my_mir_package' build argument 'catkin_cmake_args' from command line to 'None'
[0.382s] Level 5:colcon.colcon_core.verb:set package 'my_mir_package' build argument 'catkin_skip_building_tests' from command line to 'False'
[0.382s] DEBUG:colcon.colcon_core.verb:Building package 'my_mir_package' with the following arguments: {'ament_cmake_args': None, 'build_base': '/home/tony/webots_ws/build/my_mir_package', 'catkin_cmake_args': None, 'catkin_skip_building_tests': False, 'cmake_args': None, 'cmake_clean_cache': False, 'cmake_clean_first': False, 'cmake_force_configure': False, 'cmake_target': None, 'cmake_target_skip_unavailable': False, 'install_base': '/home/tony/webots_ws/install/my_mir_package', 'merge_install': False, 'path': '/home/tony/webots_ws/src/my_mir_package', 'symlink_install': False, 'test_result_base': None}
[0.383s] Level 5:colcon.colcon_core.verb:set package 'traj_publish' build argument 'cmake_args' from command line to 'None'
[0.383s] Level 5:colcon.colcon_core.verb:set package 'traj_publish' build argument 'cmake_target' from command line to 'None'
[0.383s] Level 5:colcon.colcon_core.verb:set package 'traj_publish' build argument 'cmake_target_skip_unavailable' from command line to 'False'
[0.383s] Level 5:colcon.colcon_core.verb:set package 'traj_publish' build argument 'cmake_clean_cache' from command line to 'False'
[0.383s] Level 5:colcon.colcon_core.verb:set package 'traj_publish' build argument 'cmake_clean_first' from command line to 'False'
[0.383s] Level 5:colcon.colcon_core.verb:set package 'traj_publish' build argument 'cmake_force_configure' from command line to 'False'
[0.384s] Level 5:colcon.colcon_core.verb:set package 'traj_publish' build argument 'ament_cmake_args' from command line to 'None'
[0.384s] Level 5:colcon.colcon_core.verb:set package 'traj_publish' build argument 'catkin_cmake_args' from command line to 'None'
[0.384s] Level 5:colcon.colcon_core.verb:set package 'traj_publish' build argument 'catkin_skip_building_tests' from command line to 'False'
[0.384s] DEBUG:colcon.colcon_core.verb:Building package 'traj_publish' with the following arguments: {'ament_cmake_args': None, 'build_base': '/home/tony/webots_ws/build/traj_publish', 'catkin_cmake_args': None, 'catkin_skip_building_tests': False, 'cmake_args': None, 'cmake_clean_cache': False, 'cmake_clean_first': False, 'cmake_force_configure': False, 'cmake_target': None, 'cmake_target_skip_unavailable': False, 'install_base': '/home/tony/webots_ws/install/traj_publish', 'merge_install': False, 'path': '/home/tony/webots_ws/src/traj_publish', 'symlink_install': False, 'test_result_base': None}
[0.384s] INFO:colcon.colcon_core.executor:Executing jobs using 'parallel' executor
[0.387s] DEBUG:colcon.colcon_parallel_executor.executor.parallel:run_until_complete
[0.388s] INFO:colcon.colcon_ros.task.ament_cmake.build:Building ROS package in '/home/tony/webots_ws/src/motor_interfaces' with build type 'ament_cmake'
[0.388s] INFO:colcon.colcon_cmake.task.cmake.build:Building CMake package in '/home/tony/webots_ws/src/motor_interfaces'
[0.390s] INFO:colcon.colcon_core.plugin_system:Skipping extension 'colcon_core.shell.bat': Not used on non-Windows systems
[0.390s] INFO:colcon.colcon_core.shell:Skip shell extension 'powershell' for command environment: Not usable outside of PowerShell
[0.390s] DEBUG:colcon.colcon_core.shell:Skip shell extension 'dsv' for command environment
[0.395s] INFO:colcon.colcon_ros.task.ament_cmake.build:Building ROS package in '/home/tony/webots_ws/src/traj_interfaces' with build type 'ament_cmake'
[0.395s] INFO:colcon.colcon_cmake.task.cmake.build:Building CMake package in '/home/tony/webots_ws/src/traj_interfaces'
[0.395s] INFO:colcon.colcon_core.shell:Skip shell extension 'powershell' for command environment: Not usable outside of PowerShell
[0.395s] DEBUG:colcon.colcon_core.shell:Skip shell extension 'dsv' for command environment
[0.400s] INFO:colcon.colcon_ros.task.ament_python.build:Building ROS package in '/home/tony/webots_ws/src/my_package' with build type 'ament_python'
[0.400s] Level 1:colcon.colcon_core.shell:create_environment_hook('my_package', 'ament_prefix_path')
[0.400s] INFO:colcon.colcon_core.shell:Creating environment hook '/home/tony/webots_ws/install/my_package/share/my_package/hook/ament_prefix_path.ps1'
[0.401s] INFO:colcon.colcon_core.shell:Creating environment descriptor '/home/tony/webots_ws/install/my_package/share/my_package/hook/ament_prefix_path.dsv'
[0.402s] INFO:colcon.colcon_core.shell:Creating environment hook '/home/tony/webots_ws/install/my_package/share/my_package/hook/ament_prefix_path.sh'
[0.402s] INFO:colcon.colcon_core.shell:Skip shell extension 'powershell' for command environment: Not usable outside of PowerShell
[0.402s] DEBUG:colcon.colcon_core.shell:Skip shell extension 'dsv' for command environment
[0.406s] INFO:colcon.colcon_cmake.task.cmake.build:Building CMake package in '/home/tony/webots_ws/src/qpOASES'
[0.407s] INFO:colcon.colcon_core.shell:Skip shell extension 'powershell' for command environment: Not usable outside of PowerShell
[0.407s] DEBUG:colcon.colcon_core.shell:Skip shell extension 'dsv' for command environment
[0.418s] DEBUG:colcon.colcon_core.event_handler.log_command:Invoking command in '/home/tony/webots_ws/build/motor_interfaces': CMAKE_PREFIX_PATH=${CMAKE_PREFIX_PATH}:/home/tony/webots_ws/install/my_package:/home/tony/webots_ws/install/my_mir_package:/opt/ros/foxy /usr/bin/cmake --build /home/tony/webots_ws/build/motor_interfaces -- -j16 -l16
[0.423s] DEBUG:colcon.colcon_core.event_handler.log_command:Invoking command in '/home/tony/webots_ws/build/traj_interfaces': CMAKE_PREFIX_PATH=${CMAKE_PREFIX_PATH}:/home/tony/webots_ws/install/my_package:/home/tony/webots_ws/install/my_mir_package:/opt/ros/foxy /usr/bin/cmake --build /home/tony/webots_ws/build/traj_interfaces -- -j16 -l16
[0.609s] INFO:colcon.colcon_core.task.python.build:Building Python package in '/home/tony/webots_ws/src/my_package'
[0.609s] INFO:colcon.colcon_core.shell:Skip shell extension 'powershell' for command environment: Not usable outside of PowerShell
[0.609s] DEBUG:colcon.colcon_core.shell:Skip shell extension 'dsv' for command environment
[0.626s] DEBUG:colcon.colcon_core.event_handler.log_command:Invoking command in '/home/tony/webots_ws/build/qpOASES': /usr/bin/cmake --build /home/tony/webots_ws/build/qpOASES -- -j16 -l16
[0.650s] DEBUG:colcon.colcon_core.event_handler.log_command:Invoked command in '/home/tony/webots_ws/build/traj_interfaces' returned '0': CMAKE_PREFIX_PATH=${CMAKE_PREFIX_PATH}:/home/tony/webots_ws/install/my_package:/home/tony/webots_ws/install/my_mir_package:/opt/ros/foxy /usr/bin/cmake --build /home/tony/webots_ws/build/traj_interfaces -- -j16 -l16
[0.652s] DEBUG:colcon.colcon_core.event_handler.log_command:Invoked command in '/home/tony/webots_ws/build/motor_interfaces' returned '0': CMAKE_PREFIX_PATH=${CMAKE_PREFIX_PATH}:/home/tony/webots_ws/install/my_package:/home/tony/webots_ws/install/my_mir_package:/opt/ros/foxy /usr/bin/cmake --build /home/tony/webots_ws/build/motor_interfaces -- -j16 -l16
[0.719s] DEBUG:colcon.colcon_core.event_handler.log_command:Invoking command in '/home/tony/webots_ws/build/traj_interfaces': CMAKE_PREFIX_PATH=${CMAKE_PREFIX_PATH}:/home/tony/webots_ws/install/my_package:/home/tony/webots_ws/install/my_mir_package:/opt/ros/foxy /usr/bin/cmake --install /home/tony/webots_ws/build/traj_interfaces
[0.725s] DEBUG:colcon.colcon_core.event_handler.log_command:Invoking command in '/home/tony/webots_ws/build/motor_interfaces': CMAKE_PREFIX_PATH=${CMAKE_PREFIX_PATH}:/home/tony/webots_ws/install/my_package:/home/tony/webots_ws/install/my_mir_package:/opt/ros/foxy /usr/bin/cmake --install /home/tony/webots_ws/build/motor_interfaces
[0.728s] DEBUG:colcon.colcon_core.event_handler.log_command:Invoked command in '/home/tony/webots_ws/build/qpOASES' returned '0': /usr/bin/cmake --build /home/tony/webots_ws/build/qpOASES -- -j16 -l16
[0.776s] Level 1:colcon.colcon_core.environment:create_environment_scripts_only(motor_interfaces)
[0.778s] DEBUG:colcon.colcon_core.event_handler.log_command:Invoked command in '/home/tony/webots_ws/build/motor_interfaces' returned '0': CMAKE_PREFIX_PATH=${CMAKE_PREFIX_PATH}:/home/tony/webots_ws/install/my_package:/home/tony/webots_ws/install/my_mir_package:/opt/ros/foxy /usr/bin/cmake --install /home/tony/webots_ws/build/motor_interfaces
[0.780s] Level 1:colcon.colcon_core.environment:checking '/home/tony/webots_ws/install/motor_interfaces' for CMake module files
[0.780s] Level 1:colcon.colcon_core.environment:checking '/home/tony/webots_ws/install/motor_interfaces' for CMake config files
[0.781s] Level 1:colcon.colcon_core.shell:create_environment_hook('motor_interfaces', 'cmake_prefix_path')
[0.781s] INFO:colcon.colcon_core.shell:Creating environment hook '/home/tony/webots_ws/install/motor_interfaces/share/motor_interfaces/hook/cmake_prefix_path.ps1'
[0.782s] INFO:colcon.colcon_core.shell:Creating environment descriptor '/home/tony/webots_ws/install/motor_interfaces/share/motor_interfaces/hook/cmake_prefix_path.dsv'
[0.782s] INFO:colcon.colcon_core.shell:Creating environment hook '/home/tony/webots_ws/install/motor_interfaces/share/motor_interfaces/hook/cmake_prefix_path.sh'
[0.783s] Level 1:colcon.colcon_core.environment:checking '/home/tony/webots_ws/install/motor_interfaces/lib'
[0.783s] Level 1:colcon.colcon_core.shell:create_environment_hook('motor_interfaces', 'ld_library_path_lib')
[0.783s] INFO:colcon.colcon_core.shell:Creating environment hook '/home/tony/webots_ws/install/motor_interfaces/share/motor_interfaces/hook/ld_library_path_lib.ps1'
[0.783s] INFO:colcon.colcon_core.shell:Creating environment descriptor '/home/tony/webots_ws/install/motor_interfaces/share/motor_interfaces/hook/ld_library_path_lib.dsv'
[0.784s] INFO:colcon.colcon_core.shell:Creating environment hook '/home/tony/webots_ws/install/motor_interfaces/share/motor_interfaces/hook/ld_library_path_lib.sh'
[0.784s] Level 1:colcon.colcon_core.environment:checking '/home/tony/webots_ws/install/motor_interfaces/bin'
[0.784s] Level 1:colcon.colcon_core.environment:checking '/home/tony/webots_ws/install/motor_interfaces/lib/pkgconfig/motor_interfaces.pc'
[0.784s] Level 1:colcon.colcon_core.environment:checking '/home/tony/webots_ws/install/motor_interfaces/lib/python3.8/site-packages'
[0.784s] Level 1:colcon.colcon_core.shell:create_environment_hook('motor_interfaces', 'pythonpath')
[0.784s] INFO:colcon.colcon_core.shell:Creating environment hook '/home/tony/webots_ws/install/motor_interfaces/share/motor_interfaces/hook/pythonpath.ps1'
[0.785s] INFO:colcon.colcon_core.shell:Creating environment descriptor '/home/tony/webots_ws/install/motor_interfaces/share/motor_interfaces/hook/pythonpath.dsv'
[0.785s] INFO:colcon.colcon_core.shell:Creating environment hook '/home/tony/webots_ws/install/motor_interfaces/share/motor_interfaces/hook/pythonpath.sh'
[0.785s] Level 1:colcon.colcon_core.environment:checking '/home/tony/webots_ws/install/motor_interfaces/bin'
[0.786s] INFO:colcon.colcon_core.shell:Creating package script '/home/tony/webots_ws/install/motor_interfaces/share/motor_interfaces/package.ps1'
[0.786s] INFO:colcon.colcon_core.shell:Creating package descriptor '/home/tony/webots_ws/install/motor_interfaces/share/motor_interfaces/package.dsv'
[0.787s] INFO:colcon.colcon_core.shell:Creating package script '/home/tony/webots_ws/install/motor_interfaces/share/motor_interfaces/package.sh'
[0.787s] INFO:colcon.colcon_core.shell:Creating package script '/home/tony/webots_ws/install/motor_interfaces/share/motor_interfaces/package.bash'
[0.788s] INFO:colcon.colcon_core.shell:Creating package script '/home/tony/webots_ws/install/motor_interfaces/share/motor_interfaces/package.zsh'
[0.788s] Level 1:colcon.colcon_core.environment:create_file_with_runtime_dependencies(/home/tony/webots_ws/install/motor_interfaces/share/colcon-core/packages/motor_interfaces)
[0.792s] Level 1:colcon.colcon_core.environment:create_environment_scripts_only(traj_interfaces)
[0.792s] Level 1:colcon.colcon_core.environment:checking '/home/tony/webots_ws/install/traj_interfaces' for CMake module files
[0.793s] DEBUG:colcon.colcon_core.event_handler.log_command:Invoked command in '/home/tony/webots_ws/build/traj_interfaces' returned '0': CMAKE_PREFIX_PATH=${CMAKE_PREFIX_PATH}:/home/tony/webots_ws/install/my_package:/home/tony/webots_ws/install/my_mir_package:/opt/ros/foxy /usr/bin/cmake --install /home/tony/webots_ws/build/traj_interfaces
[0.793s] Level 1:colcon.colcon_core.environment:checking '/home/tony/webots_ws/install/traj_interfaces' for CMake config files
[0.794s] Level 1:colcon.colcon_core.shell:create_environment_hook('traj_interfaces', 'cmake_prefix_path')
[0.794s] INFO:colcon.colcon_core.shell:Creating environment hook '/home/tony/webots_ws/install/traj_interfaces/share/traj_interfaces/hook/cmake_prefix_path.ps1'
[0.795s] INFO:colcon.colcon_core.shell:Creating environment descriptor '/home/tony/webots_ws/install/traj_interfaces/share/traj_interfaces/hook/cmake_prefix_path.dsv'
[0.795s] INFO:colcon.colcon_core.shell:Creating environment hook '/home/tony/webots_ws/install/traj_interfaces/share/traj_interfaces/hook/cmake_prefix_path.sh'
[0.795s] Level 1:colcon.colcon_core.environment:checking '/home/tony/webots_ws/install/traj_interfaces/lib'
[0.795s] Level 1:colcon.colcon_core.shell:create_environment_hook('traj_interfaces', 'ld_library_path_lib')
[0.796s] INFO:colcon.colcon_core.shell:Creating environment hook '/home/tony/webots_ws/install/traj_interfaces/share/traj_interfaces/hook/ld_library_path_lib.ps1'
[0.796s] INFO:colcon.colcon_core.shell:Creating environment descriptor '/home/tony/webots_ws/install/traj_interfaces/share/traj_interfaces/hook/ld_library_path_lib.dsv'
[0.796s] INFO:colcon.colcon_core.shell:Creating environment hook '/home/tony/webots_ws/install/traj_interfaces/share/traj_interfaces/hook/ld_library_path_lib.sh'
[0.796s] Level 1:colcon.colcon_core.environment:checking '/home/tony/webots_ws/install/traj_interfaces/bin'
[0.796s] Level 1:colcon.colcon_core.environment:checking '/home/tony/webots_ws/install/traj_interfaces/lib/pkgconfig/traj_interfaces.pc'
[0.797s] Level 1:colcon.colcon_core.environment:checking '/home/tony/webots_ws/install/traj_interfaces/lib/python3.8/site-packages'
[0.797s] Level 1:colcon.colcon_core.shell:create_environment_hook('traj_interfaces', 'pythonpath')
[0.797s] INFO:colcon.colcon_core.shell:Creating environment hook '/home/tony/webots_ws/install/traj_interfaces/share/traj_interfaces/hook/pythonpath.ps1'
[0.797s] INFO:colcon.colcon_core.shell:Creating environment descriptor '/home/tony/webots_ws/install/traj_interfaces/share/traj_interfaces/hook/pythonpath.dsv'
[0.797s] INFO:colcon.colcon_core.shell:Creating environment hook '/home/tony/webots_ws/install/traj_interfaces/share/traj_interfaces/hook/pythonpath.sh'
[0.798s] Level 1:colcon.colcon_core.environment:checking '/home/tony/webots_ws/install/traj_interfaces/bin'
[0.798s] INFO:colcon.colcon_core.shell:Creating package script '/home/tony/webots_ws/install/traj_interfaces/share/traj_interfaces/package.ps1'
[0.798s] INFO:colcon.colcon_core.shell:Creating package descriptor '/home/tony/webots_ws/install/traj_interfaces/share/traj_interfaces/package.dsv'
[0.799s] INFO:colcon.colcon_core.shell:Creating package script '/home/tony/webots_ws/install/traj_interfaces/share/traj_interfaces/package.sh'
[0.799s] INFO:colcon.colcon_core.shell:Creating package script '/home/tony/webots_ws/install/traj_interfaces/share/traj_interfaces/package.bash'
[0.799s] INFO:colcon.colcon_core.shell:Creating package script '/home/tony/webots_ws/install/traj_interfaces/share/traj_interfaces/package.zsh'
[0.800s] Level 1:colcon.colcon_core.environment:create_file_with_runtime_dependencies(/home/tony/webots_ws/install/traj_interfaces/share/colcon-core/packages/traj_interfaces)
[0.806s] DEBUG:colcon.colcon_core.event_handler.log_command:Invoking command in '/home/tony/webots_ws/build/qpOASES': /usr/bin/cmake --install /home/tony/webots_ws/build/qpOASES
[0.817s] Level 1:colcon.colcon_core.environment:create_environment_scripts_only(qpOASES)
[0.817s] Level 1:colcon.colcon_core.environment:checking '/home/tony/webots_ws/install/qpOASES' for CMake module files
[0.818s] DEBUG:colcon.colcon_core.event_handler.log_command:Invoked command in '/home/tony/webots_ws/build/qpOASES' returned '0': /usr/bin/cmake --install /home/tony/webots_ws/build/qpOASES
[0.818s] Level 1:colcon.colcon_core.environment:checking '/home/tony/webots_ws/install/qpOASES' for CMake config files
[0.819s] Level 1:colcon.colcon_core.environment:checking '/home/tony/webots_ws/install/qpOASES/lib'
[0.819s] Level 1:colcon.colcon_core.environment:checking '/home/tony/webots_ws/install/qpOASES/bin'
[0.819s] Level 1:colcon.colcon_core.environment:checking '/home/tony/webots_ws/install/qpOASES/lib/pkgconfig/qpOASES.pc'
[0.819s] Level 1:colcon.colcon_core.environment:checking '/home/tony/webots_ws/install/qpOASES/lib/python3.8/site-packages'
[0.819s] Level 1:colcon.colcon_core.environment:checking '/home/tony/webots_ws/install/qpOASES/bin'
[0.820s] INFO:colcon.colcon_core.shell:Creating package script '/home/tony/webots_ws/install/qpOASES/share/qpOASES/package.ps1'
[0.820s] INFO:colcon.colcon_core.shell:Creating package descriptor '/home/tony/webots_ws/install/qpOASES/share/qpOASES/package.dsv'
[0.820s] INFO:colcon.colcon_core.shell:Creating package script '/home/tony/webots_ws/install/qpOASES/share/qpOASES/package.sh'
[0.821s] INFO:colcon.colcon_core.shell:Creating package script '/home/tony/webots_ws/install/qpOASES/share/qpOASES/package.bash'
[0.821s] INFO:colcon.colcon_core.shell:Creating package script '/home/tony/webots_ws/install/qpOASES/share/qpOASES/package.zsh'
[0.821s] Level 1:colcon.colcon_core.environment:create_file_with_runtime_dependencies(/home/tony/webots_ws/install/qpOASES/share/colcon-core/packages/qpOASES)
[0.839s] Level 1:colcon.colcon_core.environment:create_environment_scripts_only(motor_interfaces)
[0.839s] Level 1:colcon.colcon_core.environment:checking '/home/tony/webots_ws/install/motor_interfaces' for CMake module files
[0.839s] Level 1:colcon.colcon_core.environment:checking '/home/tony/webots_ws/install/motor_interfaces' for CMake config files
[0.840s] Level 1:colcon.colcon_core.shell:create_environment_hook('motor_interfaces', 'cmake_prefix_path')
[0.840s] INFO:colcon.colcon_core.shell:Creating environment hook '/home/tony/webots_ws/install/motor_interfaces/share/motor_interfaces/hook/cmake_prefix_path.ps1'
[0.840s] INFO:colcon.colcon_core.shell:Creating environment descriptor '/home/tony/webots_ws/install/motor_interfaces/share/motor_interfaces/hook/cmake_prefix_path.dsv'
[0.841s] INFO:colcon.colcon_core.shell:Creating environment hook '/home/tony/webots_ws/install/motor_interfaces/share/motor_interfaces/hook/cmake_prefix_path.sh'
[0.841s] Level 1:colcon.colcon_core.environment:checking '/home/tony/webots_ws/install/motor_interfaces/lib'
[0.841s] Level 1:colcon.colcon_core.shell:create_environment_hook('motor_interfaces', 'ld_library_path_lib')
[0.842s] INFO:colcon.colcon_core.shell:Creating environment hook '/home/tony/webots_ws/install/motor_interfaces/share/motor_interfaces/hook/ld_library_path_lib.ps1'
[0.842s] INFO:colcon.colcon_core.shell:Creating environment descriptor '/home/tony/webots_ws/install/motor_interfaces/share/motor_interfaces/hook/ld_library_path_lib.dsv'
[0.842s] INFO:colcon.colcon_core.shell:Creating environment hook '/home/tony/webots_ws/install/motor_interfaces/share/motor_interfaces/hook/ld_library_path_lib.sh'
[0.842s] Level 1:colcon.colcon_core.environment:checking '/home/tony/webots_ws/install/motor_interfaces/bin'
[0.843s] Level 1:colcon.colcon_core.environment:checking '/home/tony/webots_ws/install/motor_interfaces/lib/pkgconfig/motor_interfaces.pc'
[0.843s] Level 1:colcon.colcon_core.environment:checking '/home/tony/webots_ws/install/motor_interfaces/lib/python3.8/site-packages'
[0.843s] Level 1:colcon.colcon_core.shell:create_environment_hook('motor_interfaces', 'pythonpath')
[0.843s] INFO:colcon.colcon_core.shell:Creating environment hook '/home/tony/webots_ws/install/motor_interfaces/share/motor_interfaces/hook/pythonpath.ps1'
[0.843s] INFO:colcon.colcon_core.shell:Creating environment descriptor '/home/tony/webots_ws/install/motor_interfaces/share/motor_interfaces/hook/pythonpath.dsv'
[0.844s] INFO:colcon.colcon_core.shell:Creating environment hook '/home/tony/webots_ws/install/motor_interfaces/share/motor_interfaces/hook/pythonpath.sh'
[0.845s] Level 1:colcon.colcon_core.environment:checking '/home/tony/webots_ws/install/motor_interfaces/bin'
[0.845s] INFO:colcon.colcon_core.shell:Creating package script '/home/tony/webots_ws/install/motor_interfaces/share/motor_interfaces/package.ps1'
[0.845s] INFO:colcon.colcon_core.shell:Creating package descriptor '/home/tony/webots_ws/install/motor_interfaces/share/motor_interfaces/package.dsv'
[0.846s] INFO:colcon.colcon_core.shell:Creating package script '/home/tony/webots_ws/install/motor_interfaces/share/motor_interfaces/package.sh'
[0.846s] INFO:colcon.colcon_core.shell:Creating package script '/home/tony/webots_ws/install/motor_interfaces/share/motor_interfaces/package.bash'
[0.846s] INFO:colcon.colcon_core.shell:Creating package script '/home/tony/webots_ws/install/motor_interfaces/share/motor_interfaces/package.zsh'
[0.847s] Level 1:colcon.colcon_core.environment:create_file_with_runtime_dependencies(/home/tony/webots_ws/install/motor_interfaces/share/colcon-core/packages/motor_interfaces)
[0.847s] INFO:colcon.colcon_ros.task.ament_python.build:Building ROS package in '/home/tony/webots_ws/src/my_mir_package' with build type 'ament_python'
[0.847s] Level 1:colcon.colcon_core.shell:create_environment_hook('my_mir_package', 'ament_prefix_path')
[0.848s] INFO:colcon.colcon_core.shell:Creating environment hook '/home/tony/webots_ws/install/my_mir_package/share/my_mir_package/hook/ament_prefix_path.ps1'
[0.848s] INFO:colcon.colcon_core.shell:Creating environment descriptor '/home/tony/webots_ws/install/my_mir_package/share/my_mir_package/hook/ament_prefix_path.dsv'
[0.848s] INFO:colcon.colcon_core.shell:Creating environment hook '/home/tony/webots_ws/install/my_mir_package/share/my_mir_package/hook/ament_prefix_path.sh'
[0.849s] INFO:colcon.colcon_core.shell:Skip shell extension 'powershell' for command environment: Not usable outside of PowerShell
[0.849s] DEBUG:colcon.colcon_core.shell:Skip shell extension 'dsv' for command environment
[0.854s] Level 1:colcon.colcon_core.environment:create_environment_scripts_only(traj_interfaces)
[0.854s] Level 1:colcon.colcon_core.environment:checking '/home/tony/webots_ws/install/traj_interfaces' for CMake module files
[0.855s] Level 1:colcon.colcon_core.environment:checking '/home/tony/webots_ws/install/traj_interfaces' for CMake config files
[0.855s] Level 1:colcon.colcon_core.shell:create_environment_hook('traj_interfaces', 'cmake_prefix_path')
[0.855s] INFO:colcon.colcon_core.shell:Creating environment hook '/home/tony/webots_ws/install/traj_interfaces/share/traj_interfaces/hook/cmake_prefix_path.ps1'
[0.856s] INFO:colcon.colcon_core.shell:Creating environment descriptor '/home/tony/webots_ws/install/traj_interfaces/share/traj_interfaces/hook/cmake_prefix_path.dsv'
[0.856s] INFO:colcon.colcon_core.shell:Creating environment hook '/home/tony/webots_ws/install/traj_interfaces/share/traj_interfaces/hook/cmake_prefix_path.sh'
[0.856s] Level 1:colcon.colcon_core.environment:checking '/home/tony/webots_ws/install/traj_interfaces/lib'
[0.856s] Level 1:colcon.colcon_core.shell:create_environment_hook('traj_interfaces', 'ld_library_path_lib')
[0.856s] INFO:colcon.colcon_core.shell:Creating environment hook '/home/tony/webots_ws/install/traj_interfaces/share/traj_interfaces/hook/ld_library_path_lib.ps1'
[0.857s] INFO:colcon.colcon_core.shell:Creating environment descriptor '/home/tony/webots_ws/install/traj_interfaces/share/traj_interfaces/hook/ld_library_path_lib.dsv'
[0.857s] INFO:colcon.colcon_core.shell:Creating environment hook '/home/tony/webots_ws/install/traj_interfaces/share/traj_interfaces/hook/ld_library_path_lib.sh'
[0.857s] Level 1:colcon.colcon_core.environment:checking '/home/tony/webots_ws/install/traj_interfaces/bin'
[0.857s] Level 1:colcon.colcon_core.environment:checking '/home/tony/webots_ws/install/traj_interfaces/lib/pkgconfig/traj_interfaces.pc'
[0.858s] Level 1:colcon.colcon_core.environment:checking '/home/tony/webots_ws/install/traj_interfaces/lib/python3.8/site-packages'
[0.858s] Level 1:colcon.colcon_core.shell:create_environment_hook('traj_interfaces', 'pythonpath')
[0.858s] INFO:colcon.colcon_core.shell:Creating environment hook '/home/tony/webots_ws/install/traj_interfaces/share/traj_interfaces/hook/pythonpath.ps1'
[0.858s] INFO:colcon.colcon_core.shell:Creating environment descriptor '/home/tony/webots_ws/install/traj_interfaces/share/traj_interfaces/hook/pythonpath.dsv'
[0.858s] INFO:colcon.colcon_core.shell:Creating environment hook '/home/tony/webots_ws/install/traj_interfaces/share/traj_interfaces/hook/pythonpath.sh'
[0.859s] Level 1:colcon.colcon_core.environment:checking '/home/tony/webots_ws/install/traj_interfaces/bin'
[0.859s] INFO:colcon.colcon_core.shell:Creating package script '/home/tony/webots_ws/install/traj_interfaces/share/traj_interfaces/package.ps1'
[0.859s] INFO:colcon.colcon_core.shell:Creating package descriptor '/home/tony/webots_ws/install/traj_interfaces/share/traj_interfaces/package.dsv'
[0.860s] INFO:colcon.colcon_core.shell:Creating package script '/home/tony/webots_ws/install/traj_interfaces/share/traj_interfaces/package.sh'
[0.860s] INFO:colcon.colcon_core.shell:Creating package script '/home/tony/webots_ws/install/traj_interfaces/share/traj_interfaces/package.bash'
[0.860s] INFO:colcon.colcon_core.shell:Creating package script '/home/tony/webots_ws/install/traj_interfaces/share/traj_interfaces/package.zsh'
[0.860s] Level 1:colcon.colcon_core.environment:create_file_with_runtime_dependencies(/home/tony/webots_ws/install/traj_interfaces/share/colcon-core/packages/traj_interfaces)
[0.861s] INFO:colcon.colcon_ros.task.ament_cmake.build:Building ROS package in '/home/tony/webots_ws/src/mpc_controller' with build type 'ament_cmake'
[0.861s] INFO:colcon.colcon_cmake.task.cmake.build:Building CMake package in '/home/tony/webots_ws/src/mpc_controller'
[0.862s] INFO:colcon.colcon_core.shell:Skip shell extension 'powershell' for command environment: Not usable outside of PowerShell
[0.862s] DEBUG:colcon.colcon_core.shell:Skip shell extension 'dsv' for command environment
[0.867s] INFO:colcon.colcon_ros.task.ament_cmake.build:Building ROS package in '/home/tony/webots_ws/src/traj_publish' with build type 'ament_cmake'
[0.867s] INFO:colcon.colcon_cmake.task.cmake.build:Building CMake package in '/home/tony/webots_ws/src/traj_publish'
[0.867s] INFO:colcon.colcon_core.shell:Skip shell extension 'powershell' for command environment: Not usable outside of PowerShell
[0.868s] DEBUG:colcon.colcon_core.shell:Skip shell extension 'dsv' for command environment
[1.074s] INFO:colcon.colcon_core.task.python.build:Building Python package in '/home/tony/webots_ws/src/my_mir_package'
[1.074s] INFO:colcon.colcon_core.shell:Skip shell extension 'powershell' for command environment: Not usable outside of PowerShell
[1.075s] DEBUG:colcon.colcon_core.shell:Skip shell extension 'dsv' for command environment
[1.087s] DEBUG:colcon.colcon_core.event_handler.log_command:Invoking command in '/home/tony/webots_ws/build/mpc_controller': CMAKE_PREFIX_PATH=/home/tony/webots_ws/install/traj_interfaces:/home/tony/webots_ws/install/motor_interfaces:/home/tony/webots_ws/install/traj_publish:/home/tony/webots_ws/install/mpc_controller:/home/tony/webots_ws/install/my_package:/home/tony/webots_ws/install/my_mir_package:/opt/ros/foxy PYTHONPATH=/home/tony/webots_ws/install/traj_interfaces/lib/python3.8/site-packages:/home/tony/webots_ws/install/motor_interfaces/lib/python3.8/site-packages:/home/tony/webots_ws/install/my_package/lib/python3.8/site-packages:/home/tony/webots_ws/install/my_mir_package/lib/python3.8/site-packages:/opt/ros/foxy/lib/python3.8/site-packages /usr/bin/cmake --build /home/tony/webots_ws/build/mpc_controller -- -j16 -l16
[1.091s] DEBUG:colcon.colcon_core.event_handler.log_command:Invoking command in '/home/tony/webots_ws/build/traj_publish': CMAKE_PREFIX_PATH=/home/tony/webots_ws/install/traj_interfaces:/home/tony/webots_ws/install/traj_publish:/home/tony/webots_ws/install/mpc_controller:/home/tony/webots_ws/install/motor_interfaces:/home/tony/webots_ws/install/my_package:/home/tony/webots_ws/install/my_mir_package:/opt/ros/foxy /usr/bin/cmake --build /home/tony/webots_ws/build/traj_publish -- -j16 -l16
[1.096s] DEBUG:colcon.colcon_core.event_handler.log_command:Invoking command in '/home/tony/webots_ws/src/my_package': PYTHONPATH=/home/tony/webots_ws/build/my_package/prefix_override:/home/tony/webots_ws/install/my_package/lib/python3.8/site-packages:${PYTHONPATH} /usr/bin/python3 -W ignore:setup.py install is deprecated setup.py egg_info --egg-base ../../build/my_package build --build-base /home/tony/webots_ws/build/my_package/build install --record /home/tony/webots_ws/build/my_package/install.log --install-scripts $base/lib/my_package --single-version-externally-managed install_data
[1.183s] DEBUG:colcon.colcon_core.event_handler.log_command:Invoked command in '/home/tony/webots_ws/build/mpc_controller' returned '0': CMAKE_PREFIX_PATH=/home/tony/webots_ws/install/traj_interfaces:/home/tony/webots_ws/install/motor_interfaces:/home/tony/webots_ws/install/traj_publish:/home/tony/webots_ws/install/mpc_controller:/home/tony/webots_ws/install/my_package:/home/tony/webots_ws/install/my_mir_package:/opt/ros/foxy PYTHONPATH=/home/tony/webots_ws/install/traj_interfaces/lib/python3.8/site-packages:/home/tony/webots_ws/install/motor_interfaces/lib/python3.8/site-packages:/home/tony/webots_ws/install/my_package/lib/python3.8/site-packages:/home/tony/webots_ws/install/my_mir_package/lib/python3.8/site-packages:/opt/ros/foxy/lib/python3.8/site-packages /usr/bin/cmake --build /home/tony/webots_ws/build/mpc_controller -- -j16 -l16
[1.215s] DEBUG:colcon.colcon_core.event_handler.log_command:Invoking command in '/home/tony/webots_ws/build/mpc_controller': CMAKE_PREFIX_PATH=/home/tony/webots_ws/install/traj_interfaces:/home/tony/webots_ws/install/motor_interfaces:/home/tony/webots_ws/install/traj_publish:/home/tony/webots_ws/install/mpc_controller:/home/tony/webots_ws/install/my_package:/home/tony/webots_ws/install/my_mir_package:/opt/ros/foxy PYTHONPATH=/home/tony/webots_ws/install/traj_interfaces/lib/python3.8/site-packages:/home/tony/webots_ws/install/motor_interfaces/lib/python3.8/site-packages:/home/tony/webots_ws/install/my_package/lib/python3.8/site-packages:/home/tony/webots_ws/install/my_mir_package/lib/python3.8/site-packages:/opt/ros/foxy/lib/python3.8/site-packages /usr/bin/cmake --install /home/tony/webots_ws/build/mpc_controller
[1.225s] Level 1:colcon.colcon_core.environment:create_environment_scripts_only(mpc_controller)
[1.226s] Level 1:colcon.colcon_core.environment:checking '/home/tony/webots_ws/install/mpc_controller' for CMake module files
[1.226s] DEBUG:colcon.colcon_core.event_handler.log_command:Invoked command in '/home/tony/webots_ws/build/mpc_controller' returned '0': CMAKE_PREFIX_PATH=/home/tony/webots_ws/install/traj_interfaces:/home/tony/webots_ws/install/motor_interfaces:/home/tony/webots_ws/install/traj_publish:/home/tony/webots_ws/install/mpc_controller:/home/tony/webots_ws/install/my_package:/home/tony/webots_ws/install/my_mir_package:/opt/ros/foxy PYTHONPATH=/home/tony/webots_ws/install/traj_interfaces/lib/python3.8/site-packages:/home/tony/webots_ws/install/motor_interfaces/lib/python3.8/site-packages:/home/tony/webots_ws/install/my_package/lib/python3.8/site-packages:/home/tony/webots_ws/install/my_mir_package/lib/python3.8/site-packages:/opt/ros/foxy/lib/python3.8/site-packages /usr/bin/cmake --install /home/tony/webots_ws/build/mpc_controller
[1.227s] Level 1:colcon.colcon_core.environment:checking '/home/tony/webots_ws/install/mpc_controller' for CMake config files
[1.227s] Level 1:colcon.colcon_core.shell:create_environment_hook('mpc_controller', 'cmake_prefix_path')
[1.227s] INFO:colcon.colcon_core.shell:Creating environment hook '/home/tony/webots_ws/install/mpc_controller/share/mpc_controller/hook/cmake_prefix_path.ps1'
[1.227s] INFO:colcon.colcon_core.shell:Creating environment descriptor '/home/tony/webots_ws/install/mpc_controller/share/mpc_controller/hook/cmake_prefix_path.dsv'
[1.228s] INFO:colcon.colcon_core.shell:Creating environment hook '/home/tony/webots_ws/install/mpc_controller/share/mpc_controller/hook/cmake_prefix_path.sh'
[1.228s] Level 1:colcon.colcon_core.environment:checking '/home/tony/webots_ws/install/mpc_controller/lib'
[1.228s] Level 1:colcon.colcon_core.environment:checking '/home/tony/webots_ws/install/mpc_controller/bin'
[1.228s] Level 1:colcon.colcon_core.environment:checking '/home/tony/webots_ws/install/mpc_controller/lib/pkgconfig/mpc_controller.pc'
[1.228s] Level 1:colcon.colcon_core.environment:checking '/home/tony/webots_ws/install/mpc_controller/lib/python3.8/site-packages'
[1.228s] Level 1:colcon.colcon_core.environment:checking '/home/tony/webots_ws/install/mpc_controller/bin'
[1.229s] INFO:colcon.colcon_core.shell:Creating package script '/home/tony/webots_ws/install/mpc_controller/share/mpc_controller/package.ps1'
[1.229s] INFO:colcon.colcon_core.shell:Creating package descriptor '/home/tony/webots_ws/install/mpc_controller/share/mpc_controller/package.dsv'
[1.229s] INFO:colcon.colcon_core.shell:Creating package script '/home/tony/webots_ws/install/mpc_controller/share/mpc_controller/package.sh'
[1.230s] INFO:colcon.colcon_core.shell:Creating package script '/home/tony/webots_ws/install/mpc_controller/share/mpc_controller/package.bash'
[1.230s] INFO:colcon.colcon_core.shell:Creating package script '/home/tony/webots_ws/install/mpc_controller/share/mpc_controller/package.zsh'
[1.230s] Level 1:colcon.colcon_core.environment:create_file_with_runtime_dependencies(/home/tony/webots_ws/install/mpc_controller/share/colcon-core/packages/mpc_controller)
[1.261s] Level 1:colcon.colcon_core.environment:create_environment_scripts_only(mpc_controller)
[1.261s] Level 1:colcon.colcon_core.environment:checking '/home/tony/webots_ws/install/mpc_controller' for CMake module files
[1.262s] Level 1:colcon.colcon_core.environment:checking '/home/tony/webots_ws/install/mpc_controller' for CMake config files
[1.262s] Level 1:colcon.colcon_core.shell:create_environment_hook('mpc_controller', 'cmake_prefix_path')
[1.262s] INFO:colcon.colcon_core.shell:Creating environment hook '/home/tony/webots_ws/install/mpc_controller/share/mpc_controller/hook/cmake_prefix_path.ps1'
[1.263s] INFO:colcon.colcon_core.shell:Creating environment descriptor '/home/tony/webots_ws/install/mpc_controller/share/mpc_controller/hook/cmake_prefix_path.dsv'
[1.263s] INFO:colcon.colcon_core.shell:Creating environment hook '/home/tony/webots_ws/install/mpc_controller/share/mpc_controller/hook/cmake_prefix_path.sh'
[1.263s] Level 1:colcon.colcon_core.environment:checking '/home/tony/webots_ws/install/mpc_controller/lib'
[1.264s] Level 1:colcon.colcon_core.environment:checking '/home/tony/webots_ws/install/mpc_controller/bin'
[1.264s] Level 1:colcon.colcon_core.environment:checking '/home/tony/webots_ws/install/mpc_controller/lib/pkgconfig/mpc_controller.pc'
[1.264s] Level 1:colcon.colcon_core.environment:checking '/home/tony/webots_ws/install/mpc_controller/lib/python3.8/site-packages'
[1.264s] Level 1:colcon.colcon_core.environment:checking '/home/tony/webots_ws/install/mpc_controller/bin'
[1.264s] INFO:colcon.colcon_core.shell:Creating package script '/home/tony/webots_ws/install/mpc_controller/share/mpc_controller/package.ps1'
[1.265s] INFO:colcon.colcon_core.shell:Creating package descriptor '/home/tony/webots_ws/install/mpc_controller/share/mpc_controller/package.dsv'
[1.265s] INFO:colcon.colcon_core.shell:Creating package script '/home/tony/webots_ws/install/mpc_controller/share/mpc_controller/package.sh'
[1.266s] INFO:colcon.colcon_core.shell:Creating package script '/home/tony/webots_ws/install/mpc_controller/share/mpc_controller/package.bash'
[1.266s] INFO:colcon.colcon_core.shell:Creating package script '/home/tony/webots_ws/install/mpc_controller/share/mpc_controller/package.zsh'
[1.266s] Level 1:colcon.colcon_core.environment:create_file_with_runtime_dependencies(/home/tony/webots_ws/install/mpc_controller/share/colcon-core/packages/mpc_controller)
[1.399s] Level 1:colcon.colcon_core.environment:checking '/home/tony/webots_ws/install/my_package' for CMake module files
[1.400s] DEBUG:colcon.colcon_core.event_handler.log_command:Invoked command in '/home/tony/webots_ws/src/my_package' returned '0': PYTHONPATH=/home/tony/webots_ws/build/my_package/prefix_override:/home/tony/webots_ws/install/my_package/lib/python3.8/site-packages:${PYTHONPATH} /usr/bin/python3 -W ignore:setup.py install is deprecated setup.py egg_info --egg-base ../../build/my_package build --build-base /home/tony/webots_ws/build/my_package/build install --record /home/tony/webots_ws/build/my_package/install.log --install-scripts $base/lib/my_package --single-version-externally-managed install_data
[1.400s] Level 1:colcon.colcon_core.environment:checking '/home/tony/webots_ws/install/my_package' for CMake config files
[1.401s] Level 1:colcon.colcon_core.environment:checking '/home/tony/webots_ws/install/my_package/lib'
[1.401s] Level 1:colcon.colcon_core.environment:checking '/home/tony/webots_ws/install/my_package/bin'
[1.401s] Level 1:colcon.colcon_core.environment:checking '/home/tony/webots_ws/install/my_package/lib/pkgconfig/my_package.pc'
[1.401s] Level 1:colcon.colcon_core.environment:checking '/home/tony/webots_ws/install/my_package/lib/python3.8/site-packages'
[1.401s] Level 1:colcon.colcon_core.shell:create_environment_hook('my_package', 'pythonpath')
[1.401s] INFO:colcon.colcon_core.shell:Creating environment hook '/home/tony/webots_ws/install/my_package/share/my_package/hook/pythonpath.ps1'
[1.402s] INFO:colcon.colcon_core.shell:Creating environment descriptor '/home/tony/webots_ws/install/my_package/share/my_package/hook/pythonpath.dsv'
[1.402s] INFO:colcon.colcon_core.shell:Creating environment hook '/home/tony/webots_ws/install/my_package/share/my_package/hook/pythonpath.sh'
[1.403s] Level 1:colcon.colcon_core.environment:checking '/home/tony/webots_ws/install/my_package/bin'
[1.403s] Level 1:colcon.colcon_core.environment:create_environment_scripts_only(my_package)
[1.403s] INFO:colcon.colcon_core.shell:Creating package script '/home/tony/webots_ws/install/my_package/share/my_package/package.ps1'
[1.403s] INFO:colcon.colcon_core.shell:Creating package descriptor '/home/tony/webots_ws/install/my_package/share/my_package/package.dsv'
[1.404s] INFO:colcon.colcon_core.shell:Creating package script '/home/tony/webots_ws/install/my_package/share/my_package/package.sh'
[1.404s] INFO:colcon.colcon_core.shell:Creating package script '/home/tony/webots_ws/install/my_package/share/my_package/package.bash'
[1.404s] INFO:colcon.colcon_core.shell:Creating package script '/home/tony/webots_ws/install/my_package/share/my_package/package.zsh'
[1.405s] Level 1:colcon.colcon_core.environment:create_file_with_runtime_dependencies(/home/tony/webots_ws/install/my_package/share/colcon-core/packages/my_package)
[1.505s] DEBUG:colcon.colcon_core.event_handler.log_command:Invoking command in '/home/tony/webots_ws/src/my_mir_package': CMAKE_PREFIX_PATH=/home/tony/webots_ws/install/motor_interfaces:/home/tony/webots_ws/install/traj_publish:/home/tony/webots_ws/install/mpc_controller:/home/tony/webots_ws/install/traj_interfaces LD_LIBRARY_PATH=/home/tony/webots_ws/install/motor_interfaces/lib:/home/tony/webots_ws/install/traj_interfaces/lib:/opt/ros/foxy/opt/yaml_cpp_vendor/lib:/opt/ros/foxy/opt/rviz_ogre_vendor/lib:/opt/ros/foxy/lib/x86_64-linux-gnu:/opt/ros/foxy/lib PYTHONPATH=/home/tony/webots_ws/build/my_mir_package/prefix_override:/home/tony/webots_ws/install/my_mir_package/lib/python3.8/site-packages:/home/tony/webots_ws/install/motor_interfaces/lib/python3.8/site-packages:/home/tony/webots_ws/install/traj_interfaces/lib/python3.8/site-packages:/home/tony/webots_ws/install/my_package/lib/python3.8/site-packages:/home/tony/webots_ws/install/my_mir_package/lib/python3.8/site-packages:/opt/ros/foxy/lib/python3.8/site-packages /usr/bin/python3 -W ignore:setup.py install is deprecated setup.py egg_info --egg-base ../../build/my_mir_package build --build-base /home/tony/webots_ws/build/my_mir_package/build install --record /home/tony/webots_ws/build/my_mir_package/install.log --install-scripts $base/lib/my_mir_package --single-version-externally-managed install_data
[1.741s] Level 1:colcon.colcon_core.environment:checking '/home/tony/webots_ws/install/my_mir_package' for CMake module files
[1.742s] DEBUG:colcon.colcon_core.event_handler.log_command:Invoked command in '/home/tony/webots_ws/src/my_mir_package' returned '0': CMAKE_PREFIX_PATH=/home/tony/webots_ws/install/motor_interfaces:/home/tony/webots_ws/install/traj_publish:/home/tony/webots_ws/install/mpc_controller:/home/tony/webots_ws/install/traj_interfaces LD_LIBRARY_PATH=/home/tony/webots_ws/install/motor_interfaces/lib:/home/tony/webots_ws/install/traj_interfaces/lib:/opt/ros/foxy/opt/yaml_cpp_vendor/lib:/opt/ros/foxy/opt/rviz_ogre_vendor/lib:/opt/ros/foxy/lib/x86_64-linux-gnu:/opt/ros/foxy/lib PYTHONPATH=/home/tony/webots_ws/build/my_mir_package/prefix_override:/home/tony/webots_ws/install/my_mir_package/lib/python3.8/site-packages:/home/tony/webots_ws/install/motor_interfaces/lib/python3.8/site-packages:/home/tony/webots_ws/install/traj_interfaces/lib/python3.8/site-packages:/home/tony/webots_ws/install/my_package/lib/python3.8/site-packages:/home/tony/webots_ws/install/my_mir_package/lib/python3.8/site-packages:/opt/ros/foxy/lib/python3.8/site-packages /usr/bin/python3 -W ignore:setup.py install is deprecated setup.py egg_info --egg-base ../../build/my_mir_package build --build-base /home/tony/webots_ws/build/my_mir_package/build install --record /home/tony/webots_ws/build/my_mir_package/install.log --install-scripts $base/lib/my_mir_package --single-version-externally-managed install_data
[1.742s] Level 1:colcon.colcon_core.environment:checking '/home/tony/webots_ws/install/my_mir_package' for CMake config files
[1.743s] Level 1:colcon.colcon_core.environment:checking '/home/tony/webots_ws/install/my_mir_package/lib'
[1.743s] Level 1:colcon.colcon_core.environment:checking '/home/tony/webots_ws/install/my_mir_package/bin'
[1.743s] Level 1:colcon.colcon_core.environment:checking '/home/tony/webots_ws/install/my_mir_package/lib/pkgconfig/my_mir_package.pc'
[1.743s] Level 1:colcon.colcon_core.environment:checking '/home/tony/webots_ws/install/my_mir_package/lib/python3.8/site-packages'
[1.743s] Level 1:colcon.colcon_core.shell:create_environment_hook('my_mir_package', 'pythonpath')
[1.743s] INFO:colcon.colcon_core.shell:Creating environment hook '/home/tony/webots_ws/install/my_mir_package/share/my_mir_package/hook/pythonpath.ps1'
[1.744s] INFO:colcon.colcon_core.shell:Creating environment descriptor '/home/tony/webots_ws/install/my_mir_package/share/my_mir_package/hook/pythonpath.dsv'
[1.744s] INFO:colcon.colcon_core.shell:Creating environment hook '/home/tony/webots_ws/install/my_mir_package/share/my_mir_package/hook/pythonpath.sh'
[1.745s] Level 1:colcon.colcon_core.environment:checking '/home/tony/webots_ws/install/my_mir_package/bin'
[1.745s] Level 1:colcon.colcon_core.environment:create_environment_scripts_only(my_mir_package)
[1.745s] INFO:colcon.colcon_core.shell:Creating package script '/home/tony/webots_ws/install/my_mir_package/share/my_mir_package/package.ps1'
[1.746s] INFO:colcon.colcon_core.shell:Creating package descriptor '/home/tony/webots_ws/install/my_mir_package/share/my_mir_package/package.dsv'
[1.746s] INFO:colcon.colcon_core.shell:Creating package script '/home/tony/webots_ws/install/my_mir_package/share/my_mir_package/package.sh'
[1.746s] INFO:colcon.colcon_core.shell:Creating package script '/home/tony/webots_ws/install/my_mir_package/share/my_mir_package/package.bash'
[1.747s] INFO:colcon.colcon_core.shell:Creating package script '/home/tony/webots_ws/install/my_mir_package/share/my_mir_package/package.zsh'
[1.747s] Level 1:colcon.colcon_core.environment:create_file_with_runtime_dependencies(/home/tony/webots_ws/install/my_mir_package/share/colcon-core/packages/my_mir_package)
[4.957s] DEBUG:colcon.colcon_core.event_handler.log_command:Invoked command in '/home/tony/webots_ws/build/traj_publish' returned '0': CMAKE_PREFIX_PATH=/home/tony/webots_ws/install/traj_interfaces:/home/tony/webots_ws/install/traj_publish:/home/tony/webots_ws/install/mpc_controller:/home/tony/webots_ws/install/motor_interfaces:/home/tony/webots_ws/install/my_package:/home/tony/webots_ws/install/my_mir_package:/opt/ros/foxy /usr/bin/cmake --build /home/tony/webots_ws/build/traj_publish -- -j16 -l16
[4.991s] DEBUG:colcon.colcon_core.event_handler.log_command:Invoking command in '/home/tony/webots_ws/build/traj_publish': CMAKE_PREFIX_PATH=/home/tony/webots_ws/install/traj_interfaces:/home/tony/webots_ws/install/traj_publish:/home/tony/webots_ws/install/mpc_controller:/home/tony/webots_ws/install/motor_interfaces:/home/tony/webots_ws/install/my_package:/home/tony/webots_ws/install/my_mir_package:/opt/ros/foxy /usr/bin/cmake --install /home/tony/webots_ws/build/traj_publish
[5.006s] Level 1:colcon.colcon_core.environment:create_environment_scripts_only(traj_publish)
[5.007s] Level 1:colcon.colcon_core.environment:checking '/home/tony/webots_ws/install/traj_publish' for CMake module files
[5.007s] DEBUG:colcon.colcon_core.event_handler.log_command:Invoked command in '/home/tony/webots_ws/build/traj_publish' returned '0': CMAKE_PREFIX_PATH=/home/tony/webots_ws/install/traj_interfaces:/home/tony/webots_ws/install/traj_publish:/home/tony/webots_ws/install/mpc_controller:/home/tony/webots_ws/install/motor_interfaces:/home/tony/webots_ws/install/my_package:/home/tony/webots_ws/install/my_mir_package:/opt/ros/foxy /usr/bin/cmake --install /home/tony/webots_ws/build/traj_publish
[5.008s] Level 1:colcon.colcon_core.environment:checking '/home/tony/webots_ws/install/traj_publish' for CMake config files
[5.008s] Level 1:colcon.colcon_core.shell:create_environment_hook('traj_publish', 'cmake_prefix_path')
[5.009s] INFO:colcon.colcon_core.shell:Creating environment hook '/home/tony/webots_ws/install/traj_publish/share/traj_publish/hook/cmake_prefix_path.ps1'
[5.009s] INFO:colcon.colcon_core.shell:Creating environment descriptor '/home/tony/webots_ws/install/traj_publish/share/traj_publish/hook/cmake_prefix_path.dsv'
[5.009s] INFO:colcon.colcon_core.shell:Creating environment hook '/home/tony/webots_ws/install/traj_publish/share/traj_publish/hook/cmake_prefix_path.sh'
[5.010s] Level 1:colcon.colcon_core.environment:checking '/home/tony/webots_ws/install/traj_publish/lib'
[5.010s] Level 1:colcon.colcon_core.environment:checking '/home/tony/webots_ws/install/traj_publish/bin'
[5.010s] Level 1:colcon.colcon_core.environment:checking '/home/tony/webots_ws/install/traj_publish/lib/pkgconfig/traj_publish.pc'
[5.010s] Level 1:colcon.colcon_core.environment:checking '/home/tony/webots_ws/install/traj_publish/lib/python3.8/site-packages'
[5.010s] Level 1:colcon.colcon_core.environment:checking '/home/tony/webots_ws/install/traj_publish/bin'
[5.011s] INFO:colcon.colcon_core.shell:Creating package script '/home/tony/webots_ws/install/traj_publish/share/traj_publish/package.ps1'
[5.011s] INFO:colcon.colcon_core.shell:Creating package descriptor '/home/tony/webots_ws/install/traj_publish/share/traj_publish/package.dsv'
[5.011s] INFO:colcon.colcon_core.shell:Creating package script '/home/tony/webots_ws/install/traj_publish/share/traj_publish/package.sh'
[5.012s] INFO:colcon.colcon_core.shell:Creating package script '/home/tony/webots_ws/install/traj_publish/share/traj_publish/package.bash'
[5.013s] INFO:colcon.colcon_core.shell:Creating package script '/home/tony/webots_ws/install/traj_publish/share/traj_publish/package.zsh'
[5.013s] Level 1:colcon.colcon_core.environment:create_file_with_runtime_dependencies(/home/tony/webots_ws/install/traj_publish/share/colcon-core/packages/traj_publish)
[5.040s] Level 1:colcon.colcon_core.environment:create_environment_scripts_only(traj_publish)
[5.040s] Level 1:colcon.colcon_core.environment:checking '/home/tony/webots_ws/install/traj_publish' for CMake module files
[5.040s] Level 1:colcon.colcon_core.environment:checking '/home/tony/webots_ws/install/traj_publish' for CMake config files
[5.041s] Level 1:colcon.colcon_core.shell:create_environment_hook('traj_publish', 'cmake_prefix_path')
[5.041s] INFO:colcon.colcon_core.shell:Creating environment hook '/home/tony/webots_ws/install/traj_publish/share/traj_publish/hook/cmake_prefix_path.ps1'
[5.041s] INFO:colcon.colcon_core.shell:Creating environment descriptor '/home/tony/webots_ws/install/traj_publish/share/traj_publish/hook/cmake_prefix_path.dsv'
[5.042s] INFO:colcon.colcon_core.shell:Creating environment hook '/home/tony/webots_ws/install/traj_publish/share/traj_publish/hook/cmake_prefix_path.sh'
[5.042s] Level 1:colcon.colcon_core.environment:checking '/home/tony/webots_ws/install/traj_publish/lib'
[5.042s] Level 1:colcon.colcon_core.environment:checking '/home/tony/webots_ws/install/traj_publish/bin'
[5.042s] Level 1:colcon.colcon_core.environment:checking '/home/tony/webots_ws/install/traj_publish/lib/pkgconfig/traj_publish.pc'
[5.042s] Level 1:colcon.colcon_core.environment:checking '/home/tony/webots_ws/install/traj_publish/lib/python3.8/site-packages'
[5.043s] Level 1:colcon.colcon_core.environment:checking '/home/tony/webots_ws/install/traj_publish/bin'
[5.043s] INFO:colcon.colcon_core.shell:Creating package script '/home/tony/webots_ws/install/traj_publish/share/traj_publish/package.ps1'
[5.043s] INFO:colcon.colcon_core.shell:Creating package descriptor '/home/tony/webots_ws/install/traj_publish/share/traj_publish/package.dsv'
[5.044s] INFO:colcon.colcon_core.shell:Creating package script '/home/tony/webots_ws/install/traj_publish/share/traj_publish/package.sh'
[5.044s] INFO:colcon.colcon_core.shell:Creating package script '/home/tony/webots_ws/install/traj_publish/share/traj_publish/package.bash'
[5.044s] INFO:colcon.colcon_core.shell:Creating package script '/home/tony/webots_ws/install/traj_publish/share/traj_publish/package.zsh'
[5.045s] Level 1:colcon.colcon_core.environment:create_file_with_runtime_dependencies(/home/tony/webots_ws/install/traj_publish/share/colcon-core/packages/traj_publish)
[5.045s] DEBUG:colcon.colcon_parallel_executor.executor.parallel:closing loop
[5.045s] DEBUG:colcon.colcon_parallel_executor.executor.parallel:loop closed
[5.045s] DEBUG:colcon.colcon_parallel_executor.executor.parallel:run_until_complete finished with '0'
[5.045s] DEBUG:colcon.colcon_core.event_reactor:joining thread
[5.052s] INFO:colcon.colcon_core.plugin_system:Skipping extension 'colcon_notification.desktop_notification.terminal_notifier': Not used on non-Darwin systems
[5.052s] INFO:colcon.colcon_core.plugin_system:Skipping extension 'colcon_notification.desktop_notification.win32': Not used on non-Windows systems
[5.052s] INFO:colcon.colcon_notification.desktop_notification:Sending desktop notification using 'notify2'
[5.077s] DEBUG:colcon.colcon_core.event_reactor:joined thread
[5.077s] INFO:colcon.colcon_core.shell:Creating prefix script '/home/tony/webots_ws/install/local_setup.ps1'
[5.078s] INFO:colcon.colcon_core.shell:Creating prefix util module '/home/tony/webots_ws/install/_local_setup_util_ps1.py'
[5.079s] INFO:colcon.colcon_core.shell:Creating prefix chain script '/home/tony/webots_ws/install/setup.ps1'
[5.080s] INFO:colcon.colcon_core.shell:Creating prefix script '/home/tony/webots_ws/install/local_setup.sh'
[5.081s] INFO:colcon.colcon_core.shell:Creating prefix util module '/home/tony/webots_ws/install/_local_setup_util_sh.py'
[5.081s] INFO:colcon.colcon_core.shell:Creating prefix chain script '/home/tony/webots_ws/install/setup.sh'
[5.083s] INFO:colcon.colcon_core.shell:Creating prefix script '/home/tony/webots_ws/install/local_setup.bash'
[5.083s] INFO:colcon.colcon_core.shell:Creating prefix chain script '/home/tony/webots_ws/install/setup.bash'
[5.085s] INFO:colcon.colcon_core.shell:Creating prefix script '/home/tony/webots_ws/install/local_setup.zsh'
[5.086s] INFO:colcon.colcon_core.shell:Creating prefix chain script '/home/tony/webots_ws/install/setup.zsh'
