running egg_info
creating ../../build/multi_mir_package/multi_mir_package.egg-info
writing ../../build/multi_mir_package/multi_mir_package.egg-info/PKG-INFO
writing dependency_links to ../../build/multi_mir_package/multi_mir_package.egg-info/dependency_links.txt
writing entry points to ../../build/multi_mir_package/multi_mir_package.egg-info/entry_points.txt
writing requirements to ../../build/multi_mir_package/multi_mir_package.egg-info/requires.txt
writing top-level names to ../../build/multi_mir_package/multi_mir_package.egg-info/top_level.txt
writing manifest file '../../build/multi_mir_package/multi_mir_package.egg-info/SOURCES.txt'
reading manifest file '../../build/multi_mir_package/multi_mir_package.egg-info/SOURCES.txt'
writing manifest file '../../build/multi_mir_package/multi_mir_package.egg-info/SOURCES.txt'
running build
running build_py
creating /home/tony/webots_ws/build/multi_mir_package/build
creating /home/tony/webots_ws/build/multi_mir_package/build/lib
creating /home/tony/webots_ws/build/multi_mir_package/build/lib/multi_mir_package
copying multi_mir_package/__init__.py -> /home/tony/webots_ws/build/multi_mir_package/build/lib/multi_mir_package
copying multi_mir_package/mir_robot_1_driver.py -> /home/tony/webots_ws/build/multi_mir_package/build/lib/multi_mir_package
copying multi_mir_package/mir_robot_2_driver.py -> /home/tony/webots_ws/build/multi_mir_package/build/lib/multi_mir_package
copying multi_mir_package/mir_robot_4_driver.py -> /home/tony/webots_ws/build/multi_mir_package/build/lib/multi_mir_package
copying multi_mir_package/mir_robot_3_driver.py -> /home/tony/webots_ws/build/multi_mir_package/build/lib/multi_mir_package
running install
running install_lib
running install_data
running install_egg_info
removing '/home/tony/webots_ws/install/multi_mir_package/lib/python3.8/site-packages/multi_mir_package-0.0.0-py3.8.egg-info' (and everything under it)
Copying ../../build/multi_mir_package/multi_mir_package.egg-info to /home/tony/webots_ws/install/multi_mir_package/lib/python3.8/site-packages/multi_mir_package-0.0.0-py3.8.egg-info
running install_scripts
Installing mir_robot_1_driver script to /home/tony/webots_ws/install/multi_mir_package/lib/my_mir_package
Installing mir_robot_2_driver script to /home/tony/webots_ws/install/multi_mir_package/lib/my_mir_package
Installing mir_robot_3_driver script to /home/tony/webots_ws/install/multi_mir_package/lib/my_mir_package
Installing mir_robot_4_driver script to /home/tony/webots_ws/install/multi_mir_package/lib/my_mir_package
writing list of installed files to '/home/tony/webots_ws/build/multi_mir_package/install.log'
