[0.042s] Invoking command in '/home/tony/webots_ws/build/action_interfaces': CMAKE_PREFIX_PATH=${CMAKE_PREFIX_PATH}:/home/tony/webots_ws/install/post_train:/home/tony/webots_ws/install/my_package:/home/tony/webots_ws/install/my_mir_package:/home/tony/webots_ws/install/multi_mir_package:/opt/ros/foxy /usr/bin/cmake /home/tony/webots_ws/src/action_interfaces -DCMAKE_INSTALL_PREFIX=/home/tony/webots_ws/install/action_interfaces
[0.868s] -- The C compiler identification is GNU 9.4.0
[0.868s] -- The CXX compiler identification is GNU 9.4.0
[0.868s] -- Check for working C compiler: /usr/bin/cc
[0.868s] -- Check for working C compiler: /usr/bin/cc -- works
[0.870s] -- Detecting C compiler ABI info
[0.871s] -- Detecting C compiler ABI info - done
[0.871s] -- Detecting C compile features
[0.871s] -- Detecting C compile features - done
[0.871s] -- Check for working CXX compiler: /usr/bin/c++
[0.871s] -- Check for working CXX compiler: /usr/bin/c++ -- works
[0.872s] -- Detecting CXX compiler ABI info
[0.872s] -- Detecting CXX compiler ABI info - done
[0.872s] -- Detecting CXX compile features
[0.872s] -- Detecting CXX compile features - done
[0.872s] -- Found ament_cmake: 0.9.12 (/opt/ros/foxy/share/ament_cmake/cmake)
[0.872s] -- Found PythonInterp: /usr/bin/python3 (found suitable version "3.8.10", minimum required is "3") 
[0.872s] -- Using PYTHON_EXECUTABLE: /usr/bin/python3
[0.873s] -- Found rosidl_default_generators: 1.0.1 (/opt/ros/foxy/share/rosidl_default_generators/cmake)
[0.873s] -- Using all available rosidl_typesupport_c: rosidl_typesupport_fastrtps_c;rosidl_typesupport_introspection_c
[0.873s] -- Found rosidl_adapter: 1.3.1 (/opt/ros/foxy/share/rosidl_adapter/cmake)
[0.873s] -- Found OpenSSL: /usr/lib/x86_64-linux-gnu/libcrypto.so (found version "1.1.1f")  
[0.873s] -- Found FastRTPS: /opt/ros/foxy/include  
[0.935s] -- Using all available rosidl_typesupport_cpp: rosidl_typesupport_fastrtps_cpp;rosidl_typesupport_introspection_cpp
[1.008s] -- Found PythonInterp: /usr/bin/python3 (found version "3.8.10") 
[1.307s] -- Found ament_cmake_ros: 0.9.2 (/opt/ros/foxy/share/ament_cmake_ros/cmake)
[1.543s] -- Using all available rosidl_typesupport_c: rosidl_typesupport_fastrtps_c;rosidl_typesupport_introspection_c
[1.555s] -- Using all available rosidl_typesupport_cpp: rosidl_typesupport_fastrtps_cpp;rosidl_typesupport_introspection_cpp
[1.579s] -- Found PythonInterp: /usr/bin/python3 (found suitable version "3.8.10", minimum required is "3.5") 
[1.582s] -- Found python_cmake_module: 0.8.1 (/opt/ros/foxy/share/python_cmake_module/cmake)
[1.630s] -- Found PythonLibs: /usr/lib/x86_64-linux-gnu/libpython3.8.so (found suitable version "3.8.10", minimum required is "3.5") 
[1.630s] -- Using PYTHON_EXECUTABLE: /usr/bin/python3
[1.630s] -- Using PYTHON_INCLUDE_DIRS: /usr/include/python3.8
[1.630s] -- Using PYTHON_LIBRARIES: /usr/lib/x86_64-linux-gnu/libpython3.8.so
[1.666s] -- Found PythonExtra: .so  
[1.758s] -- Found ament_lint_auto: 0.9.8 (/opt/ros/foxy/share/ament_lint_auto/cmake)
[1.807s] -- Added test 'copyright' to check source files copyright and LICENSE
[1.812s] -- Added test 'lint_cmake' to check CMake code style
[1.813s] -- Added test 'xmllint' to check XML markup files
[1.819s] -- Configuring done
[1.852s] -- Generating done
[1.860s] -- Build files have been written to: /home/tony/webots_ws/build/action_interfaces
[1.875s] Invoked command in '/home/tony/webots_ws/build/action_interfaces' returned '0': CMAKE_PREFIX_PATH=${CMAKE_PREFIX_PATH}:/home/tony/webots_ws/install/post_train:/home/tony/webots_ws/install/my_package:/home/tony/webots_ws/install/my_mir_package:/home/tony/webots_ws/install/multi_mir_package:/opt/ros/foxy /usr/bin/cmake /home/tony/webots_ws/src/action_interfaces -DCMAKE_INSTALL_PREFIX=/home/tony/webots_ws/install/action_interfaces
[1.876s] Invoking command in '/home/tony/webots_ws/build/action_interfaces': CMAKE_PREFIX_PATH=${CMAKE_PREFIX_PATH}:/home/tony/webots_ws/install/post_train:/home/tony/webots_ws/install/my_package:/home/tony/webots_ws/install/my_mir_package:/home/tony/webots_ws/install/multi_mir_package:/opt/ros/foxy /usr/bin/cmake --build /home/tony/webots_ws/build/action_interfaces -- -j16 -l16
[1.938s] [35m[1mScanning dependencies of target action_interfaces__cpp[0m
[1.940s] [  3%] [34m[1mGenerating C code for ROS interfaces[0m
[1.959s] [  6%] [34m[1mGenerating C++ code for ROS interfaces[0m
[2.245s] [  6%] Built target action_interfaces__cpp
[2.260s] [  9%] [34m[1mGenerating C++ introspection for ROS interfaces[0m
[2.261s] [ 16%] [34m[1mGenerating C++ type support dispatch for ROS interfaces[0m
[2.261s] [ 16%] [34m[1mGenerating C++ type support for eProsima Fast-RTPS[0m
[2.266s] [35m[1mScanning dependencies of target action_interfaces__rosidl_generator_c[0m
[2.284s] [ 19%] [32mBuilding C object CMakeFiles/action_interfaces__rosidl_generator_c.dir/rosidl_generator_c/action_interfaces/msg/detail/action__functions.c.o[0m
[2.353s] [ 22%] [32m[1mLinking C shared library libaction_interfaces__rosidl_generator_c.so[0m
[2.404s] [ 22%] Built target action_interfaces__rosidl_generator_c
[2.427s] [ 25%] [34m[1mGenerating C introspection for ROS interfaces[0m
[2.430s] [ 29%] [34m[1mGenerating C type support dispatch for ROS interfaces[0m
[2.583s] [35m[1mScanning dependencies of target action_interfaces__rosidl_typesupport_cpp[0m
[2.642s] [35m[1mScanning dependencies of target action_interfaces__rosidl_typesupport_introspection_cpp[0m
[2.658s] [ 32%] [32mBuilding CXX object CMakeFiles/action_interfaces__rosidl_typesupport_cpp.dir/rosidl_typesupport_cpp/action_interfaces/msg/action__type_support.cpp.o[0m
[2.697s] [35m[1mScanning dependencies of target action_interfaces__rosidl_typesupport_fastrtps_cpp[0m
[2.731s] [ 35%] [32mBuilding CXX object CMakeFiles/action_interfaces__rosidl_typesupport_introspection_cpp.dir/rosidl_typesupport_introspection_cpp/action_interfaces/msg/detail/action__type_support.cpp.o[0m
[2.756s] [35m[1mScanning dependencies of target action_interfaces__rosidl_typesupport_introspection_c[0m
[2.776s] [ 38%] [32mBuilding C object CMakeFiles/action_interfaces__rosidl_typesupport_introspection_c.dir/rosidl_typesupport_introspection_c/action_interfaces/msg/detail/action__type_support.c.o[0m
[2.781s] [ 41%] [32mBuilding CXX object CMakeFiles/action_interfaces__rosidl_typesupport_fastrtps_cpp.dir/rosidl_typesupport_fastrtps_cpp/action_interfaces/msg/detail/dds_fastrtps/action__type_support.cpp.o[0m
[2.843s] [35m[1mScanning dependencies of target action_interfaces__rosidl_typesupport_c[0m
[2.865s] [ 45%] [32m[1mLinking C shared library libaction_interfaces__rosidl_typesupport_introspection_c.so[0m
[2.912s] [ 48%] [32mBuilding CXX object CMakeFiles/action_interfaces__rosidl_typesupport_c.dir/rosidl_typesupport_c/action_interfaces/msg/action__type_support.cpp.o[0m
[3.002s] [ 48%] Built target action_interfaces__rosidl_typesupport_introspection_c
[3.010s] [ 51%] [32m[1mLinking CXX shared library libaction_interfaces__rosidl_typesupport_c.so[0m
[3.091s] [ 54%] [32m[1mLinking CXX shared library libaction_interfaces__rosidl_typesupport_cpp.so[0m
[3.155s] [ 54%] Built target action_interfaces__rosidl_typesupport_c
[3.182s] [ 54%] Built target action_interfaces__rosidl_typesupport_cpp
[3.310s] [ 58%] [32m[1mLinking CXX shared library libaction_interfaces__rosidl_typesupport_introspection_cpp.so[0m
[3.441s] [ 58%] Built target action_interfaces__rosidl_typesupport_introspection_cpp
[3.481s] [ 61%] [32m[1mLinking CXX shared library libaction_interfaces__rosidl_typesupport_fastrtps_cpp.so[0m
[3.606s] [ 61%] Built target action_interfaces__rosidl_typesupport_fastrtps_cpp
[3.620s] [ 64%] [34m[1mGenerating C type support for eProsima Fast-RTPS[0m
[3.893s] [35m[1mScanning dependencies of target action_interfaces__rosidl_typesupport_fastrtps_c[0m
[3.909s] [ 67%] [32mBuilding CXX object CMakeFiles/action_interfaces__rosidl_typesupport_fastrtps_c.dir/rosidl_typesupport_fastrtps_c/action_interfaces/msg/detail/action__type_support_c.cpp.o[0m
[4.207s] [ 70%] [32m[1mLinking CXX shared library libaction_interfaces__rosidl_typesupport_fastrtps_c.so[0m
[4.286s] [ 70%] Built target action_interfaces__rosidl_typesupport_fastrtps_c
[4.298s] [35m[1mScanning dependencies of target action_interfaces[0m
[4.311s] [ 70%] Built target action_interfaces
[4.322s] [35m[1mScanning dependencies of target action_interfaces__py[0m
[4.334s] [ 74%] [34m[1mGenerating Python code for ROS interfaces[0m
[4.664s] [ 74%] Built target action_interfaces__py
[4.676s] [35m[1mScanning dependencies of target action_interfaces__python[0m
[4.708s] [ 77%] [32mBuilding C object CMakeFiles/action_interfaces__python.dir/rosidl_generator_py/action_interfaces/msg/_action_s.c.o[0m
[4.788s] [ 80%] [32m[1mLinking C shared library rosidl_generator_py/action_interfaces/libaction_interfaces__python.so[0m
[4.826s] [ 80%] Built target action_interfaces__python
[4.836s] [35m[1mScanning dependencies of target action_interfaces__rosidl_typesupport_fastrtps_c__pyext[0m
[4.836s] [35m[1mScanning dependencies of target action_interfaces__rosidl_typesupport_c__pyext[0m
[4.836s] [35m[1mScanning dependencies of target action_interfaces__rosidl_typesupport_introspection_c__pyext[0m
[4.855s] [ 83%] [32mBuilding C object CMakeFiles/action_interfaces__rosidl_typesupport_fastrtps_c__pyext.dir/rosidl_generator_py/action_interfaces/_action_interfaces_s.ep.rosidl_typesupport_fastrtps_c.c.o[0m
[4.855s] [ 87%] [32mBuilding C object CMakeFiles/action_interfaces__rosidl_typesupport_introspection_c__pyext.dir/rosidl_generator_py/action_interfaces/_action_interfaces_s.ep.rosidl_typesupport_introspection_c.c.o[0m
[4.856s] [ 90%] [32mBuilding C object CMakeFiles/action_interfaces__rosidl_typesupport_c__pyext.dir/rosidl_generator_py/action_interfaces/_action_interfaces_s.ep.rosidl_typesupport_c.c.o[0m
[4.972s] [ 93%] [32m[1mLinking C shared library rosidl_generator_py/action_interfaces/action_interfaces_s__rosidl_typesupport_introspection_c.cpython-38-x86_64-linux-gnu.so[0m
[4.974s] [ 96%] [32m[1mLinking CXX shared library rosidl_generator_py/action_interfaces/action_interfaces_s__rosidl_typesupport_fastrtps_c.cpython-38-x86_64-linux-gnu.so[0m
[4.980s] [100%] [32m[1mLinking C shared library rosidl_generator_py/action_interfaces/action_interfaces_s__rosidl_typesupport_c.cpython-38-x86_64-linux-gnu.so[0m
[5.030s] [100%] Built target action_interfaces__rosidl_typesupport_introspection_c__pyext
[5.074s] [100%] Built target action_interfaces__rosidl_typesupport_c__pyext
[5.086s] [100%] Built target action_interfaces__rosidl_typesupport_fastrtps_c__pyext
[5.134s] Invoked command in '/home/tony/webots_ws/build/action_interfaces' returned '0': CMAKE_PREFIX_PATH=${CMAKE_PREFIX_PATH}:/home/tony/webots_ws/install/post_train:/home/tony/webots_ws/install/my_package:/home/tony/webots_ws/install/my_mir_package:/home/tony/webots_ws/install/multi_mir_package:/opt/ros/foxy /usr/bin/cmake --build /home/tony/webots_ws/build/action_interfaces -- -j16 -l16
[5.287s] Invoking command in '/home/tony/webots_ws/build/action_interfaces': CMAKE_PREFIX_PATH=${CMAKE_PREFIX_PATH}:/home/tony/webots_ws/install/post_train:/home/tony/webots_ws/install/my_package:/home/tony/webots_ws/install/my_mir_package:/home/tony/webots_ws/install/multi_mir_package:/opt/ros/foxy /usr/bin/cmake --install /home/tony/webots_ws/build/action_interfaces
[5.301s] -- Install configuration: ""
[5.301s] -- Installing: /home/tony/webots_ws/install/action_interfaces/share/ament_index/resource_index/rosidl_interfaces/action_interfaces
[5.301s] -- Up-to-date: /home/tony/webots_ws/install/action_interfaces/include/action_interfaces
[5.302s] -- Up-to-date: /home/tony/webots_ws/install/action_interfaces/include/action_interfaces/msg
[5.302s] -- Installing: /home/tony/webots_ws/install/action_interfaces/include/action_interfaces/msg/action.h
[5.302s] -- Installing: /home/tony/webots_ws/install/action_interfaces/include/action_interfaces/msg/rosidl_generator_c__visibility_control.h
[5.304s] -- Up-to-date: /home/tony/webots_ws/install/action_interfaces/include/action_interfaces/msg/detail
[5.304s] -- Installing: /home/tony/webots_ws/install/action_interfaces/include/action_interfaces/msg/detail/action__functions.h
[5.304s] -- Installing: /home/tony/webots_ws/install/action_interfaces/include/action_interfaces/msg/detail/action__struct.h
[5.304s] -- Installing: /home/tony/webots_ws/install/action_interfaces/include/action_interfaces/msg/detail/action__type_support.h
[5.304s] -- Installing: /home/tony/webots_ws/install/action_interfaces/include/action_interfaces/msg/detail/action__functions.c
[5.304s] -- Up-to-date: /home/tony/webots_ws/install/action_interfaces/share/action_interfaces/environment/library_path.sh
[5.304s] -- Installing: /home/tony/webots_ws/install/action_interfaces/share/action_interfaces/environment/library_path.dsv
[5.304s] -- Installing: /home/tony/webots_ws/install/action_interfaces/lib/libaction_interfaces__rosidl_generator_c.so
[5.304s] -- Set runtime path of "/home/tony/webots_ws/install/action_interfaces/lib/libaction_interfaces__rosidl_generator_c.so" to ""
[5.304s] -- Up-to-date: /home/tony/webots_ws/install/action_interfaces/include/action_interfaces
[5.305s] -- Up-to-date: /home/tony/webots_ws/install/action_interfaces/include/action_interfaces/msg
[5.305s] -- Installing: /home/tony/webots_ws/install/action_interfaces/include/action_interfaces/msg/rosidl_typesupport_fastrtps_c__visibility_control.h
[5.305s] -- Up-to-date: /home/tony/webots_ws/install/action_interfaces/include/action_interfaces/msg/detail
[5.305s] -- Installing: /home/tony/webots_ws/install/action_interfaces/include/action_interfaces/msg/detail/action__rosidl_typesupport_fastrtps_c.h
[5.305s] -- Installing: /home/tony/webots_ws/install/action_interfaces/lib/libaction_interfaces__rosidl_typesupport_fastrtps_c.so
[5.305s] -- Set runtime path of "/home/tony/webots_ws/install/action_interfaces/lib/libaction_interfaces__rosidl_typesupport_fastrtps_c.so" to ""
[5.305s] -- Up-to-date: /home/tony/webots_ws/install/action_interfaces/include/action_interfaces
[5.305s] -- Up-to-date: /home/tony/webots_ws/install/action_interfaces/include/action_interfaces/msg
[5.306s] -- Installing: /home/tony/webots_ws/install/action_interfaces/include/action_interfaces/msg/rosidl_typesupport_fastrtps_cpp__visibility_control.h
[5.306s] -- Up-to-date: /home/tony/webots_ws/install/action_interfaces/include/action_interfaces/msg/detail
[5.306s] -- Up-to-date: /home/tony/webots_ws/install/action_interfaces/include/action_interfaces/msg/detail/dds_fastrtps
[5.306s] -- Installing: /home/tony/webots_ws/install/action_interfaces/include/action_interfaces/msg/detail/action__rosidl_typesupport_fastrtps_cpp.hpp
[5.306s] -- Installing: /home/tony/webots_ws/install/action_interfaces/lib/libaction_interfaces__rosidl_typesupport_fastrtps_cpp.so
[5.307s] -- Set runtime path of "/home/tony/webots_ws/install/action_interfaces/lib/libaction_interfaces__rosidl_typesupport_fastrtps_cpp.so" to ""
[5.307s] -- Up-to-date: /home/tony/webots_ws/install/action_interfaces/include/action_interfaces
[5.307s] -- Up-to-date: /home/tony/webots_ws/install/action_interfaces/include/action_interfaces/msg
[5.307s] -- Installing: /home/tony/webots_ws/install/action_interfaces/include/action_interfaces/msg/rosidl_typesupport_introspection_c__visibility_control.h
[5.307s] -- Up-to-date: /home/tony/webots_ws/install/action_interfaces/include/action_interfaces/msg/detail
[5.307s] -- Installing: /home/tony/webots_ws/install/action_interfaces/include/action_interfaces/msg/detail/action__rosidl_typesupport_introspection_c.h
[5.308s] -- Installing: /home/tony/webots_ws/install/action_interfaces/include/action_interfaces/msg/detail/action__type_support.c
[5.308s] -- Installing: /home/tony/webots_ws/install/action_interfaces/lib/libaction_interfaces__rosidl_typesupport_introspection_c.so
[5.309s] -- Set runtime path of "/home/tony/webots_ws/install/action_interfaces/lib/libaction_interfaces__rosidl_typesupport_introspection_c.so" to ""
[5.309s] -- Installing: /home/tony/webots_ws/install/action_interfaces/lib/libaction_interfaces__rosidl_typesupport_c.so
[5.309s] -- Set runtime path of "/home/tony/webots_ws/install/action_interfaces/lib/libaction_interfaces__rosidl_typesupport_c.so" to ""
[5.310s] -- Up-to-date: /home/tony/webots_ws/install/action_interfaces/include/action_interfaces
[5.310s] -- Up-to-date: /home/tony/webots_ws/install/action_interfaces/include/action_interfaces/msg
[5.310s] -- Installing: /home/tony/webots_ws/install/action_interfaces/include/action_interfaces/msg/rosidl_generator_cpp__visibility_control.hpp
[5.310s] -- Up-to-date: /home/tony/webots_ws/install/action_interfaces/include/action_interfaces/msg/detail
[5.310s] -- Installing: /home/tony/webots_ws/install/action_interfaces/include/action_interfaces/msg/detail/action__struct.hpp
[5.323s] -- Installing: /home/tony/webots_ws/install/action_interfaces/include/action_interfaces/msg/detail/action__type_support.hpp
[5.323s] -- Installing: /home/tony/webots_ws/install/action_interfaces/include/action_interfaces/msg/detail/action__traits.hpp
[5.323s] -- Installing: /home/tony/webots_ws/install/action_interfaces/include/action_interfaces/msg/detail/action__builder.hpp
[5.323s] -- Installing: /home/tony/webots_ws/install/action_interfaces/include/action_interfaces/msg/action.hpp
[5.323s] -- Up-to-date: /home/tony/webots_ws/install/action_interfaces/include/action_interfaces
[5.323s] -- Up-to-date: /home/tony/webots_ws/install/action_interfaces/include/action_interfaces/msg
[5.324s] -- Up-to-date: /home/tony/webots_ws/install/action_interfaces/include/action_interfaces/msg/detail
[5.324s] -- Installing: /home/tony/webots_ws/install/action_interfaces/include/action_interfaces/msg/detail/action__rosidl_typesupport_introspection_cpp.hpp
[5.324s] -- Installing: /home/tony/webots_ws/install/action_interfaces/include/action_interfaces/msg/detail/action__type_support.cpp
[5.324s] -- Installing: /home/tony/webots_ws/install/action_interfaces/lib/libaction_interfaces__rosidl_typesupport_introspection_cpp.so
[5.324s] -- Set runtime path of "/home/tony/webots_ws/install/action_interfaces/lib/libaction_interfaces__rosidl_typesupport_introspection_cpp.so" to ""
[5.324s] -- Installing: /home/tony/webots_ws/install/action_interfaces/lib/libaction_interfaces__rosidl_typesupport_cpp.so
[5.324s] -- Set runtime path of "/home/tony/webots_ws/install/action_interfaces/lib/libaction_interfaces__rosidl_typesupport_cpp.so" to ""
[5.324s] -- Installing: /home/tony/webots_ws/install/action_interfaces/share/action_interfaces/environment/pythonpath.sh
[5.324s] -- Installing: /home/tony/webots_ws/install/action_interfaces/share/action_interfaces/environment/pythonpath.dsv
[5.324s] -- Installing: /home/tony/webots_ws/install/action_interfaces/lib/python3.8/site-packages/action_interfaces/__init__.py
[5.364s] Compiling '/home/tony/webots_ws/install/action_interfaces/lib/python3.8/site-packages/action_interfaces/__init__.py'...
[5.376s] -- Up-to-date: /home/tony/webots_ws/install/action_interfaces/lib/python3.8/site-packages/action_interfaces/msg
[5.377s] -- Installing: /home/tony/webots_ws/install/action_interfaces/lib/python3.8/site-packages/action_interfaces/msg/__init__.py
[5.377s] -- Installing: /home/tony/webots_ws/install/action_interfaces/lib/python3.8/site-packages/action_interfaces/msg/_action.py
[5.378s] -- Installing: /home/tony/webots_ws/install/action_interfaces/lib/python3.8/site-packages/action_interfaces/msg/_action_s.c
[5.379s] -- Installing: /home/tony/webots_ws/install/action_interfaces/lib/python3.8/site-packages/action_interfaces/action_interfaces_s__rosidl_typesupport_fastrtps_c.cpython-38-x86_64-linux-gnu.so
[5.380s] -- Set runtime path of "/home/tony/webots_ws/install/action_interfaces/lib/python3.8/site-packages/action_interfaces/action_interfaces_s__rosidl_typesupport_fastrtps_c.cpython-38-x86_64-linux-gnu.so" to ""
[5.381s] -- Installing: /home/tony/webots_ws/install/action_interfaces/lib/python3.8/site-packages/action_interfaces/action_interfaces_s__rosidl_typesupport_introspection_c.cpython-38-x86_64-linux-gnu.so
[5.383s] -- Set runtime path of "/home/tony/webots_ws/install/action_interfaces/lib/python3.8/site-packages/action_interfaces/action_interfaces_s__rosidl_typesupport_introspection_c.cpython-38-x86_64-linux-gnu.so" to ""
[5.384s] -- Installing: /home/tony/webots_ws/install/action_interfaces/lib/python3.8/site-packages/action_interfaces/action_interfaces_s__rosidl_typesupport_c.cpython-38-x86_64-linux-gnu.so
[5.384s] -- Set runtime path of "/home/tony/webots_ws/install/action_interfaces/lib/python3.8/site-packages/action_interfaces/action_interfaces_s__rosidl_typesupport_c.cpython-38-x86_64-linux-gnu.so" to ""
[5.384s] -- Installing: /home/tony/webots_ws/install/action_interfaces/lib/libaction_interfaces__python.so
[5.385s] -- Set runtime path of "/home/tony/webots_ws/install/action_interfaces/lib/libaction_interfaces__python.so" to ""
[5.386s] -- Installing: /home/tony/webots_ws/install/action_interfaces/share/action_interfaces/msg/Action.idl
[5.386s] -- Up-to-date: /home/tony/webots_ws/install/action_interfaces/share/action_interfaces/msg/Action.msg
[5.386s] -- Installing: /home/tony/webots_ws/install/action_interfaces/share/ament_index/resource_index/package_run_dependencies/action_interfaces
[5.387s] -- Installing: /home/tony/webots_ws/install/action_interfaces/share/ament_index/resource_index/parent_prefix_path/action_interfaces
[5.387s] -- Up-to-date: /home/tony/webots_ws/install/action_interfaces/share/action_interfaces/environment/ament_prefix_path.sh
[5.387s] -- Installing: /home/tony/webots_ws/install/action_interfaces/share/action_interfaces/environment/ament_prefix_path.dsv
[5.387s] -- Up-to-date: /home/tony/webots_ws/install/action_interfaces/share/action_interfaces/environment/path.sh
[5.387s] -- Installing: /home/tony/webots_ws/install/action_interfaces/share/action_interfaces/environment/path.dsv
[5.388s] -- Installing: /home/tony/webots_ws/install/action_interfaces/share/action_interfaces/local_setup.bash
[5.388s] -- Installing: /home/tony/webots_ws/install/action_interfaces/share/action_interfaces/local_setup.sh
[5.388s] -- Installing: /home/tony/webots_ws/install/action_interfaces/share/action_interfaces/local_setup.zsh
[5.388s] -- Installing: /home/tony/webots_ws/install/action_interfaces/share/action_interfaces/local_setup.dsv
[5.388s] -- Installing: /home/tony/webots_ws/install/action_interfaces/share/action_interfaces/package.dsv
[5.389s] -- Installing: /home/tony/webots_ws/install/action_interfaces/share/ament_index/resource_index/packages/action_interfaces
[5.389s] -- Installing: /home/tony/webots_ws/install/action_interfaces/share/action_interfaces/cmake/action_interfaces__rosidl_generator_cExport.cmake
[5.389s] -- Installing: /home/tony/webots_ws/install/action_interfaces/share/action_interfaces/cmake/action_interfaces__rosidl_generator_cExport-noconfig.cmake
[5.389s] -- Installing: /home/tony/webots_ws/install/action_interfaces/share/action_interfaces/cmake/action_interfaces__rosidl_typesupport_introspection_cExport.cmake
[5.390s] -- Installing: /home/tony/webots_ws/install/action_interfaces/share/action_interfaces/cmake/action_interfaces__rosidl_typesupport_introspection_cExport-noconfig.cmake
[5.390s] -- Installing: /home/tony/webots_ws/install/action_interfaces/share/action_interfaces/cmake/action_interfaces__rosidl_typesupport_cExport.cmake
[5.390s] -- Installing: /home/tony/webots_ws/install/action_interfaces/share/action_interfaces/cmake/action_interfaces__rosidl_typesupport_cExport-noconfig.cmake
[5.391s] -- Installing: /home/tony/webots_ws/install/action_interfaces/share/action_interfaces/cmake/action_interfaces__rosidl_generator_cppExport.cmake
[5.391s] -- Installing: /home/tony/webots_ws/install/action_interfaces/share/action_interfaces/cmake/action_interfaces__rosidl_typesupport_introspection_cppExport.cmake
[5.391s] -- Installing: /home/tony/webots_ws/install/action_interfaces/share/action_interfaces/cmake/action_interfaces__rosidl_typesupport_introspection_cppExport-noconfig.cmake
[5.392s] -- Installing: /home/tony/webots_ws/install/action_interfaces/share/action_interfaces/cmake/action_interfaces__rosidl_typesupport_cppExport.cmake
[5.392s] -- Installing: /home/tony/webots_ws/install/action_interfaces/share/action_interfaces/cmake/action_interfaces__rosidl_typesupport_cppExport-noconfig.cmake
[5.392s] -- Installing: /home/tony/webots_ws/install/action_interfaces/share/action_interfaces/cmake/rosidl_cmake-extras.cmake
[5.392s] -- Installing: /home/tony/webots_ws/install/action_interfaces/share/action_interfaces/cmake/ament_cmake_export_dependencies-extras.cmake
[5.392s] -- Installing: /home/tony/webots_ws/install/action_interfaces/share/action_interfaces/cmake/ament_cmake_export_libraries-extras.cmake
[5.393s] -- Installing: /home/tony/webots_ws/install/action_interfaces/share/action_interfaces/cmake/ament_cmake_export_targets-extras.cmake
[5.393s] -- Installing: /home/tony/webots_ws/install/action_interfaces/share/action_interfaces/cmake/ament_cmake_export_include_directories-extras.cmake
[5.393s] -- Installing: /home/tony/webots_ws/install/action_interfaces/share/action_interfaces/cmake/rosidl_cmake_export_typesupport_libraries-extras.cmake
[5.393s] -- Installing: /home/tony/webots_ws/install/action_interfaces/share/action_interfaces/cmake/rosidl_cmake_export_typesupport_targets-extras.cmake
[5.393s] -- Installing: /home/tony/webots_ws/install/action_interfaces/share/action_interfaces/cmake/action_interfacesConfig.cmake
[5.394s] -- Installing: /home/tony/webots_ws/install/action_interfaces/share/action_interfaces/cmake/action_interfacesConfig-version.cmake
[5.394s] -- Up-to-date: /home/tony/webots_ws/install/action_interfaces/share/action_interfaces/package.xml
[5.397s] Invoked command in '/home/tony/webots_ws/build/action_interfaces' returned '0': CMAKE_PREFIX_PATH=${CMAKE_PREFIX_PATH}:/home/tony/webots_ws/install/post_train:/home/tony/webots_ws/install/my_package:/home/tony/webots_ws/install/my_mir_package:/home/tony/webots_ws/install/multi_mir_package:/opt/ros/foxy /usr/bin/cmake --install /home/tony/webots_ws/build/action_interfaces
