[0.031s] Invoking command in '/home/tony/webots_ws/build/mpc_controller': CMAKE_PREFIX_PATH=/home/tony/webots_ws/install/traj_interfaces:/home/tony/webots_ws/install/motor_interfaces:/home/tony/webots_ws/install/traj_publish:/home/tony/webots_ws/install/mpc_controller:/home/tony/webots_ws/install/my_package:/home/tony/webots_ws/install/my_mir_package:/home/tony/webots_ws/install/multi_mir_package:/opt/ros/foxy PYTHONPATH=/home/tony/webots_ws/install/traj_interfaces/lib/python3.8/site-packages:/home/tony/webots_ws/install/motor_interfaces/lib/python3.8/site-packages:/home/tony/webots_ws/install/my_package/lib/python3.8/site-packages:/home/tony/webots_ws/install/my_mir_package/lib/python3.8/site-packages:/home/tony/webots_ws/install/multi_mir_package/lib/python3.8/site-packages:/opt/ros/foxy/lib/python3.8/site-packages /usr/bin/cmake --build /home/tony/webots_ws/build/mpc_controller -- -j16 -l16
[0.103s] [35m[1mScanning dependencies of target control_node[0m
[0.167s] [ 25%] [32mBuilding CXX object CMakeFiles/control_node.dir/src/control_node.cpp.o[0m
[1.264s] In file included from [01m[K/home/tony/webots_ws/src/qpOASES/include/qpOASES/QProblemB.hpp:1014[m[K,
[1.264s]                  from [01m[K/home/tony/webots_ws/src/qpOASES/include/qpOASES.hpp:66[m[K,
[1.264s]                  from [01m[K/home/tony/webots_ws/src/mpc_controller/include/mpc_controller/mpc_controller.hpp:4[m[K,
[1.264s]                  from [01m[K/home/tony/webots_ws/src/mpc_controller/src/control_node.cpp:5[m[K:
[1.264s] [01m[K/home/tony/webots_ws/src/qpOASES/include/qpOASES/QProblemB.ipp:[m[K In member function ‘[01m[Kvoid qpOASES::QProblemB::applyGivens(qpOASES::real_t, qpOASES::real_t, qpOASES::real_t, qpOASES::real_t, qpOASES::real_t, qpOASES::real_t&, qpOASES::real_t&) const[m[K’:
[1.264s] [01m[K/home/tony/webots_ws/src/qpOASES/include/qpOASES/QProblemB.ipp:447:64:[m[K [01;35m[Kwarning: [m[Kunused parameter ‘[01m[Knu[m[K’ [[01;35m[K-Wunused-parameter[m[K]
[1.264s]   447 | inline void QProblemB::applyGivens( real_t c, real_t s, [01;35m[Kreal_t nu[m[K, real_t xold, real_t yold,
[1.264s]       |                                                         [01;35m[K~~~~~~~^~[m[K
[1.264s] In file included from [01m[K/home/tony/webots_ws/src/qpOASES/include/qpOASES/QProblem.hpp:43[m[K,
[1.264s]                  from [01m[K/home/tony/webots_ws/src/qpOASES/include/qpOASES.hpp:67[m[K,
[1.264s]                  from [01m[K/home/tony/webots_ws/src/mpc_controller/include/mpc_controller/mpc_controller.hpp:4[m[K,
[1.265s]                  from [01m[K/home/tony/webots_ws/src/mpc_controller/src/control_node.cpp:5[m[K:
[1.265s] [01m[K/home/tony/webots_ws/src/qpOASES/include/qpOASES/ConstraintProduct.hpp:[m[K In copy constructor ‘[01m[KqpOASES::ConstraintProduct::ConstraintProduct(const qpOASES::ConstraintProduct&)[m[K’:
[1.265s] [01m[K/home/tony/webots_ws/src/qpOASES/include/qpOASES/ConstraintProduct.hpp:64:47:[m[K [01;35m[Kwarning: [m[Kunused parameter ‘[01m[KtoCopy[m[K’ [[01;35m[K-Wunused-parameter[m[K]
[1.265s]    64 |   ConstraintProduct( [01;35m[Kconst ConstraintProduct &toCopy[m[K /**< Rhs object. */
[1.265s]       |                      [01;35m[K~~~~~~~~~~~~~~~~~~~~~~~~~^~~~~~[m[K
[1.265s] [01m[K/home/tony/webots_ws/src/qpOASES/include/qpOASES/ConstraintProduct.hpp:[m[K In member function ‘[01m[KqpOASES::ConstraintProduct& qpOASES::ConstraintProduct::operator=(const qpOASES::ConstraintProduct&)[m[K’:
[1.265s] [01m[K/home/tony/webots_ws/src/qpOASES/include/qpOASES/ConstraintProduct.hpp:71:58:[m[K [01;35m[Kwarning: [m[Kunused parameter ‘[01m[KtoCopy[m[K’ [[01;35m[K-Wunused-parameter[m[K]
[1.265s]    71 |   ConstraintProduct &operator=( [01;35m[Kconst ConstraintProduct &toCopy[m[K /**< Rhs object. */
[1.265s]       |                                 [01;35m[K~~~~~~~~~~~~~~~~~~~~~~~~~^~~~~~[m[K
[2.013s] [01m[K/home/tony/webots_ws/src/mpc_controller/src/control_node.cpp:[m[K At global scope:
[2.013s] [01m[K/home/tony/webots_ws/src/mpc_controller/src/control_node.cpp:48:52:[m[K [01;31m[Kerror: [m[K‘[01m[Krobot_num[m[K’ is not a type
[2.013s]    48 |     std::vector<std_msgs::msg::UInt8> stop_command([01;31m[Krobot_num[m[K);
[2.013s]       |                                                    [01;31m[K^~~~~~~~~[m[K
[2.014s] [01m[K/home/tony/webots_ws/src/mpc_controller/src/control_node.cpp:49:36:[m[K [01;31m[Kerror: [m[K‘[01m[Krobot_num[m[K’ is not a type
[2.014s]    49 |     std::vector<bool> receive_traj([01;31m[Krobot_num[m[K);
[2.014s]       |                                    [01;31m[K^~~~~~~~~[m[K
[2.070s] [01m[K/home/tony/webots_ws/src/mpc_controller/src/control_node.cpp:[m[K In constructor ‘[01m[Kcontrol_node::control_node(std::string)[m[K’:
[2.070s] [01m[K/home/tony/webots_ws/src/mpc_controller/src/control_node.cpp:92:27:[m[K [01;31m[Kerror: [m[Kinvalid types ‘[01m[K<unresolved overloaded function type>[int][m[K’ for array subscript
[2.070s]    92 |             stop_command[i[01;31m[K][m[K.data = 0; // 需要初始化向量大小
[2.070s]       |                           [01;31m[K^[m[K
[2.071s] [01m[K/home/tony/webots_ws/src/mpc_controller/src/control_node.cpp:93:27:[m[K [01;31m[Kerror: [m[Kinvalid types ‘[01m[K<unresolved overloaded function type>[int][m[K’ for array subscript
[2.071s]    93 |             receive_traj[i[01;31m[K][m[K = false;
[2.071s]       |                           [01;31m[K^[m[K
[2.071s] [01m[K/home/tony/webots_ws/src/mpc_controller/src/control_node.cpp:[m[K In member function ‘[01m[Kvoid control_node::cmdCallback(int)[m[K’:
[2.071s] [01m[K/home/tony/webots_ws/src/mpc_controller/src/control_node.cpp:112:34:[m[K [01;31m[Kerror: [m[Kinvalid types ‘[01m[K<unresolved overloaded function type>[int][m[K’ for array subscript
[2.071s]   112 |         if (stop_command[robot_id[01;31m[K][m[K.data == 1)
[2.071s]       |                                  [01;31m[K^[m[K
[2.076s] [01m[K/home/tony/webots_ws/src/mpc_controller/src/control_node.cpp:120:35:[m[K [01;31m[Kerror: [m[Kinvalid types ‘[01m[K<unresolved overloaded function type>[int][m[K’ for array subscript
[2.076s]   120 |         if (!receive_traj[robot_id[01;31m[K][m[K)
[2.076s]       |                                   [01;31m[K^[m[K
[2.091s] [01m[K/home/tony/webots_ws/src/mpc_controller/src/control_node.cpp:[m[K In member function ‘[01m[Kvoid control_node::stop_callback(std_msgs::msg::UInt8_<std::allocator<void> >::SharedPtr, int)[m[K’:
[2.091s] [01m[K/home/tony/webots_ws/src/mpc_controller/src/control_node.cpp:275:30:[m[K [01;31m[Kerror: [m[Kinvalid types ‘[01m[K<unresolved overloaded function type>[int][m[K’ for array subscript
[2.091s]   275 |         stop_command[robot_id[01;31m[K][m[K = *msg;
[2.091s]       |                              [01;31m[K^[m[K
[2.091s] [01m[K/home/tony/webots_ws/src/mpc_controller/src/control_node.cpp:[m[K In member function ‘[01m[Kvoid control_node::traj_callback(traj_interfaces::msg::Bspline_<std::allocator<void> >::SharedPtr, int)[m[K’:
[2.091s] [01m[K/home/tony/webots_ws/src/mpc_controller/src/control_node.cpp:320:34:[m[K [01;31m[Kerror: [m[Kinvalid types ‘[01m[K<unresolved overloaded function type>[int][m[K’ for array subscript
[2.091s]   320 |         if (receive_traj[robot_id[01;31m[K][m[K == true)
[2.091s]       |                                  [01;31m[K^[m[K
[2.096s] [01m[K/home/tony/webots_ws/src/mpc_controller/src/control_node.cpp:356:30:[m[K [01;31m[Kerror: [m[Kinvalid types ‘[01m[K<unresolved overloaded function type>[int][m[K’ for array subscript
[2.096s]   356 |         receive_traj[robot_id[01;31m[K][m[K = true;
[2.096s]       |                              [01;31m[K^[m[K
[2.143s] [01m[K/home/tony/webots_ws/src/mpc_controller/src/control_node.cpp:[m[K In member function ‘[01m[Kvoid control_node::MPC_calculate(double&, int)[m[K’:
[2.143s] [01m[K/home/tony/webots_ws/src/mpc_controller/src/control_node.cpp:518:31:[m[K [01;35m[Kwarning: [m[Kcomparison of integer expressions of different signedness: ‘[01m[Kint[m[K’ and ‘[01m[Kstd::vector<Eigen::Matrix<double, 2, 1> >::size_type[m[K’ {aka ‘[01m[Klong unsigned int[m[K’} [[01;35m[K-Wsign-compare[m[K]
[2.143s]   518 |             for (int i = 0; [01;35m[Ki < U_r.size()[m[K; i++)
[2.143s]       |                             [01;35m[K~~^~~~~~~~~~~~[m[K
[2.147s] [01m[K/home/tony/webots_ws/src/mpc_controller/src/control_node.cpp:396:16:[m[K [01;35m[Kwarning: [m[Kunused variable ‘[01m[Kyaw_start[m[K’ [[01;35m[K-Wunused-variable[m[K]
[2.147s]   396 |         double [01;35m[Kyaw_start[m[K = atan2(vel_start(1), vel_start(0));       // 初始航向角
[2.147s]       |                [01;35m[K^~~~~~~~~[m[K
[4.484s] make[2]: *** [CMakeFiles/control_node.dir/build.make:63: CMakeFiles/control_node.dir/src/control_node.cpp.o] Error 1
[4.485s] make[1]: *** [CMakeFiles/Makefile2:78: CMakeFiles/control_node.dir/all] Error 2
[4.485s] make: *** [Makefile:141: all] Error 2
[4.490s] Invoked command in '/home/tony/webots_ws/build/mpc_controller' returned '2': CMAKE_PREFIX_PATH=/home/tony/webots_ws/install/traj_interfaces:/home/tony/webots_ws/install/motor_interfaces:/home/tony/webots_ws/install/traj_publish:/home/tony/webots_ws/install/mpc_controller:/home/tony/webots_ws/install/my_package:/home/tony/webots_ws/install/my_mir_package:/home/tony/webots_ws/install/multi_mir_package:/opt/ros/foxy PYTHONPATH=/home/tony/webots_ws/install/traj_interfaces/lib/python3.8/site-packages:/home/tony/webots_ws/install/motor_interfaces/lib/python3.8/site-packages:/home/tony/webots_ws/install/my_package/lib/python3.8/site-packages:/home/tony/webots_ws/install/my_mir_package/lib/python3.8/site-packages:/home/tony/webots_ws/install/multi_mir_package/lib/python3.8/site-packages:/opt/ros/foxy/lib/python3.8/site-packages /usr/bin/cmake --build /home/tony/webots_ws/build/mpc_controller -- -j16 -l16
