[0.011s] Invoking command in '/home/tony/webots_ws/build/traj_publish': CMAKE_PREFIX_PATH=${CMAKE_PREFIX_PATH}:/home/tony/webots_ws/install/my_package:/home/tony/webots_ws/install/my_mir_package:/opt/ros/foxy /usr/bin/cmake --build /home/tony/webots_ws/build/traj_publish -- -j16 -l16
[0.046s] -- Found ament_cmake: 0.9.12 (/opt/ros/foxy/share/ament_cmake/cmake)
[0.067s] -- Using PYTHON_EXECUTABLE: /usr/bin/python3
[0.206s] -- Found rclcpp: 2.4.3 (/opt/ros/foxy/share/rclcpp/cmake)
[0.232s] -- Using all available rosidl_typesupport_c: rosidl_typesupport_fastrtps_c;rosidl_typesupport_introspection_c
[0.234s] -- Found rosidl_adapter: 1.3.1 (/opt/ros/foxy/share/rosidl_adapter/cmake)
[0.338s] -- Using all available rosidl_typesupport_cpp: rosidl_typesupport_fastrtps_cpp;rosidl_typesupport_introspection_cpp
[0.372s] -- Found rmw_implementation_cmake: 1.0.4 (/opt/ros/foxy/share/rmw_implementation_cmake/cmake)
[0.373s] -- Using RMW implementation 'rmw_fastrtps_cpp' as default
[0.470s] -- Found nav_msgs: 2.0.5 (/opt/ros/foxy/share/nav_msgs/cmake)
[0.548s] -- Found ament_lint_auto: 0.9.8 (/opt/ros/foxy/share/ament_lint_auto/cmake)
[0.603s] -- Added test 'copyright' to check source files copyright and LICENSE
[0.603s] -- Added test 'cppcheck' to perform static code analysis on C / C++ code
[0.603s] -- Configured cppcheck include dirs: 
[0.603s] -- Configured cppcheck exclude dirs and/or files: 
[0.604s] -- Added test 'cpplint' to check C / C++ code against the Google style
[0.604s] -- Configured cpplint exclude dirs and/or files: 
[0.604s] -- Added test 'lint_cmake' to check CMake code style
[0.605s] -- Added test 'uncrustify' to check C / C++ code style
[0.605s] -- Configured uncrustify additional arguments: 
[0.605s] -- Added test 'xmllint' to check XML markup files
[0.608s] -- Configuring done
[0.614s] -- Generating done
[0.616s] -- Build files have been written to: /home/tony/webots_ws/build/traj_publish
[0.674s] [ 50%] [32m[1mLinking CXX executable traj_pub[0m
[0.827s] [100%] Built target traj_pub
[0.841s] Invoked command in '/home/tony/webots_ws/build/traj_publish' returned '0': CMAKE_PREFIX_PATH=${CMAKE_PREFIX_PATH}:/home/tony/webots_ws/install/my_package:/home/tony/webots_ws/install/my_mir_package:/opt/ros/foxy /usr/bin/cmake --build /home/tony/webots_ws/build/traj_publish -- -j16 -l16
[0.878s] Invoking command in '/home/tony/webots_ws/build/traj_publish': CMAKE_PREFIX_PATH=${CMAKE_PREFIX_PATH}:/home/tony/webots_ws/install/my_package:/home/tony/webots_ws/install/my_mir_package:/opt/ros/foxy /usr/bin/cmake --install /home/tony/webots_ws/build/traj_publish
[0.890s] -- Install configuration: ""
[0.890s] -- Installing: /home/tony/webots_ws/install/traj_publish/share/ament_index/resource_index/package_run_dependencies/traj_publish
[0.890s] -- Installing: /home/tony/webots_ws/install/traj_publish/share/ament_index/resource_index/parent_prefix_path/traj_publish
[0.891s] -- Installing: /home/tony/webots_ws/install/traj_publish/share/traj_publish/environment/ament_prefix_path.sh
[0.891s] -- Installing: /home/tony/webots_ws/install/traj_publish/share/traj_publish/environment/ament_prefix_path.dsv
[0.891s] -- Installing: /home/tony/webots_ws/install/traj_publish/share/traj_publish/environment/path.sh
[0.891s] -- Installing: /home/tony/webots_ws/install/traj_publish/share/traj_publish/environment/path.dsv
[0.891s] -- Installing: /home/tony/webots_ws/install/traj_publish/share/traj_publish/local_setup.bash
[0.891s] -- Installing: /home/tony/webots_ws/install/traj_publish/share/traj_publish/local_setup.sh
[0.891s] -- Installing: /home/tony/webots_ws/install/traj_publish/share/traj_publish/local_setup.zsh
[0.891s] -- Installing: /home/tony/webots_ws/install/traj_publish/share/traj_publish/local_setup.dsv
[0.892s] -- Installing: /home/tony/webots_ws/install/traj_publish/share/traj_publish/package.dsv
[0.892s] -- Installing: /home/tony/webots_ws/install/traj_publish/share/ament_index/resource_index/packages/traj_publish
[0.892s] -- Installing: /home/tony/webots_ws/install/traj_publish/share/traj_publish/cmake/traj_publishConfig.cmake
[0.892s] -- Installing: /home/tony/webots_ws/install/traj_publish/share/traj_publish/cmake/traj_publishConfig-version.cmake
[0.892s] -- Installing: /home/tony/webots_ws/install/traj_publish/share/traj_publish/package.xml
[0.892s] -- Installing: /home/tony/webots_ws/install/traj_publish/lib/traj_publish/traj_pub
[0.893s] -- Set runtime path of "/home/tony/webots_ws/install/traj_publish/lib/traj_publish/traj_pub" to ""
[0.895s] Invoked command in '/home/tony/webots_ws/build/traj_publish' returned '0': CMAKE_PREFIX_PATH=${CMAKE_PREFIX_PATH}:/home/tony/webots_ws/install/my_package:/home/tony/webots_ws/install/my_mir_package:/opt/ros/foxy /usr/bin/cmake --install /home/tony/webots_ws/build/traj_publish
