[0.011s] Invoking command in '/home/tony/webots_ws/build/traj_publish': CMAKE_PREFIX_PATH=${CMAKE_PREFIX_PATH}:/home/tony/webots_ws/install/my_package:/home/tony/webots_ws/install/my_mir_package:/opt/ros/foxy /usr/bin/cmake --build /home/tony/webots_ws/build/traj_publish -- -j16 -l16
[0.069s] [35m[1mScanning dependencies of target traj_pub[0m
[0.118s] [ 50%] [32mBuilding CXX object CMakeFiles/traj_pub.dir/src/traj_pub.cpp.o[0m
[2.720s] [100%] [32m[1mLinking CXX executable traj_pub[0m
[2.890s] [100%] Built target traj_pub
[2.901s] Invoked command in '/home/tony/webots_ws/build/traj_publish' returned '0': CMAKE_PREFIX_PATH=${CMAKE_PREFIX_PATH}:/home/tony/webots_ws/install/my_package:/home/tony/webots_ws/install/my_mir_package:/opt/ros/foxy /usr/bin/cmake --build /home/tony/webots_ws/build/traj_publish -- -j16 -l16
[2.957s] Invoking command in '/home/tony/webots_ws/build/traj_publish': CMAKE_PREFIX_PATH=${CMAKE_PREFIX_PATH}:/home/tony/webots_ws/install/my_package:/home/tony/webots_ws/install/my_mir_package:/opt/ros/foxy /usr/bin/cmake --install /home/tony/webots_ws/build/traj_publish
[2.964s] -- Install configuration: ""
[2.964s] -- Up-to-date: /home/tony/webots_ws/install/traj_publish/share/ament_index/resource_index/package_run_dependencies/traj_publish
[2.964s] -- Installing: /home/tony/webots_ws/install/traj_publish/share/ament_index/resource_index/parent_prefix_path/traj_publish
[2.964s] -- Up-to-date: /home/tony/webots_ws/install/traj_publish/share/traj_publish/environment/ament_prefix_path.sh
[2.964s] -- Installing: /home/tony/webots_ws/install/traj_publish/share/traj_publish/environment/ament_prefix_path.dsv
[2.964s] -- Up-to-date: /home/tony/webots_ws/install/traj_publish/share/traj_publish/environment/path.sh
[2.964s] -- Installing: /home/tony/webots_ws/install/traj_publish/share/traj_publish/environment/path.dsv
[2.964s] -- Up-to-date: /home/tony/webots_ws/install/traj_publish/share/traj_publish/local_setup.bash
[2.964s] -- Up-to-date: /home/tony/webots_ws/install/traj_publish/share/traj_publish/local_setup.sh
[2.964s] -- Up-to-date: /home/tony/webots_ws/install/traj_publish/share/traj_publish/local_setup.zsh
[2.964s] -- Installing: /home/tony/webots_ws/install/traj_publish/share/traj_publish/local_setup.dsv
[2.965s] -- Up-to-date: /home/tony/webots_ws/install/traj_publish/share/traj_publish/package.dsv
[2.965s] -- Up-to-date: /home/tony/webots_ws/install/traj_publish/share/ament_index/resource_index/packages/traj_publish
[2.965s] -- Up-to-date: /home/tony/webots_ws/install/traj_publish/share/traj_publish/cmake/traj_publishConfig.cmake
[2.965s] -- Up-to-date: /home/tony/webots_ws/install/traj_publish/share/traj_publish/cmake/traj_publishConfig-version.cmake
[2.965s] -- Installing: /home/tony/webots_ws/install/traj_publish/share/traj_publish/package.xml
[2.965s] -- Installing: /home/tony/webots_ws/install/traj_publish/lib/traj_publish/traj_pub
[2.966s] -- Set runtime path of "/home/tony/webots_ws/install/traj_publish/lib/traj_publish/traj_pub" to ""
[2.968s] Invoked command in '/home/tony/webots_ws/build/traj_publish' returned '0': CMAKE_PREFIX_PATH=${CMAKE_PREFIX_PATH}:/home/tony/webots_ws/install/my_package:/home/tony/webots_ws/install/my_mir_package:/opt/ros/foxy /usr/bin/cmake --install /home/tony/webots_ws/build/traj_publish
