[0.057s] Invoking command in '/home/tony/webots_ws/build/action_interfaces': CMAKE_PREFIX_PATH=${CMAKE_PREFIX_PATH}:/home/tony/webots_ws/install/post_train:/home/tony/webots_ws/install/my_package:/home/tony/webots_ws/install/my_mir_package:/home/tony/webots_ws/install/multi_mir_package:/opt/ros/foxy /usr/bin/cmake --build /home/tony/webots_ws/build/action_interfaces -- -j16 -l16
[0.882s] -- Found ament_cmake: 0.9.12 (/opt/ros/foxy/share/ament_cmake/cmake)
[0.883s] -- Found PythonInterp: /usr/bin/python3 (found suitable version "3.8.10", minimum required is "3") 
[0.883s] -- Using PYTHON_EXECUTABLE: /usr/bin/python3
[0.883s] -- Found rosidl_default_generators: 1.0.1 (/opt/ros/foxy/share/rosidl_default_generators/cmake)
[0.884s] -- Using all available rosidl_typesupport_c: rosidl_typesupport_fastrtps_c;rosidl_typesupport_introspection_c
[0.884s] -- Found rosidl_adapter: 1.3.1 (/opt/ros/foxy/share/rosidl_adapter/cmake)
[0.884s] -- Using all available rosidl_typesupport_cpp: rosidl_typesupport_fastrtps_cpp;rosidl_typesupport_introspection_cpp
[0.884s] -- Found PythonInterp: /usr/bin/python3 (found version "3.8.10") 
[0.885s] -- Found ament_cmake_ros: 0.9.2 (/opt/ros/foxy/share/ament_cmake_ros/cmake)
[0.885s] -- Using all available rosidl_typesupport_c: rosidl_typesupport_fastrtps_c;rosidl_typesupport_introspection_c
[0.885s] -- Using all available rosidl_typesupport_cpp: rosidl_typesupport_fastrtps_cpp;rosidl_typesupport_introspection_cpp
[0.885s] -- Found PythonInterp: /usr/bin/python3 (found suitable version "3.8.10", minimum required is "3.5") 
[0.885s] -- Found python_cmake_module: 0.8.1 (/opt/ros/foxy/share/python_cmake_module/cmake)
[0.885s] -- Using PYTHON_EXECUTABLE: /usr/bin/python3
[0.885s] -- Using PYTHON_INCLUDE_DIRS: /usr/include/python3.8
[0.885s] -- Using PYTHON_LIBRARIES: /usr/lib/x86_64-linux-gnu/libpython3.8.so
[0.885s] -- Found ament_lint_auto: 0.9.8 (/opt/ros/foxy/share/ament_lint_auto/cmake)
[0.885s] -- Added test 'copyright' to check source files copyright and LICENSE
[0.886s] -- Added test 'lint_cmake' to check CMake code style
[0.886s] -- Added test 'xmllint' to check XML markup files
[0.886s] -- Configuring done
[0.886s] -- Generating done
[0.887s] -- Build files have been written to: /home/tony/webots_ws/build/action_interfaces
[0.888s] [ 12%] Built target action_interfaces__cpp
[0.889s] [ 12%] Built target action_interfaces__rosidl_generator_c
[0.889s] [ 22%] Built target action_interfaces__rosidl_typesupport_introspection_c
[0.889s] [ 32%] Built target action_interfaces__rosidl_typesupport_c
[0.892s] [ 41%] Built target action_interfaces__rosidl_typesupport_cpp
[0.892s] [ 51%] Built target action_interfaces__rosidl_typesupport_introspection_cpp
[0.897s] [ 61%] Built target action_interfaces__rosidl_typesupport_fastrtps_cpp
[0.917s] [ 70%] Built target action_interfaces__rosidl_typesupport_fastrtps_c
[0.943s] [ 70%] Built target action_interfaces
[0.968s] [ 74%] Built target action_interfaces__py
[1.002s] [ 80%] Built target action_interfaces__python
[1.028s] [ 87%] Built target action_interfaces__rosidl_typesupport_c__pyext
[1.028s] [ 93%] Built target action_interfaces__rosidl_typesupport_fastrtps_c__pyext
[1.032s] [100%] Built target action_interfaces__rosidl_typesupport_introspection_c__pyext
[1.045s] Invoked command in '/home/tony/webots_ws/build/action_interfaces' returned '0': CMAKE_PREFIX_PATH=${CMAKE_PREFIX_PATH}:/home/tony/webots_ws/install/post_train:/home/tony/webots_ws/install/my_package:/home/tony/webots_ws/install/my_mir_package:/home/tony/webots_ws/install/multi_mir_package:/opt/ros/foxy /usr/bin/cmake --build /home/tony/webots_ws/build/action_interfaces -- -j16 -l16
[1.152s] Invoking command in '/home/tony/webots_ws/build/action_interfaces': CMAKE_PREFIX_PATH=${CMAKE_PREFIX_PATH}:/home/tony/webots_ws/install/post_train:/home/tony/webots_ws/install/my_package:/home/tony/webots_ws/install/my_mir_package:/home/tony/webots_ws/install/multi_mir_package:/opt/ros/foxy /usr/bin/cmake --install /home/tony/webots_ws/build/action_interfaces
[1.162s] -- Install configuration: ""
[1.162s] -- Up-to-date: /home/tony/webots_ws/install/action_interfaces/share/ament_index/resource_index/rosidl_interfaces/action_interfaces
[1.162s] -- Up-to-date: /home/tony/webots_ws/install/action_interfaces/include/action_interfaces
[1.162s] -- Up-to-date: /home/tony/webots_ws/install/action_interfaces/include/action_interfaces/msg
[1.163s] -- Up-to-date: /home/tony/webots_ws/install/action_interfaces/include/action_interfaces/msg/action.h
[1.163s] -- Up-to-date: /home/tony/webots_ws/install/action_interfaces/include/action_interfaces/msg/rosidl_generator_c__visibility_control.h
[1.163s] -- Up-to-date: /home/tony/webots_ws/install/action_interfaces/include/action_interfaces/msg/detail
[1.163s] -- Up-to-date: /home/tony/webots_ws/install/action_interfaces/include/action_interfaces/msg/detail/action__functions.h
[1.163s] -- Up-to-date: /home/tony/webots_ws/install/action_interfaces/include/action_interfaces/msg/detail/action__struct.h
[1.164s] -- Up-to-date: /home/tony/webots_ws/install/action_interfaces/include/action_interfaces/msg/detail/action__type_support.h
[1.164s] -- Up-to-date: /home/tony/webots_ws/install/action_interfaces/include/action_interfaces/msg/detail/action__functions.c
[1.164s] -- Up-to-date: /home/tony/webots_ws/install/action_interfaces/share/action_interfaces/environment/library_path.sh
[1.165s] -- Installing: /home/tony/webots_ws/install/action_interfaces/share/action_interfaces/environment/library_path.dsv
[1.165s] -- Up-to-date: /home/tony/webots_ws/install/action_interfaces/lib/libaction_interfaces__rosidl_generator_c.so
[1.165s] -- Up-to-date: /home/tony/webots_ws/install/action_interfaces/include/action_interfaces
[1.165s] -- Up-to-date: /home/tony/webots_ws/install/action_interfaces/include/action_interfaces/msg
[1.165s] -- Up-to-date: /home/tony/webots_ws/install/action_interfaces/include/action_interfaces/msg/rosidl_typesupport_fastrtps_c__visibility_control.h
[1.165s] -- Up-to-date: /home/tony/webots_ws/install/action_interfaces/include/action_interfaces/msg/detail
[1.166s] -- Up-to-date: /home/tony/webots_ws/install/action_interfaces/include/action_interfaces/msg/detail/action__rosidl_typesupport_fastrtps_c.h
[1.169s] -- Up-to-date: /home/tony/webots_ws/install/action_interfaces/lib/libaction_interfaces__rosidl_typesupport_fastrtps_c.so
[1.169s] -- Up-to-date: /home/tony/webots_ws/install/action_interfaces/include/action_interfaces
[1.169s] -- Up-to-date: /home/tony/webots_ws/install/action_interfaces/include/action_interfaces/msg
[1.169s] -- Up-to-date: /home/tony/webots_ws/install/action_interfaces/include/action_interfaces/msg/rosidl_typesupport_fastrtps_cpp__visibility_control.h
[1.171s] -- Up-to-date: /home/tony/webots_ws/install/action_interfaces/include/action_interfaces/msg/detail
[1.171s] -- Up-to-date: /home/tony/webots_ws/install/action_interfaces/include/action_interfaces/msg/detail/dds_fastrtps
[1.171s] -- Up-to-date: /home/tony/webots_ws/install/action_interfaces/include/action_interfaces/msg/detail/action__rosidl_typesupport_fastrtps_cpp.hpp
[1.171s] -- Up-to-date: /home/tony/webots_ws/install/action_interfaces/lib/libaction_interfaces__rosidl_typesupport_fastrtps_cpp.so
[1.172s] -- Up-to-date: /home/tony/webots_ws/install/action_interfaces/include/action_interfaces
[1.172s] -- Up-to-date: /home/tony/webots_ws/install/action_interfaces/include/action_interfaces/msg
[1.172s] -- Up-to-date: /home/tony/webots_ws/install/action_interfaces/include/action_interfaces/msg/rosidl_typesupport_introspection_c__visibility_control.h
[1.172s] -- Up-to-date: /home/tony/webots_ws/install/action_interfaces/include/action_interfaces/msg/detail
[1.172s] -- Up-to-date: /home/tony/webots_ws/install/action_interfaces/include/action_interfaces/msg/detail/action__rosidl_typesupport_introspection_c.h
[1.172s] -- Up-to-date: /home/tony/webots_ws/install/action_interfaces/include/action_interfaces/msg/detail/action__type_support.c
[1.172s] -- Up-to-date: /home/tony/webots_ws/install/action_interfaces/lib/libaction_interfaces__rosidl_typesupport_introspection_c.so
[1.172s] -- Up-to-date: /home/tony/webots_ws/install/action_interfaces/lib/libaction_interfaces__rosidl_typesupport_c.so
[1.175s] -- Up-to-date: /home/tony/webots_ws/install/action_interfaces/include/action_interfaces
[1.175s] -- Up-to-date: /home/tony/webots_ws/install/action_interfaces/include/action_interfaces/msg
[1.175s] -- Up-to-date: /home/tony/webots_ws/install/action_interfaces/include/action_interfaces/msg/rosidl_generator_cpp__visibility_control.hpp
[1.175s] -- Up-to-date: /home/tony/webots_ws/install/action_interfaces/include/action_interfaces/msg/detail
[1.175s] -- Up-to-date: /home/tony/webots_ws/install/action_interfaces/include/action_interfaces/msg/detail/action__struct.hpp
[1.175s] -- Up-to-date: /home/tony/webots_ws/install/action_interfaces/include/action_interfaces/msg/detail/action__type_support.hpp
[1.175s] -- Up-to-date: /home/tony/webots_ws/install/action_interfaces/include/action_interfaces/msg/detail/action__traits.hpp
[1.175s] -- Up-to-date: /home/tony/webots_ws/install/action_interfaces/include/action_interfaces/msg/detail/action__builder.hpp
[1.175s] -- Up-to-date: /home/tony/webots_ws/install/action_interfaces/include/action_interfaces/msg/action.hpp
[1.175s] -- Up-to-date: /home/tony/webots_ws/install/action_interfaces/include/action_interfaces
[1.176s] -- Up-to-date: /home/tony/webots_ws/install/action_interfaces/include/action_interfaces/msg
[1.176s] -- Up-to-date: /home/tony/webots_ws/install/action_interfaces/include/action_interfaces/msg/detail
[1.176s] -- Up-to-date: /home/tony/webots_ws/install/action_interfaces/include/action_interfaces/msg/detail/action__rosidl_typesupport_introspection_cpp.hpp
[1.176s] -- Up-to-date: /home/tony/webots_ws/install/action_interfaces/include/action_interfaces/msg/detail/action__type_support.cpp
[1.176s] -- Up-to-date: /home/tony/webots_ws/install/action_interfaces/lib/libaction_interfaces__rosidl_typesupport_introspection_cpp.so
[1.177s] -- Up-to-date: /home/tony/webots_ws/install/action_interfaces/lib/libaction_interfaces__rosidl_typesupport_cpp.so
[1.177s] -- Up-to-date: /home/tony/webots_ws/install/action_interfaces/share/action_interfaces/environment/pythonpath.sh
[1.177s] -- Installing: /home/tony/webots_ws/install/action_interfaces/share/action_interfaces/environment/pythonpath.dsv
[1.177s] -- Installing: /home/tony/webots_ws/install/action_interfaces/lib/python3.8/site-packages/action_interfaces/__init__.py
[1.206s] Compiling '/home/tony/webots_ws/install/action_interfaces/lib/python3.8/site-packages/action_interfaces/__init__.py'...
[1.211s] -- Up-to-date: /home/tony/webots_ws/install/action_interfaces/lib/python3.8/site-packages/action_interfaces/msg
[1.211s] -- Up-to-date: /home/tony/webots_ws/install/action_interfaces/lib/python3.8/site-packages/action_interfaces/msg/__init__.py
[1.211s] -- Up-to-date: /home/tony/webots_ws/install/action_interfaces/lib/python3.8/site-packages/action_interfaces/msg/_action.py
[1.212s] -- Up-to-date: /home/tony/webots_ws/install/action_interfaces/lib/python3.8/site-packages/action_interfaces/msg/_action_s.c
[1.212s] -- Up-to-date: /home/tony/webots_ws/install/action_interfaces/lib/python3.8/site-packages/action_interfaces/action_interfaces_s__rosidl_typesupport_fastrtps_c.cpython-38-x86_64-linux-gnu.so
[1.212s] -- Up-to-date: /home/tony/webots_ws/install/action_interfaces/lib/python3.8/site-packages/action_interfaces/action_interfaces_s__rosidl_typesupport_introspection_c.cpython-38-x86_64-linux-gnu.so
[1.213s] -- Up-to-date: /home/tony/webots_ws/install/action_interfaces/lib/python3.8/site-packages/action_interfaces/action_interfaces_s__rosidl_typesupport_c.cpython-38-x86_64-linux-gnu.so
[1.214s] -- Up-to-date: /home/tony/webots_ws/install/action_interfaces/lib/libaction_interfaces__python.so
[1.214s] -- Up-to-date: /home/tony/webots_ws/install/action_interfaces/share/action_interfaces/msg/Action.idl
[1.214s] -- Installing: /home/tony/webots_ws/install/action_interfaces/share/action_interfaces/msg/Action.msg
[1.215s] -- Up-to-date: /home/tony/webots_ws/install/action_interfaces/share/ament_index/resource_index/package_run_dependencies/action_interfaces
[1.215s] -- Installing: /home/tony/webots_ws/install/action_interfaces/share/ament_index/resource_index/parent_prefix_path/action_interfaces
[1.215s] -- Up-to-date: /home/tony/webots_ws/install/action_interfaces/share/action_interfaces/environment/ament_prefix_path.sh
[1.215s] -- Installing: /home/tony/webots_ws/install/action_interfaces/share/action_interfaces/environment/ament_prefix_path.dsv
[1.215s] -- Up-to-date: /home/tony/webots_ws/install/action_interfaces/share/action_interfaces/environment/path.sh
[1.215s] -- Installing: /home/tony/webots_ws/install/action_interfaces/share/action_interfaces/environment/path.dsv
[1.216s] -- Up-to-date: /home/tony/webots_ws/install/action_interfaces/share/action_interfaces/local_setup.bash
[1.216s] -- Up-to-date: /home/tony/webots_ws/install/action_interfaces/share/action_interfaces/local_setup.sh
[1.216s] -- Up-to-date: /home/tony/webots_ws/install/action_interfaces/share/action_interfaces/local_setup.zsh
[1.222s] -- Installing: /home/tony/webots_ws/install/action_interfaces/share/action_interfaces/local_setup.dsv
[1.222s] -- Installing: /home/tony/webots_ws/install/action_interfaces/share/action_interfaces/package.dsv
[1.222s] -- Up-to-date: /home/tony/webots_ws/install/action_interfaces/share/ament_index/resource_index/packages/action_interfaces
[1.222s] -- Up-to-date: /home/tony/webots_ws/install/action_interfaces/share/action_interfaces/cmake/action_interfaces__rosidl_generator_cExport.cmake
[1.222s] -- Installing: /home/tony/webots_ws/install/action_interfaces/share/action_interfaces/cmake/action_interfaces__rosidl_generator_cExport-noconfig.cmake
[1.222s] -- Up-to-date: /home/tony/webots_ws/install/action_interfaces/share/action_interfaces/cmake/action_interfaces__rosidl_typesupport_introspection_cExport.cmake
[1.222s] -- Installing: /home/tony/webots_ws/install/action_interfaces/share/action_interfaces/cmake/action_interfaces__rosidl_typesupport_introspection_cExport-noconfig.cmake
[1.222s] -- Up-to-date: /home/tony/webots_ws/install/action_interfaces/share/action_interfaces/cmake/action_interfaces__rosidl_typesupport_cExport.cmake
[1.223s] -- Installing: /home/tony/webots_ws/install/action_interfaces/share/action_interfaces/cmake/action_interfaces__rosidl_typesupport_cExport-noconfig.cmake
[1.223s] -- Up-to-date: /home/tony/webots_ws/install/action_interfaces/share/action_interfaces/cmake/action_interfaces__rosidl_generator_cppExport.cmake
[1.223s] -- Up-to-date: /home/tony/webots_ws/install/action_interfaces/share/action_interfaces/cmake/action_interfaces__rosidl_typesupport_introspection_cppExport.cmake
[1.223s] -- Installing: /home/tony/webots_ws/install/action_interfaces/share/action_interfaces/cmake/action_interfaces__rosidl_typesupport_introspection_cppExport-noconfig.cmake
[1.223s] -- Up-to-date: /home/tony/webots_ws/install/action_interfaces/share/action_interfaces/cmake/action_interfaces__rosidl_typesupport_cppExport.cmake
[1.223s] -- Installing: /home/tony/webots_ws/install/action_interfaces/share/action_interfaces/cmake/action_interfaces__rosidl_typesupport_cppExport-noconfig.cmake
[1.223s] -- Up-to-date: /home/tony/webots_ws/install/action_interfaces/share/action_interfaces/cmake/rosidl_cmake-extras.cmake
[1.223s] -- Up-to-date: /home/tony/webots_ws/install/action_interfaces/share/action_interfaces/cmake/ament_cmake_export_dependencies-extras.cmake
[1.223s] -- Up-to-date: /home/tony/webots_ws/install/action_interfaces/share/action_interfaces/cmake/ament_cmake_export_libraries-extras.cmake
[1.223s] -- Up-to-date: /home/tony/webots_ws/install/action_interfaces/share/action_interfaces/cmake/ament_cmake_export_targets-extras.cmake
[1.224s] -- Up-to-date: /home/tony/webots_ws/install/action_interfaces/share/action_interfaces/cmake/ament_cmake_export_include_directories-extras.cmake
[1.224s] -- Up-to-date: /home/tony/webots_ws/install/action_interfaces/share/action_interfaces/cmake/rosidl_cmake_export_typesupport_libraries-extras.cmake
[1.224s] -- Up-to-date: /home/tony/webots_ws/install/action_interfaces/share/action_interfaces/cmake/rosidl_cmake_export_typesupport_targets-extras.cmake
[1.224s] -- Up-to-date: /home/tony/webots_ws/install/action_interfaces/share/action_interfaces/cmake/action_interfacesConfig.cmake
[1.224s] -- Up-to-date: /home/tony/webots_ws/install/action_interfaces/share/action_interfaces/cmake/action_interfacesConfig-version.cmake
[1.224s] -- Up-to-date: /home/tony/webots_ws/install/action_interfaces/share/action_interfaces/package.xml
[1.677s] Invoked command in '/home/tony/webots_ws/build/action_interfaces' returned '0': CMAKE_PREFIX_PATH=${CMAKE_PREFIX_PATH}:/home/tony/webots_ws/install/post_train:/home/tony/webots_ws/install/my_package:/home/tony/webots_ws/install/my_mir_package:/home/tony/webots_ws/install/multi_mir_package:/opt/ros/foxy /usr/bin/cmake --install /home/tony/webots_ws/build/action_interfaces
