/home/tony/webots_ws/install/multi_mir_package/lib/python3.8/site-packages/multi_mir_package/__init__.py
/home/tony/webots_ws/install/multi_mir_package/lib/python3.8/site-packages/multi_mir_package/mir_robot_1_driver.py
/home/tony/webots_ws/install/multi_mir_package/lib/python3.8/site-packages/multi_mir_package/mir_robot_2_driver.py
/home/tony/webots_ws/install/multi_mir_package/lib/python3.8/site-packages/multi_mir_package/mir_robot_3_driver.py
/home/tony/webots_ws/install/multi_mir_package/lib/python3.8/site-packages/multi_mir_package/__pycache__/__init__.cpython-38.pyc
/home/tony/webots_ws/install/multi_mir_package/lib/python3.8/site-packages/multi_mir_package/__pycache__/mir_robot_1_driver.cpython-38.pyc
/home/tony/webots_ws/install/multi_mir_package/lib/python3.8/site-packages/multi_mir_package/__pycache__/mir_robot_2_driver.cpython-38.pyc
/home/tony/webots_ws/install/multi_mir_package/lib/python3.8/site-packages/multi_mir_package/__pycache__/mir_robot_3_driver.cpython-38.pyc
/home/tony/webots_ws/install/multi_mir_package/share/ament_index/resource_index/packages/multi_mir_package
/home/tony/webots_ws/install/multi_mir_package/share/multi_mir_package/launch/multi_mir_launch.py
/home/tony/webots_ws/install/multi_mir_package/share/multi_mir_package/worlds/multi_robot_world.wbt
/home/tony/webots_ws/install/multi_mir_package/share/multi_mir_package/resource/mir_robot_1.urdf
/home/tony/webots_ws/install/multi_mir_package/share/multi_mir_package/resource/mir_robot_2.urdf
/home/tony/webots_ws/install/multi_mir_package/share/multi_mir_package/resource/mir_robot_3.urdf
/home/tony/webots_ws/install/multi_mir_package/share/multi_mir_package/package.xml
/home/tony/webots_ws/install/multi_mir_package/share/multi_mir_package/config/mir100.rviz
/home/tony/webots_ws/install/multi_mir_package/lib/python3.8/site-packages/multi_mir_package-0.0.0-py3.8.egg-info/SOURCES.txt
/home/tony/webots_ws/install/multi_mir_package/lib/python3.8/site-packages/multi_mir_package-0.0.0-py3.8.egg-info/zip-safe
/home/tony/webots_ws/install/multi_mir_package/lib/python3.8/site-packages/multi_mir_package-0.0.0-py3.8.egg-info/PKG-INFO
/home/tony/webots_ws/install/multi_mir_package/lib/python3.8/site-packages/multi_mir_package-0.0.0-py3.8.egg-info/top_level.txt
/home/tony/webots_ws/install/multi_mir_package/lib/python3.8/site-packages/multi_mir_package-0.0.0-py3.8.egg-info/entry_points.txt
/home/tony/webots_ws/install/multi_mir_package/lib/python3.8/site-packages/multi_mir_package-0.0.0-py3.8.egg-info/requires.txt
/home/tony/webots_ws/install/multi_mir_package/lib/python3.8/site-packages/multi_mir_package-0.0.0-py3.8.egg-info/dependency_links.txt
/home/tony/webots_ws/install/multi_mir_package/lib/my_mir_package/mir_robot_1_driver
/home/tony/webots_ws/install/multi_mir_package/lib/my_mir_package/mir_robot_2_driver
/home/tony/webots_ws/install/multi_mir_package/lib/my_mir_package/mir_robot_3_driver
