[0.197s] Invoking command in '/home/tony/webots_ws/build/mpc_controller': CMAKE_PREFIX_PATH=/home/tony/webots_ws/install/traj_interfaces:/home/tony/webots_ws/install/motor_interfaces:/home/tony/webots_ws/install/traj_publish:/home/tony/webots_ws/install/my_package:/home/tony/webots_ws/install/my_mir_package:/opt/ros/foxy PYTHONPATH=/home/tony/webots_ws/install/traj_interfaces/lib/python3.8/site-packages:/home/tony/webots_ws/install/motor_interfaces/lib/python3.8/site-packages:/home/tony/webots_ws/install/my_package/lib/python3.8/site-packages:/home/tony/webots_ws/install/my_mir_package/lib/python3.8/site-packages:/opt/ros/foxy/lib/python3.8/site-packages /usr/bin/cmake --build /home/tony/webots_ws/build/mpc_controller -- -j16 -l16
[0.222s] -- Found ament_cmake: 0.9.12 (/opt/ros/foxy/share/ament_cmake/cmake)
[0.242s] -- Using PYTHON_EXECUTABLE: /usr/bin/python3
[0.397s] -- Found rclcpp: 2.4.3 (/opt/ros/foxy/share/rclcpp/cmake)
[0.426s] -- Using all available rosidl_typesupport_c: rosidl_typesupport_fastrtps_c;rosidl_typesupport_introspection_c
[0.428s] -- Found rosidl_adapter: 1.3.1 (/opt/ros/foxy/share/rosidl_adapter/cmake)
[0.539s] -- Using all available rosidl_typesupport_cpp: rosidl_typesupport_fastrtps_cpp;rosidl_typesupport_introspection_cpp
[0.577s] -- Found rmw_implementation_cmake: 1.0.4 (/opt/ros/foxy/share/rmw_implementation_cmake/cmake)
[0.578s] -- Using RMW implementation 'rmw_fastrtps_cpp' as default
[0.686s] -- Found geometry_msgs: 2.0.5 (/opt/ros/foxy/share/geometry_msgs/cmake)
[0.710s] -- Found nav_msgs: 2.0.5 (/opt/ros/foxy/share/nav_msgs/cmake)
[0.761s] -- Found tf2: 0.13.14 (/opt/ros/foxy/share/tf2/cmake)
[0.768s] -- Found tf2_geometry_msgs: 0.13.14 (/opt/ros/foxy/share/tf2_geometry_msgs/cmake)
[0.772s] -- Found eigen3_cmake_module: 0.1.1 (/opt/ros/foxy/share/eigen3_cmake_module/cmake)
[1.032s] -- Found motor_interfaces: 0.0.0 (/home/tony/webots_ws/install/motor_interfaces/share/motor_interfaces/cmake)
[1.037s] -- Found traj_interfaces: 0.0.0 (/home/tony/webots_ws/install/traj_interfaces/share/traj_interfaces/cmake)
[1.079s] -- Found ament_lint_auto: 0.9.8 (/opt/ros/foxy/share/ament_lint_auto/cmake)
[1.128s] -- Added test 'copyright' to check source files copyright and LICENSE
[1.128s] -- Added test 'cppcheck' to perform static code analysis on C / C++ code
[1.128s] -- Configured cppcheck include dirs: 
[1.128s] -- Configured cppcheck exclude dirs and/or files: 
[1.129s] -- Added test 'cpplint' to check C / C++ code against the Google style
[1.129s] -- Configured cpplint exclude dirs and/or files: 
[1.130s] -- Added test 'lint_cmake' to check CMake code style
[1.130s] -- Added test 'uncrustify' to check C / C++ code style
[1.130s] -- Configured uncrustify additional arguments: 
[1.131s] -- Added test 'xmllint' to check XML markup files
[1.136s] -- Configuring done
[1.136s] CMake Error at CMakeLists.txt:49 (add_executable):
[1.136s]   Cannot find source file:
[1.137s] 
[1.137s]     src/bspline_planner.cpp
[1.137s] 
[1.137s]   Tried extensions .c .C .c++ .cc .cpp .cxx .cu .m .M .mm .h .hh .h++ .hm
[1.137s]   .hpp .hxx .in .txx
[1.137s] 
[1.137s] 
[1.138s] CMake Error at CMakeLists.txt:49 (add_executable):
[1.138s]   No SOURCES given to target: control_node
[1.138s] 
[1.138s] 
[1.138s] CMake Generate step failed.  Build files cannot be regenerated correctly.
[1.143s] make: *** [Makefile:266: cmake_check_build_system] Error 1
[1.145s] Invoked command in '/home/tony/webots_ws/build/mpc_controller' returned '2': CMAKE_PREFIX_PATH=/home/tony/webots_ws/install/traj_interfaces:/home/tony/webots_ws/install/motor_interfaces:/home/tony/webots_ws/install/traj_publish:/home/tony/webots_ws/install/my_package:/home/tony/webots_ws/install/my_mir_package:/opt/ros/foxy PYTHONPATH=/home/tony/webots_ws/install/traj_interfaces/lib/python3.8/site-packages:/home/tony/webots_ws/install/motor_interfaces/lib/python3.8/site-packages:/home/tony/webots_ws/install/my_package/lib/python3.8/site-packages:/home/tony/webots_ws/install/my_mir_package/lib/python3.8/site-packages:/opt/ros/foxy/lib/python3.8/site-packages /usr/bin/cmake --build /home/tony/webots_ws/build/mpc_controller -- -j16 -l16
