[0.219s] Invoking command in '/home/tony/webots_ws/build/traj_publish': CMAKE_PREFIX_PATH=/home/tony/webots_ws/install/traj_interfaces:/home/tony/webots_ws/install/traj_publish:/home/tony/webots_ws/install/mpc_controller:/home/tony/webots_ws/install/motor_interfaces:/home/tony/webots_ws/install/my_package:/home/tony/webots_ws/install/my_mir_package:/opt/ros/foxy /usr/bin/cmake --build /home/tony/webots_ws/build/traj_publish -- -j16 -l16
[0.274s] [35m[1mScanning dependencies of target traj_pub[0m
[0.347s] [ 33%] [32mBuilding CXX object CMakeFiles/traj_pub.dir/src/traj_pub.cpp.o[0m
[2.419s] [01m[K/home/tony/webots_ws/src/traj_publish/src/traj_pub.cpp:[m[K In member function ‘[01m[Kvoid TrajectoryPublisher::publishBspline()[m[K’:
[2.419s] [01m[K/home/tony/webots_ws/src/traj_publish/src/traj_pub.cpp:40:32:[m[K [01;35m[Kwarning: [m[Kleft operand of comma operator has no effect [[01;35m[K-Wunused-value[m[K]
[2.419s]    40 |            0.0, 0.0, 0.0, 0.0; [01;35m[K0[m[K,0, 0.0,// 第三行：z坐标
[2.419s]       |                                [01;35m[K^[m[K
[2.419s] [01m[K/home/tony/webots_ws/src/traj_publish/src/traj_pub.cpp:40:37:[m[K [01;35m[Kwarning: [m[Kright operand of comma operator has no effect [[01;35m[K-Wunused-value[m[K]
[2.419s]    40 |            0.0, 0.0, 0.0, 0.0; 0,0, [01;35m[K0.0[m[K,// 第三行：z坐标
[2.420s]       |                                     [01;35m[K^~~[m[K
[2.420s] [01m[K/home/tony/webots_ws/src/traj_publish/src/traj_pub.cpp:41:47:[m[K [01;35m[Kwarning: [m[Kright operand of comma operator has no effect [[01;35m[K-Wunused-value[m[K]
[2.420s]    41 |         bspline.pos_pts.reserve(pos_pts.cols()[01;35m[K)[m[K; // 预留足够的空间来存储控制点
[2.420s]       |                                               [01;35m[K^[m[K
[2.424s] [01m[K/home/tony/webots_ws/src/traj_publish/src/traj_pub.cpp:56:9:[m[K [01;31m[Kerror: [m[K‘[01m[Kmid_knota[m[K’ was not declared in this scope
[2.424s]    56 |         [01;31m[Kmid_knota[m[K = Eigen::VectorXd::LinSpaced(mid, 0.0, pos_pts.cols());
[2.424s]       |         [01;31m[K^~~~~~~~~[m[K
[3.215s] make[2]: *** [CMakeFiles/traj_pub.dir/build.make:63: CMakeFiles/traj_pub.dir/src/traj_pub.cpp.o] Error 1
[3.215s] make[1]: *** [CMakeFiles/Makefile2:78: CMakeFiles/traj_pub.dir/all] Error 2
[3.215s] make: *** [Makefile:141: all] Error 2
[3.217s] Invoked command in '/home/tony/webots_ws/build/traj_publish' returned '2': CMAKE_PREFIX_PATH=/home/tony/webots_ws/install/traj_interfaces:/home/tony/webots_ws/install/traj_publish:/home/tony/webots_ws/install/mpc_controller:/home/tony/webots_ws/install/motor_interfaces:/home/tony/webots_ws/install/my_package:/home/tony/webots_ws/install/my_mir_package:/opt/ros/foxy /usr/bin/cmake --build /home/tony/webots_ws/build/traj_publish -- -j16 -l16
