[0.701s] Invoking command in '/home/tony/webots_ws/src/my_mir_package': PYTHONPATH=/home/tony/webots_ws/build/my_mir_package/prefix_override:/home/tony/webots_ws/install/my_mir_package/lib/python3.8/site-packages:${PYTHONPATH} /usr/bin/python3 -W ignore:setup.py install is deprecated setup.py egg_info --egg-base ../../build/my_mir_package build --build-base /home/tony/webots_ws/build/my_mir_package/build install --record /home/tony/webots_ws/build/my_mir_package/install.log --install-scripts $base/lib/my_mir_package --single-version-externally-managed install_data
[0.863s] running egg_info
[0.864s] writing ../../build/my_mir_package/my_mir_package.egg-info/PKG-INFO
[0.864s] writing dependency_links to ../../build/my_mir_package/my_mir_package.egg-info/dependency_links.txt
[0.864s] writing entry points to ../../build/my_mir_package/my_mir_package.egg-info/entry_points.txt
[0.864s] writing requirements to ../../build/my_mir_package/my_mir_package.egg-info/requires.txt
[0.864s] writing top-level names to ../../build/my_mir_package/my_mir_package.egg-info/top_level.txt
[0.890s] reading manifest file '../../build/my_mir_package/my_mir_package.egg-info/SOURCES.txt'
[0.891s] writing manifest file '../../build/my_mir_package/my_mir_package.egg-info/SOURCES.txt'
[0.891s] running build
[0.891s] running build_py
[0.891s] running install
[0.892s] running install_lib
[0.893s] running install_data
[0.893s] running install_egg_info
[0.894s] removing '/home/tony/webots_ws/install/my_mir_package/lib/python3.8/site-packages/my_mir_package-0.0.0-py3.8.egg-info' (and everything under it)
[0.894s] Copying ../../build/my_mir_package/my_mir_package.egg-info to /home/tony/webots_ws/install/my_mir_package/lib/python3.8/site-packages/my_mir_package-0.0.0-py3.8.egg-info
[0.895s] running install_scripts
[0.909s] Installing my_mir_driver script to /home/tony/webots_ws/install/my_mir_package/lib/my_mir_package
[0.909s] writing list of installed files to '/home/tony/webots_ws/build/my_mir_package/install.log'
[0.933s] Invoked command in '/home/tony/webots_ws/src/my_mir_package' returned '0': PYTHONPATH=/home/tony/webots_ws/build/my_mir_package/prefix_override:/home/tony/webots_ws/install/my_mir_package/lib/python3.8/site-packages:${PYTHONPATH} /usr/bin/python3 -W ignore:setup.py install is deprecated setup.py egg_info --egg-base ../../build/my_mir_package build --build-base /home/tony/webots_ws/build/my_mir_package/build install --record /home/tony/webots_ws/build/my_mir_package/install.log --install-scripts $base/lib/my_mir_package --single-version-externally-managed install_data
