[0.199s] Invoking command in '/home/tony/webots_ws/build/qpOASES': /usr/bin/cmake /home/tony/webots_ws/src/qpOASES -DCMAKE_INSTALL_PREFIX=/home/tony/webots_ws/install/qpOASES
[0.264s] -- The CXX compiler identification is GNU 9.4.0
[0.270s] -- Check for working CXX compiler: /usr/bin/c++
[0.342s] -- Check for working CXX compiler: /usr/bin/c++ -- works
[0.343s] -- Detecting CXX compiler ABI info
[0.415s] -- Detecting CXX compiler ABI info - done
[0.427s] -- Detecting CXX compile features
[0.428s] -- Detecting CXX compile features - done
[0.429s] -- Configuring done
[0.442s] -- Generating done
[0.443s] -- Build files have been written to: /home/tony/webots_ws/build/qpOASES
[0.446s] Invoked command in '/home/tony/webots_ws/build/qpOASES' returned '0': /usr/bin/cmake /home/tony/webots_ws/src/qpOASES -DCMAKE_INSTALL_PREFIX=/home/tony/webots_ws/install/qpOASES
[0.449s] Invoking command in '/home/tony/webots_ws/build/qpOASES': /usr/bin/cmake --build /home/tony/webots_ws/build/qpOASES -- -j16 -l16
[0.489s] [35m[1mScanning dependencies of target qpOASES[0m
[0.513s] [  2%] [32mBuilding CXX object CMakeFiles/qpOASES.dir/src/BLASReplacement.cpp.o[0m
[0.513s] [  4%] [32mBuilding CXX object CMakeFiles/qpOASES.dir/src/LAPACKReplacement.cpp.o[0m
[0.514s] [  7%] [32mBuilding CXX object CMakeFiles/qpOASES.dir/src/Flipper.cpp.o[0m
[0.514s] [  9%] [32mBuilding CXX object CMakeFiles/qpOASES.dir/src/Bounds.cpp.o[0m
[0.514s] [ 14%] [32mBuilding CXX object CMakeFiles/qpOASES.dir/src/MessageHandling.cpp.o[0m
[0.514s] [ 14%] [32mBuilding CXX object CMakeFiles/qpOASES.dir/src/Constraints.cpp.o[0m
[0.515s] [ 17%] [32mBuilding CXX object CMakeFiles/qpOASES.dir/src/Indexlist.cpp.o[0m
[0.515s] [ 19%] [32mBuilding CXX object CMakeFiles/qpOASES.dir/src/QProblem.cpp.o[0m
[0.515s] [ 21%] [32mBuilding CXX object CMakeFiles/qpOASES.dir/src/OQPinterface.cpp.o[0m
[0.515s] [ 24%] [32mBuilding CXX object CMakeFiles/qpOASES.dir/src/Options.cpp.o[0m
[0.516s] [ 26%] [32mBuilding CXX object CMakeFiles/qpOASES.dir/src/Matrices.cpp.o[0m
[0.521s] [ 29%] [32mBuilding CXX object CMakeFiles/qpOASES.dir/src/SQProblem.cpp.o[0m
[0.521s] [ 31%] [32mBuilding CXX object CMakeFiles/qpOASES.dir/src/QProblemB.cpp.o[0m
[0.521s] [ 34%] [32mBuilding CXX object CMakeFiles/qpOASES.dir/src/SQProblemSchur.cpp.o[0m
[0.576s] [ 36%] [32mBuilding CXX object CMakeFiles/qpOASES.dir/src/SparseSolver.cpp.o[0m
[0.585s] [ 39%] [32mBuilding CXX object CMakeFiles/qpOASES.dir/src/SolutionAnalysis.cpp.o[0m
[0.686s] [01m[K/home/tony/webots_ws/src/qpOASES/src/MessageHandling.cpp:[m[K In member function ‘[01m[KqpOASES::returnValue qpOASES::MessageHandling::throwMessage(qpOASES::returnValue, const char*, const char*, const char*, long unsigned int, qpOASES::VisibilityStatus, const char*)[m[K’:
[0.686s] [01m[K/home/tony/webots_ws/src/qpOASES/src/MessageHandling.cpp:517:50:[m[K [01;35m[Kwarning: [m[K‘[01m[K->[m[K’ directive output may be truncated writing 2 bytes into a region of size between 1 and 160 [[01;35m[K-Wformat-truncation=[m[K]
[0.686s]   517 |    snprintf( myPrintfString,MAX_STRING_LENGTH,"%s[01;35m[K->[m[K", whitespaces );
[0.687s]       |                                                  [01;35m[K^~[m[K
[0.687s] In file included from [01m[K/usr/include/stdio.h:867[m[K,
[0.687s]                  from [01m[K/home/tony/webots_ws/src/qpOASES/src/MessageHandling.cpp:36[m[K:
[0.687s] [01m[K/usr/include/x86_64-linux-gnu/bits/stdio2.h:67:35:[m[K [01;36m[Knote: [m[K‘[01m[K__builtin___snprintf_chk[m[K’ output between 3 and 162 bytes into a destination of size 160
[0.687s]    67 |   return [01;36m[K__builtin___snprintf_chk (__s, __n, __USE_FORTIFY_LEVEL - 1,[m[K
[0.687s]       |          [01;36m[K~~~~~~~~~~~~~~~~~~~~~~~~~^~~~~~~~~~~~~~~~~~~~~~~~~~~~~~~~~~~[m[K
[0.687s]    68 | [01;36m[K       __bos (__s), __fmt, __va_arg_pack ())[m[K;
[0.687s]       |        [01;36m[K~~~~~~~~~~~~~~~~~~~~~~~~~~~~~~~~~~~~~[m[K
[0.742s] [01m[K/home/tony/webots_ws/src/qpOASES/src/Options.cpp:[m[K In member function ‘[01m[KqpOASES::returnValue qpOASES::Options::print() const[m[K’:
[0.742s] [01m[K/home/tony/webots_ws/src/qpOASES/src/Options.cpp:386:80:[m[K [01;35m[Kwarning: [m[K‘[01m[K%s[m[K’ directive output may be truncated writing up to 159 bytes into a region of size 126 [[01;35m[K-Wformat-truncation=[m[K]
[0.742s]   386 |  snprintf( myPrintfString,MAX_STRING_LENGTH,"printLevel                     =  [01;35m[K%s[m[K\n",[32m[Kinfo[m[K );
[0.742s]       |                                                                                [01;35m[K^~[m[K    [32m[K~~~~[m[K
[0.743s] In file included from [01m[K/usr/include/stdio.h:867[m[K,
[0.743s]                  from [01m[K/home/tony/webots_ws/src/qpOASES/include/qpOASES/MessageHandling.hpp:39[m[K,
[0.743s]                  from [01m[K/home/tony/webots_ws/src/qpOASES/include/qpOASES/Utils.hpp:39[m[K,
[0.743s]                  from [01m[K/home/tony/webots_ws/src/qpOASES/include/qpOASES/Options.hpp:40[m[K,
[0.744s]                  from [01m[K/home/tony/webots_ws/src/qpOASES/src/Options.cpp:36[m[K:
[0.744s] [01m[K/usr/include/x86_64-linux-gnu/bits/stdio2.h:67:35:[m[K [01;36m[Knote: [m[K‘[01m[K__builtin___snprintf_chk[m[K’ output between 36 and 195 bytes into a destination of size 160
[0.744s]    67 |   return [01;36m[K__builtin___snprintf_chk (__s, __n, __USE_FORTIFY_LEVEL - 1,[m[K
[0.744s]       |          [01;36m[K~~~~~~~~~~~~~~~~~~~~~~~~~^~~~~~~~~~~~~~~~~~~~~~~~~~~~~~~~~~~[m[K
[0.744s]    68 | [01;36m[K       __bos (__s), __fmt, __va_arg_pack ())[m[K;
[0.744s]       |        [01;36m[K~~~~~~~~~~~~~~~~~~~~~~~~~~~~~~~~~~~~~[m[K
[0.744s] [01m[K/home/tony/webots_ws/src/qpOASES/src/Options.cpp:392:80:[m[K [01;35m[Kwarning: [m[K‘[01m[K%s[m[K’ directive output may be truncated writing up to 159 bytes into a region of size 126 [[01;35m[K-Wformat-truncation=[m[K]
[0.744s]   392 |  snprintf( myPrintfString,MAX_STRING_LENGTH,"enableRamping                  =  [01;35m[K%s[m[K\n",[32m[Kinfo[m[K );
[0.744s]       |                                                                                [01;35m[K^~[m[K    [32m[K~~~~[m[K
[0.744s] In file included from [01m[K/usr/include/stdio.h:867[m[K,
[0.744s]                  from [01m[K/home/tony/webots_ws/src/qpOASES/include/qpOASES/MessageHandling.hpp:39[m[K,
[0.744s]                  from [01m[K/home/tony/webots_ws/src/qpOASES/include/qpOASES/Utils.hpp:39[m[K,
[0.745s]                  from [01m[K/home/tony/webots_ws/src/qpOASES/include/qpOASES/Options.hpp:40[m[K,
[0.745s]                  from [01m[K/home/tony/webots_ws/src/qpOASES/src/Options.cpp:36[m[K:
[0.745s] [01m[K/usr/include/x86_64-linux-gnu/bits/stdio2.h:67:35:[m[K [01;36m[Knote: [m[K‘[01m[K__builtin___snprintf_chk[m[K’ output between 36 and 195 bytes into a destination of size 160
[0.745s]    67 |   return [01;36m[K__builtin___snprintf_chk (__s, __n, __USE_FORTIFY_LEVEL - 1,[m[K
[0.745s]       |          [01;36m[K~~~~~~~~~~~~~~~~~~~~~~~~~^~~~~~~~~~~~~~~~~~~~~~~~~~~~~~~~~~~[m[K
[0.745s]    68 | [01;36m[K       __bos (__s), __fmt, __va_arg_pack ())[m[K;
[0.745s]       |        [01;36m[K~~~~~~~~~~~~~~~~~~~~~~~~~~~~~~~~~~~~~[m[K
[0.745s] [01m[K/home/tony/webots_ws/src/qpOASES/src/Options.cpp:396:80:[m[K [01;35m[Kwarning: [m[K‘[01m[K%s[m[K’ directive output may be truncated writing up to 159 bytes into a region of size 126 [[01;35m[K-Wformat-truncation=[m[K]
[0.745s]   396 |  snprintf( myPrintfString,MAX_STRING_LENGTH,"enableFarBounds                =  [01;35m[K%s[m[K\n",[32m[Kinfo[m[K );
[0.745s]       |                                                                                [01;35m[K^~[m[K    [32m[K~~~~[m[K
[0.745s] In file included from [01m[K/usr/include/stdio.h:867[m[K,
[0.746s]                  from [01m[K/home/tony/webots_ws/src/qpOASES/include/qpOASES/MessageHandling.hpp:39[m[K,
[0.746s]                  from [01m[K/home/tony/webots_ws/src/qpOASES/include/qpOASES/Utils.hpp:39[m[K,
[0.746s]                  from [01m[K/home/tony/webots_ws/src/qpOASES/include/qpOASES/Options.hpp:40[m[K,
[0.746s]                  from [01m[K/home/tony/webots_ws/src/qpOASES/src/Options.cpp:36[m[K:
[0.746s] [01m[K/usr/include/x86_64-linux-gnu/bits/stdio2.h:67:35:[m[K [01;36m[Knote: [m[K‘[01m[K__builtin___snprintf_chk[m[K’ output between 36 and 195 bytes into a destination of size 160
[0.746s]    67 |   return [01;36m[K__builtin___snprintf_chk (__s, __n, __USE_FORTIFY_LEVEL - 1,[m[K
[0.746s]       |          [01;36m[K~~~~~~~~~~~~~~~~~~~~~~~~~^~~~~~~~~~~~~~~~~~~~~~~~~~~~~~~~~~~[m[K
[0.746s]    68 | [01;36m[K       __bos (__s), __fmt, __va_arg_pack ())[m[K;
[0.746s]       |        [01;36m[K~~~~~~~~~~~~~~~~~~~~~~~~~~~~~~~~~~~~~[m[K
[0.746s] [01m[K/home/tony/webots_ws/src/qpOASES/src/Options.cpp:400:80:[m[K [01;35m[Kwarning: [m[K‘[01m[K%s[m[K’ directive output may be truncated writing up to 159 bytes into a region of size 126 [[01;35m[K-Wformat-truncation=[m[K]
[0.746s]   400 |  snprintf( myPrintfString,MAX_STRING_LENGTH,"enableFlippingBounds           =  [01;35m[K%s[m[K\n",[32m[Kinfo[m[K );
[0.747s]       |                                                                                [01;35m[K^~[m[K    [32m[K~~~~[m[K
[0.747s] In file included from [01m[K/usr/include/stdio.h:867[m[K,
[0.747s]                  from [01m[K/home/tony/webots_ws/src/qpOASES/include/qpOASES/MessageHandling.hpp:39[m[K,
[0.747s]                  from [01m[K/home/tony/webots_ws/src/qpOASES/include/qpOASES/Utils.hpp:39[m[K,
[0.747s]                  from [01m[K/home/tony/webots_ws/src/qpOASES/include/qpOASES/Options.hpp:40[m[K,
[0.747s]                  from [01m[K/home/tony/webots_ws/src/qpOASES/src/Options.cpp:36[m[K:
[0.747s] [01m[K/usr/include/x86_64-linux-gnu/bits/stdio2.h:67:35:[m[K [01;36m[Knote: [m[K‘[01m[K__builtin___snprintf_chk[m[K’ output between 36 and 195 bytes into a destination of size 160
[0.747s]    67 |   return [01;36m[K__builtin___snprintf_chk (__s, __n, __USE_FORTIFY_LEVEL - 1,[m[K
[0.747s]       |          [01;36m[K~~~~~~~~~~~~~~~~~~~~~~~~~^~~~~~~~~~~~~~~~~~~~~~~~~~~~~~~~~~~[m[K
[0.747s]    68 | [01;36m[K       __bos (__s), __fmt, __va_arg_pack ())[m[K;
[0.747s]       |        [01;36m[K~~~~~~~~~~~~~~~~~~~~~~~~~~~~~~~~~~~~~[m[K
[0.748s] [01m[K/home/tony/webots_ws/src/qpOASES/src/Options.cpp:404:80:[m[K [01;35m[Kwarning: [m[K‘[01m[K%s[m[K’ directive output may be truncated writing up to 159 bytes into a region of size 126 [[01;35m[K-Wformat-truncation=[m[K]
[0.748s]   404 |  snprintf( myPrintfString,MAX_STRING_LENGTH,"enableRegularisation           =  [01;35m[K%s[m[K\n",[32m[Kinfo[m[K );
[0.748s]       |                                                                                [01;35m[K^~[m[K    [32m[K~~~~[m[K
[0.748s] In file included from [01m[K/usr/include/stdio.h:867[m[K,
[0.748s]                  from [01m[K/home/tony/webots_ws/src/qpOASES/include/qpOASES/MessageHandling.hpp:39[m[K,
[0.748s]                  from [01m[K/home/tony/webots_ws/src/qpOASES/include/qpOASES/Utils.hpp:39[m[K,
[0.748s]                  from [01m[K/home/tony/webots_ws/src/qpOASES/include/qpOASES/Options.hpp:40[m[K,
[0.748s]                  from [01m[K/home/tony/webots_ws/src/qpOASES/src/Options.cpp:36[m[K:
[0.748s] [01m[K/usr/include/x86_64-linux-gnu/bits/stdio2.h:67:35:[m[K [01;36m[Knote: [m[K‘[01m[K__builtin___snprintf_chk[m[K’ output between 36 and 195 bytes into a destination of size 160
[0.748s]    67 |   return [01;36m[K__builtin___snprintf_chk (__s, __n, __USE_FORTIFY_LEVEL - 1,[m[K
[0.748s]       |          [01;36m[K~~~~~~~~~~~~~~~~~~~~~~~~~^~~~~~~~~~~~~~~~~~~~~~~~~~~~~~~~~~~[m[K
[0.748s]    68 | [01;36m[K       __bos (__s), __fmt, __va_arg_pack ())[m[K;
[0.749s]       |        [01;36m[K~~~~~~~~~~~~~~~~~~~~~~~~~~~~~~~~~~~~~[m[K
[0.749s] [01m[K/home/tony/webots_ws/src/qpOASES/src/Options.cpp:408:80:[m[K [01;35m[Kwarning: [m[K‘[01m[K%s[m[K’ directive output may be truncated writing up to 159 bytes into a region of size 126 [[01;35m[K-Wformat-truncation=[m[K]
[0.749s]   408 |  snprintf( myPrintfString,MAX_STRING_LENGTH,"enableFullLITests              =  [01;35m[K%s[m[K\n",[32m[Kinfo[m[K );
[0.749s]       |                                                                                [01;35m[K^~[m[K    [32m[K~~~~[m[K
[0.749s] In file included from [01m[K/usr/include/stdio.h:867[m[K,
[0.749s]                  from [01m[K/home/tony/webots_ws/src/qpOASES/include/qpOASES/MessageHandling.hpp:39[m[K,
[0.749s]                  from [01m[K/home/tony/webots_ws/src/qpOASES/include/qpOASES/Utils.hpp:39[m[K,
[0.749s]                  from [01m[K/home/tony/webots_ws/src/qpOASES/include/qpOASES/Options.hpp:40[m[K,
[0.749s]                  from [01m[K/home/tony/webots_ws/src/qpOASES/src/Options.cpp:36[m[K:
[0.749s] [01m[K/usr/include/x86_64-linux-gnu/bits/stdio2.h:67:35:[m[K [01;36m[Knote: [m[K‘[01m[K__builtin___snprintf_chk[m[K’ output between 36 and 195 bytes into a destination of size 160
[0.749s]    67 |   return [01;36m[K__builtin___snprintf_chk (__s, __n, __USE_FORTIFY_LEVEL - 1,[m[K
[0.750s]       |          [01;36m[K~~~~~~~~~~~~~~~~~~~~~~~~~^~~~~~~~~~~~~~~~~~~~~~~~~~~~~~~~~~~[m[K
[0.750s]    68 | [01;36m[K       __bos (__s), __fmt, __va_arg_pack ())[m[K;
[0.750s]       |        [01;36m[K~~~~~~~~~~~~~~~~~~~~~~~~~~~~~~~~~~~~~[m[K
[0.750s] [01m[K/home/tony/webots_ws/src/qpOASES/src/Options.cpp:412:80:[m[K [01;35m[Kwarning: [m[K‘[01m[K%s[m[K’ directive output may be truncated writing up to 159 bytes into a region of size 126 [[01;35m[K-Wformat-truncation=[m[K]
[0.750s]   412 |  snprintf( myPrintfString,MAX_STRING_LENGTH,"enableNZCTests                 =  [01;35m[K%s[m[K\n",[32m[Kinfo[m[K );
[0.750s]       |                                                                                [01;35m[K^~[m[K    [32m[K~~~~[m[K
[0.751s] In file included from [01m[K/usr/include/stdio.h:867[m[K,
[0.751s]                  from [01m[K/home/tony/webots_ws/src/qpOASES/include/qpOASES/MessageHandling.hpp:39[m[K,
[0.751s]                  from [01m[K/home/tony/webots_ws/src/qpOASES/include/qpOASES/Utils.hpp:39[m[K,
[0.751s]                  from [01m[K/home/tony/webots_ws/src/qpOASES/include/qpOASES/Options.hpp:40[m[K,
[0.751s]                  from [01m[K/home/tony/webots_ws/src/qpOASES/src/Options.cpp:36[m[K:
[0.751s] [01m[K/usr/include/x86_64-linux-gnu/bits/stdio2.h:67:35:[m[K [01;36m[Knote: [m[K‘[01m[K__builtin___snprintf_chk[m[K’ output between 36 and 195 bytes into a destination of size 160
[0.751s]    67 |   return [01;36m[K__builtin___snprintf_chk (__s, __n, __USE_FORTIFY_LEVEL - 1,[m[K
[0.751s]       |          [01;36m[K~~~~~~~~~~~~~~~~~~~~~~~~~^~~~~~~~~~~~~~~~~~~~~~~~~~~~~~~~~~~[m[K
[0.751s]    68 | [01;36m[K       __bos (__s), __fmt, __va_arg_pack ())[m[K;
[0.751s]       |        [01;36m[K~~~~~~~~~~~~~~~~~~~~~~~~~~~~~~~~~~~~~[m[K
[0.751s] [01m[K/home/tony/webots_ws/src/qpOASES/src/Options.cpp:422:80:[m[K [01;35m[Kwarning: [m[K‘[01m[K%s[m[K’ directive output may be truncated writing up to 159 bytes into a region of size 126 [[01;35m[K-Wformat-truncation=[m[K]
[0.752s]   422 |  snprintf( myPrintfString,MAX_STRING_LENGTH,"enableEqualities               =  [01;35m[K%s[m[K\n",[32m[Kinfo[m[K );
[0.752s]       |                                                                                [01;35m[K^~[m[K    [32m[K~~~~[m[K
[0.752s] In file included from [01m[K/usr/include/stdio.h:867[m[K,
[0.752s]                  from [01m[K/home/tony/webots_ws/src/qpOASES/include/qpOASES/MessageHandling.hpp:39[m[K,
[0.752s]                  from [01m[K/home/tony/webots_ws/src/qpOASES/include/qpOASES/Utils.hpp:39[m[K,
[0.752s]                  from [01m[K/home/tony/webots_ws/src/qpOASES/include/qpOASES/Options.hpp:40[m[K,
[0.752s]                  from [01m[K/home/tony/webots_ws/src/qpOASES/src/Options.cpp:36[m[K:
[0.752s] [01m[K/usr/include/x86_64-linux-gnu/bits/stdio2.h:67:35:[m[K [01;36m[Knote: [m[K‘[01m[K__builtin___snprintf_chk[m[K’ output between 36 and 195 bytes into a destination of size 160
[0.752s]    67 |   return [01;36m[K__builtin___snprintf_chk (__s, __n, __USE_FORTIFY_LEVEL - 1,[m[K
[0.752s]       |          [01;36m[K~~~~~~~~~~~~~~~~~~~~~~~~~^~~~~~~~~~~~~~~~~~~~~~~~~~~~~~~~~~~[m[K
[0.752s]    68 | [01;36m[K       __bos (__s), __fmt, __va_arg_pack ())[m[K;
[0.753s]       |        [01;36m[K~~~~~~~~~~~~~~~~~~~~~~~~~~~~~~~~~~~~~[m[K
[0.753s] [01m[K/home/tony/webots_ws/src/qpOASES/src/Options.cpp:426:80:[m[K [01;35m[Kwarning: [m[K‘[01m[K%s[m[K’ directive output may be truncated writing up to 159 bytes into a region of size 126 [[01;35m[K-Wformat-truncation=[m[K]
[0.753s]   426 |  snprintf( myPrintfString,MAX_STRING_LENGTH,"enableInertiaCorrection        =  [01;35m[K%s[m[K\n",[32m[Kinfo[m[K );
[0.753s]       |                                                                                [01;35m[K^~[m[K    [32m[K~~~~[m[K
[0.753s] In file included from [01m[K/usr/include/stdio.h:867[m[K,
[0.753s]                  from [01m[K/home/tony/webots_ws/src/qpOASES/include/qpOASES/MessageHandling.hpp:39[m[K,
[0.753s]                  from [01m[K/home/tony/webots_ws/src/qpOASES/include/qpOASES/Utils.hpp:39[m[K,
[0.753s]                  from [01m[K/home/tony/webots_ws/src/qpOASES/include/qpOASES/Options.hpp:40[m[K,
[0.753s]                  from [01m[K/home/tony/webots_ws/src/qpOASES/src/Options.cpp:36[m[K:
[0.753s] [01m[K/usr/include/x86_64-linux-gnu/bits/stdio2.h:67:35:[m[K [01;36m[Knote: [m[K‘[01m[K__builtin___snprintf_chk[m[K’ output between 36 and 195 bytes into a destination of size 160
[0.754s]    67 |   return [01;36m[K__builtin___snprintf_chk (__s, __n, __USE_FORTIFY_LEVEL - 1,[m[K
[0.754s]       |          [01;36m[K~~~~~~~~~~~~~~~~~~~~~~~~~^~~~~~~~~~~~~~~~~~~~~~~~~~~~~~~~~~~[m[K
[0.754s]    68 | [01;36m[K       __bos (__s), __fmt, __va_arg_pack ())[m[K;
[0.754s]       |        [01;36m[K~~~~~~~~~~~~~~~~~~~~~~~~~~~~~~~~~~~~~[m[K
[0.754s] [01m[K/home/tony/webots_ws/src/qpOASES/src/Options.cpp:470:80:[m[K [01;35m[Kwarning: [m[K‘[01m[K%s[m[K’ directive output may be truncated writing up to 159 bytes into a region of size 126 [[01;35m[K-Wformat-truncation=[m[K]
[0.754s]   470 |  snprintf( myPrintfString,MAX_STRING_LENGTH,"initialStatusBounds            =  [01;35m[K%s[m[K\n",[32m[Kinfo[m[K );
[0.754s]       |                                                                                [01;35m[K^~[m[K    [32m[K~~~~[m[K
[0.754s] In file included from [01m[K/usr/include/stdio.h:867[m[K,
[0.754s]                  from [01m[K/home/tony/webots_ws/src/qpOASES/include/qpOASES/MessageHandling.hpp:39[m[K,
[0.754s]                  from [01m[K/home/tony/webots_ws/src/qpOASES/include/qpOASES/Utils.hpp:39[m[K,
[0.754s]                  from [01m[K/home/tony/webots_ws/src/qpOASES/include/qpOASES/Options.hpp:40[m[K,
[0.755s]                  from [01m[K/home/tony/webots_ws/src/qpOASES/src/Options.cpp:36[m[K:
[0.755s] [01m[K/usr/include/x86_64-linux-gnu/bits/stdio2.h:67:35:[m[K [01;36m[Knote: [m[K‘[01m[K__builtin___snprintf_chk[m[K’ output between 36 and 195 bytes into a destination of size 160
[0.755s]    67 |   return [01;36m[K__builtin___snprintf_chk (__s, __n, __USE_FORTIFY_LEVEL - 1,[m[K
[0.755s]       |          [01;36m[K~~~~~~~~~~~~~~~~~~~~~~~~~^~~~~~~~~~~~~~~~~~~~~~~~~~~~~~~~~~~[m[K
[0.755s]    68 | [01;36m[K       __bos (__s), __fmt, __va_arg_pack ())[m[K;
[0.755s]       |        [01;36m[K~~~~~~~~~~~~~~~~~~~~~~~~~~~~~~~~~~~~~[m[K
[0.795s] [ 41%] [32mBuilding CXX object CMakeFiles/qpOASES.dir/src/SubjectTo.cpp.o[0m
[0.807s] [ 43%] [32mBuilding CXX object CMakeFiles/qpOASES.dir/src/Utils.cpp.o[0m
[1.534s] [01m[K/home/tony/webots_ws/src/qpOASES/src/QProblemB.cpp:[m[K In member function ‘[01m[KqpOASES::returnValue qpOASES::QProblemB::printIteration(qpOASES::int_t, qpOASES::int_t, qpOASES::SubjectToStatus, qpOASES::real_t, qpOASES::BooleanType)[m[K’:
[1.534s] [01m[K/home/tony/webots_ws/src/qpOASES/src/QProblemB.cpp:3837:76:[m[K [01;35m[Kwarning: [m[K‘[01m[K%s[m[K’ directive output may be truncated writing up to 159 bytes into a region of size between 119 and 135 [[01;35m[K-Wformat-truncation=[m[K]
[1.534s]  3837 |     snprintf( myPrintfString,MAX_STRING_LENGTH,"   %5.1d   |   %1.6e   |   [01;35m[K%s[m[K %4.1d   |  %4.1d   \n", (int)iter,tau,[32m[Kinfo[m[K,(int)BC_idx,(int)getNFX( ) );
[1.534s]       |                                                                            [01;35m[K^~[m[K                                       [32m[K~~~~[m[K
[1.535s] In file included from [01m[K/usr/include/stdio.h:867[m[K,
[1.535s]                  from [01m[K/home/tony/webots_ws/src/qpOASES/include/qpOASES/MessageHandling.hpp:39[m[K,
[1.535s]                  from [01m[K/home/tony/webots_ws/src/qpOASES/include/qpOASES/Utils.hpp:39[m[K,
[1.535s]                  from [01m[K/home/tony/webots_ws/src/qpOASES/include/qpOASES/Indexlist.hpp:40[m[K,
[1.535s]                  from [01m[K/home/tony/webots_ws/src/qpOASES/include/qpOASES/SubjectTo.hpp:40[m[K,
[1.535s]                  from [01m[K/home/tony/webots_ws/src/qpOASES/include/qpOASES/Bounds.hpp:40[m[K,
[1.535s]                  from [01m[K/home/tony/webots_ws/src/qpOASES/include/qpOASES/Flipper.hpp:40[m[K,
[1.535s]                  from [01m[K/home/tony/webots_ws/src/qpOASES/include/qpOASES/QProblemB.hpp:42[m[K,
[1.535s]                  from [01m[K/home/tony/webots_ws/src/qpOASES/src/QProblemB.cpp:36[m[K:
[1.535s] [01m[K/usr/include/x86_64-linux-gnu/bits/stdio2.h:67:35:[m[K [01;36m[Knote: [m[K‘[01m[K__builtin___snprintf_chk[m[K’ output between 45 and 234 bytes into a destination of size 160
[1.536s]    67 |   return [01;36m[K__builtin___snprintf_chk (__s, __n, __USE_FORTIFY_LEVEL - 1,[m[K
[1.536s]       |          [01;36m[K~~~~~~~~~~~~~~~~~~~~~~~~~^~~~~~~~~~~~~~~~~~~~~~~~~~~~~~~~~~~[m[K
[1.536s]    68 | [01;36m[K       __bos (__s), __fmt, __va_arg_pack ())[m[K;
[1.536s]       |        [01;36m[K~~~~~~~~~~~~~~~~~~~~~~~~~~~~~~~~~~~~~[m[K
[1.536s] [01m[K/home/tony/webots_ws/src/qpOASES/src/QProblemB.cpp:3827:78:[m[K [01;35m[Kwarning: [m[K‘[01m[K%s[m[K’ directive output may be truncated writing up to 159 bytes into a region of size between 118 and 134 [[01;35m[K-Wformat-truncation=[m[K]
[1.536s]  3827 |      snprintf( myPrintfString,MAX_STRING_LENGTH,"   %5.1d*  |   %1.6e   |    [01;35m[K%s[m[K SOLVED     |  %4.1d   \n", (int)iter,tau,[32m[Kinfo[m[K,(int)getNFX( ) );
[1.536s]       |                                                                              [01;35m[K^~[m[K                                          [32m[K~~~~[m[K
[1.536s] In file included from [01m[K/usr/include/stdio.h:867[m[K,
[1.536s]                  from [01m[K/home/tony/webots_ws/src/qpOASES/include/qpOASES/MessageHandling.hpp:39[m[K,
[1.537s]                  from [01m[K/home/tony/webots_ws/src/qpOASES/include/qpOASES/Utils.hpp:39[m[K,
[1.537s]                  from [01m[K/home/tony/webots_ws/src/qpOASES/include/qpOASES/Indexlist.hpp:40[m[K,
[1.537s]                  from [01m[K/home/tony/webots_ws/src/qpOASES/include/qpOASES/SubjectTo.hpp:40[m[K,
[1.537s]                  from [01m[K/home/tony/webots_ws/src/qpOASES/include/qpOASES/Bounds.hpp:40[m[K,
[1.537s]                  from [01m[K/home/tony/webots_ws/src/qpOASES/include/qpOASES/Flipper.hpp:40[m[K,
[1.537s]                  from [01m[K/home/tony/webots_ws/src/qpOASES/include/qpOASES/QProblemB.hpp:42[m[K,
[1.537s]                  from [01m[K/home/tony/webots_ws/src/qpOASES/src/QProblemB.cpp:36[m[K:
[1.538s] [01m[K/usr/include/x86_64-linux-gnu/bits/stdio2.h:67:35:[m[K [01;36m[Knote: [m[K‘[01m[K__builtin___snprintf_chk[m[K’ output between 50 and 232 bytes into a destination of size 160
[1.538s]    67 |   return [01;36m[K__builtin___snprintf_chk (__s, __n, __USE_FORTIFY_LEVEL - 1,[m[K
[1.538s]       |          [01;36m[K~~~~~~~~~~~~~~~~~~~~~~~~~^~~~~~~~~~~~~~~~~~~~~~~~~~~~~~~~~~~[m[K
[1.538s]    68 | [01;36m[K       __bos (__s), __fmt, __va_arg_pack ())[m[K;
[1.538s]       |        [01;36m[K~~~~~~~~~~~~~~~~~~~~~~~~~~~~~~~~~~~~~[m[K
[1.538s] [01m[K/home/tony/webots_ws/src/qpOASES/src/QProblemB.cpp:3825:78:[m[K [01;35m[Kwarning: [m[K‘[01m[K%s[m[K’ directive output may be truncated writing up to 159 bytes into a region of size between 118 and 134 [[01;35m[K-Wformat-truncation=[m[K]
[1.538s]  3825 |      snprintf( myPrintfString,MAX_STRING_LENGTH,"   %5.1d   |   %1.6e   |    [01;35m[K%s[m[K SOLVED     |  %4.1d   \n", (int)iter,tau,[32m[Kinfo[m[K,(int)getNFX( ) );
[1.538s]       |                                                                              [01;35m[K^~[m[K                                          [32m[K~~~~[m[K
[1.539s] In file included from [01m[K/usr/include/stdio.h:867[m[K,
[1.539s]                  from [01m[K/home/tony/webots_ws/src/qpOASES/include/qpOASES/MessageHandling.hpp:39[m[K,
[1.539s]                  from [01m[K/home/tony/webots_ws/src/qpOASES/include/qpOASES/Utils.hpp:39[m[K,
[1.539s]                  from [01m[K/home/tony/webots_ws/src/qpOASES/include/qpOASES/Indexlist.hpp:40[m[K,
[1.539s]                  from [01m[K/home/tony/webots_ws/src/qpOASES/include/qpOASES/SubjectTo.hpp:40[m[K,
[1.539s]                  from [01m[K/home/tony/webots_ws/src/qpOASES/include/qpOASES/Bounds.hpp:40[m[K,
[1.539s]                  from [01m[K/home/tony/webots_ws/src/qpOASES/include/qpOASES/Flipper.hpp:40[m[K,
[1.539s]                  from [01m[K/home/tony/webots_ws/src/qpOASES/include/qpOASES/QProblemB.hpp:42[m[K,
[1.539s]                  from [01m[K/home/tony/webots_ws/src/qpOASES/src/QProblemB.cpp:36[m[K:
[1.539s] [01m[K/usr/include/x86_64-linux-gnu/bits/stdio2.h:67:35:[m[K [01;36m[Knote: [m[K‘[01m[K__builtin___snprintf_chk[m[K’ output between 50 and 232 bytes into a destination of size 160
[1.539s]    67 |   return [01;36m[K__builtin___snprintf_chk (__s, __n, __USE_FORTIFY_LEVEL - 1,[m[K
[1.540s]       |          [01;36m[K~~~~~~~~~~~~~~~~~~~~~~~~~^~~~~~~~~~~~~~~~~~~~~~~~~~~~~~~~~~~[m[K
[1.540s]    68 | [01;36m[K       __bos (__s), __fmt, __va_arg_pack ())[m[K;
[1.540s]       |        [01;36m[K~~~~~~~~~~~~~~~~~~~~~~~~~~~~~~~~~~~~~[m[K
[2.909s] [01m[K/home/tony/webots_ws/src/qpOASES/src/QProblem.cpp:[m[K In member function ‘[01m[KqpOASES::returnValue qpOASES::QProblem::printIteration(qpOASES::int_t, qpOASES::int_t, qpOASES::SubjectToStatus, qpOASES::BooleanType, qpOASES::real_t, qpOASES::BooleanType)[m[K’:
[2.909s] [01m[K/home/tony/webots_ws/src/qpOASES/src/QProblem.cpp:6244:76:[m[K [01;35m[Kwarning: [m[K‘[01m[K%s[m[K’ directive output may be truncated writing up to 159 bytes into a region of size between 119 and 135 [[01;35m[K-Wformat-truncation=[m[K]
[2.909s]  6244 |     snprintf( myPrintfString,MAX_STRING_LENGTH,"   %5.1d   |   %1.6e   |   [01;35m[K%s[m[K %4.1d   |  %4.1d   |  %4.1d   \n", (int)iter,tau,[32m[Kinfo[m[K,(int)BC_idx,(int)getNFX( ),(int)getNAC( ) );
[2.909s]       |                                                                            [01;35m[K^~[m[K                                                  [32m[K~~~~[m[K
[2.909s] In file included from [01m[K/usr/include/stdio.h:867[m[K,
[2.910s]                  from [01m[K/home/tony/webots_ws/src/qpOASES/include/qpOASES/MessageHandling.hpp:39[m[K,
[2.910s]                  from [01m[K/home/tony/webots_ws/src/qpOASES/include/qpOASES/Utils.hpp:39[m[K,
[2.910s]                  from [01m[K/home/tony/webots_ws/src/qpOASES/include/qpOASES/Indexlist.hpp:40[m[K,
[2.910s]                  from [01m[K/home/tony/webots_ws/src/qpOASES/include/qpOASES/SubjectTo.hpp:40[m[K,
[2.910s]                  from [01m[K/home/tony/webots_ws/src/qpOASES/include/qpOASES/Bounds.hpp:40[m[K,
[2.910s]                  from [01m[K/home/tony/webots_ws/src/qpOASES/include/qpOASES/Flipper.hpp:40[m[K,
[2.910s]                  from [01m[K/home/tony/webots_ws/src/qpOASES/include/qpOASES/QProblemB.hpp:42[m[K,
[2.910s]                  from [01m[K/home/tony/webots_ws/src/qpOASES/include/qpOASES/QProblem.hpp:41[m[K,
[2.910s]                  from [01m[K/home/tony/webots_ws/src/qpOASES/src/QProblem.cpp:36[m[K:
[2.910s] [01m[K/usr/include/x86_64-linux-gnu/bits/stdio2.h:67:35:[m[K [01;36m[Knote: [m[K‘[01m[K__builtin___snprintf_chk[m[K’ output between 55 and 251 bytes into a destination of size 160
[2.910s]    67 |   return [01;36m[K__builtin___snprintf_chk (__s, __n, __USE_FORTIFY_LEVEL - 1,[m[K
[2.910s]       |          [01;36m[K~~~~~~~~~~~~~~~~~~~~~~~~~^~~~~~~~~~~~~~~~~~~~~~~~~~~~~~~~~~~[m[K
[2.910s]    68 | [01;36m[K       __bos (__s), __fmt, __va_arg_pack ())[m[K;
[2.910s]       |        [01;36m[K~~~~~~~~~~~~~~~~~~~~~~~~~~~~~~~~~~~~~[m[K
[2.910s] [01m[K/home/tony/webots_ws/src/qpOASES/src/QProblem.cpp:6229:78:[m[K [01;35m[Kwarning: [m[K‘[01m[K%s[m[K’ directive output may be truncated writing up to 159 bytes into a region of size between 118 and 134 [[01;35m[K-Wformat-truncation=[m[K]
[2.910s]  6229 |      snprintf( myPrintfString,MAX_STRING_LENGTH,"   %5.1d*  |   %1.6e   |    [01;35m[K%s[m[K SOLVED     |  %4.1d   |  %4.1d   \n", (int)iter,tau,[32m[Kinfo[m[K,(int)getNFX( ),(int)getNAC( ) );
[2.911s]       |                                                                              [01;35m[K^~[m[K                                                     [32m[K~~~~[m[K
[2.911s] In file included from [01m[K/usr/include/stdio.h:867[m[K,
[2.911s]                  from [01m[K/home/tony/webots_ws/src/qpOASES/include/qpOASES/MessageHandling.hpp:39[m[K,
[2.911s]                  from [01m[K/home/tony/webots_ws/src/qpOASES/include/qpOASES/Utils.hpp:39[m[K,
[2.911s]                  from [01m[K/home/tony/webots_ws/src/qpOASES/include/qpOASES/Indexlist.hpp:40[m[K,
[2.911s]                  from [01m[K/home/tony/webots_ws/src/qpOASES/include/qpOASES/SubjectTo.hpp:40[m[K,
[2.911s]                  from [01m[K/home/tony/webots_ws/src/qpOASES/include/qpOASES/Bounds.hpp:40[m[K,
[2.911s]                  from [01m[K/home/tony/webots_ws/src/qpOASES/include/qpOASES/Flipper.hpp:40[m[K,
[2.911s]                  from [01m[K/home/tony/webots_ws/src/qpOASES/include/qpOASES/QProblemB.hpp:42[m[K,
[2.911s]                  from [01m[K/home/tony/webots_ws/src/qpOASES/include/qpOASES/QProblem.hpp:41[m[K,
[2.911s]                  from [01m[K/home/tony/webots_ws/src/qpOASES/src/QProblem.cpp:36[m[K:
[2.911s] [01m[K/usr/include/x86_64-linux-gnu/bits/stdio2.h:67:35:[m[K [01;36m[Knote: [m[K‘[01m[K__builtin___snprintf_chk[m[K’ output between 60 and 249 bytes into a destination of size 160
[2.911s]    67 |   return [01;36m[K__builtin___snprintf_chk (__s, __n, __USE_FORTIFY_LEVEL - 1,[m[K
[2.911s]       |          [01;36m[K~~~~~~~~~~~~~~~~~~~~~~~~~^~~~~~~~~~~~~~~~~~~~~~~~~~~~~~~~~~~[m[K
[2.911s]    68 | [01;36m[K       __bos (__s), __fmt, __va_arg_pack ())[m[K;
[2.911s]       |        [01;36m[K~~~~~~~~~~~~~~~~~~~~~~~~~~~~~~~~~~~~~[m[K
[2.911s] [01m[K/home/tony/webots_ws/src/qpOASES/src/QProblem.cpp:6227:78:[m[K [01;35m[Kwarning: [m[K‘[01m[K%s[m[K’ directive output may be truncated writing up to 159 bytes into a region of size between 118 and 134 [[01;35m[K-Wformat-truncation=[m[K]
[2.912s]  6227 |      snprintf( myPrintfString,MAX_STRING_LENGTH,"   %5.1d   |   %1.6e   |    [01;35m[K%s[m[K SOLVED     |  %4.1d   |  %4.1d   \n", (int)iter,tau,[32m[Kinfo[m[K,(int)getNFX( ),(int)getNAC( ) );
[2.912s]       |                                                                              [01;35m[K^~[m[K                                                     [32m[K~~~~[m[K
[2.912s] In file included from [01m[K/usr/include/stdio.h:867[m[K,
[2.912s]                  from [01m[K/home/tony/webots_ws/src/qpOASES/include/qpOASES/MessageHandling.hpp:39[m[K,
[2.912s]                  from [01m[K/home/tony/webots_ws/src/qpOASES/include/qpOASES/Utils.hpp:39[m[K,
[2.912s]                  from [01m[K/home/tony/webots_ws/src/qpOASES/include/qpOASES/Indexlist.hpp:40[m[K,
[2.912s]                  from [01m[K/home/tony/webots_ws/src/qpOASES/include/qpOASES/SubjectTo.hpp:40[m[K,
[2.912s]                  from [01m[K/home/tony/webots_ws/src/qpOASES/include/qpOASES/Bounds.hpp:40[m[K,
[2.912s]                  from [01m[K/home/tony/webots_ws/src/qpOASES/include/qpOASES/Flipper.hpp:40[m[K,
[2.912s]                  from [01m[K/home/tony/webots_ws/src/qpOASES/include/qpOASES/QProblemB.hpp:42[m[K,
[2.912s]                  from [01m[K/home/tony/webots_ws/src/qpOASES/include/qpOASES/QProblem.hpp:41[m[K,
[2.912s]                  from [01m[K/home/tony/webots_ws/src/qpOASES/src/QProblem.cpp:36[m[K:
[2.912s] [01m[K/usr/include/x86_64-linux-gnu/bits/stdio2.h:67:35:[m[K [01;36m[Knote: [m[K‘[01m[K__builtin___snprintf_chk[m[K’ output between 60 and 249 bytes into a destination of size 160
[2.912s]    67 |   return [01;36m[K__builtin___snprintf_chk (__s, __n, __USE_FORTIFY_LEVEL - 1,[m[K
[2.912s]       |          [01;36m[K~~~~~~~~~~~~~~~~~~~~~~~~~^~~~~~~~~~~~~~~~~~~~~~~~~~~~~~~~~~~[m[K
[2.912s]    68 | [01;36m[K       __bos (__s), __fmt, __va_arg_pack ())[m[K;
[2.913s]       |        [01;36m[K~~~~~~~~~~~~~~~~~~~~~~~~~~~~~~~~~~~~~[m[K
[3.555s] [ 46%] [32m[1mLinking CXX static library libs/libqpOASES.a[0m
[3.610s] [ 46%] Built target qpOASES
[3.620s] [35m[1mScanning dependencies of target example1[0m
[3.620s] [35m[1mScanning dependencies of target qrecipe[0m
[3.620s] [35m[1mScanning dependencies of target example3[0m
[3.621s] [35m[1mScanning dependencies of target example4[0m
[3.621s] [35m[1mScanning dependencies of target example2[0m
[3.622s] [35m[1mScanning dependencies of target exampleLP[0m
[3.622s] [35m[1mScanning dependencies of target example1b[0m
[3.622s] [35m[1mScanning dependencies of target example1a[0m
[3.622s] [35m[1mScanning dependencies of target example5[0m
[3.622s] [35m[1mScanning dependencies of target qrecipeSchur[0m
[3.623s] [35m[1mScanning dependencies of target example3b[0m
[3.634s] [ 48%] [32mBuilding CXX object CMakeFiles/qrecipe.dir/examples/qrecipe.cpp.o[0m
[3.635s] [ 51%] [32mBuilding CXX object CMakeFiles/example1.dir/examples/example1.cpp.o[0m
[3.635s] [ 56%] [32mBuilding CXX object CMakeFiles/example4.dir/examples/example4.cpp.o[0m
[3.635s] [ 56%] [32mBuilding CXX object CMakeFiles/example1a.dir/examples/example1a.cpp.o[0m
[3.635s] [ 58%] [32mBuilding CXX object CMakeFiles/example3.dir/examples/example3.cpp.o[0m
[3.636s] [ 60%] [32mBuilding CXX object CMakeFiles/exampleLP.dir/examples/exampleLP.cpp.o[0m
[3.636s] [ 63%] [32mBuilding CXX object CMakeFiles/example2.dir/examples/example2.cpp.o[0m
[3.637s] [ 65%] [32mBuilding CXX object CMakeFiles/example1b.dir/examples/example1b.cpp.o[0m
[3.637s] [ 70%] [32mBuilding CXX object CMakeFiles/qrecipeSchur.dir/examples/qrecipeSchur.cpp.o[0m
[3.637s] [ 70%] [32mBuilding CXX object CMakeFiles/example3b.dir/examples/example3b.cpp.o[0m
[3.637s] [ 73%] [32mBuilding CXX object CMakeFiles/example5.dir/examples/example5.cpp.o[0m
[3.778s] [ 75%] [32m[1mLinking CXX executable bin/example2[0m
[3.779s] [ 78%] [32m[1mLinking CXX executable bin/example3[0m
[3.783s] [ 80%] [32m[1mLinking CXX executable bin/exampleLP[0m
[3.787s] [ 82%] [32m[1mLinking CXX executable bin/example3b[0m
[3.796s] [ 85%] [32m[1mLinking CXX executable bin/example1a[0m
[3.807s] [ 87%] [32m[1mLinking CXX executable bin/example1[0m
[3.811s] [ 90%] [32m[1mLinking CXX executable bin/example1b[0m
[3.825s] [ 92%] [32m[1mLinking CXX executable bin/example4[0m
[3.838s] [ 95%] [32m[1mLinking CXX executable bin/qrecipe[0m
[3.866s] [ 97%] [32m[1mLinking CXX executable bin/example5[0m
[3.875s] [100%] [32m[1mLinking CXX executable bin/qrecipeSchur[0m
[4.003s] [100%] Built target example3b
[4.013s] [100%] Built target example2
[4.017s] [100%] Built target example3
[4.021s] [100%] Built target exampleLP
[4.027s] [100%] Built target example1b
[4.032s] [100%] Built target example1a
[4.037s] [100%] Built target example1
[4.043s] [100%] Built target qrecipe
[4.044s] [100%] Built target qrecipeSchur
[4.047s] [100%] Built target example5
[4.052s] [100%] Built target example4
[4.065s] Invoked command in '/home/tony/webots_ws/build/qpOASES' returned '0': /usr/bin/cmake --build /home/tony/webots_ws/build/qpOASES -- -j16 -l16
[4.138s] Invoking command in '/home/tony/webots_ws/build/qpOASES': /usr/bin/cmake --install /home/tony/webots_ws/build/qpOASES
[4.146s] -- Install configuration: "Release"
[4.146s] -- Installing: /home/tony/webots_ws/install/qpOASES/lib/libqpOASES.a
[4.153s] -- Installing: /home/tony/webots_ws/install/qpOASES/include/qpOASES.hpp
[4.153s] -- Installing: /home/tony/webots_ws/install/qpOASES/include/qpOASES
[4.153s] -- Installing: /home/tony/webots_ws/install/qpOASES/include/qpOASES/Types.hpp
[4.153s] -- Installing: /home/tony/webots_ws/install/qpOASES/include/qpOASES/QProblem.hpp
[4.153s] -- Installing: /home/tony/webots_ws/install/qpOASES/include/qpOASES/QProblemB.hpp
[4.154s] -- Installing: /home/tony/webots_ws/install/qpOASES/include/qpOASES/extras
[4.154s] -- Installing: /home/tony/webots_ws/install/qpOASES/include/qpOASES/extras/SolutionAnalysis.hpp
[4.154s] -- Installing: /home/tony/webots_ws/install/qpOASES/include/qpOASES/extras/OQPinterface.hpp
[4.154s] -- Installing: /home/tony/webots_ws/install/qpOASES/include/qpOASES/extras/SolutionAnalysis.ipp
[4.154s] -- Installing: /home/tony/webots_ws/install/qpOASES/include/qpOASES/Matrices.hpp
[4.154s] -- Installing: /home/tony/webots_ws/install/qpOASES/include/qpOASES/SparseSolver.hpp
[4.154s] -- Installing: /home/tony/webots_ws/install/qpOASES/include/qpOASES/Flipper.hpp
[4.154s] -- Installing: /home/tony/webots_ws/install/qpOASES/include/qpOASES/Bounds.ipp
[4.154s] -- Installing: /home/tony/webots_ws/install/qpOASES/include/qpOASES/QProblem.ipp
[4.154s] -- Installing: /home/tony/webots_ws/install/qpOASES/include/qpOASES/Indexlist.ipp
[4.155s] -- Installing: /home/tony/webots_ws/install/qpOASES/include/qpOASES/MessageHandling.ipp
[4.155s] -- Installing: /home/tony/webots_ws/install/qpOASES/include/qpOASES/Indexlist.hpp
[4.155s] -- Installing: /home/tony/webots_ws/install/qpOASES/include/qpOASES/Constraints.ipp
[4.155s] -- Installing: /home/tony/webots_ws/install/qpOASES/include/qpOASES/QProblemB.ipp
[4.155s] -- Installing: /home/tony/webots_ws/install/qpOASES/include/qpOASES/SQProblemSchur.hpp
[4.155s] -- Installing: /home/tony/webots_ws/install/qpOASES/include/qpOASES/Constants.hpp
[4.155s] -- Installing: /home/tony/webots_ws/install/qpOASES/include/qpOASES/Bounds.hpp
[4.155s] -- Installing: /home/tony/webots_ws/install/qpOASES/include/qpOASES/MessageHandling.hpp
[4.155s] -- Installing: /home/tony/webots_ws/install/qpOASES/include/qpOASES/Utils.ipp
[4.156s] -- Installing: /home/tony/webots_ws/install/qpOASES/include/qpOASES/Options.hpp
[4.156s] -- Installing: /home/tony/webots_ws/install/qpOASES/include/qpOASES/Utils.hpp
[4.156s] -- Installing: /home/tony/webots_ws/install/qpOASES/include/qpOASES/SQProblem.hpp
[4.156s] -- Installing: /home/tony/webots_ws/install/qpOASES/include/qpOASES/LapackBlasReplacement.hpp
[4.156s] -- Installing: /home/tony/webots_ws/install/qpOASES/include/qpOASES/Constraints.hpp
[4.156s] -- Installing: /home/tony/webots_ws/install/qpOASES/include/qpOASES/SQProblemSchur.ipp
[4.156s] -- Installing: /home/tony/webots_ws/install/qpOASES/include/qpOASES/SubjectTo.ipp
[4.157s] -- Installing: /home/tony/webots_ws/install/qpOASES/include/qpOASES/SQProblem.ipp
[4.157s] -- Installing: /home/tony/webots_ws/install/qpOASES/include/qpOASES/ConstraintProduct.hpp
[4.157s] -- Installing: /home/tony/webots_ws/install/qpOASES/include/qpOASES/SubjectTo.hpp
[4.157s] -- Installing: /home/tony/webots_ws/install/qpOASES/include/qpOASES/UnitTesting.hpp
[4.160s] Invoked command in '/home/tony/webots_ws/build/qpOASES' returned '0': /usr/bin/cmake --install /home/tony/webots_ws/build/qpOASES
