[01m[K/home/tony/webots_ws/src/traj_publish/src/traj_visualization.cpp:3:1:[m[K [01;31m[Kerror: [m[Kredefinition of ‘[01m[KPlanningVisualization::PlanningVisualization(const rclcpp::NodeOptions&)[m[K’
    3 | [01;31m[KPlanningVisualization[m[K::PlanningVisualization(const rclcpp::NodeOptions & options) : Node("planning_visualization", options)
      | [01;31m[K^~~~~~~~~~~~~~~~~~~~~[m[K
In file included from [01m[K/home/tony/webots_ws/src/traj_publish/src/traj_visualization.cpp:1[m[K:
[01m[K/home/tony/webots_ws/src/traj_publish/include/traj_visualization.hpp:10:9:[m[K [01;36m[Knote: [m[K‘[01m[KPlanningVisualization::PlanningVisualization(const rclcpp::NodeOptions&)[m[K’ previously defined here
   10 |         [01;36m[KPlanningVisualization[m[K(const rclcpp::NodeOptions & options) : Node("planning_visualization", options) {}
      |         [01;36m[K^~~~~~~~~~~~~~~~~~~~~[m[K
[01m[K/home/tony/webots_ws/src/traj_publish/src/traj_pub.cpp:[m[K In member function ‘[01m[Kvoid TrajectoryPublisher::publishTrajectory()[m[K’:
[01m[K/home/tony/webots_ws/src/traj_publish/src/traj_pub.cpp:116:37:[m[K [01;31m[Kerror: [m[Kcannot convert ‘[01m[Knav_msgs::msg::Path[m[K’ {aka ‘[01m[Knav_msgs::msg::Path_<std::allocator<void> >[m[K’} to ‘[01m[KEigen::MatrixXd[m[K’ {aka ‘[01m[KEigen::Matrix<double, -1, -1>[m[K’}
  116 |         visualization_->displayTraj([01;31m[Ktrajectory[m[K, 0);
      |                                     [01;31m[K^~~~~~~~~~[m[K
      |                                     [01;31m[K|[m[K
      |                                     [01;31m[Knav_msgs::msg::Path {aka nav_msgs::msg::Path_<std::allocator<void> >}[m[K
In file included from [01m[K/home/tony/webots_ws/src/traj_publish/include/traj_publish/traj_pub.hpp:7[m[K,
                 from [01m[K/home/tony/webots_ws/src/traj_publish/src/traj_pub.cpp:1[m[K:
[01m[K/home/tony/webots_ws/src/traj_publish/include/traj_visualization.hpp:17:42:[m[K [01;36m[Knote: [m[K  initializing argument 1 of ‘[01m[Kvoid PlanningVisualization::displayTraj(Eigen::MatrixXd, int)[m[K’
   17 |         void displayTraj([01;36m[KEigen::MatrixXd optimal_pts[m[K, int id);
      |                          [01;36m[K~~~~~~~~~~~~~~~~^~~~~~~~~~~[m[K
make[2]: *** [CMakeFiles/traj_pub.dir/build.make:76: CMakeFiles/traj_pub.dir/src/traj_visualization.cpp.o] Error 1
make[2]: *** Waiting for unfinished jobs....
make[2]: *** [CMakeFiles/traj_pub.dir/build.make:63: CMakeFiles/traj_pub.dir/src/traj_pub.cpp.o] Error 1
make[1]: *** [CMakeFiles/Makefile2:78: CMakeFiles/traj_pub.dir/all] Error 2
make: *** [Makefile:141: all] Error 2
