[1.473s] Invoking command in '/home/tony/webots_ws/src/post_train': PYTHONPATH=/home/tony/webots_ws/build/post_train/prefix_override:/home/tony/webots_ws/install/post_train/lib/python3.8/site-packages:${PYTHONPATH} /usr/bin/python3 -W ignore:setup.py install is deprecated setup.py egg_info --egg-base ../../build/post_train build --build-base /home/tony/webots_ws/build/post_train/build install --record /home/tony/webots_ws/build/post_train/install.log --install-scripts $base/lib/post_train --single-version-externally-managed install_data
[1.671s] running egg_info
[1.671s] writing ../../build/post_train/post_train.egg-info/PKG-INFO
[1.671s] writing dependency_links to ../../build/post_train/post_train.egg-info/dependency_links.txt
[1.671s] writing entry points to ../../build/post_train/post_train.egg-info/entry_points.txt
[1.671s] writing requirements to ../../build/post_train/post_train.egg-info/requires.txt
[1.671s] writing top-level names to ../../build/post_train/post_train.egg-info/top_level.txt
[1.698s] reading manifest file '../../build/post_train/post_train.egg-info/SOURCES.txt'
[1.698s] writing manifest file '../../build/post_train/post_train.egg-info/SOURCES.txt'
[1.699s] running build
[1.699s] running build_py
[1.699s] running install
[1.699s] running install_lib
[1.701s] running install_data
[1.701s] running install_egg_info
[1.703s] removing '/home/tony/webots_ws/install/post_train/lib/python3.8/site-packages/post_train-0.0.0-py3.8.egg-info' (and everything under it)
[1.703s] Copying ../../build/post_train/post_train.egg-info to /home/tony/webots_ws/install/post_train/lib/python3.8/site-packages/post_train-0.0.0-py3.8.egg-info
[1.703s] running install_scripts
[1.717s] Installing post_train_node script to /home/tony/webots_ws/install/post_train/lib/post_train
[1.717s] writing list of installed files to '/home/tony/webots_ws/build/post_train/install.log'
[1.739s] Invoked command in '/home/tony/webots_ws/src/post_train' returned '0': PYTHONPATH=/home/tony/webots_ws/build/post_train/prefix_override:/home/tony/webots_ws/install/post_train/lib/python3.8/site-packages:${PYTHONPATH} /usr/bin/python3 -W ignore:setup.py install is deprecated setup.py egg_info --egg-base ../../build/post_train build --build-base /home/tony/webots_ws/build/post_train/build install --record /home/tony/webots_ws/build/post_train/install.log --install-scripts $base/lib/post_train --single-version-externally-managed install_data
