[0.044s] Invoking command in '/home/tony/webots_ws/build/traj_interfaces': CMAKE_PREFIX_PATH=${CMAKE_PREFIX_PATH}:/home/tony/webots_ws/install/post_train:/home/tony/webots_ws/install/my_package:/home/tony/webots_ws/install/my_mir_package:/home/tony/webots_ws/install/multi_mir_package:/opt/ros/foxy /usr/bin/cmake /home/tony/webots_ws/src/traj_interfaces -DCMAKE_INSTALL_PREFIX=/home/tony/webots_ws/install/traj_interfaces
[0.867s] -- The C compiler identification is GNU 9.4.0
[0.869s] -- The CXX compiler identification is GNU 9.4.0
[0.869s] -- Check for working C compiler: /usr/bin/cc
[0.869s] -- Check for working C compiler: /usr/bin/cc -- works
[0.869s] -- Detecting C compiler ABI info
[0.869s] -- Detecting C compiler ABI info - done
[0.870s] -- Detecting C compile features
[0.870s] -- Detecting C compile features - done
[0.870s] -- Check for working CXX compiler: /usr/bin/c++
[0.870s] -- Check for working CXX compiler: /usr/bin/c++ -- works
[0.870s] -- Detecting CXX compiler ABI info
[0.870s] -- Detecting CXX compiler ABI info - done
[0.870s] -- Detecting CXX compile features
[0.871s] -- Detecting CXX compile features - done
[0.871s] -- Found ament_cmake: 0.9.12 (/opt/ros/foxy/share/ament_cmake/cmake)
[0.871s] -- Found PythonInterp: /usr/bin/python3 (found suitable version "3.8.10", minimum required is "3") 
[0.872s] -- Using PYTHON_EXECUTABLE: /usr/bin/python3
[0.872s] -- Found rosidl_default_generators: 1.0.1 (/opt/ros/foxy/share/rosidl_default_generators/cmake)
[0.872s] -- Using all available rosidl_typesupport_c: rosidl_typesupport_fastrtps_c;rosidl_typesupport_introspection_c
[0.872s] -- Found rosidl_adapter: 1.3.1 (/opt/ros/foxy/share/rosidl_adapter/cmake)
[0.872s] -- Found OpenSSL: /usr/lib/x86_64-linux-gnu/libcrypto.so (found version "1.1.1f")  
[0.872s] -- Found FastRTPS: /opt/ros/foxy/include  
[0.945s] -- Using all available rosidl_typesupport_cpp: rosidl_typesupport_fastrtps_cpp;rosidl_typesupport_introspection_cpp
[0.979s] -- Found geometry_msgs: 2.0.5 (/opt/ros/foxy/share/geometry_msgs/cmake)
[1.169s] -- Found PythonInterp: /usr/bin/python3 (found version "3.8.10") 
[1.486s] -- Found ament_cmake_ros: 0.9.2 (/opt/ros/foxy/share/ament_cmake_ros/cmake)
[1.869s] -- Using all available rosidl_typesupport_c: rosidl_typesupport_fastrtps_c;rosidl_typesupport_introspection_c
[2.014s] -- Using all available rosidl_typesupport_cpp: rosidl_typesupport_fastrtps_cpp;rosidl_typesupport_introspection_cpp
[2.051s] -- Found PythonInterp: /usr/bin/python3 (found suitable version "3.8.10", minimum required is "3.5") 
[2.054s] -- Found python_cmake_module: 0.8.1 (/opt/ros/foxy/share/python_cmake_module/cmake)
[2.093s] -- Found PythonLibs: /usr/lib/x86_64-linux-gnu/libpython3.8.so (found suitable version "3.8.10", minimum required is "3.5") 
[2.094s] -- Using PYTHON_EXECUTABLE: /usr/bin/python3
[2.094s] -- Using PYTHON_INCLUDE_DIRS: /usr/include/python3.8
[2.094s] -- Using PYTHON_LIBRARIES: /usr/lib/x86_64-linux-gnu/libpython3.8.so
[2.122s] -- Found PythonExtra: .so  
[2.212s] -- Found ament_lint_auto: 0.9.8 (/opt/ros/foxy/share/ament_lint_auto/cmake)
[2.247s] -- Added test 'copyright' to check source files copyright and LICENSE
[2.250s] -- Added test 'lint_cmake' to check CMake code style
[2.253s] -- Added test 'xmllint' to check XML markup files
[2.260s] -- Configuring done
[2.328s] -- Generating done
[2.333s] -- Build files have been written to: /home/tony/webots_ws/build/traj_interfaces
[2.354s] Invoked command in '/home/tony/webots_ws/build/traj_interfaces' returned '0': CMAKE_PREFIX_PATH=${CMAKE_PREFIX_PATH}:/home/tony/webots_ws/install/post_train:/home/tony/webots_ws/install/my_package:/home/tony/webots_ws/install/my_mir_package:/home/tony/webots_ws/install/multi_mir_package:/opt/ros/foxy /usr/bin/cmake /home/tony/webots_ws/src/traj_interfaces -DCMAKE_INSTALL_PREFIX=/home/tony/webots_ws/install/traj_interfaces
[2.355s] Invoking command in '/home/tony/webots_ws/build/traj_interfaces': CMAKE_PREFIX_PATH=${CMAKE_PREFIX_PATH}:/home/tony/webots_ws/install/post_train:/home/tony/webots_ws/install/my_package:/home/tony/webots_ws/install/my_mir_package:/home/tony/webots_ws/install/multi_mir_package:/opt/ros/foxy /usr/bin/cmake --build /home/tony/webots_ws/build/traj_interfaces -- -j16 -l16
[2.411s] [35m[1mScanning dependencies of target traj_interfaces__cpp[0m
[2.436s] [  3%] [34m[1mGenerating C code for ROS interfaces[0m
[2.441s] [  6%] [34m[1mGenerating C++ code for ROS interfaces[0m
[2.976s] [  6%] Built target traj_interfaces__cpp
[3.001s] [  9%] [34m[1mGenerating C++ introspection for ROS interfaces[0m
[3.019s] [ 12%] [34m[1mGenerating C++ type support dispatch for ROS interfaces[0m
[3.035s] [ 16%] [34m[1mGenerating C++ type support for eProsima Fast-RTPS[0m
[3.045s] [35m[1mScanning dependencies of target traj_interfaces__rosidl_generator_c[0m
[3.129s] [ 19%] [32mBuilding C object CMakeFiles/traj_interfaces__rosidl_generator_c.dir/rosidl_generator_c/traj_interfaces/msg/detail/bspline__functions.c.o[0m
[3.228s] [ 22%] [32m[1mLinking C shared library libtraj_interfaces__rosidl_generator_c.so[0m
[3.292s] [ 22%] Built target traj_interfaces__rosidl_generator_c
[3.308s] [ 29%] [34m[1mGenerating C introspection for ROS interfaces[0m
[3.309s] [ 29%] [34m[1mGenerating C type support dispatch for ROS interfaces[0m
[3.342s] [35m[1mScanning dependencies of target traj_interfaces__rosidl_typesupport_cpp[0m
[3.367s] [ 32%] [32mBuilding CXX object CMakeFiles/traj_interfaces__rosidl_typesupport_cpp.dir/rosidl_typesupport_cpp/traj_interfaces/msg/bspline__type_support.cpp.o[0m
[3.369s] [35m[1mScanning dependencies of target traj_interfaces__rosidl_typesupport_introspection_cpp[0m
[3.384s] [ 35%] [32mBuilding CXX object CMakeFiles/traj_interfaces__rosidl_typesupport_introspection_cpp.dir/rosidl_typesupport_introspection_cpp/traj_interfaces/msg/detail/bspline__type_support.cpp.o[0m
[3.413s] [35m[1mScanning dependencies of target traj_interfaces__rosidl_typesupport_fastrtps_cpp[0m
[3.436s] [ 38%] [32mBuilding CXX object CMakeFiles/traj_interfaces__rosidl_typesupport_fastrtps_cpp.dir/rosidl_typesupport_fastrtps_cpp/traj_interfaces/msg/detail/dds_fastrtps/bspline__type_support.cpp.o[0m
[3.577s] [35m[1mScanning dependencies of target traj_interfaces__rosidl_typesupport_c[0m
[3.589s] [35m[1mScanning dependencies of target traj_interfaces__rosidl_typesupport_introspection_c[0m
[3.600s] [ 41%] [32mBuilding CXX object CMakeFiles/traj_interfaces__rosidl_typesupport_c.dir/rosidl_typesupport_c/traj_interfaces/msg/bspline__type_support.cpp.o[0m
[3.607s] [ 45%] [32mBuilding C object CMakeFiles/traj_interfaces__rosidl_typesupport_introspection_c.dir/rosidl_typesupport_introspection_c/traj_interfaces/msg/detail/bspline__type_support.c.o[0m
[3.643s] [ 48%] [32m[1mLinking CXX shared library libtraj_interfaces__rosidl_typesupport_c.so[0m
[3.662s] [ 51%] [32m[1mLinking C shared library libtraj_interfaces__rosidl_typesupport_introspection_c.so[0m
[3.693s] [ 51%] Built target traj_interfaces__rosidl_typesupport_c
[3.710s] [ 51%] Built target traj_interfaces__rosidl_typesupport_introspection_c
[3.727s] [ 54%] [32m[1mLinking CXX shared library libtraj_interfaces__rosidl_typesupport_cpp.so[0m
[3.738s] [ 58%] [32m[1mLinking CXX shared library libtraj_interfaces__rosidl_typesupport_introspection_cpp.so[0m
[3.770s] [ 58%] Built target traj_interfaces__rosidl_typesupport_cpp
[3.816s] [ 58%] Built target traj_interfaces__rosidl_typesupport_introspection_cpp
[3.946s] [ 61%] [32m[1mLinking CXX shared library libtraj_interfaces__rosidl_typesupport_fastrtps_cpp.so[0m
[4.036s] [ 61%] Built target traj_interfaces__rosidl_typesupport_fastrtps_cpp
[4.049s] [ 64%] [34m[1mGenerating C type support for eProsima Fast-RTPS[0m
[4.236s] [35m[1mScanning dependencies of target traj_interfaces__rosidl_typesupport_fastrtps_c[0m
[4.253s] [ 67%] [32mBuilding CXX object CMakeFiles/traj_interfaces__rosidl_typesupport_fastrtps_c.dir/rosidl_typesupport_fastrtps_c/traj_interfaces/msg/detail/bspline__type_support_c.cpp.o[0m
[4.567s] [ 70%] [32m[1mLinking CXX shared library libtraj_interfaces__rosidl_typesupport_fastrtps_c.so[0m
[4.701s] [ 70%] Built target traj_interfaces__rosidl_typesupport_fastrtps_c
[4.713s] [35m[1mScanning dependencies of target traj_interfaces[0m
[4.724s] [ 70%] Built target traj_interfaces
[4.735s] [35m[1mScanning dependencies of target traj_interfaces__py[0m
[4.747s] [ 74%] [34m[1mGenerating Python code for ROS interfaces[0m
[5.224s] [ 74%] Built target traj_interfaces__py
[5.248s] [35m[1mScanning dependencies of target traj_interfaces__python[0m
[5.285s] [ 77%] [32mBuilding C object CMakeFiles/traj_interfaces__python.dir/rosidl_generator_py/traj_interfaces/msg/_bspline_s.c.o[0m
[5.423s] [ 80%] [32m[1mLinking C shared library rosidl_generator_py/traj_interfaces/libtraj_interfaces__python.so[0m
[5.468s] [ 80%] Built target traj_interfaces__python
[5.478s] [35m[1mScanning dependencies of target traj_interfaces__rosidl_typesupport_introspection_c__pyext[0m
[5.478s] [35m[1mScanning dependencies of target traj_interfaces__rosidl_typesupport_fastrtps_c__pyext[0m
[5.480s] [35m[1mScanning dependencies of target traj_interfaces__rosidl_typesupport_c__pyext[0m
[5.497s] [ 83%] [32mBuilding C object CMakeFiles/traj_interfaces__rosidl_typesupport_introspection_c__pyext.dir/rosidl_generator_py/traj_interfaces/_traj_interfaces_s.ep.rosidl_typesupport_introspection_c.c.o[0m
[5.498s] [ 87%] [32mBuilding C object CMakeFiles/traj_interfaces__rosidl_typesupport_c__pyext.dir/rosidl_generator_py/traj_interfaces/_traj_interfaces_s.ep.rosidl_typesupport_c.c.o[0m
[5.499s] [ 90%] [32mBuilding C object CMakeFiles/traj_interfaces__rosidl_typesupport_fastrtps_c__pyext.dir/rosidl_generator_py/traj_interfaces/_traj_interfaces_s.ep.rosidl_typesupport_fastrtps_c.c.o[0m
[5.564s] [ 93%] [32m[1mLinking C shared library rosidl_generator_py/traj_interfaces/traj_interfaces_s__rosidl_typesupport_introspection_c.cpython-38-x86_64-linux-gnu.so[0m
[5.566s] [ 96%] [32m[1mLinking C shared library rosidl_generator_py/traj_interfaces/traj_interfaces_s__rosidl_typesupport_c.cpython-38-x86_64-linux-gnu.so[0m
[5.567s] [100%] [32m[1mLinking CXX shared library rosidl_generator_py/traj_interfaces/traj_interfaces_s__rosidl_typesupport_fastrtps_c.cpython-38-x86_64-linux-gnu.so[0m
[5.601s] [100%] Built target traj_interfaces__rosidl_typesupport_c__pyext
[5.603s] [100%] Built target traj_interfaces__rosidl_typesupport_introspection_c__pyext
[5.630s] [100%] Built target traj_interfaces__rosidl_typesupport_fastrtps_c__pyext
[5.978s] Invoked command in '/home/tony/webots_ws/build/traj_interfaces' returned '0': CMAKE_PREFIX_PATH=${CMAKE_PREFIX_PATH}:/home/tony/webots_ws/install/post_train:/home/tony/webots_ws/install/my_package:/home/tony/webots_ws/install/my_mir_package:/home/tony/webots_ws/install/multi_mir_package:/opt/ros/foxy /usr/bin/cmake --build /home/tony/webots_ws/build/traj_interfaces -- -j16 -l16
[6.029s] Invoking command in '/home/tony/webots_ws/build/traj_interfaces': CMAKE_PREFIX_PATH=${CMAKE_PREFIX_PATH}:/home/tony/webots_ws/install/post_train:/home/tony/webots_ws/install/my_package:/home/tony/webots_ws/install/my_mir_package:/home/tony/webots_ws/install/multi_mir_package:/opt/ros/foxy /usr/bin/cmake --install /home/tony/webots_ws/build/traj_interfaces
[6.037s] -- Install configuration: ""
[6.037s] -- Installing: /home/tony/webots_ws/install/traj_interfaces/share/ament_index/resource_index/rosidl_interfaces/traj_interfaces
[6.037s] -- Up-to-date: /home/tony/webots_ws/install/traj_interfaces/include/traj_interfaces
[6.037s] -- Up-to-date: /home/tony/webots_ws/install/traj_interfaces/include/traj_interfaces/msg
[6.037s] -- Installing: /home/tony/webots_ws/install/traj_interfaces/include/traj_interfaces/msg/bspline.h
[6.037s] -- Installing: /home/tony/webots_ws/install/traj_interfaces/include/traj_interfaces/msg/rosidl_generator_c__visibility_control.h
[6.038s] -- Up-to-date: /home/tony/webots_ws/install/traj_interfaces/include/traj_interfaces/msg/detail
[6.038s] -- Installing: /home/tony/webots_ws/install/traj_interfaces/include/traj_interfaces/msg/detail/bspline__functions.c
[6.038s] -- Installing: /home/tony/webots_ws/install/traj_interfaces/include/traj_interfaces/msg/detail/bspline__type_support.h
[6.038s] -- Installing: /home/tony/webots_ws/install/traj_interfaces/include/traj_interfaces/msg/detail/bspline__struct.h
[6.038s] -- Installing: /home/tony/webots_ws/install/traj_interfaces/include/traj_interfaces/msg/detail/bspline__functions.h
[6.038s] -- Up-to-date: /home/tony/webots_ws/install/traj_interfaces/share/traj_interfaces/environment/library_path.sh
[6.038s] -- Installing: /home/tony/webots_ws/install/traj_interfaces/share/traj_interfaces/environment/library_path.dsv
[6.039s] -- Installing: /home/tony/webots_ws/install/traj_interfaces/lib/libtraj_interfaces__rosidl_generator_c.so
[6.039s] -- Set runtime path of "/home/tony/webots_ws/install/traj_interfaces/lib/libtraj_interfaces__rosidl_generator_c.so" to ""
[6.039s] -- Up-to-date: /home/tony/webots_ws/install/traj_interfaces/include/traj_interfaces
[6.039s] -- Up-to-date: /home/tony/webots_ws/install/traj_interfaces/include/traj_interfaces/msg
[6.039s] -- Installing: /home/tony/webots_ws/install/traj_interfaces/include/traj_interfaces/msg/rosidl_typesupport_fastrtps_c__visibility_control.h
[6.040s] -- Up-to-date: /home/tony/webots_ws/install/traj_interfaces/include/traj_interfaces/msg/detail
[6.040s] -- Installing: /home/tony/webots_ws/install/traj_interfaces/include/traj_interfaces/msg/detail/bspline__rosidl_typesupport_fastrtps_c.h
[6.040s] -- Installing: /home/tony/webots_ws/install/traj_interfaces/lib/libtraj_interfaces__rosidl_typesupport_fastrtps_c.so
[6.040s] -- Set runtime path of "/home/tony/webots_ws/install/traj_interfaces/lib/libtraj_interfaces__rosidl_typesupport_fastrtps_c.so" to ""
[6.041s] -- Up-to-date: /home/tony/webots_ws/install/traj_interfaces/include/traj_interfaces
[6.041s] -- Up-to-date: /home/tony/webots_ws/install/traj_interfaces/include/traj_interfaces/msg
[6.041s] -- Installing: /home/tony/webots_ws/install/traj_interfaces/include/traj_interfaces/msg/rosidl_typesupport_fastrtps_cpp__visibility_control.h
[6.041s] -- Up-to-date: /home/tony/webots_ws/install/traj_interfaces/include/traj_interfaces/msg/detail
[6.041s] -- Installing: /home/tony/webots_ws/install/traj_interfaces/include/traj_interfaces/msg/detail/bspline__rosidl_typesupport_fastrtps_cpp.hpp
[6.041s] -- Up-to-date: /home/tony/webots_ws/install/traj_interfaces/include/traj_interfaces/msg/detail/dds_fastrtps
[6.041s] -- Installing: /home/tony/webots_ws/install/traj_interfaces/lib/libtraj_interfaces__rosidl_typesupport_fastrtps_cpp.so
[6.042s] -- Set runtime path of "/home/tony/webots_ws/install/traj_interfaces/lib/libtraj_interfaces__rosidl_typesupport_fastrtps_cpp.so" to ""
[6.042s] -- Up-to-date: /home/tony/webots_ws/install/traj_interfaces/include/traj_interfaces
[6.042s] -- Up-to-date: /home/tony/webots_ws/install/traj_interfaces/include/traj_interfaces/msg
[6.042s] -- Installing: /home/tony/webots_ws/install/traj_interfaces/include/traj_interfaces/msg/rosidl_typesupport_introspection_c__visibility_control.h
[6.042s] -- Up-to-date: /home/tony/webots_ws/install/traj_interfaces/include/traj_interfaces/msg/detail
[6.042s] -- Installing: /home/tony/webots_ws/install/traj_interfaces/include/traj_interfaces/msg/detail/bspline__rosidl_typesupport_introspection_c.h
[6.043s] -- Installing: /home/tony/webots_ws/install/traj_interfaces/include/traj_interfaces/msg/detail/bspline__type_support.c
[6.043s] -- Installing: /home/tony/webots_ws/install/traj_interfaces/lib/libtraj_interfaces__rosidl_typesupport_introspection_c.so
[6.043s] -- Set runtime path of "/home/tony/webots_ws/install/traj_interfaces/lib/libtraj_interfaces__rosidl_typesupport_introspection_c.so" to ""
[6.044s] -- Installing: /home/tony/webots_ws/install/traj_interfaces/lib/libtraj_interfaces__rosidl_typesupport_c.so
[6.044s] -- Set runtime path of "/home/tony/webots_ws/install/traj_interfaces/lib/libtraj_interfaces__rosidl_typesupport_c.so" to ""
[6.044s] -- Up-to-date: /home/tony/webots_ws/install/traj_interfaces/include/traj_interfaces
[6.044s] -- Up-to-date: /home/tony/webots_ws/install/traj_interfaces/include/traj_interfaces/msg
[6.044s] -- Installing: /home/tony/webots_ws/install/traj_interfaces/include/traj_interfaces/msg/bspline.hpp
[6.044s] -- Installing: /home/tony/webots_ws/install/traj_interfaces/include/traj_interfaces/msg/rosidl_generator_cpp__visibility_control.hpp
[6.044s] -- Up-to-date: /home/tony/webots_ws/install/traj_interfaces/include/traj_interfaces/msg/detail
[6.045s] -- Installing: /home/tony/webots_ws/install/traj_interfaces/include/traj_interfaces/msg/detail/bspline__traits.hpp
[6.045s] -- Installing: /home/tony/webots_ws/install/traj_interfaces/include/traj_interfaces/msg/detail/bspline__type_support.hpp
[6.045s] -- Installing: /home/tony/webots_ws/install/traj_interfaces/include/traj_interfaces/msg/detail/bspline__builder.hpp
[6.045s] -- Installing: /home/tony/webots_ws/install/traj_interfaces/include/traj_interfaces/msg/detail/bspline__struct.hpp
[6.045s] -- Up-to-date: /home/tony/webots_ws/install/traj_interfaces/include/traj_interfaces
[6.045s] -- Up-to-date: /home/tony/webots_ws/install/traj_interfaces/include/traj_interfaces/msg
[6.045s] -- Up-to-date: /home/tony/webots_ws/install/traj_interfaces/include/traj_interfaces/msg/detail
[6.046s] -- Installing: /home/tony/webots_ws/install/traj_interfaces/include/traj_interfaces/msg/detail/bspline__type_support.cpp
[6.046s] -- Installing: /home/tony/webots_ws/install/traj_interfaces/include/traj_interfaces/msg/detail/bspline__rosidl_typesupport_introspection_cpp.hpp
[6.046s] -- Installing: /home/tony/webots_ws/install/traj_interfaces/lib/libtraj_interfaces__rosidl_typesupport_introspection_cpp.so
[6.047s] -- Set runtime path of "/home/tony/webots_ws/install/traj_interfaces/lib/libtraj_interfaces__rosidl_typesupport_introspection_cpp.so" to ""
[6.047s] -- Installing: /home/tony/webots_ws/install/traj_interfaces/lib/libtraj_interfaces__rosidl_typesupport_cpp.so
[6.047s] -- Set runtime path of "/home/tony/webots_ws/install/traj_interfaces/lib/libtraj_interfaces__rosidl_typesupport_cpp.so" to ""
[6.047s] -- Installing: /home/tony/webots_ws/install/traj_interfaces/share/traj_interfaces/environment/pythonpath.sh
[6.048s] -- Installing: /home/tony/webots_ws/install/traj_interfaces/share/traj_interfaces/environment/pythonpath.dsv
[6.048s] -- Installing: /home/tony/webots_ws/install/traj_interfaces/lib/python3.8/site-packages/traj_interfaces/__init__.py
[6.077s] Compiling '/home/tony/webots_ws/install/traj_interfaces/lib/python3.8/site-packages/traj_interfaces/__init__.py'...
[6.081s] -- Up-to-date: /home/tony/webots_ws/install/traj_interfaces/lib/python3.8/site-packages/traj_interfaces/msg
[6.081s] -- Installing: /home/tony/webots_ws/install/traj_interfaces/lib/python3.8/site-packages/traj_interfaces/msg/__init__.py
[6.081s] -- Installing: /home/tony/webots_ws/install/traj_interfaces/lib/python3.8/site-packages/traj_interfaces/msg/_bspline_s.c
[6.081s] -- Installing: /home/tony/webots_ws/install/traj_interfaces/lib/python3.8/site-packages/traj_interfaces/msg/_bspline.py
[6.082s] -- Installing: /home/tony/webots_ws/install/traj_interfaces/lib/python3.8/site-packages/traj_interfaces/traj_interfaces_s__rosidl_typesupport_fastrtps_c.cpython-38-x86_64-linux-gnu.so
[6.083s] -- Set runtime path of "/home/tony/webots_ws/install/traj_interfaces/lib/python3.8/site-packages/traj_interfaces/traj_interfaces_s__rosidl_typesupport_fastrtps_c.cpython-38-x86_64-linux-gnu.so" to ""
[6.083s] -- Installing: /home/tony/webots_ws/install/traj_interfaces/lib/python3.8/site-packages/traj_interfaces/traj_interfaces_s__rosidl_typesupport_introspection_c.cpython-38-x86_64-linux-gnu.so
[6.084s] -- Set runtime path of "/home/tony/webots_ws/install/traj_interfaces/lib/python3.8/site-packages/traj_interfaces/traj_interfaces_s__rosidl_typesupport_introspection_c.cpython-38-x86_64-linux-gnu.so" to ""
[6.084s] -- Installing: /home/tony/webots_ws/install/traj_interfaces/lib/python3.8/site-packages/traj_interfaces/traj_interfaces_s__rosidl_typesupport_c.cpython-38-x86_64-linux-gnu.so
[6.085s] -- Set runtime path of "/home/tony/webots_ws/install/traj_interfaces/lib/python3.8/site-packages/traj_interfaces/traj_interfaces_s__rosidl_typesupport_c.cpython-38-x86_64-linux-gnu.so" to ""
[6.085s] -- Installing: /home/tony/webots_ws/install/traj_interfaces/lib/libtraj_interfaces__python.so
[6.086s] -- Set runtime path of "/home/tony/webots_ws/install/traj_interfaces/lib/libtraj_interfaces__python.so" to ""
[6.086s] -- Installing: /home/tony/webots_ws/install/traj_interfaces/share/traj_interfaces/msg/Bspline.idl
[6.086s] -- Up-to-date: /home/tony/webots_ws/install/traj_interfaces/share/traj_interfaces/msg/Bspline.msg
[6.086s] -- Installing: /home/tony/webots_ws/install/traj_interfaces/share/ament_index/resource_index/package_run_dependencies/traj_interfaces
[6.087s] -- Installing: /home/tony/webots_ws/install/traj_interfaces/share/ament_index/resource_index/parent_prefix_path/traj_interfaces
[6.087s] -- Up-to-date: /home/tony/webots_ws/install/traj_interfaces/share/traj_interfaces/environment/ament_prefix_path.sh
[6.087s] -- Installing: /home/tony/webots_ws/install/traj_interfaces/share/traj_interfaces/environment/ament_prefix_path.dsv
[6.087s] -- Up-to-date: /home/tony/webots_ws/install/traj_interfaces/share/traj_interfaces/environment/path.sh
[6.087s] -- Installing: /home/tony/webots_ws/install/traj_interfaces/share/traj_interfaces/environment/path.dsv
[6.088s] -- Installing: /home/tony/webots_ws/install/traj_interfaces/share/traj_interfaces/local_setup.bash
[6.088s] -- Installing: /home/tony/webots_ws/install/traj_interfaces/share/traj_interfaces/local_setup.sh
[6.088s] -- Installing: /home/tony/webots_ws/install/traj_interfaces/share/traj_interfaces/local_setup.zsh
[6.089s] -- Installing: /home/tony/webots_ws/install/traj_interfaces/share/traj_interfaces/local_setup.dsv
[6.089s] -- Installing: /home/tony/webots_ws/install/traj_interfaces/share/traj_interfaces/package.dsv
[6.089s] -- Installing: /home/tony/webots_ws/install/traj_interfaces/share/ament_index/resource_index/packages/traj_interfaces
[6.090s] -- Installing: /home/tony/webots_ws/install/traj_interfaces/share/traj_interfaces/cmake/traj_interfaces__rosidl_generator_cExport.cmake
[6.090s] -- Installing: /home/tony/webots_ws/install/traj_interfaces/share/traj_interfaces/cmake/traj_interfaces__rosidl_generator_cExport-noconfig.cmake
[6.090s] -- Installing: /home/tony/webots_ws/install/traj_interfaces/share/traj_interfaces/cmake/traj_interfaces__rosidl_typesupport_introspection_cExport.cmake
[6.091s] -- Installing: /home/tony/webots_ws/install/traj_interfaces/share/traj_interfaces/cmake/traj_interfaces__rosidl_typesupport_introspection_cExport-noconfig.cmake
[6.091s] -- Installing: /home/tony/webots_ws/install/traj_interfaces/share/traj_interfaces/cmake/traj_interfaces__rosidl_typesupport_cExport.cmake
[6.092s] -- Installing: /home/tony/webots_ws/install/traj_interfaces/share/traj_interfaces/cmake/traj_interfaces__rosidl_typesupport_cExport-noconfig.cmake
[6.092s] -- Installing: /home/tony/webots_ws/install/traj_interfaces/share/traj_interfaces/cmake/traj_interfaces__rosidl_generator_cppExport.cmake
[6.093s] -- Installing: /home/tony/webots_ws/install/traj_interfaces/share/traj_interfaces/cmake/traj_interfaces__rosidl_typesupport_introspection_cppExport.cmake
[6.093s] -- Installing: /home/tony/webots_ws/install/traj_interfaces/share/traj_interfaces/cmake/traj_interfaces__rosidl_typesupport_introspection_cppExport-noconfig.cmake
[6.093s] -- Installing: /home/tony/webots_ws/install/traj_interfaces/share/traj_interfaces/cmake/traj_interfaces__rosidl_typesupport_cppExport.cmake
[6.094s] -- Installing: /home/tony/webots_ws/install/traj_interfaces/share/traj_interfaces/cmake/traj_interfaces__rosidl_typesupport_cppExport-noconfig.cmake
[6.094s] -- Installing: /home/tony/webots_ws/install/traj_interfaces/share/traj_interfaces/cmake/rosidl_cmake-extras.cmake
[6.094s] -- Installing: /home/tony/webots_ws/install/traj_interfaces/share/traj_interfaces/cmake/ament_cmake_export_dependencies-extras.cmake
[6.094s] -- Installing: /home/tony/webots_ws/install/traj_interfaces/share/traj_interfaces/cmake/ament_cmake_export_libraries-extras.cmake
[6.095s] -- Installing: /home/tony/webots_ws/install/traj_interfaces/share/traj_interfaces/cmake/ament_cmake_export_targets-extras.cmake
[6.095s] -- Installing: /home/tony/webots_ws/install/traj_interfaces/share/traj_interfaces/cmake/ament_cmake_export_include_directories-extras.cmake
[6.095s] -- Installing: /home/tony/webots_ws/install/traj_interfaces/share/traj_interfaces/cmake/rosidl_cmake_export_typesupport_libraries-extras.cmake
[6.095s] -- Installing: /home/tony/webots_ws/install/traj_interfaces/share/traj_interfaces/cmake/rosidl_cmake_export_typesupport_targets-extras.cmake
[6.095s] -- Installing: /home/tony/webots_ws/install/traj_interfaces/share/traj_interfaces/cmake/traj_interfacesConfig.cmake
[6.095s] -- Installing: /home/tony/webots_ws/install/traj_interfaces/share/traj_interfaces/cmake/traj_interfacesConfig-version.cmake
[6.096s] -- Up-to-date: /home/tony/webots_ws/install/traj_interfaces/share/traj_interfaces/package.xml
[6.098s] Invoked command in '/home/tony/webots_ws/build/traj_interfaces' returned '0': CMAKE_PREFIX_PATH=${CMAKE_PREFIX_PATH}:/home/tony/webots_ws/install/post_train:/home/tony/webots_ws/install/my_package:/home/tony/webots_ws/install/my_mir_package:/home/tony/webots_ws/install/multi_mir_package:/opt/ros/foxy /usr/bin/cmake --install /home/tony/webots_ws/build/traj_interfaces
