[0.407s] Invoking command in '/home/tony/webots_ws/build/multi_traj_publish': AMENT_PREFIX_PATH=/home/tony/webots_ws/install/traj_interfaces:${AMENT_PREFIX_PATH} CMAKE_PREFIX_PATH=/home/tony/webots_ws/install/traj_interfaces:/opt/ros/foxy LD_LIBRARY_PATH=/home/tony/webots_ws/install/traj_interfaces/lib:${LD_LIBRARY_PATH} PYTHONPATH=/home/tony/webots_ws/install/traj_interfaces/lib/python3.8/site-packages:${PYTHONPATH} /usr/bin/cmake --build /home/tony/webots_ws/build/multi_traj_publish -- -j16 -l16
[0.448s] [35m[1mScanning dependencies of target traj_pub[0m
[0.505s] [ 33%] [32mBuilding CXX object CMakeFiles/traj_pub.dir/src/traj_pub.cpp.o[0m
[4.929s] [ 66%] [32m[1mLinking CXX executable traj_pub[0m
[5.158s] [100%] Built target traj_pub
[5.171s] Invoked command in '/home/tony/webots_ws/build/multi_traj_publish' returned '0': AMENT_PREFIX_PATH=/home/tony/webots_ws/install/traj_interfaces:${AMENT_PREFIX_PATH} CMAKE_PREFIX_PATH=/home/tony/webots_ws/install/traj_interfaces:/opt/ros/foxy LD_LIBRARY_PATH=/home/tony/webots_ws/install/traj_interfaces/lib:${LD_LIBRARY_PATH} PYTHONPATH=/home/tony/webots_ws/install/traj_interfaces/lib/python3.8/site-packages:${PYTHONPATH} /usr/bin/cmake --build /home/tony/webots_ws/build/multi_traj_publish -- -j16 -l16
[5.205s] Invoking command in '/home/tony/webots_ws/build/multi_traj_publish': AMENT_PREFIX_PATH=/home/tony/webots_ws/install/traj_interfaces:${AMENT_PREFIX_PATH} CMAKE_PREFIX_PATH=/home/tony/webots_ws/install/traj_interfaces:/opt/ros/foxy LD_LIBRARY_PATH=/home/tony/webots_ws/install/traj_interfaces/lib:${LD_LIBRARY_PATH} PYTHONPATH=/home/tony/webots_ws/install/traj_interfaces/lib/python3.8/site-packages:${PYTHONPATH} /usr/bin/cmake --install /home/tony/webots_ws/build/multi_traj_publish
[5.216s] -- Install configuration: ""
[5.216s] -- Up-to-date: /home/tony/webots_ws/install/multi_traj_publish/share/ament_index/resource_index/package_run_dependencies/multi_traj_publish
[5.216s] -- Up-to-date: /home/tony/webots_ws/install/multi_traj_publish/share/ament_index/resource_index/parent_prefix_path/multi_traj_publish
[5.216s] -- Up-to-date: /home/tony/webots_ws/install/multi_traj_publish/share/multi_traj_publish/environment/ament_prefix_path.sh
[5.216s] -- Up-to-date: /home/tony/webots_ws/install/multi_traj_publish/share/multi_traj_publish/environment/ament_prefix_path.dsv
[5.216s] -- Up-to-date: /home/tony/webots_ws/install/multi_traj_publish/share/multi_traj_publish/environment/path.sh
[5.217s] -- Up-to-date: /home/tony/webots_ws/install/multi_traj_publish/share/multi_traj_publish/environment/path.dsv
[5.217s] -- Up-to-date: /home/tony/webots_ws/install/multi_traj_publish/share/multi_traj_publish/local_setup.bash
[5.217s] -- Up-to-date: /home/tony/webots_ws/install/multi_traj_publish/share/multi_traj_publish/local_setup.sh
[5.217s] -- Up-to-date: /home/tony/webots_ws/install/multi_traj_publish/share/multi_traj_publish/local_setup.zsh
[5.217s] -- Up-to-date: /home/tony/webots_ws/install/multi_traj_publish/share/multi_traj_publish/local_setup.dsv
[5.217s] -- Installing: /home/tony/webots_ws/install/multi_traj_publish/share/multi_traj_publish/package.dsv
[5.217s] -- Up-to-date: /home/tony/webots_ws/install/multi_traj_publish/share/ament_index/resource_index/packages/multi_traj_publish
[5.217s] -- Up-to-date: /home/tony/webots_ws/install/multi_traj_publish/share/multi_traj_publish/cmake/multi_traj_publishConfig.cmake
[5.217s] -- Up-to-date: /home/tony/webots_ws/install/multi_traj_publish/share/multi_traj_publish/cmake/multi_traj_publishConfig-version.cmake
[5.217s] -- Up-to-date: /home/tony/webots_ws/install/multi_traj_publish/share/multi_traj_publish/package.xml
[5.217s] -- Installing: /home/tony/webots_ws/install/multi_traj_publish/lib/multi_traj_publish/traj_pub
[5.219s] -- Set runtime path of "/home/tony/webots_ws/install/multi_traj_publish/lib/multi_traj_publish/traj_pub" to ""
[5.221s] Invoked command in '/home/tony/webots_ws/build/multi_traj_publish' returned '0': AMENT_PREFIX_PATH=/home/tony/webots_ws/install/traj_interfaces:${AMENT_PREFIX_PATH} CMAKE_PREFIX_PATH=/home/tony/webots_ws/install/traj_interfaces:/opt/ros/foxy LD_LIBRARY_PATH=/home/tony/webots_ws/install/traj_interfaces/lib:${LD_LIBRARY_PATH} PYTHONPATH=/home/tony/webots_ws/install/traj_interfaces/lib/python3.8/site-packages:${PYTHONPATH} /usr/bin/cmake --install /home/tony/webots_ws/build/multi_traj_publish
