[0.753s] Invoking command in '/home/tony/webots_ws/src/multi_mir_package': AMENT_PREFIX_PATH=/home/tony/webots_ws/install/motor_interfaces:${AMENT_PREFIX_PATH} CMAKE_PREFIX_PATH=/home/tony/webots_ws/install/motor_interfaces LD_LIBRARY_PATH=/home/tony/webots_ws/install/motor_interfaces/lib:${LD_LIBRARY_PATH} PYTHONPATH=/home/tony/webots_ws/build/multi_mir_package/prefix_override:/home/tony/webots_ws/install/multi_mir_package/lib/python3.8/site-packages:/home/tony/webots_ws/install/motor_interfaces/lib/python3.8/site-packages:${PYTHONPATH} /usr/bin/python3 -W ignore:setup.py install is deprecated setup.py egg_info --egg-base ../../build/multi_mir_package build --build-base /home/tony/webots_ws/build/multi_mir_package/build install --record /home/tony/webots_ws/build/multi_mir_package/install.log --install-scripts $base/lib/my_mir_package --single-version-externally-managed install_data
[0.931s] running egg_info
[0.931s] creating ../../build/multi_mir_package/multi_mir_package.egg-info
[0.932s] writing ../../build/multi_mir_package/multi_mir_package.egg-info/PKG-INFO
[0.932s] writing dependency_links to ../../build/multi_mir_package/multi_mir_package.egg-info/dependency_links.txt
[0.932s] writing entry points to ../../build/multi_mir_package/multi_mir_package.egg-info/entry_points.txt
[0.932s] writing requirements to ../../build/multi_mir_package/multi_mir_package.egg-info/requires.txt
[0.932s] writing top-level names to ../../build/multi_mir_package/multi_mir_package.egg-info/top_level.txt
[0.933s] writing manifest file '../../build/multi_mir_package/multi_mir_package.egg-info/SOURCES.txt'
[0.959s] reading manifest file '../../build/multi_mir_package/multi_mir_package.egg-info/SOURCES.txt'
[0.960s] writing manifest file '../../build/multi_mir_package/multi_mir_package.egg-info/SOURCES.txt'
[0.960s] running build
[0.960s] running build_py
[0.960s] creating /home/tony/webots_ws/build/multi_mir_package/build
[0.960s] creating /home/tony/webots_ws/build/multi_mir_package/build/lib
[0.960s] creating /home/tony/webots_ws/build/multi_mir_package/build/lib/multi_mir_package
[0.960s] copying multi_mir_package/__init__.py -> /home/tony/webots_ws/build/multi_mir_package/build/lib/multi_mir_package
[0.960s] copying multi_mir_package/mir_robot_1_driver.py -> /home/tony/webots_ws/build/multi_mir_package/build/lib/multi_mir_package
[0.960s] copying multi_mir_package/mir_robot_2_driver.py -> /home/tony/webots_ws/build/multi_mir_package/build/lib/multi_mir_package
[0.960s] copying multi_mir_package/mir_robot_4_driver.py -> /home/tony/webots_ws/build/multi_mir_package/build/lib/multi_mir_package
[0.961s] copying multi_mir_package/mir_robot_3_driver.py -> /home/tony/webots_ws/build/multi_mir_package/build/lib/multi_mir_package
[0.961s] running install
[0.961s] running install_lib
[0.962s] creating /home/tony/webots_ws/install/multi_mir_package/lib/python3.8/site-packages/multi_mir_package
[0.962s] copying /home/tony/webots_ws/build/multi_mir_package/build/lib/multi_mir_package/__init__.py -> /home/tony/webots_ws/install/multi_mir_package/lib/python3.8/site-packages/multi_mir_package
[0.962s] copying /home/tony/webots_ws/build/multi_mir_package/build/lib/multi_mir_package/mir_robot_1_driver.py -> /home/tony/webots_ws/install/multi_mir_package/lib/python3.8/site-packages/multi_mir_package
[0.962s] copying /home/tony/webots_ws/build/multi_mir_package/build/lib/multi_mir_package/mir_robot_2_driver.py -> /home/tony/webots_ws/install/multi_mir_package/lib/python3.8/site-packages/multi_mir_package
[0.962s] copying /home/tony/webots_ws/build/multi_mir_package/build/lib/multi_mir_package/mir_robot_4_driver.py -> /home/tony/webots_ws/install/multi_mir_package/lib/python3.8/site-packages/multi_mir_package
[0.962s] copying /home/tony/webots_ws/build/multi_mir_package/build/lib/multi_mir_package/mir_robot_3_driver.py -> /home/tony/webots_ws/install/multi_mir_package/lib/python3.8/site-packages/multi_mir_package
[0.963s] byte-compiling /home/tony/webots_ws/install/multi_mir_package/lib/python3.8/site-packages/multi_mir_package/__init__.py to __init__.cpython-38.pyc
[0.963s] byte-compiling /home/tony/webots_ws/install/multi_mir_package/lib/python3.8/site-packages/multi_mir_package/mir_robot_1_driver.py to mir_robot_1_driver.cpython-38.pyc
[0.964s] byte-compiling /home/tony/webots_ws/install/multi_mir_package/lib/python3.8/site-packages/multi_mir_package/mir_robot_2_driver.py to mir_robot_2_driver.cpython-38.pyc
[0.965s] byte-compiling /home/tony/webots_ws/install/multi_mir_package/lib/python3.8/site-packages/multi_mir_package/mir_robot_4_driver.py to mir_robot_4_driver.cpython-38.pyc
[0.965s] byte-compiling /home/tony/webots_ws/install/multi_mir_package/lib/python3.8/site-packages/multi_mir_package/mir_robot_3_driver.py to mir_robot_3_driver.cpython-38.pyc
[0.966s] running install_data
[0.966s] creating /home/tony/webots_ws/install/multi_mir_package/share/ament_index
[0.966s] creating /home/tony/webots_ws/install/multi_mir_package/share/ament_index/resource_index
[0.966s] creating /home/tony/webots_ws/install/multi_mir_package/share/ament_index/resource_index/packages
[0.966s] copying resource/multi_mir_package -> /home/tony/webots_ws/install/multi_mir_package/share/ament_index/resource_index/packages
[0.966s] creating /home/tony/webots_ws/install/multi_mir_package/share/multi_mir_package/launch
[0.966s] copying launch/multi_mir_launch.py -> /home/tony/webots_ws/install/multi_mir_package/share/multi_mir_package/launch
[0.966s] creating /home/tony/webots_ws/install/multi_mir_package/share/multi_mir_package/worlds
[0.966s] copying worlds/multi_robot_world.wbt -> /home/tony/webots_ws/install/multi_mir_package/share/multi_mir_package/worlds
[0.968s] creating /home/tony/webots_ws/install/multi_mir_package/share/multi_mir_package/resource
[0.968s] copying resource/mir_robot_1.urdf -> /home/tony/webots_ws/install/multi_mir_package/share/multi_mir_package/resource
[0.968s] copying resource/mir_robot_2.urdf -> /home/tony/webots_ws/install/multi_mir_package/share/multi_mir_package/resource
[0.968s] copying resource/mir_robot_3.urdf -> /home/tony/webots_ws/install/multi_mir_package/share/multi_mir_package/resource
[0.968s] copying package.xml -> /home/tony/webots_ws/install/multi_mir_package/share/multi_mir_package
[0.969s] creating /home/tony/webots_ws/install/multi_mir_package/share/multi_mir_package/config
[0.969s] copying config/mir100.rviz -> /home/tony/webots_ws/install/multi_mir_package/share/multi_mir_package/config
[0.969s] running install_egg_info
[0.970s] Copying ../../build/multi_mir_package/multi_mir_package.egg-info to /home/tony/webots_ws/install/multi_mir_package/lib/python3.8/site-packages/multi_mir_package-0.0.0-py3.8.egg-info
[0.971s] running install_scripts
[0.985s] Installing mir_robot_1_driver script to /home/tony/webots_ws/install/multi_mir_package/lib/my_mir_package
[0.986s] Installing mir_robot_2_driver script to /home/tony/webots_ws/install/multi_mir_package/lib/my_mir_package
[0.986s] Installing mir_robot_3_driver script to /home/tony/webots_ws/install/multi_mir_package/lib/my_mir_package
[0.986s] writing list of installed files to '/home/tony/webots_ws/build/multi_mir_package/install.log'
[1.013s] Invoked command in '/home/tony/webots_ws/src/multi_mir_package' returned '0': AMENT_PREFIX_PATH=/home/tony/webots_ws/install/motor_interfaces:${AMENT_PREFIX_PATH} CMAKE_PREFIX_PATH=/home/tony/webots_ws/install/motor_interfaces LD_LIBRARY_PATH=/home/tony/webots_ws/install/motor_interfaces/lib:${LD_LIBRARY_PATH} PYTHONPATH=/home/tony/webots_ws/build/multi_mir_package/prefix_override:/home/tony/webots_ws/install/multi_mir_package/lib/python3.8/site-packages:/home/tony/webots_ws/install/motor_interfaces/lib/python3.8/site-packages:${PYTHONPATH} /usr/bin/python3 -W ignore:setup.py install is deprecated setup.py egg_info --egg-base ../../build/multi_mir_package build --build-base /home/tony/webots_ws/build/multi_mir_package/build install --record /home/tony/webots_ws/build/multi_mir_package/install.log --install-scripts $base/lib/my_mir_package --single-version-externally-managed install_data
