[35m[1mScanning dependencies of target traj_pub[0m
[ 50%] [32mBuilding CXX object CMakeFiles/traj_pub.dir/src/traj_pub.cpp.o[0m
[100%] [32m[1mLinking CXX executable traj_pub[0m
[100%] Built target traj_pub
-- Install configuration: ""
-- Installing: /home/tony/webots_ws/install/traj_publish/share/ament_index/resource_index/package_run_dependencies/traj_publish
-- Installing: /home/tony/webots_ws/install/traj_publish/share/ament_index/resource_index/parent_prefix_path/traj_publish
-- Up-to-date: /home/tony/webots_ws/install/traj_publish/share/traj_publish/environment/ament_prefix_path.sh
-- Installing: /home/tony/webots_ws/install/traj_publish/share/traj_publish/environment/ament_prefix_path.dsv
-- Up-to-date: /home/tony/webots_ws/install/traj_publish/share/traj_publish/environment/path.sh
-- Installing: /home/tony/webots_ws/install/traj_publish/share/traj_publish/environment/path.dsv
-- Up-to-date: /home/tony/webots_ws/install/traj_publish/share/traj_publish/local_setup.bash
-- Up-to-date: /home/tony/webots_ws/install/traj_publish/share/traj_publish/local_setup.sh
-- Up-to-date: /home/tony/webots_ws/install/traj_publish/share/traj_publish/local_setup.zsh
-- Installing: /home/tony/webots_ws/install/traj_publish/share/traj_publish/local_setup.dsv
-- Installing: /home/tony/webots_ws/install/traj_publish/share/traj_publish/package.dsv
-- Up-to-date: /home/tony/webots_ws/install/traj_publish/share/ament_index/resource_index/packages/traj_publish
-- Up-to-date: /home/tony/webots_ws/install/traj_publish/share/traj_publish/cmake/traj_publishConfig.cmake
-- Up-to-date: /home/tony/webots_ws/install/traj_publish/share/traj_publish/cmake/traj_publishConfig-version.cmake
-- Installing: /home/tony/webots_ws/install/traj_publish/share/traj_publish/package.xml
-- Installing: /home/tony/webots_ws/install/traj_publish/lib/traj_publish/traj_pub
-- Set runtime path of "/home/tony/webots_ws/install/traj_publish/lib/traj_publish/traj_pub" to ""
