[0.024s] Invoking command in '/home/tony/webots_ws/build/mpc_controller': CMAKE_PREFIX_PATH=/home/tony/webots_ws/install/motor_interfaces:/home/tony/webots_ws/install/traj_publish:/home/tony/webots_ws/install/my_package:/home/tony/webots_ws/install/my_mir_package:/opt/ros/foxy PYTHONPATH=/home/tony/webots_ws/install/motor_interfaces/lib/python3.8/site-packages:/home/tony/webots_ws/install/my_package/lib/python3.8/site-packages:/home/tony/webots_ws/install/my_mir_package/lib/python3.8/site-packages:/opt/ros/foxy/lib/python3.8/site-packages /usr/bin/cmake --build /home/tony/webots_ws/build/mpc_controller -- -j16 -l16
[0.065s] -- Found ament_cmake: 0.9.12 (/opt/ros/foxy/share/ament_cmake/cmake)
[0.090s] -- Using PYTHON_EXECUTABLE: /usr/bin/python3
[0.243s] -- Found rclcpp: 2.4.3 (/opt/ros/foxy/share/rclcpp/cmake)
[0.279s] -- Using all available rosidl_typesupport_c: rosidl_typesupport_fastrtps_c;rosidl_typesupport_introspection_c
[0.286s] -- Found rosidl_adapter: 1.3.1 (/opt/ros/foxy/share/rosidl_adapter/cmake)
[0.406s] -- Using all available rosidl_typesupport_cpp: rosidl_typesupport_fastrtps_cpp;rosidl_typesupport_introspection_cpp
[0.450s] -- Found rmw_implementation_cmake: 1.0.4 (/opt/ros/foxy/share/rmw_implementation_cmake/cmake)
[0.452s] -- Using RMW implementation 'rmw_fastrtps_cpp' as default
[0.560s] -- Found geometry_msgs: 2.0.5 (/opt/ros/foxy/share/geometry_msgs/cmake)
[0.589s] -- Found nav_msgs: 2.0.5 (/opt/ros/foxy/share/nav_msgs/cmake)
[0.642s] -- Found tf2: 0.13.14 (/opt/ros/foxy/share/tf2/cmake)
[0.651s] -- Found motor_interfaces: 0.0.0 (/home/tony/webots_ws/install/motor_interfaces/share/motor_interfaces/cmake)
[0.658s] -- Found ament_lint_auto: 0.9.8 (/opt/ros/foxy/share/ament_lint_auto/cmake)
[0.718s] -- Added test 'copyright' to check source files copyright and LICENSE
[0.719s] -- Added test 'cppcheck' to perform static code analysis on C / C++ code
[0.719s] -- Configured cppcheck include dirs: 
[0.719s] -- Configured cppcheck exclude dirs and/or files: 
[0.720s] -- Added test 'cpplint' to check C / C++ code against the Google style
[0.720s] -- Configured cpplint exclude dirs and/or files: 
[0.721s] -- Added test 'lint_cmake' to check CMake code style
[0.722s] -- Added test 'uncrustify' to check C / C++ code style
[0.722s] -- Configured uncrustify additional arguments: 
[0.722s] -- Added test 'xmllint' to check XML markup files
[0.726s] -- Configuring done
[0.735s] -- Generating done
[0.736s] -- Build files have been written to: /home/tony/webots_ws/build/mpc_controller
[0.771s] [35m[1mScanning dependencies of target control_node[0m
[0.788s] [ 50%] [32mBuilding CXX object CMakeFiles/control_node.dir/src/mpc_controller.cpp.o[0m
[0.835s] [01m[K/home/tony/webots_ws/src/mpc_controller/src/mpc_controller.cpp:1:10:[m[K [01;31m[Kfatal error: [m[Kmpc_controller.hpp: No such file or directory
[0.835s]     1 | #include [01;31m[K"mpc_controller.hpp"[m[K
[0.835s]       |          [01;31m[K^~~~~~~~~~~~~~~~~~~~[m[K
[0.835s] compilation terminated.
[0.836s] make[2]: *** [CMakeFiles/control_node.dir/build.make:63: CMakeFiles/control_node.dir/src/mpc_controller.cpp.o] Error 1
[0.836s] make[1]: *** [CMakeFiles/Makefile2:78: CMakeFiles/control_node.dir/all] Error 2
[0.836s] make: *** [Makefile:141: all] Error 2
[0.840s] Invoked command in '/home/tony/webots_ws/build/mpc_controller' returned '2': CMAKE_PREFIX_PATH=/home/tony/webots_ws/install/motor_interfaces:/home/tony/webots_ws/install/traj_publish:/home/tony/webots_ws/install/my_package:/home/tony/webots_ws/install/my_mir_package:/opt/ros/foxy PYTHONPATH=/home/tony/webots_ws/install/motor_interfaces/lib/python3.8/site-packages:/home/tony/webots_ws/install/my_package/lib/python3.8/site-packages:/home/tony/webots_ws/install/my_mir_package/lib/python3.8/site-packages:/opt/ros/foxy/lib/python3.8/site-packages /usr/bin/cmake --build /home/tony/webots_ws/build/mpc_controller -- -j16 -l16
