[0.028s] Invoking command in '/home/tony/webots_ws/build/motor_interfaces': CMAKE_PREFIX_PATH=${CMAKE_PREFIX_PATH}:/home/tony/webots_ws/install/my_mir_package:/home/tony/webots_ws/install/my_package:/home/tony/town_ws/install/village_li:/opt/ros/foxy /usr/bin/cmake --build /home/tony/webots_ws/build/motor_interfaces -- -j16 -l16
[0.202s] -- Found ament_cmake: 0.9.12 (/opt/ros/foxy/share/ament_cmake/cmake)
[0.203s] -- Found PythonInterp: /usr/bin/python3 (found suitable version "3.8.10", minimum required is "3") 
[0.203s] -- Using PYTHON_EXECUTABLE: /usr/bin/python3
[0.218s] -- Found rosidl_default_generators: 1.0.1 (/opt/ros/foxy/share/rosidl_default_generators/cmake)
[0.220s] -- Using all available rosidl_typesupport_c: rosidl_typesupport_fastrtps_c;rosidl_typesupport_introspection_c
[0.223s] -- Found rosidl_adapter: 1.3.1 (/opt/ros/foxy/share/rosidl_adapter/cmake)
[0.341s] -- Using all available rosidl_typesupport_cpp: rosidl_typesupport_fastrtps_cpp;rosidl_typesupport_introspection_cpp
[0.379s] -- Found PythonInterp: /usr/bin/python3 (found version "3.8.10") 
[0.516s] CMake Error at /opt/ros/foxy/share/rosidl_adapter/cmake/rosidl_adapt_interfaces.cmake:60 (message):
[0.516s]   execute_process(/usr/bin/python3 -m rosidl_adapter --package-name
[0.516s]   motor_interfaces --arguments-file
[0.516s]   /home/tony/webots_ws/build/motor_interfaces/rosidl_adapter__arguments__motor_interfaces.json
[0.516s]   --output-dir
[0.516s]   /home/tony/webots_ws/build/motor_interfaces/rosidl_adapter/motor_interfaces
[0.516s]   --output-file
[0.516s]   /home/tony/webots_ws/build/motor_interfaces/rosidl_adapter/motor_interfaces.idls)
[0.516s]   returned error code 1:
[0.517s] 
[0.517s]   Error processing 'float32 Speed_L' of 'motor_interfaces/Motor': ''Speed_L'
[0.517s]   is an invalid field name.  It should have the pattern
[0.517s]   '^(?!.*__)(?!.*_$)[a-z][a-z0-9_]*$''
[0.517s] 
[0.517s]   Traceback (most recent call last):
[0.517s] 
[0.517s]     File "/usr/lib/python3.8/runpy.py", line 194, in _run_module_as_main
[0.517s]       return _run_code(code, main_globals, None,
[0.517s]     File "/usr/lib/python3.8/runpy.py", line 87, in _run_code
[0.517s]       exec(code, run_globals)
[0.517s]     File "/opt/ros/foxy/lib/python3.8/site-packages/rosidl_adapter/__main__.py", line 19, in <module>
[0.517s]       sys.exit(main())
[0.517s]     File "/opt/ros/foxy/lib/python3.8/site-packages/rosidl_adapter/main.py", line 53, in main
[0.518s]       abs_idl_file = convert_to_idl(
[0.518s]     File "/opt/ros/foxy/lib/python3.8/site-packages/rosidl_adapter/__init__.py", line 19, in convert_to_idl
[0.518s]       return convert_msg_to_idl(
[0.518s]     File "/opt/ros/foxy/lib/python3.8/site-packages/rosidl_adapter/msg/__init__.py", line 28, in convert_msg_to_idl
[0.518s]       msg = parse_message_string(package_name, input_file.stem, content)
[0.518s]     File "/opt/ros/foxy/lib/python3.8/site-packages/rosidl_adapter/parser.py", line 515, in parse_message_string
[0.518s]       fields.append(Field(
[0.518s]     File "/opt/ros/foxy/lib/python3.8/site-packages/rosidl_adapter/parser.py", line 353, in __init__
[0.518s]       raise NameError(
[0.518s] 
[0.518s]   NameError: 'Speed_L' is an invalid field name.  It should have the pattern
[0.518s]   '^(?!.*__)(?!.*_$)[a-z][a-z0-9_]*$'
[0.518s] 
[0.518s] Call Stack (most recent call first):
[0.518s]   /opt/ros/foxy/share/rosidl_cmake/cmake/rosidl_generate_interfaces.cmake:130 (rosidl_adapt_interfaces)
[0.519s]   CMakeLists.txt:24 (rosidl_generate_interfaces)
[0.519s] 
[0.519s] 
[0.519s] -- Configuring incomplete, errors occurred!
[0.519s] See also "/home/tony/webots_ws/build/motor_interfaces/CMakeFiles/CMakeOutput.log".
[0.523s] make: *** [Makefile:748: cmake_check_build_system] Error 1
[0.526s] Invoked command in '/home/tony/webots_ws/build/motor_interfaces' returned '2': CMAKE_PREFIX_PATH=${CMAKE_PREFIX_PATH}:/home/tony/webots_ws/install/my_mir_package:/home/tony/webots_ws/install/my_package:/home/tony/town_ws/install/village_li:/opt/ros/foxy /usr/bin/cmake --build /home/tony/webots_ws/build/motor_interfaces -- -j16 -l16
