[0.023s] Invoking command in '/home/tony/webots_ws/build/mpc_controller': CMAKE_PREFIX_PATH=/home/tony/webots_ws/install/traj_interfaces:/home/tony/webots_ws/install/motor_interfaces:/home/tony/webots_ws/install/traj_publish:/home/tony/webots_ws/install/my_package:/home/tony/webots_ws/install/my_mir_package:/opt/ros/foxy PYTHONPATH=/home/tony/webots_ws/install/traj_interfaces/lib/python3.8/site-packages:/home/tony/webots_ws/install/motor_interfaces/lib/python3.8/site-packages:/home/tony/webots_ws/install/my_package/lib/python3.8/site-packages:/home/tony/webots_ws/install/my_mir_package/lib/python3.8/site-packages:/opt/ros/foxy/lib/python3.8/site-packages /usr/bin/cmake --build /home/tony/webots_ws/build/mpc_controller -- -j16 -l16
[0.045s] -- Found ament_cmake: 0.9.12 (/opt/ros/foxy/share/ament_cmake/cmake)
[0.065s] -- Using PYTHON_EXECUTABLE: /usr/bin/python3
[0.222s] -- Found rclcpp: 2.4.3 (/opt/ros/foxy/share/rclcpp/cmake)
[0.265s] -- Using all available rosidl_typesupport_c: rosidl_typesupport_fastrtps_c;rosidl_typesupport_introspection_c
[0.270s] -- Found rosidl_adapter: 1.3.1 (/opt/ros/foxy/share/rosidl_adapter/cmake)
[0.394s] -- Using all available rosidl_typesupport_cpp: rosidl_typesupport_fastrtps_cpp;rosidl_typesupport_introspection_cpp
[0.429s] -- Found rmw_implementation_cmake: 1.0.4 (/opt/ros/foxy/share/rmw_implementation_cmake/cmake)
[0.431s] -- Using RMW implementation 'rmw_fastrtps_cpp' as default
[0.533s] -- Found geometry_msgs: 2.0.5 (/opt/ros/foxy/share/geometry_msgs/cmake)
[0.557s] -- Found nav_msgs: 2.0.5 (/opt/ros/foxy/share/nav_msgs/cmake)
[0.606s] -- Found tf2: 0.13.14 (/opt/ros/foxy/share/tf2/cmake)
[0.612s] -- Found tf2_geometry_msgs: 0.13.14 (/opt/ros/foxy/share/tf2_geometry_msgs/cmake)
[0.617s] -- Found eigen3_cmake_module: 0.1.1 (/opt/ros/foxy/share/eigen3_cmake_module/cmake)
[0.875s] -- Found motor_interfaces: 0.0.0 (/home/tony/webots_ws/install/motor_interfaces/share/motor_interfaces/cmake)
[0.880s] -- Found traj_interfaces: 0.0.0 (/home/tony/webots_ws/install/traj_interfaces/share/traj_interfaces/cmake)
[0.923s] -- Found ament_lint_auto: 0.9.8 (/opt/ros/foxy/share/ament_lint_auto/cmake)
[0.978s] -- Added test 'copyright' to check source files copyright and LICENSE
[0.979s] -- Added test 'cppcheck' to perform static code analysis on C / C++ code
[0.979s] -- Configured cppcheck include dirs: 
[0.979s] -- Configured cppcheck exclude dirs and/or files: 
[0.980s] -- Added test 'cpplint' to check C / C++ code against the Google style
[0.980s] -- Configured cpplint exclude dirs and/or files: 
[0.980s] -- Added test 'lint_cmake' to check CMake code style
[0.981s] -- Added test 'uncrustify' to check C / C++ code style
[0.981s] -- Configured uncrustify additional arguments: 
[0.981s] -- Added test 'xmllint' to check XML markup files
[0.986s] -- Configuring done
[0.997s] -- Generating done
[0.999s] -- Build files have been written to: /home/tony/webots_ws/build/mpc_controller
[1.031s] [35m[1mScanning dependencies of target control_node[0m
[1.096s] [ 50%] [32mBuilding CXX object CMakeFiles/control_node.dir/src/mpc_controller.cpp.o[0m
[1.096s] [ 50%] [32mBuilding CXX object CMakeFiles/control_node.dir/src/uniform_bspline.cpp.o[0m
[1.289s] In file included from [01m[K/home/tony/webots_ws/src/qpOASES/include/qpOASES/QProblemB.hpp:1014[m[K,
[1.289s]                  from [01m[K/home/tony/webots_ws/src/qpOASES/include/qpOASES.hpp:66[m[K,
[1.289s]                  from [01m[K/home/tony/webots_ws/src/mpc_controller/include/mpc_controller/mpc_controller.hpp:4[m[K,
[1.289s]                  from [01m[K/home/tony/webots_ws/src/mpc_controller/src/mpc_controller.cpp:1[m[K:
[1.290s] [01m[K/home/tony/webots_ws/src/qpOASES/include/qpOASES/QProblemB.ipp:[m[K In member function ‘[01m[Kvoid qpOASES::QProblemB::applyGivens(qpOASES::real_t, qpOASES::real_t, qpOASES::real_t, qpOASES::real_t, qpOASES::real_t, qpOASES::real_t&, qpOASES::real_t&) const[m[K’:
[1.290s] [01m[K/home/tony/webots_ws/src/qpOASES/include/qpOASES/QProblemB.ipp:447:64:[m[K [01;35m[Kwarning: [m[Kunused parameter ‘[01m[Knu[m[K’ [[01;35m[K-Wunused-parameter[m[K]
[1.290s]   447 | inline void QProblemB::applyGivens( real_t c, real_t s, [01;35m[Kreal_t nu[m[K, real_t xold, real_t yold,
[1.290s]       |                                                         [01;35m[K~~~~~~~^~[m[K
[1.290s] In file included from [01m[K/home/tony/webots_ws/src/qpOASES/include/qpOASES/QProblem.hpp:43[m[K,
[1.290s]                  from [01m[K/home/tony/webots_ws/src/qpOASES/include/qpOASES.hpp:67[m[K,
[1.290s]                  from [01m[K/home/tony/webots_ws/src/mpc_controller/include/mpc_controller/mpc_controller.hpp:4[m[K,
[1.290s]                  from [01m[K/home/tony/webots_ws/src/mpc_controller/src/mpc_controller.cpp:1[m[K:
[1.290s] [01m[K/home/tony/webots_ws/src/qpOASES/include/qpOASES/ConstraintProduct.hpp:[m[K In copy constructor ‘[01m[KqpOASES::ConstraintProduct::ConstraintProduct(const qpOASES::ConstraintProduct&)[m[K’:
[1.290s] [01m[K/home/tony/webots_ws/src/qpOASES/include/qpOASES/ConstraintProduct.hpp:64:47:[m[K [01;35m[Kwarning: [m[Kunused parameter ‘[01m[KtoCopy[m[K’ [[01;35m[K-Wunused-parameter[m[K]
[1.290s]    64 |   ConstraintProduct( [01;35m[Kconst ConstraintProduct &toCopy[m[K /**< Rhs object. */
[1.290s]       |                      [01;35m[K~~~~~~~~~~~~~~~~~~~~~~~~~^~~~~~[m[K
[1.290s] [01m[K/home/tony/webots_ws/src/qpOASES/include/qpOASES/ConstraintProduct.hpp:[m[K In member function ‘[01m[KqpOASES::ConstraintProduct& qpOASES::ConstraintProduct::operator=(const qpOASES::ConstraintProduct&)[m[K’:
[1.290s] [01m[K/home/tony/webots_ws/src/qpOASES/include/qpOASES/ConstraintProduct.hpp:71:58:[m[K [01;35m[Kwarning: [m[Kunused parameter ‘[01m[KtoCopy[m[K’ [[01;35m[K-Wunused-parameter[m[K]
[1.290s]    71 |   ConstraintProduct &operator=( [01;35m[Kconst ConstraintProduct &toCopy[m[K /**< Rhs object. */
[1.291s]       |                                 [01;35m[K~~~~~~~~~~~~~~~~~~~~~~~~~^~~~~~[m[K
[2.962s] [01m[K/home/tony/webots_ws/src/mpc_controller/src/mpc_controller.cpp:[m[K In member function ‘[01m[KEigen::MatrixXd MPC_controller::MPC_Solve_qp(Eigen::Vector3d, std::vector<Eigen::Matrix<double, 3, 1> >, std::vector<Eigen::Matrix<double, 2, 1> >, int)[m[K’:
[2.962s] [01m[K/home/tony/webots_ws/src/mpc_controller/src/mpc_controller.cpp:82:12:[m[K [01;35m[Kwarning: [m[KISO C++ forbids variable length array ‘[01m[KH[m[K’ [[01;35m[K-Wvla[m[K]
[2.962s]    82 |     real_t [01;35m[KH[m[K[2*N*2*N],g[2*N],A[2*N],lb[2*N],ub[2*N],lbA[1],ubA[1];
[2.963s]       |            [01;35m[K^[m[K
[2.963s] [01m[K/home/tony/webots_ws/src/mpc_controller/src/mpc_controller.cpp:82:23:[m[K [01;35m[Kwarning: [m[KISO C++ forbids variable length array ‘[01m[Kg[m[K’ [[01;35m[K-Wvla[m[K]
[2.963s]    82 |     real_t H[2*N*2*N],[01;35m[Kg[m[K[2*N],A[2*N],lb[2*N],ub[2*N],lbA[1],ubA[1];
[2.963s]       |                       [01;35m[K^[m[K
[2.963s] [01m[K/home/tony/webots_ws/src/mpc_controller/src/mpc_controller.cpp:82:30:[m[K [01;35m[Kwarning: [m[KISO C++ forbids variable length array ‘[01m[KA[m[K’ [[01;35m[K-Wvla[m[K]
[2.963s]    82 |     real_t H[2*N*2*N],g[2*N],[01;35m[KA[m[K[2*N],lb[2*N],ub[2*N],lbA[1],ubA[1];
[2.963s]       |                              [01;35m[K^[m[K
[2.963s] [01m[K/home/tony/webots_ws/src/mpc_controller/src/mpc_controller.cpp:82:37:[m[K [01;35m[Kwarning: [m[KISO C++ forbids variable length array ‘[01m[Klb[m[K’ [[01;35m[K-Wvla[m[K]
[2.963s]    82 |     real_t H[2*N*2*N],g[2*N],A[2*N],[01;35m[Klb[m[K[2*N],ub[2*N],lbA[1],ubA[1];
[2.963s]       |                                     [01;35m[K^~[m[K
[2.963s] [01m[K/home/tony/webots_ws/src/mpc_controller/src/mpc_controller.cpp:82:45:[m[K [01;35m[Kwarning: [m[KISO C++ forbids variable length array ‘[01m[Kub[m[K’ [[01;35m[K-Wvla[m[K]
[2.963s]    82 |     real_t H[2*N*2*N],g[2*N],A[2*N],lb[2*N],[01;35m[Kub[m[K[2*N],lbA[1],ubA[1];
[2.963s]       |                                             [01;35m[K^~[m[K
[2.963s] [01m[K/home/tony/webots_ws/src/mpc_controller/src/mpc_controller.cpp:110:12:[m[K [01;35m[Kwarning: [m[KISO C++ forbids variable length array ‘[01m[Kx_solution[m[K’ [[01;35m[K-Wvla[m[K]
[2.964s]   110 |     real_t [01;35m[Kx_solution[m[K[2*N];
[2.964s]       |            [01;35m[K^~~~~~~~~~[m[K
[7.593s] [ 75%] [32m[1mLinking CXX executable control_node[0m
[8.140s] [100%] Built target control_node
[8.158s] Invoked command in '/home/tony/webots_ws/build/mpc_controller' returned '0': CMAKE_PREFIX_PATH=/home/tony/webots_ws/install/traj_interfaces:/home/tony/webots_ws/install/motor_interfaces:/home/tony/webots_ws/install/traj_publish:/home/tony/webots_ws/install/my_package:/home/tony/webots_ws/install/my_mir_package:/opt/ros/foxy PYTHONPATH=/home/tony/webots_ws/install/traj_interfaces/lib/python3.8/site-packages:/home/tony/webots_ws/install/motor_interfaces/lib/python3.8/site-packages:/home/tony/webots_ws/install/my_package/lib/python3.8/site-packages:/home/tony/webots_ws/install/my_mir_package/lib/python3.8/site-packages:/opt/ros/foxy/lib/python3.8/site-packages /usr/bin/cmake --build /home/tony/webots_ws/build/mpc_controller -- -j16 -l16
[8.201s] Invoking command in '/home/tony/webots_ws/build/mpc_controller': CMAKE_PREFIX_PATH=/home/tony/webots_ws/install/traj_interfaces:/home/tony/webots_ws/install/motor_interfaces:/home/tony/webots_ws/install/traj_publish:/home/tony/webots_ws/install/my_package:/home/tony/webots_ws/install/my_mir_package:/opt/ros/foxy PYTHONPATH=/home/tony/webots_ws/install/traj_interfaces/lib/python3.8/site-packages:/home/tony/webots_ws/install/motor_interfaces/lib/python3.8/site-packages:/home/tony/webots_ws/install/my_package/lib/python3.8/site-packages:/home/tony/webots_ws/install/my_mir_package/lib/python3.8/site-packages:/opt/ros/foxy/lib/python3.8/site-packages /usr/bin/cmake --install /home/tony/webots_ws/build/mpc_controller
[8.215s] -- Install configuration: ""
[8.215s] -- Installing: /home/tony/webots_ws/install/mpc_controller/share/ament_index/resource_index/package_run_dependencies/mpc_controller
[8.215s] -- Installing: /home/tony/webots_ws/install/mpc_controller/share/ament_index/resource_index/parent_prefix_path/mpc_controller
[8.215s] -- Installing: /home/tony/webots_ws/install/mpc_controller/share/mpc_controller/environment/ament_prefix_path.sh
[8.215s] -- Installing: /home/tony/webots_ws/install/mpc_controller/share/mpc_controller/environment/ament_prefix_path.dsv
[8.215s] -- Installing: /home/tony/webots_ws/install/mpc_controller/share/mpc_controller/environment/path.sh
[8.216s] -- Installing: /home/tony/webots_ws/install/mpc_controller/share/mpc_controller/environment/path.dsv
[8.216s] -- Installing: /home/tony/webots_ws/install/mpc_controller/share/mpc_controller/local_setup.bash
[8.216s] -- Installing: /home/tony/webots_ws/install/mpc_controller/share/mpc_controller/local_setup.sh
[8.216s] -- Installing: /home/tony/webots_ws/install/mpc_controller/share/mpc_controller/local_setup.zsh
[8.216s] -- Installing: /home/tony/webots_ws/install/mpc_controller/share/mpc_controller/local_setup.dsv
[8.216s] -- Installing: /home/tony/webots_ws/install/mpc_controller/share/mpc_controller/package.dsv
[8.216s] -- Installing: /home/tony/webots_ws/install/mpc_controller/share/ament_index/resource_index/packages/mpc_controller
[8.216s] -- Installing: /home/tony/webots_ws/install/mpc_controller/share/mpc_controller/cmake/mpc_controllerConfig.cmake
[8.217s] -- Installing: /home/tony/webots_ws/install/mpc_controller/share/mpc_controller/cmake/mpc_controllerConfig-version.cmake
[8.217s] -- Installing: /home/tony/webots_ws/install/mpc_controller/share/mpc_controller/package.xml
[8.217s] -- Installing: /home/tony/webots_ws/install/mpc_controller/lib/mpc_controller/control_node
[8.226s] -- Set runtime path of "/home/tony/webots_ws/install/mpc_controller/lib/mpc_controller/control_node" to ""
[8.229s] Invoked command in '/home/tony/webots_ws/build/mpc_controller' returned '0': CMAKE_PREFIX_PATH=/home/tony/webots_ws/install/traj_interfaces:/home/tony/webots_ws/install/motor_interfaces:/home/tony/webots_ws/install/traj_publish:/home/tony/webots_ws/install/my_package:/home/tony/webots_ws/install/my_mir_package:/opt/ros/foxy PYTHONPATH=/home/tony/webots_ws/install/traj_interfaces/lib/python3.8/site-packages:/home/tony/webots_ws/install/motor_interfaces/lib/python3.8/site-packages:/home/tony/webots_ws/install/my_package/lib/python3.8/site-packages:/home/tony/webots_ws/install/my_mir_package/lib/python3.8/site-packages:/opt/ros/foxy/lib/python3.8/site-packages /usr/bin/cmake --install /home/tony/webots_ws/build/mpc_controller
