[1.689s] Invoking command in '/home/tony/webots_ws/src/my_package': PYTHONPATH=/home/tony/webots_ws/build/my_package/prefix_override:/home/tony/webots_ws/install/my_package/lib/python3.8/site-packages:${PYTHONPATH} /usr/bin/python3 -W ignore:setup.py install is deprecated setup.py egg_info --egg-base ../../build/my_package build --build-base /home/tony/webots_ws/build/my_package/build install --record /home/tony/webots_ws/build/my_package/install.log --install-scripts $base/lib/my_package --single-version-externally-managed install_data
[2.004s] running egg_info
[2.004s] writing ../../build/my_package/my_package.egg-info/PKG-INFO
[2.004s] writing dependency_links to ../../build/my_package/my_package.egg-info/dependency_links.txt
[2.004s] writing entry points to ../../build/my_package/my_package.egg-info/entry_points.txt
[2.004s] writing requirements to ../../build/my_package/my_package.egg-info/requires.txt
[2.005s] writing top-level names to ../../build/my_package/my_package.egg-info/top_level.txt
[2.047s] reading manifest file '../../build/my_package/my_package.egg-info/SOURCES.txt'
[2.048s] writing manifest file '../../build/my_package/my_package.egg-info/SOURCES.txt'
[2.048s] running build
[2.048s] running build_py
[2.048s] running install
[2.049s] running install_lib
[2.051s] running install_data
[2.051s] running install_egg_info
[2.053s] removing '/home/tony/webots_ws/install/my_package/lib/python3.8/site-packages/my_package-0.0.0-py3.8.egg-info' (and everything under it)
[2.054s] Copying ../../build/my_package/my_package.egg-info to /home/tony/webots_ws/install/my_package/lib/python3.8/site-packages/my_package-0.0.0-py3.8.egg-info
[2.055s] running install_scripts
[2.075s] Installing my_robot_driver script to /home/tony/webots_ws/install/my_package/lib/my_package
[2.075s] Installing obstacle_avoider script to /home/tony/webots_ws/install/my_package/lib/my_package
[2.076s] writing list of installed files to '/home/tony/webots_ws/build/my_package/install.log'
[2.115s] Invoked command in '/home/tony/webots_ws/src/my_package' returned '0': PYTHONPATH=/home/tony/webots_ws/build/my_package/prefix_override:/home/tony/webots_ws/install/my_package/lib/python3.8/site-packages:${PYTHONPATH} /usr/bin/python3 -W ignore:setup.py install is deprecated setup.py egg_info --egg-base ../../build/my_package build --build-base /home/tony/webots_ws/build/my_package/build install --record /home/tony/webots_ws/build/my_package/install.log --install-scripts $base/lib/my_package --single-version-externally-managed install_data
