running egg_info
writing ../build/rl_rvo_nav/rl_rvo_nav.egg-info/PKG-INFO
writing dependency_links to ../build/rl_rvo_nav/rl_rvo_nav.egg-info/dependency_links.txt
writing requirements to ../build/rl_rvo_nav/rl_rvo_nav.egg-info/requires.txt
writing top-level names to ../build/rl_rvo_nav/rl_rvo_nav.egg-info/top_level.txt
file rl_rvo_nav.py (for module rl_rvo_nav) not found
reading manifest file '../build/rl_rvo_nav/rl_rvo_nav.egg-info/SOURCES.txt'
writing manifest file '../build/rl_rvo_nav/rl_rvo_nav.egg-info/SOURCES.txt'
running build
running build_py
running install
file rl_rvo_nav.py (for module rl_rvo_nav) not found
file rl_rvo_nav.py (for module rl_rvo_nav) not found
running install_lib
running install_egg_info
warning: install_lib: '/home/tony/webots_ws/build/rl_rvo_nav/build/lib' does not exist -- no Python modules to install

removing '/home/tony/webots_ws/install/rl_rvo_nav/lib/python3.8/site-packages/rl_rvo_nav-2.0-py3.8.egg-info' (and everything under it)
Copying ../build/rl_rvo_nav/rl_rvo_nav.egg-info to /home/tony/webots_ws/install/rl_rvo_nav/lib/python3.8/site-packages/rl_rvo_nav-2.0-py3.8.egg-info
running install_scripts
writing list of installed files to '/home/tony/webots_ws/build/rl_rvo_nav/install.log'
file rl_rvo_nav.py (for module rl_rvo_nav) not found
