[1.504s] Invoking command in '/home/tony/webots_ws/rl_rvo_nav': PYTHONPATH=/home/tony/webots_ws/build/rl_rvo_nav/prefix_override:/home/tony/webots_ws/install/rl_rvo_nav/lib/python3.8/site-packages:${PYTHONPATH} /usr/bin/python3 -W ignore:setup.py install is deprecated setup.py egg_info --egg-base ../build/rl_rvo_nav build --build-base /home/tony/webots_ws/build/rl_rvo_nav/build install --record /home/tony/webots_ws/build/rl_rvo_nav/install.log --single-version-externally-managed
[1.749s] running egg_info
[1.749s] writing ../build/rl_rvo_nav/rl_rvo_nav.egg-info/PKG-INFO
[1.750s] writing dependency_links to ../build/rl_rvo_nav/rl_rvo_nav.egg-info/dependency_links.txt
[1.750s] writing requirements to ../build/rl_rvo_nav/rl_rvo_nav.egg-info/requires.txt
[1.750s] writing top-level names to ../build/rl_rvo_nav/rl_rvo_nav.egg-info/top_level.txt
[1.791s] file rl_rvo_nav.py (for module rl_rvo_nav) not found
[1.792s] reading manifest file '../build/rl_rvo_nav/rl_rvo_nav.egg-info/SOURCES.txt'
[1.793s] writing manifest file '../build/rl_rvo_nav/rl_rvo_nav.egg-info/SOURCES.txt'
[1.794s] running build
[1.795s] running build_py
[1.795s] running install
[1.796s] file rl_rvo_nav.py (for module rl_rvo_nav) not found
[1.796s] file rl_rvo_nav.py (for module rl_rvo_nav) not found
[1.797s] running install_lib
[1.798s] running install_egg_info
[1.798s] warning: install_lib: '/home/tony/webots_ws/build/rl_rvo_nav/build/lib' does not exist -- no Python modules to install
[1.798s] 
[1.798s] removing '/home/tony/webots_ws/install/rl_rvo_nav/lib/python3.8/site-packages/rl_rvo_nav-2.0-py3.8.egg-info' (and everything under it)
[1.799s] Copying ../build/rl_rvo_nav/rl_rvo_nav.egg-info to /home/tony/webots_ws/install/rl_rvo_nav/lib/python3.8/site-packages/rl_rvo_nav-2.0-py3.8.egg-info
[1.799s] running install_scripts
[1.819s] writing list of installed files to '/home/tony/webots_ws/build/rl_rvo_nav/install.log'
[1.820s] file rl_rvo_nav.py (for module rl_rvo_nav) not found
[1.863s] Invoked command in '/home/tony/webots_ws/rl_rvo_nav' returned '0': PYTHONPATH=/home/tony/webots_ws/build/rl_rvo_nav/prefix_override:/home/tony/webots_ws/install/rl_rvo_nav/lib/python3.8/site-packages:${PYTHONPATH} /usr/bin/python3 -W ignore:setup.py install is deprecated setup.py egg_info --egg-base ../build/rl_rvo_nav build --build-base /home/tony/webots_ws/build/rl_rvo_nav/build install --record /home/tony/webots_ws/build/rl_rvo_nav/install.log --single-version-externally-managed
