[0.741s] Invoking command in '/home/tony/webots_ws/src/my_mir_package': CMAKE_PREFIX_PATH=/home/tony/webots_ws/install/motor_interfaces:/home/tony/webots_ws/install/webots_ros2_msgs:/home/tony/webots_ws/install/traj_publish:/home/tony/webots_ws/install/mpc_controller:/home/tony/webots_ws/install/traj_interfaces LD_LIBRARY_PATH=/home/tony/webots_ws/install/motor_interfaces/lib:/home/tony/webots_ws/install/webots_ros2_msgs/lib:/home/tony/webots_ws/install/traj_interfaces/lib:/opt/ros/foxy/opt/yaml_cpp_vendor/lib:/opt/ros/foxy/opt/rviz_ogre_vendor/lib:/opt/ros/foxy/lib/x86_64-linux-gnu:/opt/ros/foxy/lib PYTHONPATH=/home/tony/webots_ws/build/my_mir_package/prefix_override:/home/tony/webots_ws/install/my_mir_package/lib/python3.8/site-packages:/home/tony/webots_ws/install/motor_interfaces/lib/python3.8/site-packages:/home/tony/webots_ws/install/webots_ros2_msgs/lib/python3.8/site-packages:/home/tony/webots_ws/install/traj_interfaces/lib/python3.8/site-packages:/home/tony/webots_ws/install/my_package/lib/python3.8/site-packages:/home/tony/webots_ws/install/my_mir_package/lib/python3.8/site-packages:/home/tony/webots_ws/install/multi_mir_package/lib/python3.8/site-packages:/opt/ros/foxy/lib/python3.8/site-packages /usr/bin/python3 -W ignore:setup.py install is deprecated setup.py egg_info --egg-base ../../build/my_mir_package build --build-base /home/tony/webots_ws/build/my_mir_package/build install --record /home/tony/webots_ws/build/my_mir_package/install.log --install-scripts $base/lib/my_mir_package --single-version-externally-managed install_data
[0.914s] running egg_info
[0.914s] creating ../../build/my_mir_package/my_mir_package.egg-info
[0.914s] writing ../../build/my_mir_package/my_mir_package.egg-info/PKG-INFO
[0.914s] writing dependency_links to ../../build/my_mir_package/my_mir_package.egg-info/dependency_links.txt
[0.914s] writing entry points to ../../build/my_mir_package/my_mir_package.egg-info/entry_points.txt
[0.915s] writing requirements to ../../build/my_mir_package/my_mir_package.egg-info/requires.txt
[0.915s] writing top-level names to ../../build/my_mir_package/my_mir_package.egg-info/top_level.txt
[0.916s] writing manifest file '../../build/my_mir_package/my_mir_package.egg-info/SOURCES.txt'
[0.940s] reading manifest file '../../build/my_mir_package/my_mir_package.egg-info/SOURCES.txt'
[0.941s] writing manifest file '../../build/my_mir_package/my_mir_package.egg-info/SOURCES.txt'
[0.941s] running build
[0.941s] running build_py
[0.941s] creating /home/tony/webots_ws/build/my_mir_package/build
[0.941s] creating /home/tony/webots_ws/build/my_mir_package/build/lib
[0.941s] creating /home/tony/webots_ws/build/my_mir_package/build/lib/my_mir_package
[0.941s] copying my_mir_package/__init__.py -> /home/tony/webots_ws/build/my_mir_package/build/lib/my_mir_package
[0.941s] copying my_mir_package/my_mir_driver.py -> /home/tony/webots_ws/build/my_mir_package/build/lib/my_mir_package
[0.941s] running install
[0.942s] running install_lib
[0.942s] creating /home/tony/webots_ws/install/my_mir_package/lib/python3.8/site-packages/my_mir_package
[0.942s] copying /home/tony/webots_ws/build/my_mir_package/build/lib/my_mir_package/__init__.py -> /home/tony/webots_ws/install/my_mir_package/lib/python3.8/site-packages/my_mir_package
[0.943s] copying /home/tony/webots_ws/build/my_mir_package/build/lib/my_mir_package/my_mir_driver.py -> /home/tony/webots_ws/install/my_mir_package/lib/python3.8/site-packages/my_mir_package
[0.943s] byte-compiling /home/tony/webots_ws/install/my_mir_package/lib/python3.8/site-packages/my_mir_package/__init__.py to __init__.cpython-38.pyc
[0.944s] byte-compiling /home/tony/webots_ws/install/my_mir_package/lib/python3.8/site-packages/my_mir_package/my_mir_driver.py to my_mir_driver.cpython-38.pyc
[0.945s] running install_data
[0.945s] creating /home/tony/webots_ws/install/my_mir_package/share/ament_index
[0.945s] creating /home/tony/webots_ws/install/my_mir_package/share/ament_index/resource_index
[0.945s] creating /home/tony/webots_ws/install/my_mir_package/share/ament_index/resource_index/packages
[0.945s] copying resource/my_mir_package -> /home/tony/webots_ws/install/my_mir_package/share/ament_index/resource_index/packages
[0.945s] creating /home/tony/webots_ws/install/my_mir_package/share/my_mir_package/launch
[0.945s] copying launch/robot_mir_launch.py -> /home/tony/webots_ws/install/my_mir_package/share/my_mir_package/launch
[0.945s] creating /home/tony/webots_ws/install/my_mir_package/share/my_mir_package/worlds
[0.945s] copying worlds/my_world.wbt -> /home/tony/webots_ws/install/my_mir_package/share/my_mir_package/worlds
[0.946s] creating /home/tony/webots_ws/install/my_mir_package/share/my_mir_package/resource
[0.946s] copying resource/my_mir_robot.urdf -> /home/tony/webots_ws/install/my_mir_package/share/my_mir_package/resource
[0.946s] copying package.xml -> /home/tony/webots_ws/install/my_mir_package/share/my_mir_package
[0.946s] creating /home/tony/webots_ws/install/my_mir_package/share/my_mir_package/config
[0.946s] copying config/mir100.rviz -> /home/tony/webots_ws/install/my_mir_package/share/my_mir_package/config
[0.946s] running install_egg_info
[0.948s] Copying ../../build/my_mir_package/my_mir_package.egg-info to /home/tony/webots_ws/install/my_mir_package/lib/python3.8/site-packages/my_mir_package-0.0.0-py3.8.egg-info
[0.948s] running install_scripts
[0.962s] Installing my_mir_driver script to /home/tony/webots_ws/install/my_mir_package/lib/my_mir_package
[0.962s] writing list of installed files to '/home/tony/webots_ws/build/my_mir_package/install.log'
[0.981s] Invoked command in '/home/tony/webots_ws/src/my_mir_package' returned '0': CMAKE_PREFIX_PATH=/home/tony/webots_ws/install/motor_interfaces:/home/tony/webots_ws/install/webots_ros2_msgs:/home/tony/webots_ws/install/traj_publish:/home/tony/webots_ws/install/mpc_controller:/home/tony/webots_ws/install/traj_interfaces LD_LIBRARY_PATH=/home/tony/webots_ws/install/motor_interfaces/lib:/home/tony/webots_ws/install/webots_ros2_msgs/lib:/home/tony/webots_ws/install/traj_interfaces/lib:/opt/ros/foxy/opt/yaml_cpp_vendor/lib:/opt/ros/foxy/opt/rviz_ogre_vendor/lib:/opt/ros/foxy/lib/x86_64-linux-gnu:/opt/ros/foxy/lib PYTHONPATH=/home/tony/webots_ws/build/my_mir_package/prefix_override:/home/tony/webots_ws/install/my_mir_package/lib/python3.8/site-packages:/home/tony/webots_ws/install/motor_interfaces/lib/python3.8/site-packages:/home/tony/webots_ws/install/webots_ros2_msgs/lib/python3.8/site-packages:/home/tony/webots_ws/install/traj_interfaces/lib/python3.8/site-packages:/home/tony/webots_ws/install/my_package/lib/python3.8/site-packages:/home/tony/webots_ws/install/my_mir_package/lib/python3.8/site-packages:/home/tony/webots_ws/install/multi_mir_package/lib/python3.8/site-packages:/opt/ros/foxy/lib/python3.8/site-packages /usr/bin/python3 -W ignore:setup.py install is deprecated setup.py egg_info --egg-base ../../build/my_mir_package build --build-base /home/tony/webots_ws/build/my_mir_package/build install --record /home/tony/webots_ws/build/my_mir_package/install.log --install-scripts $base/lib/my_mir_package --single-version-externally-managed install_data
