[1.478s] Invoking command in '/home/tony/webots_ws/src/my_package': PYTHONPATH=/home/tony/webots_ws/build/my_package/prefix_override:/home/tony/webots_ws/install/my_package/lib/python3.8/site-packages:${PYTHONPATH} /usr/bin/python3 -W ignore:setup.py install is deprecated setup.py egg_info --egg-base ../../build/my_package build --build-base /home/tony/webots_ws/build/my_package/build install --record /home/tony/webots_ws/build/my_package/install.log --install-scripts $base/lib/my_package --single-version-externally-managed install_data
[1.666s] running egg_info
[1.666s] writing ../../build/my_package/my_package.egg-info/PKG-INFO
[1.667s] writing dependency_links to ../../build/my_package/my_package.egg-info/dependency_links.txt
[1.667s] writing entry points to ../../build/my_package/my_package.egg-info/entry_points.txt
[1.667s] writing requirements to ../../build/my_package/my_package.egg-info/requires.txt
[1.667s] writing top-level names to ../../build/my_package/my_package.egg-info/top_level.txt
[1.695s] reading manifest file '../../build/my_package/my_package.egg-info/SOURCES.txt'
[1.695s] writing manifest file '../../build/my_package/my_package.egg-info/SOURCES.txt'
[1.696s] running build
[1.696s] running build_py
[1.696s] running install
[1.696s] running install_lib
[1.698s] running install_data
[1.699s] running install_egg_info
[1.699s] removing '/home/tony/webots_ws/install/my_package/lib/python3.8/site-packages/my_package-0.0.0-py3.8.egg-info' (and everything under it)
[1.700s] Copying ../../build/my_package/my_package.egg-info to /home/tony/webots_ws/install/my_package/lib/python3.8/site-packages/my_package-0.0.0-py3.8.egg-info
[1.701s] running install_scripts
[1.719s] Installing my_robot_driver script to /home/tony/webots_ws/install/my_package/lib/my_package
[1.719s] Installing obstacle_avoider script to /home/tony/webots_ws/install/my_package/lib/my_package
[1.719s] writing list of installed files to '/home/tony/webots_ws/build/my_package/install.log'
[1.752s] Invoked command in '/home/tony/webots_ws/src/my_package' returned '0': PYTHONPATH=/home/tony/webots_ws/build/my_package/prefix_override:/home/tony/webots_ws/install/my_package/lib/python3.8/site-packages:${PYTHONPATH} /usr/bin/python3 -W ignore:setup.py install is deprecated setup.py egg_info --egg-base ../../build/my_package build --build-base /home/tony/webots_ws/build/my_package/build install --record /home/tony/webots_ws/build/my_package/install.log --install-scripts $base/lib/my_package --single-version-externally-managed install_data
