[0.730s] Invoking command in '/home/tony/webots_ws/src/multi_mir_package': CMAKE_PREFIX_PATH=/home/tony/webots_ws/install/motor_interfaces:/home/tony/webots_ws/install/webots_ros2_msgs:/home/tony/webots_ws/install/traj_publish:/home/tony/webots_ws/install/mpc_controller:/home/tony/webots_ws/install/traj_interfaces LD_LIBRARY_PATH=/home/tony/webots_ws/install/motor_interfaces/lib:/home/tony/webots_ws/install/webots_ros2_msgs/lib:/home/tony/webots_ws/install/traj_interfaces/lib:/opt/ros/foxy/opt/yaml_cpp_vendor/lib:/opt/ros/foxy/opt/rviz_ogre_vendor/lib:/opt/ros/foxy/lib/x86_64-linux-gnu:/opt/ros/foxy/lib PYTHONPATH=/home/tony/webots_ws/build/multi_mir_package/prefix_override:/home/tony/webots_ws/install/multi_mir_package/lib/python3.8/site-packages:/home/tony/webots_ws/install/motor_interfaces/lib/python3.8/site-packages:/home/tony/webots_ws/install/webots_ros2_msgs/lib/python3.8/site-packages:/home/tony/webots_ws/install/traj_interfaces/lib/python3.8/site-packages:/home/tony/webots_ws/install/my_package/lib/python3.8/site-packages:/home/tony/webots_ws/install/my_mir_package/lib/python3.8/site-packages:/home/tony/webots_ws/install/multi_mir_package/lib/python3.8/site-packages:/opt/ros/foxy/lib/python3.8/site-packages /usr/bin/python3 -W ignore:setup.py install is deprecated setup.py egg_info --egg-base ../../build/multi_mir_package build --build-base /home/tony/webots_ws/build/multi_mir_package/build install --record /home/tony/webots_ws/build/multi_mir_package/install.log --install-scripts $base/lib/my_mir_package --single-version-externally-managed install_data
[0.900s] running egg_info
[0.901s] creating ../../build/multi_mir_package/multi_mir_package.egg-info
[0.901s] writing ../../build/multi_mir_package/multi_mir_package.egg-info/PKG-INFO
[0.901s] writing dependency_links to ../../build/multi_mir_package/multi_mir_package.egg-info/dependency_links.txt
[0.901s] writing entry points to ../../build/multi_mir_package/multi_mir_package.egg-info/entry_points.txt
[0.901s] writing requirements to ../../build/multi_mir_package/multi_mir_package.egg-info/requires.txt
[0.902s] writing top-level names to ../../build/multi_mir_package/multi_mir_package.egg-info/top_level.txt
[0.903s] writing manifest file '../../build/multi_mir_package/multi_mir_package.egg-info/SOURCES.txt'
[0.927s] reading manifest file '../../build/multi_mir_package/multi_mir_package.egg-info/SOURCES.txt'
[0.927s] writing manifest file '../../build/multi_mir_package/multi_mir_package.egg-info/SOURCES.txt'
[0.927s] running build
[0.927s] running build_py
[0.928s] creating /home/tony/webots_ws/build/multi_mir_package/build
[0.928s] creating /home/tony/webots_ws/build/multi_mir_package/build/lib
[0.928s] creating /home/tony/webots_ws/build/multi_mir_package/build/lib/multi_mir_package
[0.928s] copying multi_mir_package/__init__.py -> /home/tony/webots_ws/build/multi_mir_package/build/lib/multi_mir_package
[0.928s] copying multi_mir_package/multi_mir_driver.py -> /home/tony/webots_ws/build/multi_mir_package/build/lib/multi_mir_package
[0.928s] running install
[0.928s] running install_lib
[0.929s] creating /home/tony/webots_ws/install/multi_mir_package/lib/python3.8/site-packages/multi_mir_package
[0.929s] copying /home/tony/webots_ws/build/multi_mir_package/build/lib/multi_mir_package/__init__.py -> /home/tony/webots_ws/install/multi_mir_package/lib/python3.8/site-packages/multi_mir_package
[0.929s] copying /home/tony/webots_ws/build/multi_mir_package/build/lib/multi_mir_package/multi_mir_driver.py -> /home/tony/webots_ws/install/multi_mir_package/lib/python3.8/site-packages/multi_mir_package
[0.930s] byte-compiling /home/tony/webots_ws/install/multi_mir_package/lib/python3.8/site-packages/multi_mir_package/__init__.py to __init__.cpython-38.pyc
[0.930s] byte-compiling /home/tony/webots_ws/install/multi_mir_package/lib/python3.8/site-packages/multi_mir_package/multi_mir_driver.py to multi_mir_driver.cpython-38.pyc
[0.931s] running install_data
[0.931s] creating /home/tony/webots_ws/install/multi_mir_package/share/ament_index
[0.931s] creating /home/tony/webots_ws/install/multi_mir_package/share/ament_index/resource_index
[0.931s] creating /home/tony/webots_ws/install/multi_mir_package/share/ament_index/resource_index/packages
[0.932s] copying resource/multi_mir_package -> /home/tony/webots_ws/install/multi_mir_package/share/ament_index/resource_index/packages
[0.932s] creating /home/tony/webots_ws/install/multi_mir_package/share/multi_mir_package/launch
[0.932s] copying launch/multi_mir_launch.py -> /home/tony/webots_ws/install/multi_mir_package/share/multi_mir_package/launch
[0.932s] creating /home/tony/webots_ws/install/multi_mir_package/share/multi_mir_package/worlds
[0.932s] copying worlds/multi_robot_world.wbt -> /home/tony/webots_ws/install/multi_mir_package/share/multi_mir_package/worlds
[0.933s] creating /home/tony/webots_ws/install/multi_mir_package/share/multi_mir_package/resource
[0.933s] copying resource/mir_robot_1.urdf -> /home/tony/webots_ws/install/multi_mir_package/share/multi_mir_package/resource
[0.933s] copying package.xml -> /home/tony/webots_ws/install/multi_mir_package/share/multi_mir_package
[0.934s] creating /home/tony/webots_ws/install/multi_mir_package/share/multi_mir_package/config
[0.934s] copying config/mir100.rviz -> /home/tony/webots_ws/install/multi_mir_package/share/multi_mir_package/config
[0.934s] running install_egg_info
[0.935s] Copying ../../build/multi_mir_package/multi_mir_package.egg-info to /home/tony/webots_ws/install/multi_mir_package/lib/python3.8/site-packages/multi_mir_package-0.0.0-py3.8.egg-info
[0.936s] running install_scripts
[0.948s] Installing multi_mir_driver script to /home/tony/webots_ws/install/multi_mir_package/lib/my_mir_package
[0.949s] writing list of installed files to '/home/tony/webots_ws/build/multi_mir_package/install.log'
[0.969s] Invoked command in '/home/tony/webots_ws/src/multi_mir_package' returned '0': CMAKE_PREFIX_PATH=/home/tony/webots_ws/install/motor_interfaces:/home/tony/webots_ws/install/webots_ros2_msgs:/home/tony/webots_ws/install/traj_publish:/home/tony/webots_ws/install/mpc_controller:/home/tony/webots_ws/install/traj_interfaces LD_LIBRARY_PATH=/home/tony/webots_ws/install/motor_interfaces/lib:/home/tony/webots_ws/install/webots_ros2_msgs/lib:/home/tony/webots_ws/install/traj_interfaces/lib:/opt/ros/foxy/opt/yaml_cpp_vendor/lib:/opt/ros/foxy/opt/rviz_ogre_vendor/lib:/opt/ros/foxy/lib/x86_64-linux-gnu:/opt/ros/foxy/lib PYTHONPATH=/home/tony/webots_ws/build/multi_mir_package/prefix_override:/home/tony/webots_ws/install/multi_mir_package/lib/python3.8/site-packages:/home/tony/webots_ws/install/motor_interfaces/lib/python3.8/site-packages:/home/tony/webots_ws/install/webots_ros2_msgs/lib/python3.8/site-packages:/home/tony/webots_ws/install/traj_interfaces/lib/python3.8/site-packages:/home/tony/webots_ws/install/my_package/lib/python3.8/site-packages:/home/tony/webots_ws/install/my_mir_package/lib/python3.8/site-packages:/home/tony/webots_ws/install/multi_mir_package/lib/python3.8/site-packages:/opt/ros/foxy/lib/python3.8/site-packages /usr/bin/python3 -W ignore:setup.py install is deprecated setup.py egg_info --egg-base ../../build/multi_mir_package build --build-base /home/tony/webots_ws/build/multi_mir_package/build install --record /home/tony/webots_ws/build/multi_mir_package/install.log --install-scripts $base/lib/my_mir_package --single-version-externally-managed install_data
