[0.139s] DEBUG:colcon:Command line arguments: ['/usr/bin/colcon', 'build']
[0.139s] DEBUG:colcon:Parsed command line arguments: Namespace(allow_overriding=[], ament_cmake_args=None, base_paths=['.'], build_base='build', catkin_cmake_args=None, catkin_skip_building_tests=False, cmake_args=None, cmake_clean_cache=False, cmake_clean_first=False, cmake_force_configure=False, cmake_target=None, cmake_target_skip_unavailable=False, continue_on_error=False, event_handlers=None, executor='parallel', ignore_user_meta=False, install_base='install', log_base=None, log_level=None, main=<bound method BuildVerb.main of <colcon_core.verb.build.BuildVerb object at 0x7f543ca71280>>, merge_install=False, metas=['./colcon.meta'], packages_above=None, packages_above_and_dependencies=None, packages_above_depth=None, packages_end=None, packages_ignore=None, packages_ignore_regex=None, packages_select=None, packages_select_build_failed=False, packages_select_by_dep=None, packages_select_regex=None, packages_select_test_failures=False, packages_skip=None, packages_skip_build_finished=False, packages_skip_by_dep=None, packages_skip_regex=None, packages_skip_test_passed=False, packages_skip_up_to=None, packages_start=None, packages_up_to=None, packages_up_to_regex=None, parallel_workers=16, paths=None, symlink_install=False, test_result_base=None, verb_extension=<colcon_core.verb.build.BuildVerb object at 0x7f543ca71280>, verb_name='build', verb_parser=<colcon_defaults.argument_parser.defaults.DefaultArgumentsDecorator object at 0x7f543c903e50>)
[0.264s] Level 1:colcon.colcon_core.package_discovery:discover_packages(colcon_meta) check parameters
[0.264s] Level 1:colcon.colcon_core.package_discovery:discover_packages(recursive) check parameters
[0.264s] Level 1:colcon.colcon_core.package_discovery:discover_packages(ignore) check parameters
[0.264s] Level 1:colcon.colcon_core.package_discovery:discover_packages(path) check parameters
[0.264s] Level 1:colcon.colcon_core.package_discovery:discover_packages(colcon_meta) discover
[0.264s] Level 1:colcon.colcon_core.package_discovery:discover_packages(recursive) discover
[0.264s] INFO:colcon.colcon_core.package_discovery:Crawling recursively for packages in '/home/tony/webots_ws'
[0.264s] Level 1:colcon.colcon_core.package_identification:_identify(.) by extensions ['ignore', 'ignore_ament_install']
[0.264s] Level 1:colcon.colcon_core.package_identification:_identify(.) by extension 'ignore'
[0.265s] Level 1:colcon.colcon_core.package_identification:_identify(.) by extension 'ignore_ament_install'
[0.265s] Level 1:colcon.colcon_core.package_identification:_identify(.) by extensions ['colcon_pkg']
[0.265s] Level 1:colcon.colcon_core.package_identification:_identify(.) by extension 'colcon_pkg'
[0.265s] Level 1:colcon.colcon_core.package_identification:_identify(.) by extensions ['colcon_meta']
[0.265s] Level 1:colcon.colcon_core.package_identification:_identify(.) by extension 'colcon_meta'
[0.265s] Level 1:colcon.colcon_core.package_identification:_identify(.) by extensions ['ros']
[0.265s] Level 1:colcon.colcon_core.package_identification:_identify(.) by extension 'ros'
[0.274s] Level 1:colcon.colcon_core.package_identification:_identify(.) by extensions ['cmake', 'python']
[0.274s] Level 1:colcon.colcon_core.package_identification:_identify(.) by extension 'cmake'
[0.274s] Level 1:colcon.colcon_core.package_identification:_identify(.) by extension 'python'
[0.274s] Level 1:colcon.colcon_core.package_identification:_identify(.) by extensions ['python_setup_py']
[0.274s] Level 1:colcon.colcon_core.package_identification:_identify(.) by extension 'python_setup_py'
[0.274s] Level 1:colcon.colcon_core.package_identification:_identify(build) by extensions ['ignore', 'ignore_ament_install']
[0.274s] Level 1:colcon.colcon_core.package_identification:_identify(build) by extension 'ignore'
[0.274s] Level 1:colcon.colcon_core.package_identification:_identify(build) ignored
[0.274s] Level 1:colcon.colcon_core.package_identification:_identify(install) by extensions ['ignore', 'ignore_ament_install']
[0.274s] Level 1:colcon.colcon_core.package_identification:_identify(install) by extension 'ignore'
[0.274s] Level 1:colcon.colcon_core.package_identification:_identify(install) ignored
[0.275s] Level 1:colcon.colcon_core.package_identification:_identify(log) by extensions ['ignore', 'ignore_ament_install']
[0.275s] Level 1:colcon.colcon_core.package_identification:_identify(log) by extension 'ignore'
[0.275s] Level 1:colcon.colcon_core.package_identification:_identify(log) ignored
[0.275s] Level 1:colcon.colcon_core.package_identification:_identify(src) by extensions ['ignore', 'ignore_ament_install']
[0.275s] Level 1:colcon.colcon_core.package_identification:_identify(src) by extension 'ignore'
[0.275s] Level 1:colcon.colcon_core.package_identification:_identify(src) by extension 'ignore_ament_install'
[0.275s] Level 1:colcon.colcon_core.package_identification:_identify(src) by extensions ['colcon_pkg']
[0.275s] Level 1:colcon.colcon_core.package_identification:_identify(src) by extension 'colcon_pkg'
[0.275s] Level 1:colcon.colcon_core.package_identification:_identify(src) by extensions ['colcon_meta']
[0.275s] Level 1:colcon.colcon_core.package_identification:_identify(src) by extension 'colcon_meta'
[0.275s] Level 1:colcon.colcon_core.package_identification:_identify(src) by extensions ['ros']
[0.275s] Level 1:colcon.colcon_core.package_identification:_identify(src) by extension 'ros'
[0.275s] Level 1:colcon.colcon_core.package_identification:_identify(src) by extensions ['cmake', 'python']
[0.275s] Level 1:colcon.colcon_core.package_identification:_identify(src) by extension 'cmake'
[0.275s] Level 1:colcon.colcon_core.package_identification:_identify(src) by extension 'python'
[0.275s] Level 1:colcon.colcon_core.package_identification:_identify(src) by extensions ['python_setup_py']
[0.275s] Level 1:colcon.colcon_core.package_identification:_identify(src) by extension 'python_setup_py'
[0.275s] Level 1:colcon.colcon_core.package_identification:_identify(src/motor_interfaces) by extensions ['ignore', 'ignore_ament_install']
[0.275s] Level 1:colcon.colcon_core.package_identification:_identify(src/motor_interfaces) by extension 'ignore'
[0.275s] Level 1:colcon.colcon_core.package_identification:_identify(src/motor_interfaces) by extension 'ignore_ament_install'
[0.275s] Level 1:colcon.colcon_core.package_identification:_identify(src/motor_interfaces) by extensions ['colcon_pkg']
[0.276s] Level 1:colcon.colcon_core.package_identification:_identify(src/motor_interfaces) by extension 'colcon_pkg'
[0.276s] Level 1:colcon.colcon_core.package_identification:_identify(src/motor_interfaces) by extensions ['colcon_meta']
[0.276s] Level 1:colcon.colcon_core.package_identification:_identify(src/motor_interfaces) by extension 'colcon_meta'
[0.276s] Level 1:colcon.colcon_core.package_identification:_identify(src/motor_interfaces) by extensions ['ros']
[0.276s] Level 1:colcon.colcon_core.package_identification:_identify(src/motor_interfaces) by extension 'ros'
[0.278s] DEBUG:colcon.colcon_core.package_identification:Package 'src/motor_interfaces' with type 'ros.ament_cmake' and name 'motor_interfaces'
[0.278s] Level 1:colcon.colcon_core.package_identification:_identify(src/mpc_controller) by extensions ['ignore', 'ignore_ament_install']
[0.278s] Level 1:colcon.colcon_core.package_identification:_identify(src/mpc_controller) by extension 'ignore'
[0.278s] Level 1:colcon.colcon_core.package_identification:_identify(src/mpc_controller) by extension 'ignore_ament_install'
[0.278s] Level 1:colcon.colcon_core.package_identification:_identify(src/mpc_controller) by extensions ['colcon_pkg']
[0.278s] Level 1:colcon.colcon_core.package_identification:_identify(src/mpc_controller) by extension 'colcon_pkg'
[0.278s] Level 1:colcon.colcon_core.package_identification:_identify(src/mpc_controller) by extensions ['colcon_meta']
[0.278s] Level 1:colcon.colcon_core.package_identification:_identify(src/mpc_controller) by extension 'colcon_meta'
[0.278s] Level 1:colcon.colcon_core.package_identification:_identify(src/mpc_controller) by extensions ['ros']
[0.278s] Level 1:colcon.colcon_core.package_identification:_identify(src/mpc_controller) by extension 'ros'
[0.279s] DEBUG:colcon.colcon_core.package_identification:Package 'src/mpc_controller' with type 'ros.ament_cmake' and name 'mpc_controller'
[0.279s] Level 1:colcon.colcon_core.package_identification:_identify(src/my_mir_package) by extensions ['ignore', 'ignore_ament_install']
[0.279s] Level 1:colcon.colcon_core.package_identification:_identify(src/my_mir_package) by extension 'ignore'
[0.279s] Level 1:colcon.colcon_core.package_identification:_identify(src/my_mir_package) by extension 'ignore_ament_install'
[0.279s] Level 1:colcon.colcon_core.package_identification:_identify(src/my_mir_package) by extensions ['colcon_pkg']
[0.279s] Level 1:colcon.colcon_core.package_identification:_identify(src/my_mir_package) by extension 'colcon_pkg'
[0.279s] Level 1:colcon.colcon_core.package_identification:_identify(src/my_mir_package) by extensions ['colcon_meta']
[0.279s] Level 1:colcon.colcon_core.package_identification:_identify(src/my_mir_package) by extension 'colcon_meta'
[0.279s] Level 1:colcon.colcon_core.package_identification:_identify(src/my_mir_package) by extensions ['ros']
[0.279s] Level 1:colcon.colcon_core.package_identification:_identify(src/my_mir_package) by extension 'ros'
[0.280s] DEBUG:colcon.colcon_core.package_identification:Package 'src/my_mir_package' with type 'ros.ament_python' and name 'my_mir_package'
[0.280s] Level 1:colcon.colcon_core.package_identification:_identify(src/my_package) by extensions ['ignore', 'ignore_ament_install']
[0.280s] Level 1:colcon.colcon_core.package_identification:_identify(src/my_package) by extension 'ignore'
[0.280s] Level 1:colcon.colcon_core.package_identification:_identify(src/my_package) by extension 'ignore_ament_install'
[0.280s] Level 1:colcon.colcon_core.package_identification:_identify(src/my_package) by extensions ['colcon_pkg']
[0.280s] Level 1:colcon.colcon_core.package_identification:_identify(src/my_package) by extension 'colcon_pkg'
[0.280s] Level 1:colcon.colcon_core.package_identification:_identify(src/my_package) by extensions ['colcon_meta']
[0.280s] Level 1:colcon.colcon_core.package_identification:_identify(src/my_package) by extension 'colcon_meta'
[0.280s] Level 1:colcon.colcon_core.package_identification:_identify(src/my_package) by extensions ['ros']
[0.280s] Level 1:colcon.colcon_core.package_identification:_identify(src/my_package) by extension 'ros'
[0.281s] DEBUG:colcon.colcon_core.package_identification:Package 'src/my_package' with type 'ros.ament_python' and name 'my_package'
[0.281s] Level 1:colcon.colcon_core.package_identification:_identify(src/qpOASES) by extensions ['ignore', 'ignore_ament_install']
[0.281s] Level 1:colcon.colcon_core.package_identification:_identify(src/qpOASES) by extension 'ignore'
[0.281s] Level 1:colcon.colcon_core.package_identification:_identify(src/qpOASES) by extension 'ignore_ament_install'
[0.281s] Level 1:colcon.colcon_core.package_identification:_identify(src/qpOASES) by extensions ['colcon_pkg']
[0.281s] Level 1:colcon.colcon_core.package_identification:_identify(src/qpOASES) by extension 'colcon_pkg'
[0.281s] Level 1:colcon.colcon_core.package_identification:_identify(src/qpOASES) by extensions ['colcon_meta']
[0.281s] Level 1:colcon.colcon_core.package_identification:_identify(src/qpOASES) by extension 'colcon_meta'
[0.281s] Level 1:colcon.colcon_core.package_identification:_identify(src/qpOASES) by extensions ['ros']
[0.281s] Level 1:colcon.colcon_core.package_identification:_identify(src/qpOASES) by extension 'ros'
[0.281s] Level 1:colcon.colcon_core.package_identification:_identify(src/qpOASES) by extensions ['cmake', 'python']
[0.281s] Level 1:colcon.colcon_core.package_identification:_identify(src/qpOASES) by extension 'cmake'
[0.286s] Level 1:colcon.colcon_core.package_identification:_identify(src/qpOASES) by extension 'python'
[0.286s] DEBUG:colcon.colcon_core.package_identification:Package 'src/qpOASES' with type 'cmake' and name 'qpOASES'
[0.286s] Level 1:colcon.colcon_core.package_identification:_identify(src/traj_interfaces) by extensions ['ignore', 'ignore_ament_install']
[0.286s] Level 1:colcon.colcon_core.package_identification:_identify(src/traj_interfaces) by extension 'ignore'
[0.286s] Level 1:colcon.colcon_core.package_identification:_identify(src/traj_interfaces) by extension 'ignore_ament_install'
[0.286s] Level 1:colcon.colcon_core.package_identification:_identify(src/traj_interfaces) by extensions ['colcon_pkg']
[0.286s] Level 1:colcon.colcon_core.package_identification:_identify(src/traj_interfaces) by extension 'colcon_pkg'
[0.286s] Level 1:colcon.colcon_core.package_identification:_identify(src/traj_interfaces) by extensions ['colcon_meta']
[0.286s] Level 1:colcon.colcon_core.package_identification:_identify(src/traj_interfaces) by extension 'colcon_meta'
[0.286s] Level 1:colcon.colcon_core.package_identification:_identify(src/traj_interfaces) by extensions ['ros']
[0.286s] Level 1:colcon.colcon_core.package_identification:_identify(src/traj_interfaces) by extension 'ros'
[0.287s] DEBUG:colcon.colcon_core.package_identification:Package 'src/traj_interfaces' with type 'ros.ament_cmake' and name 'traj_interfaces'
[0.287s] Level 1:colcon.colcon_core.package_identification:_identify(src/traj_publish) by extensions ['ignore', 'ignore_ament_install']
[0.287s] Level 1:colcon.colcon_core.package_identification:_identify(src/traj_publish) by extension 'ignore'
[0.287s] Level 1:colcon.colcon_core.package_identification:_identify(src/traj_publish) by extension 'ignore_ament_install'
[0.287s] Level 1:colcon.colcon_core.package_identification:_identify(src/traj_publish) by extensions ['colcon_pkg']
[0.287s] Level 1:colcon.colcon_core.package_identification:_identify(src/traj_publish) by extension 'colcon_pkg'
[0.287s] Level 1:colcon.colcon_core.package_identification:_identify(src/traj_publish) by extensions ['colcon_meta']
[0.287s] Level 1:colcon.colcon_core.package_identification:_identify(src/traj_publish) by extension 'colcon_meta'
[0.287s] Level 1:colcon.colcon_core.package_identification:_identify(src/traj_publish) by extensions ['ros']
[0.287s] Level 1:colcon.colcon_core.package_identification:_identify(src/traj_publish) by extension 'ros'
[0.288s] DEBUG:colcon.colcon_core.package_identification:Package 'src/traj_publish' with type 'ros.ament_cmake' and name 'traj_publish'
[0.288s] Level 1:colcon.colcon_core.package_discovery:discover_packages(recursive) using defaults
[0.288s] Level 1:colcon.colcon_core.package_discovery:discover_packages(ignore) discover
[0.288s] Level 1:colcon.colcon_core.package_discovery:discover_packages(ignore) using defaults
[0.288s] Level 1:colcon.colcon_core.package_discovery:discover_packages(path) discover
[0.288s] Level 1:colcon.colcon_core.package_discovery:discover_packages(path) using defaults
[0.300s] Level 1:colcon.colcon_core.package_discovery:discover_packages(prefix_path) check parameters
[0.300s] Level 1:colcon.colcon_core.package_discovery:discover_packages(prefix_path) discover
[0.302s] DEBUG:colcon.colcon_installed_package_information.package_discovery:Found 7 installed packages in /home/tony/webots_ws/install
[0.303s] DEBUG:colcon.colcon_installed_package_information.package_discovery:Found 284 installed packages in /opt/ros/foxy
[0.304s] Level 1:colcon.colcon_core.package_discovery:discover_packages(prefix_path) using defaults
[0.359s] Level 5:colcon.colcon_core.verb:set package 'motor_interfaces' build argument 'cmake_args' from command line to 'None'
[0.359s] Level 5:colcon.colcon_core.verb:set package 'motor_interfaces' build argument 'cmake_target' from command line to 'None'
[0.359s] Level 5:colcon.colcon_core.verb:set package 'motor_interfaces' build argument 'cmake_target_skip_unavailable' from command line to 'False'
[0.359s] Level 5:colcon.colcon_core.verb:set package 'motor_interfaces' build argument 'cmake_clean_cache' from command line to 'False'
[0.359s] Level 5:colcon.colcon_core.verb:set package 'motor_interfaces' build argument 'cmake_clean_first' from command line to 'False'
[0.359s] Level 5:colcon.colcon_core.verb:set package 'motor_interfaces' build argument 'cmake_force_configure' from command line to 'False'
[0.360s] Level 5:colcon.colcon_core.verb:set package 'motor_interfaces' build argument 'ament_cmake_args' from command line to 'None'
[0.360s] Level 5:colcon.colcon_core.verb:set package 'motor_interfaces' build argument 'catkin_cmake_args' from command line to 'None'
[0.360s] Level 5:colcon.colcon_core.verb:set package 'motor_interfaces' build argument 'catkin_skip_building_tests' from command line to 'False'
[0.360s] DEBUG:colcon.colcon_core.verb:Building package 'motor_interfaces' with the following arguments: {'ament_cmake_args': None, 'build_base': '/home/tony/webots_ws/build/motor_interfaces', 'catkin_cmake_args': None, 'catkin_skip_building_tests': False, 'cmake_args': None, 'cmake_clean_cache': False, 'cmake_clean_first': False, 'cmake_force_configure': False, 'cmake_target': None, 'cmake_target_skip_unavailable': False, 'install_base': '/home/tony/webots_ws/install/motor_interfaces', 'merge_install': False, 'path': '/home/tony/webots_ws/src/motor_interfaces', 'symlink_install': False, 'test_result_base': None}
[0.360s] Level 5:colcon.colcon_core.verb:set package 'my_package' build argument 'cmake_args' from command line to 'None'
[0.360s] Level 5:colcon.colcon_core.verb:set package 'my_package' build argument 'cmake_target' from command line to 'None'
[0.360s] Level 5:colcon.colcon_core.verb:set package 'my_package' build argument 'cmake_target_skip_unavailable' from command line to 'False'
[0.360s] Level 5:colcon.colcon_core.verb:set package 'my_package' build argument 'cmake_clean_cache' from command line to 'False'
[0.360s] Level 5:colcon.colcon_core.verb:set package 'my_package' build argument 'cmake_clean_first' from command line to 'False'
[0.360s] Level 5:colcon.colcon_core.verb:set package 'my_package' build argument 'cmake_force_configure' from command line to 'False'
[0.360s] Level 5:colcon.colcon_core.verb:set package 'my_package' build argument 'ament_cmake_args' from command line to 'None'
[0.360s] Level 5:colcon.colcon_core.verb:set package 'my_package' build argument 'catkin_cmake_args' from command line to 'None'
[0.360s] Level 5:colcon.colcon_core.verb:set package 'my_package' build argument 'catkin_skip_building_tests' from command line to 'False'
[0.360s] DEBUG:colcon.colcon_core.verb:Building package 'my_package' with the following arguments: {'ament_cmake_args': None, 'build_base': '/home/tony/webots_ws/build/my_package', 'catkin_cmake_args': None, 'catkin_skip_building_tests': False, 'cmake_args': None, 'cmake_clean_cache': False, 'cmake_clean_first': False, 'cmake_force_configure': False, 'cmake_target': None, 'cmake_target_skip_unavailable': False, 'install_base': '/home/tony/webots_ws/install/my_package', 'merge_install': False, 'path': '/home/tony/webots_ws/src/my_package', 'symlink_install': False, 'test_result_base': None}
[0.360s] Level 5:colcon.colcon_core.verb:set package 'qpOASES' build argument 'cmake_args' from command line to 'None'
[0.360s] Level 5:colcon.colcon_core.verb:set package 'qpOASES' build argument 'cmake_target' from command line to 'None'
[0.360s] Level 5:colcon.colcon_core.verb:set package 'qpOASES' build argument 'cmake_target_skip_unavailable' from command line to 'False'
[0.360s] Level 5:colcon.colcon_core.verb:set package 'qpOASES' build argument 'cmake_clean_cache' from command line to 'False'
[0.361s] Level 5:colcon.colcon_core.verb:set package 'qpOASES' build argument 'cmake_clean_first' from command line to 'False'
[0.361s] Level 5:colcon.colcon_core.verb:set package 'qpOASES' build argument 'cmake_force_configure' from command line to 'False'
[0.361s] Level 5:colcon.colcon_core.verb:set package 'qpOASES' build argument 'ament_cmake_args' from command line to 'None'
[0.361s] Level 5:colcon.colcon_core.verb:set package 'qpOASES' build argument 'catkin_cmake_args' from command line to 'None'
[0.361s] Level 5:colcon.colcon_core.verb:set package 'qpOASES' build argument 'catkin_skip_building_tests' from command line to 'False'
[0.361s] DEBUG:colcon.colcon_core.verb:Building package 'qpOASES' with the following arguments: {'ament_cmake_args': None, 'build_base': '/home/tony/webots_ws/build/qpOASES', 'catkin_cmake_args': None, 'catkin_skip_building_tests': False, 'cmake_args': None, 'cmake_clean_cache': False, 'cmake_clean_first': False, 'cmake_force_configure': False, 'cmake_target': None, 'cmake_target_skip_unavailable': False, 'install_base': '/home/tony/webots_ws/install/qpOASES', 'merge_install': False, 'path': '/home/tony/webots_ws/src/qpOASES', 'symlink_install': False, 'test_result_base': None}
[0.361s] Level 5:colcon.colcon_core.verb:set package 'traj_interfaces' build argument 'cmake_args' from command line to 'None'
[0.361s] Level 5:colcon.colcon_core.verb:set package 'traj_interfaces' build argument 'cmake_target' from command line to 'None'
[0.361s] Level 5:colcon.colcon_core.verb:set package 'traj_interfaces' build argument 'cmake_target_skip_unavailable' from command line to 'False'
[0.361s] Level 5:colcon.colcon_core.verb:set package 'traj_interfaces' build argument 'cmake_clean_cache' from command line to 'False'
[0.361s] Level 5:colcon.colcon_core.verb:set package 'traj_interfaces' build argument 'cmake_clean_first' from command line to 'False'
[0.361s] Level 5:colcon.colcon_core.verb:set package 'traj_interfaces' build argument 'cmake_force_configure' from command line to 'False'
[0.361s] Level 5:colcon.colcon_core.verb:set package 'traj_interfaces' build argument 'ament_cmake_args' from command line to 'None'
[0.361s] Level 5:colcon.colcon_core.verb:set package 'traj_interfaces' build argument 'catkin_cmake_args' from command line to 'None'
[0.361s] Level 5:colcon.colcon_core.verb:set package 'traj_interfaces' build argument 'catkin_skip_building_tests' from command line to 'False'
[0.361s] DEBUG:colcon.colcon_core.verb:Building package 'traj_interfaces' with the following arguments: {'ament_cmake_args': None, 'build_base': '/home/tony/webots_ws/build/traj_interfaces', 'catkin_cmake_args': None, 'catkin_skip_building_tests': False, 'cmake_args': None, 'cmake_clean_cache': False, 'cmake_clean_first': False, 'cmake_force_configure': False, 'cmake_target': None, 'cmake_target_skip_unavailable': False, 'install_base': '/home/tony/webots_ws/install/traj_interfaces', 'merge_install': False, 'path': '/home/tony/webots_ws/src/traj_interfaces', 'symlink_install': False, 'test_result_base': None}
[0.361s] Level 5:colcon.colcon_core.verb:set package 'mpc_controller' build argument 'cmake_args' from command line to 'None'
[0.361s] Level 5:colcon.colcon_core.verb:set package 'mpc_controller' build argument 'cmake_target' from command line to 'None'
[0.361s] Level 5:colcon.colcon_core.verb:set package 'mpc_controller' build argument 'cmake_target_skip_unavailable' from command line to 'False'
[0.361s] Level 5:colcon.colcon_core.verb:set package 'mpc_controller' build argument 'cmake_clean_cache' from command line to 'False'
[0.361s] Level 5:colcon.colcon_core.verb:set package 'mpc_controller' build argument 'cmake_clean_first' from command line to 'False'
[0.361s] Level 5:colcon.colcon_core.verb:set package 'mpc_controller' build argument 'cmake_force_configure' from command line to 'False'
[0.361s] Level 5:colcon.colcon_core.verb:set package 'mpc_controller' build argument 'ament_cmake_args' from command line to 'None'
[0.362s] Level 5:colcon.colcon_core.verb:set package 'mpc_controller' build argument 'catkin_cmake_args' from command line to 'None'
[0.362s] Level 5:colcon.colcon_core.verb:set package 'mpc_controller' build argument 'catkin_skip_building_tests' from command line to 'False'
[0.362s] DEBUG:colcon.colcon_core.verb:Building package 'mpc_controller' with the following arguments: {'ament_cmake_args': None, 'build_base': '/home/tony/webots_ws/build/mpc_controller', 'catkin_cmake_args': None, 'catkin_skip_building_tests': False, 'cmake_args': None, 'cmake_clean_cache': False, 'cmake_clean_first': False, 'cmake_force_configure': False, 'cmake_target': None, 'cmake_target_skip_unavailable': False, 'install_base': '/home/tony/webots_ws/install/mpc_controller', 'merge_install': False, 'path': '/home/tony/webots_ws/src/mpc_controller', 'symlink_install': False, 'test_result_base': None}
[0.362s] Level 5:colcon.colcon_core.verb:set package 'my_mir_package' build argument 'cmake_args' from command line to 'None'
[0.362s] Level 5:colcon.colcon_core.verb:set package 'my_mir_package' build argument 'cmake_target' from command line to 'None'
[0.362s] Level 5:colcon.colcon_core.verb:set package 'my_mir_package' build argument 'cmake_target_skip_unavailable' from command line to 'False'
[0.362s] Level 5:colcon.colcon_core.verb:set package 'my_mir_package' build argument 'cmake_clean_cache' from command line to 'False'
[0.362s] Level 5:colcon.colcon_core.verb:set package 'my_mir_package' build argument 'cmake_clean_first' from command line to 'False'
[0.362s] Level 5:colcon.colcon_core.verb:set package 'my_mir_package' build argument 'cmake_force_configure' from command line to 'False'
[0.362s] Level 5:colcon.colcon_core.verb:set package 'my_mir_package' build argument 'ament_cmake_args' from command line to 'None'
[0.362s] Level 5:colcon.colcon_core.verb:set package 'my_mir_package' build argument 'catkin_cmake_args' from command line to 'None'
[0.362s] Level 5:colcon.colcon_core.verb:set package 'my_mir_package' build argument 'catkin_skip_building_tests' from command line to 'False'
[0.362s] DEBUG:colcon.colcon_core.verb:Building package 'my_mir_package' with the following arguments: {'ament_cmake_args': None, 'build_base': '/home/tony/webots_ws/build/my_mir_package', 'catkin_cmake_args': None, 'catkin_skip_building_tests': False, 'cmake_args': None, 'cmake_clean_cache': False, 'cmake_clean_first': False, 'cmake_force_configure': False, 'cmake_target': None, 'cmake_target_skip_unavailable': False, 'install_base': '/home/tony/webots_ws/install/my_mir_package', 'merge_install': False, 'path': '/home/tony/webots_ws/src/my_mir_package', 'symlink_install': False, 'test_result_base': None}
[0.362s] Level 5:colcon.colcon_core.verb:set package 'traj_publish' build argument 'cmake_args' from command line to 'None'
[0.362s] Level 5:colcon.colcon_core.verb:set package 'traj_publish' build argument 'cmake_target' from command line to 'None'
[0.362s] Level 5:colcon.colcon_core.verb:set package 'traj_publish' build argument 'cmake_target_skip_unavailable' from command line to 'False'
[0.362s] Level 5:colcon.colcon_core.verb:set package 'traj_publish' build argument 'cmake_clean_cache' from command line to 'False'
[0.362s] Level 5:colcon.colcon_core.verb:set package 'traj_publish' build argument 'cmake_clean_first' from command line to 'False'
[0.362s] Level 5:colcon.colcon_core.verb:set package 'traj_publish' build argument 'cmake_force_configure' from command line to 'False'
[0.362s] Level 5:colcon.colcon_core.verb:set package 'traj_publish' build argument 'ament_cmake_args' from command line to 'None'
[0.362s] Level 5:colcon.colcon_core.verb:set package 'traj_publish' build argument 'catkin_cmake_args' from command line to 'None'
[0.362s] Level 5:colcon.colcon_core.verb:set package 'traj_publish' build argument 'catkin_skip_building_tests' from command line to 'False'
[0.362s] DEBUG:colcon.colcon_core.verb:Building package 'traj_publish' with the following arguments: {'ament_cmake_args': None, 'build_base': '/home/tony/webots_ws/build/traj_publish', 'catkin_cmake_args': None, 'catkin_skip_building_tests': False, 'cmake_args': None, 'cmake_clean_cache': False, 'cmake_clean_first': False, 'cmake_force_configure': False, 'cmake_target': None, 'cmake_target_skip_unavailable': False, 'install_base': '/home/tony/webots_ws/install/traj_publish', 'merge_install': False, 'path': '/home/tony/webots_ws/src/traj_publish', 'symlink_install': False, 'test_result_base': None}
[0.363s] INFO:colcon.colcon_core.executor:Executing jobs using 'parallel' executor
[0.363s] DEBUG:colcon.colcon_parallel_executor.executor.parallel:run_until_complete
[0.364s] INFO:colcon.colcon_ros.task.ament_cmake.build:Building ROS package in '/home/tony/webots_ws/src/motor_interfaces' with build type 'ament_cmake'
[0.364s] INFO:colcon.colcon_cmake.task.cmake.build:Building CMake package in '/home/tony/webots_ws/src/motor_interfaces'
[0.365s] INFO:colcon.colcon_core.plugin_system:Skipping extension 'colcon_core.shell.bat': Not used on non-Windows systems
[0.366s] INFO:colcon.colcon_core.shell:Skip shell extension 'powershell' for command environment: Not usable outside of PowerShell
[0.366s] DEBUG:colcon.colcon_core.shell:Skip shell extension 'dsv' for command environment
[0.373s] INFO:colcon.colcon_ros.task.ament_cmake.build:Building ROS package in '/home/tony/webots_ws/src/traj_interfaces' with build type 'ament_cmake'
[0.373s] INFO:colcon.colcon_cmake.task.cmake.build:Building CMake package in '/home/tony/webots_ws/src/traj_interfaces'
[0.373s] INFO:colcon.colcon_core.shell:Skip shell extension 'powershell' for command environment: Not usable outside of PowerShell
[0.373s] DEBUG:colcon.colcon_core.shell:Skip shell extension 'dsv' for command environment
[0.378s] INFO:colcon.colcon_ros.task.ament_python.build:Building ROS package in '/home/tony/webots_ws/src/my_package' with build type 'ament_python'
[0.378s] Level 1:colcon.colcon_core.shell:create_environment_hook('my_package', 'ament_prefix_path')
[0.379s] INFO:colcon.colcon_core.shell:Creating environment hook '/home/tony/webots_ws/install/my_package/share/my_package/hook/ament_prefix_path.ps1'
[0.380s] INFO:colcon.colcon_core.shell:Creating environment descriptor '/home/tony/webots_ws/install/my_package/share/my_package/hook/ament_prefix_path.dsv'
[0.380s] INFO:colcon.colcon_core.shell:Creating environment hook '/home/tony/webots_ws/install/my_package/share/my_package/hook/ament_prefix_path.sh'
[0.380s] INFO:colcon.colcon_core.shell:Skip shell extension 'powershell' for command environment: Not usable outside of PowerShell
[0.381s] DEBUG:colcon.colcon_core.shell:Skip shell extension 'dsv' for command environment
[0.384s] INFO:colcon.colcon_cmake.task.cmake.build:Building CMake package in '/home/tony/webots_ws/src/qpOASES'
[0.385s] INFO:colcon.colcon_core.shell:Skip shell extension 'powershell' for command environment: Not usable outside of PowerShell
[0.385s] DEBUG:colcon.colcon_core.shell:Skip shell extension 'dsv' for command environment
[0.395s] DEBUG:colcon.colcon_core.event_handler.log_command:Invoking command in '/home/tony/webots_ws/build/motor_interfaces': CMAKE_PREFIX_PATH=${CMAKE_PREFIX_PATH}:/home/tony/webots_ws/install/my_package:/home/tony/webots_ws/install/my_mir_package:/opt/ros/foxy /usr/bin/cmake --build /home/tony/webots_ws/build/motor_interfaces -- -j16 -l16
[0.401s] DEBUG:colcon.colcon_core.event_handler.log_command:Invoking command in '/home/tony/webots_ws/build/traj_interfaces': CMAKE_PREFIX_PATH=${CMAKE_PREFIX_PATH}:/home/tony/webots_ws/install/my_package:/home/tony/webots_ws/install/my_mir_package:/opt/ros/foxy /usr/bin/cmake --build /home/tony/webots_ws/build/traj_interfaces -- -j16 -l16
[0.582s] INFO:colcon.colcon_core.task.python.build:Building Python package in '/home/tony/webots_ws/src/my_package'
[0.583s] INFO:colcon.colcon_core.shell:Skip shell extension 'powershell' for command environment: Not usable outside of PowerShell
[0.583s] DEBUG:colcon.colcon_core.shell:Skip shell extension 'dsv' for command environment
[0.596s] DEBUG:colcon.colcon_core.event_handler.log_command:Invoking command in '/home/tony/webots_ws/build/qpOASES': /usr/bin/cmake --build /home/tony/webots_ws/build/qpOASES -- -j16 -l16
[0.603s] DEBUG:colcon.colcon_core.event_handler.log_command:Invoked command in '/home/tony/webots_ws/build/motor_interfaces' returned '0': CMAKE_PREFIX_PATH=${CMAKE_PREFIX_PATH}:/home/tony/webots_ws/install/my_package:/home/tony/webots_ws/install/my_mir_package:/opt/ros/foxy /usr/bin/cmake --build /home/tony/webots_ws/build/motor_interfaces -- -j16 -l16
[0.615s] DEBUG:colcon.colcon_core.event_handler.log_command:Invoked command in '/home/tony/webots_ws/build/traj_interfaces' returned '0': CMAKE_PREFIX_PATH=${CMAKE_PREFIX_PATH}:/home/tony/webots_ws/install/my_package:/home/tony/webots_ws/install/my_mir_package:/opt/ros/foxy /usr/bin/cmake --build /home/tony/webots_ws/build/traj_interfaces -- -j16 -l16
[0.668s] DEBUG:colcon.colcon_core.event_handler.log_command:Invoking command in '/home/tony/webots_ws/build/motor_interfaces': CMAKE_PREFIX_PATH=${CMAKE_PREFIX_PATH}:/home/tony/webots_ws/install/my_package:/home/tony/webots_ws/install/my_mir_package:/opt/ros/foxy /usr/bin/cmake --install /home/tony/webots_ws/build/motor_interfaces
[0.672s] DEBUG:colcon.colcon_core.event_handler.log_command:Invoking command in '/home/tony/webots_ws/build/traj_interfaces': CMAKE_PREFIX_PATH=${CMAKE_PREFIX_PATH}:/home/tony/webots_ws/install/my_package:/home/tony/webots_ws/install/my_mir_package:/opt/ros/foxy /usr/bin/cmake --install /home/tony/webots_ws/build/traj_interfaces
[0.688s] DEBUG:colcon.colcon_core.event_handler.log_command:Invoked command in '/home/tony/webots_ws/build/qpOASES' returned '0': /usr/bin/cmake --build /home/tony/webots_ws/build/qpOASES -- -j16 -l16
[0.717s] Level 1:colcon.colcon_core.environment:create_environment_scripts_only(motor_interfaces)
[0.719s] DEBUG:colcon.colcon_core.event_handler.log_command:Invoked command in '/home/tony/webots_ws/build/motor_interfaces' returned '0': CMAKE_PREFIX_PATH=${CMAKE_PREFIX_PATH}:/home/tony/webots_ws/install/my_package:/home/tony/webots_ws/install/my_mir_package:/opt/ros/foxy /usr/bin/cmake --install /home/tony/webots_ws/build/motor_interfaces
[0.721s] Level 1:colcon.colcon_core.environment:checking '/home/tony/webots_ws/install/motor_interfaces' for CMake module files
[0.722s] Level 1:colcon.colcon_core.environment:checking '/home/tony/webots_ws/install/motor_interfaces' for CMake config files
[0.722s] Level 1:colcon.colcon_core.shell:create_environment_hook('motor_interfaces', 'cmake_prefix_path')
[0.722s] INFO:colcon.colcon_core.shell:Creating environment hook '/home/tony/webots_ws/install/motor_interfaces/share/motor_interfaces/hook/cmake_prefix_path.ps1'
[0.723s] INFO:colcon.colcon_core.shell:Creating environment descriptor '/home/tony/webots_ws/install/motor_interfaces/share/motor_interfaces/hook/cmake_prefix_path.dsv'
[0.723s] INFO:colcon.colcon_core.shell:Creating environment hook '/home/tony/webots_ws/install/motor_interfaces/share/motor_interfaces/hook/cmake_prefix_path.sh'
[0.724s] Level 1:colcon.colcon_core.environment:checking '/home/tony/webots_ws/install/motor_interfaces/lib'
[0.724s] Level 1:colcon.colcon_core.shell:create_environment_hook('motor_interfaces', 'ld_library_path_lib')
[0.724s] INFO:colcon.colcon_core.shell:Creating environment hook '/home/tony/webots_ws/install/motor_interfaces/share/motor_interfaces/hook/ld_library_path_lib.ps1'
[0.725s] INFO:colcon.colcon_core.shell:Creating environment descriptor '/home/tony/webots_ws/install/motor_interfaces/share/motor_interfaces/hook/ld_library_path_lib.dsv'
[0.725s] INFO:colcon.colcon_core.shell:Creating environment hook '/home/tony/webots_ws/install/motor_interfaces/share/motor_interfaces/hook/ld_library_path_lib.sh'
[0.725s] Level 1:colcon.colcon_core.environment:checking '/home/tony/webots_ws/install/motor_interfaces/bin'
[0.725s] Level 1:colcon.colcon_core.environment:checking '/home/tony/webots_ws/install/motor_interfaces/lib/pkgconfig/motor_interfaces.pc'
[0.726s] Level 1:colcon.colcon_core.environment:checking '/home/tony/webots_ws/install/motor_interfaces/lib/python3.8/site-packages'
[0.726s] Level 1:colcon.colcon_core.shell:create_environment_hook('motor_interfaces', 'pythonpath')
[0.726s] INFO:colcon.colcon_core.shell:Creating environment hook '/home/tony/webots_ws/install/motor_interfaces/share/motor_interfaces/hook/pythonpath.ps1'
[0.726s] INFO:colcon.colcon_core.shell:Creating environment descriptor '/home/tony/webots_ws/install/motor_interfaces/share/motor_interfaces/hook/pythonpath.dsv'
[0.727s] INFO:colcon.colcon_core.shell:Creating environment hook '/home/tony/webots_ws/install/motor_interfaces/share/motor_interfaces/hook/pythonpath.sh'
[0.727s] Level 1:colcon.colcon_core.environment:checking '/home/tony/webots_ws/install/motor_interfaces/bin'
[0.727s] INFO:colcon.colcon_core.shell:Creating package script '/home/tony/webots_ws/install/motor_interfaces/share/motor_interfaces/package.ps1'
[0.728s] INFO:colcon.colcon_core.shell:Creating package descriptor '/home/tony/webots_ws/install/motor_interfaces/share/motor_interfaces/package.dsv'
[0.728s] INFO:colcon.colcon_core.shell:Creating package script '/home/tony/webots_ws/install/motor_interfaces/share/motor_interfaces/package.sh'
[0.729s] INFO:colcon.colcon_core.shell:Creating package script '/home/tony/webots_ws/install/motor_interfaces/share/motor_interfaces/package.bash'
[0.730s] INFO:colcon.colcon_core.shell:Creating package script '/home/tony/webots_ws/install/motor_interfaces/share/motor_interfaces/package.zsh'
[0.730s] Level 1:colcon.colcon_core.environment:create_file_with_runtime_dependencies(/home/tony/webots_ws/install/motor_interfaces/share/colcon-core/packages/motor_interfaces)
[0.737s] Level 1:colcon.colcon_core.environment:create_environment_scripts_only(traj_interfaces)
[0.738s] Level 1:colcon.colcon_core.environment:checking '/home/tony/webots_ws/install/traj_interfaces' for CMake module files
[0.739s] Level 1:colcon.colcon_core.environment:checking '/home/tony/webots_ws/install/traj_interfaces' for CMake config files
[0.739s] Level 1:colcon.colcon_core.shell:create_environment_hook('traj_interfaces', 'cmake_prefix_path')
[0.739s] INFO:colcon.colcon_core.shell:Creating environment hook '/home/tony/webots_ws/install/traj_interfaces/share/traj_interfaces/hook/cmake_prefix_path.ps1'
[0.740s] INFO:colcon.colcon_core.shell:Creating environment descriptor '/home/tony/webots_ws/install/traj_interfaces/share/traj_interfaces/hook/cmake_prefix_path.dsv'
[0.740s] INFO:colcon.colcon_core.shell:Creating environment hook '/home/tony/webots_ws/install/traj_interfaces/share/traj_interfaces/hook/cmake_prefix_path.sh'
[0.741s] DEBUG:colcon.colcon_core.event_handler.log_command:Invoked command in '/home/tony/webots_ws/build/traj_interfaces' returned '0': CMAKE_PREFIX_PATH=${CMAKE_PREFIX_PATH}:/home/tony/webots_ws/install/my_package:/home/tony/webots_ws/install/my_mir_package:/opt/ros/foxy /usr/bin/cmake --install /home/tony/webots_ws/build/traj_interfaces
[0.742s] Level 1:colcon.colcon_core.environment:checking '/home/tony/webots_ws/install/traj_interfaces/lib'
[0.742s] Level 1:colcon.colcon_core.shell:create_environment_hook('traj_interfaces', 'ld_library_path_lib')
[0.742s] INFO:colcon.colcon_core.shell:Creating environment hook '/home/tony/webots_ws/install/traj_interfaces/share/traj_interfaces/hook/ld_library_path_lib.ps1'
[0.742s] INFO:colcon.colcon_core.shell:Creating environment descriptor '/home/tony/webots_ws/install/traj_interfaces/share/traj_interfaces/hook/ld_library_path_lib.dsv'
[0.743s] INFO:colcon.colcon_core.shell:Creating environment hook '/home/tony/webots_ws/install/traj_interfaces/share/traj_interfaces/hook/ld_library_path_lib.sh'
[0.743s] Level 1:colcon.colcon_core.environment:checking '/home/tony/webots_ws/install/traj_interfaces/bin'
[0.743s] Level 1:colcon.colcon_core.environment:checking '/home/tony/webots_ws/install/traj_interfaces/lib/pkgconfig/traj_interfaces.pc'
[0.744s] Level 1:colcon.colcon_core.environment:checking '/home/tony/webots_ws/install/traj_interfaces/lib/python3.8/site-packages'
[0.744s] Level 1:colcon.colcon_core.shell:create_environment_hook('traj_interfaces', 'pythonpath')
[0.744s] INFO:colcon.colcon_core.shell:Creating environment hook '/home/tony/webots_ws/install/traj_interfaces/share/traj_interfaces/hook/pythonpath.ps1'
[0.744s] INFO:colcon.colcon_core.shell:Creating environment descriptor '/home/tony/webots_ws/install/traj_interfaces/share/traj_interfaces/hook/pythonpath.dsv'
[0.745s] INFO:colcon.colcon_core.shell:Creating environment hook '/home/tony/webots_ws/install/traj_interfaces/share/traj_interfaces/hook/pythonpath.sh'
[0.745s] Level 1:colcon.colcon_core.environment:checking '/home/tony/webots_ws/install/traj_interfaces/bin'
[0.746s] INFO:colcon.colcon_core.shell:Creating package script '/home/tony/webots_ws/install/traj_interfaces/share/traj_interfaces/package.ps1'
[0.746s] INFO:colcon.colcon_core.shell:Creating package descriptor '/home/tony/webots_ws/install/traj_interfaces/share/traj_interfaces/package.dsv'
[0.747s] INFO:colcon.colcon_core.shell:Creating package script '/home/tony/webots_ws/install/traj_interfaces/share/traj_interfaces/package.sh'
[0.747s] INFO:colcon.colcon_core.shell:Creating package script '/home/tony/webots_ws/install/traj_interfaces/share/traj_interfaces/package.bash'
[0.747s] INFO:colcon.colcon_core.shell:Creating package script '/home/tony/webots_ws/install/traj_interfaces/share/traj_interfaces/package.zsh'
[0.748s] Level 1:colcon.colcon_core.environment:create_file_with_runtime_dependencies(/home/tony/webots_ws/install/traj_interfaces/share/colcon-core/packages/traj_interfaces)
[0.788s] DEBUG:colcon.colcon_core.event_handler.log_command:Invoking command in '/home/tony/webots_ws/build/qpOASES': /usr/bin/cmake --install /home/tony/webots_ws/build/qpOASES
[0.796s] Level 1:colcon.colcon_core.environment:create_environment_scripts_only(motor_interfaces)
[0.796s] Level 1:colcon.colcon_core.environment:checking '/home/tony/webots_ws/install/motor_interfaces' for CMake module files
[0.796s] Level 1:colcon.colcon_core.environment:checking '/home/tony/webots_ws/install/motor_interfaces' for CMake config files
[0.797s] Level 1:colcon.colcon_core.shell:create_environment_hook('motor_interfaces', 'cmake_prefix_path')
[0.797s] INFO:colcon.colcon_core.shell:Creating environment hook '/home/tony/webots_ws/install/motor_interfaces/share/motor_interfaces/hook/cmake_prefix_path.ps1'
[0.798s] INFO:colcon.colcon_core.shell:Creating environment descriptor '/home/tony/webots_ws/install/motor_interfaces/share/motor_interfaces/hook/cmake_prefix_path.dsv'
[0.800s] INFO:colcon.colcon_core.shell:Creating environment hook '/home/tony/webots_ws/install/motor_interfaces/share/motor_interfaces/hook/cmake_prefix_path.sh'
[0.800s] Level 1:colcon.colcon_core.environment:checking '/home/tony/webots_ws/install/motor_interfaces/lib'
[0.801s] Level 1:colcon.colcon_core.shell:create_environment_hook('motor_interfaces', 'ld_library_path_lib')
[0.801s] INFO:colcon.colcon_core.shell:Creating environment hook '/home/tony/webots_ws/install/motor_interfaces/share/motor_interfaces/hook/ld_library_path_lib.ps1'
[0.804s] INFO:colcon.colcon_core.shell:Creating environment descriptor '/home/tony/webots_ws/install/motor_interfaces/share/motor_interfaces/hook/ld_library_path_lib.dsv'
[0.804s] INFO:colcon.colcon_core.shell:Creating environment hook '/home/tony/webots_ws/install/motor_interfaces/share/motor_interfaces/hook/ld_library_path_lib.sh'
[0.805s] Level 1:colcon.colcon_core.environment:checking '/home/tony/webots_ws/install/motor_interfaces/bin'
[0.805s] Level 1:colcon.colcon_core.environment:checking '/home/tony/webots_ws/install/motor_interfaces/lib/pkgconfig/motor_interfaces.pc'
[0.805s] Level 1:colcon.colcon_core.environment:checking '/home/tony/webots_ws/install/motor_interfaces/lib/python3.8/site-packages'
[0.805s] Level 1:colcon.colcon_core.shell:create_environment_hook('motor_interfaces', 'pythonpath')
[0.806s] INFO:colcon.colcon_core.shell:Creating environment hook '/home/tony/webots_ws/install/motor_interfaces/share/motor_interfaces/hook/pythonpath.ps1'
[0.806s] INFO:colcon.colcon_core.shell:Creating environment descriptor '/home/tony/webots_ws/install/motor_interfaces/share/motor_interfaces/hook/pythonpath.dsv'
[0.806s] INFO:colcon.colcon_core.shell:Creating environment hook '/home/tony/webots_ws/install/motor_interfaces/share/motor_interfaces/hook/pythonpath.sh'
[0.807s] Level 1:colcon.colcon_core.environment:checking '/home/tony/webots_ws/install/motor_interfaces/bin'
[0.808s] INFO:colcon.colcon_core.shell:Creating package script '/home/tony/webots_ws/install/motor_interfaces/share/motor_interfaces/package.ps1'
[0.808s] INFO:colcon.colcon_core.shell:Creating package descriptor '/home/tony/webots_ws/install/motor_interfaces/share/motor_interfaces/package.dsv'
[0.809s] INFO:colcon.colcon_core.shell:Creating package script '/home/tony/webots_ws/install/motor_interfaces/share/motor_interfaces/package.sh'
[0.809s] INFO:colcon.colcon_core.shell:Creating package script '/home/tony/webots_ws/install/motor_interfaces/share/motor_interfaces/package.bash'
[0.809s] INFO:colcon.colcon_core.shell:Creating package script '/home/tony/webots_ws/install/motor_interfaces/share/motor_interfaces/package.zsh'
[0.810s] Level 1:colcon.colcon_core.environment:create_file_with_runtime_dependencies(/home/tony/webots_ws/install/motor_interfaces/share/colcon-core/packages/motor_interfaces)
[0.810s] INFO:colcon.colcon_ros.task.ament_python.build:Building ROS package in '/home/tony/webots_ws/src/my_mir_package' with build type 'ament_python'
[0.811s] Level 1:colcon.colcon_core.shell:create_environment_hook('my_mir_package', 'ament_prefix_path')
[0.811s] INFO:colcon.colcon_core.shell:Creating environment hook '/home/tony/webots_ws/install/my_mir_package/share/my_mir_package/hook/ament_prefix_path.ps1'
[0.812s] INFO:colcon.colcon_core.shell:Creating environment descriptor '/home/tony/webots_ws/install/my_mir_package/share/my_mir_package/hook/ament_prefix_path.dsv'
[0.812s] INFO:colcon.colcon_core.shell:Creating environment hook '/home/tony/webots_ws/install/my_mir_package/share/my_mir_package/hook/ament_prefix_path.sh'
[0.813s] INFO:colcon.colcon_core.shell:Skip shell extension 'powershell' for command environment: Not usable outside of PowerShell
[0.813s] DEBUG:colcon.colcon_core.shell:Skip shell extension 'dsv' for command environment
[0.819s] Level 1:colcon.colcon_core.environment:create_environment_scripts_only(qpOASES)
[0.819s] Level 1:colcon.colcon_core.environment:checking '/home/tony/webots_ws/install/qpOASES' for CMake module files
[0.820s] DEBUG:colcon.colcon_core.event_handler.log_command:Invoked command in '/home/tony/webots_ws/build/qpOASES' returned '0': /usr/bin/cmake --install /home/tony/webots_ws/build/qpOASES
[0.820s] Level 1:colcon.colcon_core.environment:checking '/home/tony/webots_ws/install/qpOASES' for CMake config files
[0.820s] Level 1:colcon.colcon_core.environment:checking '/home/tony/webots_ws/install/qpOASES/lib'
[0.820s] Level 1:colcon.colcon_core.environment:checking '/home/tony/webots_ws/install/qpOASES/bin'
[0.820s] Level 1:colcon.colcon_core.environment:checking '/home/tony/webots_ws/install/qpOASES/lib/pkgconfig/qpOASES.pc'
[0.821s] Level 1:colcon.colcon_core.environment:checking '/home/tony/webots_ws/install/qpOASES/lib/python3.8/site-packages'
[0.821s] Level 1:colcon.colcon_core.environment:checking '/home/tony/webots_ws/install/qpOASES/bin'
[0.821s] INFO:colcon.colcon_core.shell:Creating package script '/home/tony/webots_ws/install/qpOASES/share/qpOASES/package.ps1'
[0.821s] INFO:colcon.colcon_core.shell:Creating package descriptor '/home/tony/webots_ws/install/qpOASES/share/qpOASES/package.dsv'
[0.822s] INFO:colcon.colcon_core.shell:Creating package script '/home/tony/webots_ws/install/qpOASES/share/qpOASES/package.sh'
[0.822s] INFO:colcon.colcon_core.shell:Creating package script '/home/tony/webots_ws/install/qpOASES/share/qpOASES/package.bash'
[0.822s] INFO:colcon.colcon_core.shell:Creating package script '/home/tony/webots_ws/install/qpOASES/share/qpOASES/package.zsh'
[0.822s] Level 1:colcon.colcon_core.environment:create_file_with_runtime_dependencies(/home/tony/webots_ws/install/qpOASES/share/colcon-core/packages/qpOASES)
[0.823s] Level 1:colcon.colcon_core.environment:create_environment_scripts_only(traj_interfaces)
[0.823s] Level 1:colcon.colcon_core.environment:checking '/home/tony/webots_ws/install/traj_interfaces' for CMake module files
[0.824s] Level 1:colcon.colcon_core.environment:checking '/home/tony/webots_ws/install/traj_interfaces' for CMake config files
[0.824s] Level 1:colcon.colcon_core.shell:create_environment_hook('traj_interfaces', 'cmake_prefix_path')
[0.824s] INFO:colcon.colcon_core.shell:Creating environment hook '/home/tony/webots_ws/install/traj_interfaces/share/traj_interfaces/hook/cmake_prefix_path.ps1'
[0.825s] INFO:colcon.colcon_core.shell:Creating environment descriptor '/home/tony/webots_ws/install/traj_interfaces/share/traj_interfaces/hook/cmake_prefix_path.dsv'
[0.825s] INFO:colcon.colcon_core.shell:Creating environment hook '/home/tony/webots_ws/install/traj_interfaces/share/traj_interfaces/hook/cmake_prefix_path.sh'
[0.826s] Level 1:colcon.colcon_core.environment:checking '/home/tony/webots_ws/install/traj_interfaces/lib'
[0.826s] Level 1:colcon.colcon_core.shell:create_environment_hook('traj_interfaces', 'ld_library_path_lib')
[0.826s] INFO:colcon.colcon_core.shell:Creating environment hook '/home/tony/webots_ws/install/traj_interfaces/share/traj_interfaces/hook/ld_library_path_lib.ps1'
[0.826s] INFO:colcon.colcon_core.shell:Creating environment descriptor '/home/tony/webots_ws/install/traj_interfaces/share/traj_interfaces/hook/ld_library_path_lib.dsv'
[0.826s] INFO:colcon.colcon_core.shell:Creating environment hook '/home/tony/webots_ws/install/traj_interfaces/share/traj_interfaces/hook/ld_library_path_lib.sh'
[0.826s] Level 1:colcon.colcon_core.environment:checking '/home/tony/webots_ws/install/traj_interfaces/bin'
[0.827s] Level 1:colcon.colcon_core.environment:checking '/home/tony/webots_ws/install/traj_interfaces/lib/pkgconfig/traj_interfaces.pc'
[0.827s] Level 1:colcon.colcon_core.environment:checking '/home/tony/webots_ws/install/traj_interfaces/lib/python3.8/site-packages'
[0.827s] Level 1:colcon.colcon_core.shell:create_environment_hook('traj_interfaces', 'pythonpath')
[0.827s] INFO:colcon.colcon_core.shell:Creating environment hook '/home/tony/webots_ws/install/traj_interfaces/share/traj_interfaces/hook/pythonpath.ps1'
[0.827s] INFO:colcon.colcon_core.shell:Creating environment descriptor '/home/tony/webots_ws/install/traj_interfaces/share/traj_interfaces/hook/pythonpath.dsv'
[0.827s] INFO:colcon.colcon_core.shell:Creating environment hook '/home/tony/webots_ws/install/traj_interfaces/share/traj_interfaces/hook/pythonpath.sh'
[0.828s] Level 1:colcon.colcon_core.environment:checking '/home/tony/webots_ws/install/traj_interfaces/bin'
[0.828s] INFO:colcon.colcon_core.shell:Creating package script '/home/tony/webots_ws/install/traj_interfaces/share/traj_interfaces/package.ps1'
[0.828s] INFO:colcon.colcon_core.shell:Creating package descriptor '/home/tony/webots_ws/install/traj_interfaces/share/traj_interfaces/package.dsv'
[0.829s] INFO:colcon.colcon_core.shell:Creating package script '/home/tony/webots_ws/install/traj_interfaces/share/traj_interfaces/package.sh'
[0.829s] INFO:colcon.colcon_core.shell:Creating package script '/home/tony/webots_ws/install/traj_interfaces/share/traj_interfaces/package.bash'
[0.829s] INFO:colcon.colcon_core.shell:Creating package script '/home/tony/webots_ws/install/traj_interfaces/share/traj_interfaces/package.zsh'
[0.830s] Level 1:colcon.colcon_core.environment:create_file_with_runtime_dependencies(/home/tony/webots_ws/install/traj_interfaces/share/colcon-core/packages/traj_interfaces)
[0.830s] INFO:colcon.colcon_ros.task.ament_cmake.build:Building ROS package in '/home/tony/webots_ws/src/mpc_controller' with build type 'ament_cmake'
[0.830s] INFO:colcon.colcon_cmake.task.cmake.build:Building CMake package in '/home/tony/webots_ws/src/mpc_controller'
[0.831s] INFO:colcon.colcon_core.shell:Skip shell extension 'powershell' for command environment: Not usable outside of PowerShell
[0.831s] DEBUG:colcon.colcon_core.shell:Skip shell extension 'dsv' for command environment
[0.836s] INFO:colcon.colcon_ros.task.ament_cmake.build:Building ROS package in '/home/tony/webots_ws/src/traj_publish' with build type 'ament_cmake'
[0.836s] INFO:colcon.colcon_cmake.task.cmake.build:Building CMake package in '/home/tony/webots_ws/src/traj_publish'
[0.836s] INFO:colcon.colcon_core.shell:Skip shell extension 'powershell' for command environment: Not usable outside of PowerShell
[0.836s] DEBUG:colcon.colcon_core.shell:Skip shell extension 'dsv' for command environment
[1.021s] INFO:colcon.colcon_core.task.python.build:Building Python package in '/home/tony/webots_ws/src/my_mir_package'
[1.022s] INFO:colcon.colcon_core.shell:Skip shell extension 'powershell' for command environment: Not usable outside of PowerShell
[1.022s] DEBUG:colcon.colcon_core.shell:Skip shell extension 'dsv' for command environment
[1.033s] DEBUG:colcon.colcon_core.event_handler.log_command:Invoking command in '/home/tony/webots_ws/build/mpc_controller': CMAKE_PREFIX_PATH=/home/tony/webots_ws/install/traj_interfaces:/home/tony/webots_ws/install/motor_interfaces:/home/tony/webots_ws/install/mpc_controller:/home/tony/webots_ws/install/traj_publish:/home/tony/webots_ws/install/my_package:/home/tony/webots_ws/install/my_mir_package:/opt/ros/foxy PYTHONPATH=/home/tony/webots_ws/install/traj_interfaces/lib/python3.8/site-packages:/home/tony/webots_ws/install/motor_interfaces/lib/python3.8/site-packages:/home/tony/webots_ws/install/my_package/lib/python3.8/site-packages:/home/tony/webots_ws/install/my_mir_package/lib/python3.8/site-packages:/opt/ros/foxy/lib/python3.8/site-packages /usr/bin/cmake --build /home/tony/webots_ws/build/mpc_controller -- -j16 -l16
[1.035s] DEBUG:colcon.colcon_core.event_handler.log_command:Invoking command in '/home/tony/webots_ws/build/traj_publish': CMAKE_PREFIX_PATH=/home/tony/webots_ws/install/traj_interfaces:/home/tony/webots_ws/install/mpc_controller:/home/tony/webots_ws/install/traj_publish:/home/tony/webots_ws/install/motor_interfaces:/home/tony/webots_ws/install/my_package:/home/tony/webots_ws/install/my_mir_package:/opt/ros/foxy /usr/bin/cmake --build /home/tony/webots_ws/build/traj_publish -- -j16 -l16
[1.040s] DEBUG:colcon.colcon_core.event_handler.log_command:Invoking command in '/home/tony/webots_ws/src/my_package': PYTHONPATH=/home/tony/webots_ws/build/my_package/prefix_override:/home/tony/webots_ws/install/my_package/lib/python3.8/site-packages:${PYTHONPATH} /usr/bin/python3 -W ignore:setup.py install is deprecated setup.py egg_info --egg-base ../../build/my_package build --build-base /home/tony/webots_ws/build/my_package/build install --record /home/tony/webots_ws/build/my_package/install.log --install-scripts $base/lib/my_package --single-version-externally-managed install_data
[1.116s] DEBUG:colcon.colcon_core.event_handler.log_command:Invoked command in '/home/tony/webots_ws/build/traj_publish' returned '0': CMAKE_PREFIX_PATH=/home/tony/webots_ws/install/traj_interfaces:/home/tony/webots_ws/install/mpc_controller:/home/tony/webots_ws/install/traj_publish:/home/tony/webots_ws/install/motor_interfaces:/home/tony/webots_ws/install/my_package:/home/tony/webots_ws/install/my_mir_package:/opt/ros/foxy /usr/bin/cmake --build /home/tony/webots_ws/build/traj_publish -- -j16 -l16
[1.145s] DEBUG:colcon.colcon_core.event_handler.log_command:Invoking command in '/home/tony/webots_ws/build/traj_publish': CMAKE_PREFIX_PATH=/home/tony/webots_ws/install/traj_interfaces:/home/tony/webots_ws/install/mpc_controller:/home/tony/webots_ws/install/traj_publish:/home/tony/webots_ws/install/motor_interfaces:/home/tony/webots_ws/install/my_package:/home/tony/webots_ws/install/my_mir_package:/opt/ros/foxy /usr/bin/cmake --install /home/tony/webots_ws/build/traj_publish
[1.154s] Level 1:colcon.colcon_core.environment:create_environment_scripts_only(traj_publish)
[1.155s] DEBUG:colcon.colcon_core.event_handler.log_command:Invoked command in '/home/tony/webots_ws/build/traj_publish' returned '0': CMAKE_PREFIX_PATH=/home/tony/webots_ws/install/traj_interfaces:/home/tony/webots_ws/install/mpc_controller:/home/tony/webots_ws/install/traj_publish:/home/tony/webots_ws/install/motor_interfaces:/home/tony/webots_ws/install/my_package:/home/tony/webots_ws/install/my_mir_package:/opt/ros/foxy /usr/bin/cmake --install /home/tony/webots_ws/build/traj_publish
[1.155s] Level 1:colcon.colcon_core.environment:checking '/home/tony/webots_ws/install/traj_publish' for CMake module files
[1.156s] Level 1:colcon.colcon_core.environment:checking '/home/tony/webots_ws/install/traj_publish' for CMake config files
[1.156s] Level 1:colcon.colcon_core.shell:create_environment_hook('traj_publish', 'cmake_prefix_path')
[1.156s] INFO:colcon.colcon_core.shell:Creating environment hook '/home/tony/webots_ws/install/traj_publish/share/traj_publish/hook/cmake_prefix_path.ps1'
[1.157s] INFO:colcon.colcon_core.shell:Creating environment descriptor '/home/tony/webots_ws/install/traj_publish/share/traj_publish/hook/cmake_prefix_path.dsv'
[1.157s] INFO:colcon.colcon_core.shell:Creating environment hook '/home/tony/webots_ws/install/traj_publish/share/traj_publish/hook/cmake_prefix_path.sh'
[1.157s] Level 1:colcon.colcon_core.environment:checking '/home/tony/webots_ws/install/traj_publish/lib'
[1.157s] Level 1:colcon.colcon_core.environment:checking '/home/tony/webots_ws/install/traj_publish/bin'
[1.158s] Level 1:colcon.colcon_core.environment:checking '/home/tony/webots_ws/install/traj_publish/lib/pkgconfig/traj_publish.pc'
[1.158s] Level 1:colcon.colcon_core.environment:checking '/home/tony/webots_ws/install/traj_publish/lib/python3.8/site-packages'
[1.158s] Level 1:colcon.colcon_core.environment:checking '/home/tony/webots_ws/install/traj_publish/bin'
[1.158s] INFO:colcon.colcon_core.shell:Creating package script '/home/tony/webots_ws/install/traj_publish/share/traj_publish/package.ps1'
[1.159s] INFO:colcon.colcon_core.shell:Creating package descriptor '/home/tony/webots_ws/install/traj_publish/share/traj_publish/package.dsv'
[1.159s] INFO:colcon.colcon_core.shell:Creating package script '/home/tony/webots_ws/install/traj_publish/share/traj_publish/package.sh'
[1.159s] INFO:colcon.colcon_core.shell:Creating package script '/home/tony/webots_ws/install/traj_publish/share/traj_publish/package.bash'
[1.160s] INFO:colcon.colcon_core.shell:Creating package script '/home/tony/webots_ws/install/traj_publish/share/traj_publish/package.zsh'
[1.160s] Level 1:colcon.colcon_core.environment:create_file_with_runtime_dependencies(/home/tony/webots_ws/install/traj_publish/share/colcon-core/packages/traj_publish)
[1.187s] Level 1:colcon.colcon_core.environment:create_environment_scripts_only(traj_publish)
[1.187s] Level 1:colcon.colcon_core.environment:checking '/home/tony/webots_ws/install/traj_publish' for CMake module files
[1.188s] Level 1:colcon.colcon_core.environment:checking '/home/tony/webots_ws/install/traj_publish' for CMake config files
[1.188s] Level 1:colcon.colcon_core.shell:create_environment_hook('traj_publish', 'cmake_prefix_path')
[1.188s] INFO:colcon.colcon_core.shell:Creating environment hook '/home/tony/webots_ws/install/traj_publish/share/traj_publish/hook/cmake_prefix_path.ps1'
[1.189s] INFO:colcon.colcon_core.shell:Creating environment descriptor '/home/tony/webots_ws/install/traj_publish/share/traj_publish/hook/cmake_prefix_path.dsv'
[1.189s] INFO:colcon.colcon_core.shell:Creating environment hook '/home/tony/webots_ws/install/traj_publish/share/traj_publish/hook/cmake_prefix_path.sh'
[1.190s] Level 1:colcon.colcon_core.environment:checking '/home/tony/webots_ws/install/traj_publish/lib'
[1.190s] Level 1:colcon.colcon_core.environment:checking '/home/tony/webots_ws/install/traj_publish/bin'
[1.190s] Level 1:colcon.colcon_core.environment:checking '/home/tony/webots_ws/install/traj_publish/lib/pkgconfig/traj_publish.pc'
[1.190s] Level 1:colcon.colcon_core.environment:checking '/home/tony/webots_ws/install/traj_publish/lib/python3.8/site-packages'
[1.190s] Level 1:colcon.colcon_core.environment:checking '/home/tony/webots_ws/install/traj_publish/bin'
[1.191s] INFO:colcon.colcon_core.shell:Creating package script '/home/tony/webots_ws/install/traj_publish/share/traj_publish/package.ps1'
[1.191s] INFO:colcon.colcon_core.shell:Creating package descriptor '/home/tony/webots_ws/install/traj_publish/share/traj_publish/package.dsv'
[1.191s] INFO:colcon.colcon_core.shell:Creating package script '/home/tony/webots_ws/install/traj_publish/share/traj_publish/package.sh'
[1.192s] INFO:colcon.colcon_core.shell:Creating package script '/home/tony/webots_ws/install/traj_publish/share/traj_publish/package.bash'
[1.193s] INFO:colcon.colcon_core.shell:Creating package script '/home/tony/webots_ws/install/traj_publish/share/traj_publish/package.zsh'
[1.193s] Level 1:colcon.colcon_core.environment:create_file_with_runtime_dependencies(/home/tony/webots_ws/install/traj_publish/share/colcon-core/packages/traj_publish)
[1.265s] Level 1:colcon.colcon_core.environment:checking '/home/tony/webots_ws/install/my_package' for CMake module files
[1.266s] DEBUG:colcon.colcon_core.event_handler.log_command:Invoked command in '/home/tony/webots_ws/src/my_package' returned '0': PYTHONPATH=/home/tony/webots_ws/build/my_package/prefix_override:/home/tony/webots_ws/install/my_package/lib/python3.8/site-packages:${PYTHONPATH} /usr/bin/python3 -W ignore:setup.py install is deprecated setup.py egg_info --egg-base ../../build/my_package build --build-base /home/tony/webots_ws/build/my_package/build install --record /home/tony/webots_ws/build/my_package/install.log --install-scripts $base/lib/my_package --single-version-externally-managed install_data
[1.266s] Level 1:colcon.colcon_core.environment:checking '/home/tony/webots_ws/install/my_package' for CMake config files
[1.267s] Level 1:colcon.colcon_core.environment:checking '/home/tony/webots_ws/install/my_package/lib'
[1.267s] Level 1:colcon.colcon_core.environment:checking '/home/tony/webots_ws/install/my_package/bin'
[1.267s] Level 1:colcon.colcon_core.environment:checking '/home/tony/webots_ws/install/my_package/lib/pkgconfig/my_package.pc'
[1.267s] Level 1:colcon.colcon_core.environment:checking '/home/tony/webots_ws/install/my_package/lib/python3.8/site-packages'
[1.267s] Level 1:colcon.colcon_core.shell:create_environment_hook('my_package', 'pythonpath')
[1.267s] INFO:colcon.colcon_core.shell:Creating environment hook '/home/tony/webots_ws/install/my_package/share/my_package/hook/pythonpath.ps1'
[1.268s] INFO:colcon.colcon_core.shell:Creating environment descriptor '/home/tony/webots_ws/install/my_package/share/my_package/hook/pythonpath.dsv'
[1.268s] INFO:colcon.colcon_core.shell:Creating environment hook '/home/tony/webots_ws/install/my_package/share/my_package/hook/pythonpath.sh'
[1.268s] Level 1:colcon.colcon_core.environment:checking '/home/tony/webots_ws/install/my_package/bin'
[1.268s] Level 1:colcon.colcon_core.environment:create_environment_scripts_only(my_package)
[1.269s] INFO:colcon.colcon_core.shell:Creating package script '/home/tony/webots_ws/install/my_package/share/my_package/package.ps1'
[1.269s] INFO:colcon.colcon_core.shell:Creating package descriptor '/home/tony/webots_ws/install/my_package/share/my_package/package.dsv'
[1.269s] INFO:colcon.colcon_core.shell:Creating package script '/home/tony/webots_ws/install/my_package/share/my_package/package.sh'
[1.270s] INFO:colcon.colcon_core.shell:Creating package script '/home/tony/webots_ws/install/my_package/share/my_package/package.bash'
[1.270s] INFO:colcon.colcon_core.shell:Creating package script '/home/tony/webots_ws/install/my_package/share/my_package/package.zsh'
[1.270s] Level 1:colcon.colcon_core.environment:create_file_with_runtime_dependencies(/home/tony/webots_ws/install/my_package/share/colcon-core/packages/my_package)
[1.359s] DEBUG:colcon.colcon_core.event_handler.log_command:Invoking command in '/home/tony/webots_ws/src/my_mir_package': CMAKE_PREFIX_PATH=/home/tony/webots_ws/install/motor_interfaces:/home/tony/webots_ws/install/mpc_controller:/home/tony/webots_ws/install/traj_interfaces:/home/tony/webots_ws/install/traj_publish LD_LIBRARY_PATH=/home/tony/webots_ws/install/motor_interfaces/lib:/home/tony/webots_ws/install/traj_interfaces/lib:/opt/ros/foxy/opt/yaml_cpp_vendor/lib:/opt/ros/foxy/opt/rviz_ogre_vendor/lib:/opt/ros/foxy/lib/x86_64-linux-gnu:/opt/ros/foxy/lib PYTHONPATH=/home/tony/webots_ws/build/my_mir_package/prefix_override:/home/tony/webots_ws/install/my_mir_package/lib/python3.8/site-packages:/home/tony/webots_ws/install/motor_interfaces/lib/python3.8/site-packages:/home/tony/webots_ws/install/traj_interfaces/lib/python3.8/site-packages:/home/tony/webots_ws/install/my_package/lib/python3.8/site-packages:/home/tony/webots_ws/install/my_mir_package/lib/python3.8/site-packages:/opt/ros/foxy/lib/python3.8/site-packages /usr/bin/python3 -W ignore:setup.py install is deprecated setup.py egg_info --egg-base ../../build/my_mir_package build --build-base /home/tony/webots_ws/build/my_mir_package/build install --record /home/tony/webots_ws/build/my_mir_package/install.log --install-scripts $base/lib/my_mir_package --single-version-externally-managed install_data
[1.593s] Level 1:colcon.colcon_core.environment:checking '/home/tony/webots_ws/install/my_mir_package' for CMake module files
[1.594s] DEBUG:colcon.colcon_core.event_handler.log_command:Invoked command in '/home/tony/webots_ws/src/my_mir_package' returned '0': CMAKE_PREFIX_PATH=/home/tony/webots_ws/install/motor_interfaces:/home/tony/webots_ws/install/mpc_controller:/home/tony/webots_ws/install/traj_interfaces:/home/tony/webots_ws/install/traj_publish LD_LIBRARY_PATH=/home/tony/webots_ws/install/motor_interfaces/lib:/home/tony/webots_ws/install/traj_interfaces/lib:/opt/ros/foxy/opt/yaml_cpp_vendor/lib:/opt/ros/foxy/opt/rviz_ogre_vendor/lib:/opt/ros/foxy/lib/x86_64-linux-gnu:/opt/ros/foxy/lib PYTHONPATH=/home/tony/webots_ws/build/my_mir_package/prefix_override:/home/tony/webots_ws/install/my_mir_package/lib/python3.8/site-packages:/home/tony/webots_ws/install/motor_interfaces/lib/python3.8/site-packages:/home/tony/webots_ws/install/traj_interfaces/lib/python3.8/site-packages:/home/tony/webots_ws/install/my_package/lib/python3.8/site-packages:/home/tony/webots_ws/install/my_mir_package/lib/python3.8/site-packages:/opt/ros/foxy/lib/python3.8/site-packages /usr/bin/python3 -W ignore:setup.py install is deprecated setup.py egg_info --egg-base ../../build/my_mir_package build --build-base /home/tony/webots_ws/build/my_mir_package/build install --record /home/tony/webots_ws/build/my_mir_package/install.log --install-scripts $base/lib/my_mir_package --single-version-externally-managed install_data
[1.594s] Level 1:colcon.colcon_core.environment:checking '/home/tony/webots_ws/install/my_mir_package' for CMake config files
[1.595s] Level 1:colcon.colcon_core.environment:checking '/home/tony/webots_ws/install/my_mir_package/lib'
[1.595s] Level 1:colcon.colcon_core.environment:checking '/home/tony/webots_ws/install/my_mir_package/bin'
[1.595s] Level 1:colcon.colcon_core.environment:checking '/home/tony/webots_ws/install/my_mir_package/lib/pkgconfig/my_mir_package.pc'
[1.595s] Level 1:colcon.colcon_core.environment:checking '/home/tony/webots_ws/install/my_mir_package/lib/python3.8/site-packages'
[1.595s] Level 1:colcon.colcon_core.shell:create_environment_hook('my_mir_package', 'pythonpath')
[1.596s] INFO:colcon.colcon_core.shell:Creating environment hook '/home/tony/webots_ws/install/my_mir_package/share/my_mir_package/hook/pythonpath.ps1'
[1.596s] INFO:colcon.colcon_core.shell:Creating environment descriptor '/home/tony/webots_ws/install/my_mir_package/share/my_mir_package/hook/pythonpath.dsv'
[1.596s] INFO:colcon.colcon_core.shell:Creating environment hook '/home/tony/webots_ws/install/my_mir_package/share/my_mir_package/hook/pythonpath.sh'
[1.597s] Level 1:colcon.colcon_core.environment:checking '/home/tony/webots_ws/install/my_mir_package/bin'
[1.597s] Level 1:colcon.colcon_core.environment:create_environment_scripts_only(my_mir_package)
[1.597s] INFO:colcon.colcon_core.shell:Creating package script '/home/tony/webots_ws/install/my_mir_package/share/my_mir_package/package.ps1'
[1.598s] INFO:colcon.colcon_core.shell:Creating package descriptor '/home/tony/webots_ws/install/my_mir_package/share/my_mir_package/package.dsv'
[1.598s] INFO:colcon.colcon_core.shell:Creating package script '/home/tony/webots_ws/install/my_mir_package/share/my_mir_package/package.sh'
[1.598s] INFO:colcon.colcon_core.shell:Creating package script '/home/tony/webots_ws/install/my_mir_package/share/my_mir_package/package.bash'
[1.599s] INFO:colcon.colcon_core.shell:Creating package script '/home/tony/webots_ws/install/my_mir_package/share/my_mir_package/package.zsh'
[1.599s] Level 1:colcon.colcon_core.environment:create_file_with_runtime_dependencies(/home/tony/webots_ws/install/my_mir_package/share/colcon-core/packages/my_mir_package)
[9.211s] DEBUG:colcon.colcon_core.event_handler.log_command:Invoked command in '/home/tony/webots_ws/build/mpc_controller' returned '0': CMAKE_PREFIX_PATH=/home/tony/webots_ws/install/traj_interfaces:/home/tony/webots_ws/install/motor_interfaces:/home/tony/webots_ws/install/mpc_controller:/home/tony/webots_ws/install/traj_publish:/home/tony/webots_ws/install/my_package:/home/tony/webots_ws/install/my_mir_package:/opt/ros/foxy PYTHONPATH=/home/tony/webots_ws/install/traj_interfaces/lib/python3.8/site-packages:/home/tony/webots_ws/install/motor_interfaces/lib/python3.8/site-packages:/home/tony/webots_ws/install/my_package/lib/python3.8/site-packages:/home/tony/webots_ws/install/my_mir_package/lib/python3.8/site-packages:/opt/ros/foxy/lib/python3.8/site-packages /usr/bin/cmake --build /home/tony/webots_ws/build/mpc_controller -- -j16 -l16
[9.242s] DEBUG:colcon.colcon_core.event_handler.log_command:Invoking command in '/home/tony/webots_ws/build/mpc_controller': CMAKE_PREFIX_PATH=/home/tony/webots_ws/install/traj_interfaces:/home/tony/webots_ws/install/motor_interfaces:/home/tony/webots_ws/install/mpc_controller:/home/tony/webots_ws/install/traj_publish:/home/tony/webots_ws/install/my_package:/home/tony/webots_ws/install/my_mir_package:/opt/ros/foxy PYTHONPATH=/home/tony/webots_ws/install/traj_interfaces/lib/python3.8/site-packages:/home/tony/webots_ws/install/motor_interfaces/lib/python3.8/site-packages:/home/tony/webots_ws/install/my_package/lib/python3.8/site-packages:/home/tony/webots_ws/install/my_mir_package/lib/python3.8/site-packages:/opt/ros/foxy/lib/python3.8/site-packages /usr/bin/cmake --install /home/tony/webots_ws/build/mpc_controller
[9.266s] Level 1:colcon.colcon_core.environment:create_environment_scripts_only(mpc_controller)
[9.267s] DEBUG:colcon.colcon_core.event_handler.log_command:Invoked command in '/home/tony/webots_ws/build/mpc_controller' returned '0': CMAKE_PREFIX_PATH=/home/tony/webots_ws/install/traj_interfaces:/home/tony/webots_ws/install/motor_interfaces:/home/tony/webots_ws/install/mpc_controller:/home/tony/webots_ws/install/traj_publish:/home/tony/webots_ws/install/my_package:/home/tony/webots_ws/install/my_mir_package:/opt/ros/foxy PYTHONPATH=/home/tony/webots_ws/install/traj_interfaces/lib/python3.8/site-packages:/home/tony/webots_ws/install/motor_interfaces/lib/python3.8/site-packages:/home/tony/webots_ws/install/my_package/lib/python3.8/site-packages:/home/tony/webots_ws/install/my_mir_package/lib/python3.8/site-packages:/opt/ros/foxy/lib/python3.8/site-packages /usr/bin/cmake --install /home/tony/webots_ws/build/mpc_controller
[9.267s] Level 1:colcon.colcon_core.environment:checking '/home/tony/webots_ws/install/mpc_controller' for CMake module files
[9.267s] Level 1:colcon.colcon_core.environment:checking '/home/tony/webots_ws/install/mpc_controller' for CMake config files
[9.268s] Level 1:colcon.colcon_core.shell:create_environment_hook('mpc_controller', 'cmake_prefix_path')
[9.268s] INFO:colcon.colcon_core.shell:Creating environment hook '/home/tony/webots_ws/install/mpc_controller/share/mpc_controller/hook/cmake_prefix_path.ps1'
[9.268s] INFO:colcon.colcon_core.shell:Creating environment descriptor '/home/tony/webots_ws/install/mpc_controller/share/mpc_controller/hook/cmake_prefix_path.dsv'
[9.269s] INFO:colcon.colcon_core.shell:Creating environment hook '/home/tony/webots_ws/install/mpc_controller/share/mpc_controller/hook/cmake_prefix_path.sh'
[9.269s] Level 1:colcon.colcon_core.environment:checking '/home/tony/webots_ws/install/mpc_controller/lib'
[9.269s] Level 1:colcon.colcon_core.environment:checking '/home/tony/webots_ws/install/mpc_controller/bin'
[9.269s] Level 1:colcon.colcon_core.environment:checking '/home/tony/webots_ws/install/mpc_controller/lib/pkgconfig/mpc_controller.pc'
[9.269s] Level 1:colcon.colcon_core.environment:checking '/home/tony/webots_ws/install/mpc_controller/lib/python3.8/site-packages'
[9.270s] Level 1:colcon.colcon_core.environment:checking '/home/tony/webots_ws/install/mpc_controller/bin'
[9.270s] INFO:colcon.colcon_core.shell:Creating package script '/home/tony/webots_ws/install/mpc_controller/share/mpc_controller/package.ps1'
[9.270s] INFO:colcon.colcon_core.shell:Creating package descriptor '/home/tony/webots_ws/install/mpc_controller/share/mpc_controller/package.dsv'
[9.270s] INFO:colcon.colcon_core.shell:Creating package script '/home/tony/webots_ws/install/mpc_controller/share/mpc_controller/package.sh'
[9.271s] INFO:colcon.colcon_core.shell:Creating package script '/home/tony/webots_ws/install/mpc_controller/share/mpc_controller/package.bash'
[9.271s] INFO:colcon.colcon_core.shell:Creating package script '/home/tony/webots_ws/install/mpc_controller/share/mpc_controller/package.zsh'
[9.271s] Level 1:colcon.colcon_core.environment:create_file_with_runtime_dependencies(/home/tony/webots_ws/install/mpc_controller/share/colcon-core/packages/mpc_controller)
[9.302s] Level 1:colcon.colcon_core.environment:create_environment_scripts_only(mpc_controller)
[9.302s] Level 1:colcon.colcon_core.environment:checking '/home/tony/webots_ws/install/mpc_controller' for CMake module files
[9.302s] Level 1:colcon.colcon_core.environment:checking '/home/tony/webots_ws/install/mpc_controller' for CMake config files
[9.303s] Level 1:colcon.colcon_core.shell:create_environment_hook('mpc_controller', 'cmake_prefix_path')
[9.303s] INFO:colcon.colcon_core.shell:Creating environment hook '/home/tony/webots_ws/install/mpc_controller/share/mpc_controller/hook/cmake_prefix_path.ps1'
[9.303s] INFO:colcon.colcon_core.shell:Creating environment descriptor '/home/tony/webots_ws/install/mpc_controller/share/mpc_controller/hook/cmake_prefix_path.dsv'
[9.304s] INFO:colcon.colcon_core.shell:Creating environment hook '/home/tony/webots_ws/install/mpc_controller/share/mpc_controller/hook/cmake_prefix_path.sh'
[9.304s] Level 1:colcon.colcon_core.environment:checking '/home/tony/webots_ws/install/mpc_controller/lib'
[9.304s] Level 1:colcon.colcon_core.environment:checking '/home/tony/webots_ws/install/mpc_controller/bin'
[9.304s] Level 1:colcon.colcon_core.environment:checking '/home/tony/webots_ws/install/mpc_controller/lib/pkgconfig/mpc_controller.pc'
[9.304s] Level 1:colcon.colcon_core.environment:checking '/home/tony/webots_ws/install/mpc_controller/lib/python3.8/site-packages'
[9.305s] Level 1:colcon.colcon_core.environment:checking '/home/tony/webots_ws/install/mpc_controller/bin'
[9.305s] INFO:colcon.colcon_core.shell:Creating package script '/home/tony/webots_ws/install/mpc_controller/share/mpc_controller/package.ps1'
[9.305s] INFO:colcon.colcon_core.shell:Creating package descriptor '/home/tony/webots_ws/install/mpc_controller/share/mpc_controller/package.dsv'
[9.306s] INFO:colcon.colcon_core.shell:Creating package script '/home/tony/webots_ws/install/mpc_controller/share/mpc_controller/package.sh'
[9.306s] INFO:colcon.colcon_core.shell:Creating package script '/home/tony/webots_ws/install/mpc_controller/share/mpc_controller/package.bash'
[9.306s] INFO:colcon.colcon_core.shell:Creating package script '/home/tony/webots_ws/install/mpc_controller/share/mpc_controller/package.zsh'
[9.307s] Level 1:colcon.colcon_core.environment:create_file_with_runtime_dependencies(/home/tony/webots_ws/install/mpc_controller/share/colcon-core/packages/mpc_controller)
[9.307s] DEBUG:colcon.colcon_parallel_executor.executor.parallel:closing loop
[9.307s] DEBUG:colcon.colcon_parallel_executor.executor.parallel:loop closed
[9.307s] DEBUG:colcon.colcon_parallel_executor.executor.parallel:run_until_complete finished with '0'
[9.307s] DEBUG:colcon.colcon_core.event_reactor:joining thread
[9.313s] INFO:colcon.colcon_core.plugin_system:Skipping extension 'colcon_notification.desktop_notification.terminal_notifier': Not used on non-Darwin systems
[9.313s] INFO:colcon.colcon_core.plugin_system:Skipping extension 'colcon_notification.desktop_notification.win32': Not used on non-Windows systems
[9.313s] INFO:colcon.colcon_notification.desktop_notification:Sending desktop notification using 'notify2'
[9.326s] DEBUG:colcon.colcon_core.event_reactor:joined thread
[9.327s] INFO:colcon.colcon_core.shell:Creating prefix script '/home/tony/webots_ws/install/local_setup.ps1'
[9.327s] INFO:colcon.colcon_core.shell:Creating prefix util module '/home/tony/webots_ws/install/_local_setup_util_ps1.py'
[9.328s] INFO:colcon.colcon_core.shell:Creating prefix chain script '/home/tony/webots_ws/install/setup.ps1'
[9.330s] INFO:colcon.colcon_core.shell:Creating prefix script '/home/tony/webots_ws/install/local_setup.sh'
[9.330s] INFO:colcon.colcon_core.shell:Creating prefix util module '/home/tony/webots_ws/install/_local_setup_util_sh.py'
[9.330s] INFO:colcon.colcon_core.shell:Creating prefix chain script '/home/tony/webots_ws/install/setup.sh'
[9.331s] INFO:colcon.colcon_core.shell:Creating prefix script '/home/tony/webots_ws/install/local_setup.bash'
[9.332s] INFO:colcon.colcon_core.shell:Creating prefix chain script '/home/tony/webots_ws/install/setup.bash'
[9.333s] INFO:colcon.colcon_core.shell:Creating prefix script '/home/tony/webots_ws/install/local_setup.zsh'
[9.333s] INFO:colcon.colcon_core.shell:Creating prefix chain script '/home/tony/webots_ws/install/setup.zsh'
