[0.022s] Invoking command in '/home/tony/webots_ws/build/traj_publish': CMAKE_PREFIX_PATH=/home/tony/webots_ws/install/traj_interfaces:/home/tony/webots_ws/install/mpc_controller:/home/tony/webots_ws/install/traj_publish:/home/tony/webots_ws/install/motor_interfaces:/home/tony/webots_ws/install/my_package:/home/tony/webots_ws/install/my_mir_package:/opt/ros/foxy /usr/bin/cmake --build /home/tony/webots_ws/build/traj_publish -- -j16 -l16
[0.057s] -- Found ament_cmake: 0.9.12 (/opt/ros/foxy/share/ament_cmake/cmake)
[0.079s] -- Using PYTHON_EXECUTABLE: /usr/bin/python3
[0.221s] -- Found rclcpp: 2.4.3 (/opt/ros/foxy/share/rclcpp/cmake)
[0.248s] -- Using all available rosidl_typesupport_c: rosidl_typesupport_fastrtps_c;rosidl_typesupport_introspection_c
[0.250s] -- Found rosidl_adapter: 1.3.1 (/opt/ros/foxy/share/rosidl_adapter/cmake)
[0.353s] -- Using all available rosidl_typesupport_cpp: rosidl_typesupport_fastrtps_cpp;rosidl_typesupport_introspection_cpp
[0.388s] -- Found rmw_implementation_cmake: 1.0.4 (/opt/ros/foxy/share/rmw_implementation_cmake/cmake)
[0.389s] -- Using RMW implementation 'rmw_fastrtps_cpp' as default
[0.488s] -- Found nav_msgs: 2.0.5 (/opt/ros/foxy/share/nav_msgs/cmake)
[0.567s] -- Found traj_interfaces: 0.0.0 (/home/tony/webots_ws/install/traj_interfaces/share/traj_interfaces/cmake)
[0.624s] -- Found visualization_msgs: 2.0.5 (/opt/ros/foxy/share/visualization_msgs/cmake)
[0.684s] -- Found ament_lint_auto: 0.9.8 (/opt/ros/foxy/share/ament_lint_auto/cmake)
[0.750s] -- Added test 'copyright' to check source files copyright and LICENSE
[0.751s] -- Added test 'cppcheck' to perform static code analysis on C / C++ code
[0.751s] -- Configured cppcheck include dirs: 
[0.751s] -- Configured cppcheck exclude dirs and/or files: 
[0.752s] -- Added test 'cpplint' to check C / C++ code against the Google style
[0.752s] -- Configured cpplint exclude dirs and/or files: 
[0.752s] -- Added test 'lint_cmake' to check CMake code style
[0.753s] -- Added test 'uncrustify' to check C / C++ code style
[0.753s] -- Configured uncrustify additional arguments: 
[0.753s] -- Added test 'xmllint' to check XML markup files
[0.757s] -- Configuring done
[0.765s] -- Generating done
[0.766s] -- Build files have been written to: /home/tony/webots_ws/build/traj_publish
[0.830s] [ 33%] [32m[1mLinking CXX executable traj_pub[0m
[1.014s] [100%] Built target traj_pub
[1.025s] Invoked command in '/home/tony/webots_ws/build/traj_publish' returned '0': CMAKE_PREFIX_PATH=/home/tony/webots_ws/install/traj_interfaces:/home/tony/webots_ws/install/mpc_controller:/home/tony/webots_ws/install/traj_publish:/home/tony/webots_ws/install/motor_interfaces:/home/tony/webots_ws/install/my_package:/home/tony/webots_ws/install/my_mir_package:/opt/ros/foxy /usr/bin/cmake --build /home/tony/webots_ws/build/traj_publish -- -j16 -l16
[1.064s] Invoking command in '/home/tony/webots_ws/build/traj_publish': CMAKE_PREFIX_PATH=/home/tony/webots_ws/install/traj_interfaces:/home/tony/webots_ws/install/mpc_controller:/home/tony/webots_ws/install/traj_publish:/home/tony/webots_ws/install/motor_interfaces:/home/tony/webots_ws/install/my_package:/home/tony/webots_ws/install/my_mir_package:/opt/ros/foxy /usr/bin/cmake --install /home/tony/webots_ws/build/traj_publish
[1.071s] -- Install configuration: ""
[1.071s] -- Up-to-date: /home/tony/webots_ws/install/traj_publish/share/ament_index/resource_index/package_run_dependencies/traj_publish
[1.071s] -- Installing: /home/tony/webots_ws/install/traj_publish/share/ament_index/resource_index/parent_prefix_path/traj_publish
[1.072s] -- Up-to-date: /home/tony/webots_ws/install/traj_publish/share/traj_publish/environment/ament_prefix_path.sh
[1.072s] -- Installing: /home/tony/webots_ws/install/traj_publish/share/traj_publish/environment/ament_prefix_path.dsv
[1.072s] -- Up-to-date: /home/tony/webots_ws/install/traj_publish/share/traj_publish/environment/path.sh
[1.072s] -- Installing: /home/tony/webots_ws/install/traj_publish/share/traj_publish/environment/path.dsv
[1.072s] -- Up-to-date: /home/tony/webots_ws/install/traj_publish/share/traj_publish/local_setup.bash
[1.072s] -- Up-to-date: /home/tony/webots_ws/install/traj_publish/share/traj_publish/local_setup.sh
[1.072s] -- Up-to-date: /home/tony/webots_ws/install/traj_publish/share/traj_publish/local_setup.zsh
[1.072s] -- Installing: /home/tony/webots_ws/install/traj_publish/share/traj_publish/local_setup.dsv
[1.072s] -- Installing: /home/tony/webots_ws/install/traj_publish/share/traj_publish/package.dsv
[1.073s] -- Up-to-date: /home/tony/webots_ws/install/traj_publish/share/ament_index/resource_index/packages/traj_publish
[1.073s] -- Up-to-date: /home/tony/webots_ws/install/traj_publish/share/traj_publish/cmake/traj_publishConfig.cmake
[1.073s] -- Up-to-date: /home/tony/webots_ws/install/traj_publish/share/traj_publish/cmake/traj_publishConfig-version.cmake
[1.073s] -- Up-to-date: /home/tony/webots_ws/install/traj_publish/share/traj_publish/package.xml
[1.073s] -- Installing: /home/tony/webots_ws/install/traj_publish/lib/traj_publish/traj_pub
[1.076s] -- Set runtime path of "/home/tony/webots_ws/install/traj_publish/lib/traj_publish/traj_pub" to ""
[1.080s] Invoked command in '/home/tony/webots_ws/build/traj_publish' returned '0': CMAKE_PREFIX_PATH=/home/tony/webots_ws/install/traj_interfaces:/home/tony/webots_ws/install/mpc_controller:/home/tony/webots_ws/install/traj_publish:/home/tony/webots_ws/install/motor_interfaces:/home/tony/webots_ws/install/my_package:/home/tony/webots_ws/install/my_mir_package:/opt/ros/foxy /usr/bin/cmake --install /home/tony/webots_ws/build/traj_publish
