[1.471s] Invoking command in '/home/tony/webots_ws/rl_rvo_nav': PYTHONPATH=/home/tony/webots_ws/build/rl_rvo_nav/prefix_override:/home/tony/webots_ws/install/rl_rvo_nav/lib/python3.8/site-packages:${PYTHONPATH} /usr/bin/python3 -W ignore:setup.py install is deprecated setup.py egg_info --egg-base ../build/rl_rvo_nav build --build-base /home/tony/webots_ws/build/rl_rvo_nav/build install --record /home/tony/webots_ws/build/rl_rvo_nav/install.log --single-version-externally-managed
[1.723s] running egg_info
[1.724s] writing ../build/rl_rvo_nav/rl_rvo_nav.egg-info/PKG-INFO
[1.724s] writing dependency_links to ../build/rl_rvo_nav/rl_rvo_nav.egg-info/dependency_links.txt
[1.724s] writing requirements to ../build/rl_rvo_nav/rl_rvo_nav.egg-info/requires.txt
[1.724s] writing top-level names to ../build/rl_rvo_nav/rl_rvo_nav.egg-info/top_level.txt
[1.752s] file rl_rvo_nav.py (for module rl_rvo_nav) not found
[1.752s] reading manifest file '../build/rl_rvo_nav/rl_rvo_nav.egg-info/SOURCES.txt'
[1.753s] writing manifest file '../build/rl_rvo_nav/rl_rvo_nav.egg-info/SOURCES.txt'
[1.753s] running build
[1.753s] running build_py
[1.753s] file rl_rvo_nav.py (for module rl_rvo_nav) not found
[1.753s] file rl_rvo_nav.py (for module rl_rvo_nav) not found
[1.753s] running install
[1.754s] running install_lib
[1.754s] warning: install_lib: '/home/tony/webots_ws/build/rl_rvo_nav/build/lib' does not exist -- no Python modules to install
[1.754s] 
[1.754s] running install_egg_info
[1.756s] removing '/home/tony/webots_ws/install/rl_rvo_nav/lib/python3.8/site-packages/rl_rvo_nav-2.0-py3.8.egg-info' (and everything under it)
[1.756s] Copying ../build/rl_rvo_nav/rl_rvo_nav.egg-info to /home/tony/webots_ws/install/rl_rvo_nav/lib/python3.8/site-packages/rl_rvo_nav-2.0-py3.8.egg-info
[1.757s] running install_scripts
[1.770s] file rl_rvo_nav.py (for module rl_rvo_nav) not found
[1.770s] writing list of installed files to '/home/tony/webots_ws/build/rl_rvo_nav/install.log'
[1.796s] Invoked command in '/home/tony/webots_ws/rl_rvo_nav' returned '0': PYTHONPATH=/home/tony/webots_ws/build/rl_rvo_nav/prefix_override:/home/tony/webots_ws/install/rl_rvo_nav/lib/python3.8/site-packages:${PYTHONPATH} /usr/bin/python3 -W ignore:setup.py install is deprecated setup.py egg_info --egg-base ../build/rl_rvo_nav build --build-base /home/tony/webots_ws/build/rl_rvo_nav/build install --record /home/tony/webots_ws/build/rl_rvo_nav/install.log --single-version-externally-managed
