[0.022s] Invoking command in '/home/tony/webots_ws/build/traj_publish': CMAKE_PREFIX_PATH=/home/tony/webots_ws/install/traj_interfaces:/home/tony/webots_ws/install/mpc_controller:/home/tony/webots_ws/install/traj_publish:/home/tony/webots_ws/install/motor_interfaces:/home/tony/webots_ws/install/my_package:/home/tony/webots_ws/install/my_mir_package:/opt/ros/foxy /usr/bin/cmake --build /home/tony/webots_ws/build/traj_publish -- -j16 -l16
[0.055s] -- Found ament_cmake: 0.9.12 (/opt/ros/foxy/share/ament_cmake/cmake)
[0.079s] -- Using PYTHON_EXECUTABLE: /usr/bin/python3
[0.224s] -- Found rclcpp: 2.4.3 (/opt/ros/foxy/share/rclcpp/cmake)
[0.250s] -- Using all available rosidl_typesupport_c: rosidl_typesupport_fastrtps_c;rosidl_typesupport_introspection_c
[0.254s] -- Found rosidl_adapter: 1.3.1 (/opt/ros/foxy/share/rosidl_adapter/cmake)
[0.363s] -- Using all available rosidl_typesupport_cpp: rosidl_typesupport_fastrtps_cpp;rosidl_typesupport_introspection_cpp
[0.397s] -- Found rmw_implementation_cmake: 1.0.4 (/opt/ros/foxy/share/rmw_implementation_cmake/cmake)
[0.398s] -- Using RMW implementation 'rmw_fastrtps_cpp' as default
[0.497s] -- Found nav_msgs: 2.0.5 (/opt/ros/foxy/share/nav_msgs/cmake)
[0.575s] -- Found traj_interfaces: 0.0.0 (/home/tony/webots_ws/install/traj_interfaces/share/traj_interfaces/cmake)
[0.629s] CMake Error at CMakeLists.txt:26 (find_package):
[0.629s]   By not providing "Findvoid_ptr.cmake" in CMAKE_MODULE_PATH this project has
[0.629s]   asked CMake to find a package configuration file provided by "void_ptr",
[0.629s]   but CMake did not find one.
[0.629s] 
[0.629s]   Could not find a package configuration file provided by "void_ptr" with any
[0.629s]   of the following names:
[0.629s] 
[0.629s]     void_ptrConfig.cmake
[0.629s]     void_ptr-config.cmake
[0.629s] 
[0.630s]   Add the installation prefix of "void_ptr" to CMAKE_PREFIX_PATH or set
[0.630s]   "void_ptr_DIR" to a directory containing one of the above files.  If
[0.630s]   "void_ptr" provides a separate development package or SDK, be sure it has
[0.630s]   been installed.
[0.630s] 
[0.630s] 
[0.630s] -- Configuring incomplete, errors occurred!
[0.631s] See also "/home/tony/webots_ws/build/traj_publish/CMakeFiles/CMakeOutput.log".
[0.631s] See also "/home/tony/webots_ws/build/traj_publish/CMakeFiles/CMakeError.log".
[0.636s] make: *** [Makefile:296: cmake_check_build_system] Error 1
[0.638s] Invoked command in '/home/tony/webots_ws/build/traj_publish' returned '2': CMAKE_PREFIX_PATH=/home/tony/webots_ws/install/traj_interfaces:/home/tony/webots_ws/install/mpc_controller:/home/tony/webots_ws/install/traj_publish:/home/tony/webots_ws/install/motor_interfaces:/home/tony/webots_ws/install/my_package:/home/tony/webots_ws/install/my_mir_package:/opt/ros/foxy /usr/bin/cmake --build /home/tony/webots_ws/build/traj_publish -- -j16 -l16
