[0.882s] Invoking command in '/home/tony/webots_ws/src/multi_mir_package': CMAKE_PREFIX_PATH=/home/tony/webots_ws/install/motor_interfaces:/home/tony/webots_ws/install/traj_publish:/home/tony/webots_ws/install/multi_traj_publish:/home/tony/webots_ws/install/multi_mpc_controller:/home/tony/webots_ws/install/mpc_controller:/home/tony/webots_ws/install/traj_interfaces:/home/tony/webots_ws/install/action_interfaces LD_LIBRARY_PATH=/home/tony/webots_ws/install/motor_interfaces/lib:/home/tony/webots_ws/install/traj_interfaces/lib:/home/tony/webots_ws/install/action_interfaces/lib:/opt/ros/foxy/opt/yaml_cpp_vendor/lib:/opt/ros/foxy/opt/rviz_ogre_vendor/lib:/opt/ros/foxy/lib/x86_64-linux-gnu:/opt/ros/foxy/lib PYTHONPATH=/home/tony/webots_ws/build/multi_mir_package/prefix_override:/home/tony/webots_ws/install/multi_mir_package/lib/python3.8/site-packages:/home/tony/webots_ws/install/motor_interfaces/lib/python3.8/site-packages:/home/tony/webots_ws/install/traj_interfaces/lib/python3.8/site-packages:/home/tony/webots_ws/install/rl_rvo_nav/lib/python3.8/site-packages:/home/tony/webots_ws/install/post_train/lib/python3.8/site-packages:/home/tony/webots_ws/install/my_package/lib/python3.8/site-packages:/home/tony/webots_ws/install/my_mir_package/lib/python3.8/site-packages:/home/tony/webots_ws/install/multi_mir_package/lib/python3.8/site-packages:/home/tony/webots_ws/install/ir_sim/lib/python3.8/site-packages:/home/tony/webots_ws/install/action_interfaces/lib/python3.8/site-packages:/opt/ros/foxy/lib/python3.8/site-packages:/home/tony/webots_ws/intelligent-robot-simulator/:/home/tony/webots_ws/rl_rvo_nav/ /usr/bin/python3 -W ignore:setup.py install is deprecated setup.py egg_info --egg-base ../../build/multi_mir_package build --build-base /home/tony/webots_ws/build/multi_mir_package/build install --record /home/tony/webots_ws/build/multi_mir_package/install.log --install-scripts $base/lib/my_mir_package --single-version-externally-managed install_data
[1.074s] running egg_info
[1.074s] writing ../../build/multi_mir_package/multi_mir_package.egg-info/PKG-INFO
[1.074s] writing dependency_links to ../../build/multi_mir_package/multi_mir_package.egg-info/dependency_links.txt
[1.075s] writing entry points to ../../build/multi_mir_package/multi_mir_package.egg-info/entry_points.txt
[1.075s] writing requirements to ../../build/multi_mir_package/multi_mir_package.egg-info/requires.txt
[1.075s] writing top-level names to ../../build/multi_mir_package/multi_mir_package.egg-info/top_level.txt
[1.110s] reading manifest file '../../build/multi_mir_package/multi_mir_package.egg-info/SOURCES.txt'
[1.111s] writing manifest file '../../build/multi_mir_package/multi_mir_package.egg-info/SOURCES.txt'
[1.111s] running build
[1.111s] running build_py
[1.111s] running install
[1.112s] running install_lib
[1.113s] running install_data
[1.113s] running install_egg_info
[1.115s] removing '/home/tony/webots_ws/install/multi_mir_package/lib/python3.8/site-packages/multi_mir_package-0.0.0-py3.8.egg-info' (and everything under it)
[1.115s] Copying ../../build/multi_mir_package/multi_mir_package.egg-info to /home/tony/webots_ws/install/multi_mir_package/lib/python3.8/site-packages/multi_mir_package-0.0.0-py3.8.egg-info
[1.115s] running install_scripts
[1.128s] Installing mir_robot_1_driver script to /home/tony/webots_ws/install/multi_mir_package/lib/my_mir_package
[1.129s] Installing mir_robot_2_driver script to /home/tony/webots_ws/install/multi_mir_package/lib/my_mir_package
[1.129s] Installing mir_robot_3_driver script to /home/tony/webots_ws/install/multi_mir_package/lib/my_mir_package
[1.129s] Installing mir_robot_4_driver script to /home/tony/webots_ws/install/multi_mir_package/lib/my_mir_package
[1.129s] writing list of installed files to '/home/tony/webots_ws/build/multi_mir_package/install.log'
[1.150s] Invoked command in '/home/tony/webots_ws/src/multi_mir_package' returned '0': CMAKE_PREFIX_PATH=/home/tony/webots_ws/install/motor_interfaces:/home/tony/webots_ws/install/traj_publish:/home/tony/webots_ws/install/multi_traj_publish:/home/tony/webots_ws/install/multi_mpc_controller:/home/tony/webots_ws/install/mpc_controller:/home/tony/webots_ws/install/traj_interfaces:/home/tony/webots_ws/install/action_interfaces LD_LIBRARY_PATH=/home/tony/webots_ws/install/motor_interfaces/lib:/home/tony/webots_ws/install/traj_interfaces/lib:/home/tony/webots_ws/install/action_interfaces/lib:/opt/ros/foxy/opt/yaml_cpp_vendor/lib:/opt/ros/foxy/opt/rviz_ogre_vendor/lib:/opt/ros/foxy/lib/x86_64-linux-gnu:/opt/ros/foxy/lib PYTHONPATH=/home/tony/webots_ws/build/multi_mir_package/prefix_override:/home/tony/webots_ws/install/multi_mir_package/lib/python3.8/site-packages:/home/tony/webots_ws/install/motor_interfaces/lib/python3.8/site-packages:/home/tony/webots_ws/install/traj_interfaces/lib/python3.8/site-packages:/home/tony/webots_ws/install/rl_rvo_nav/lib/python3.8/site-packages:/home/tony/webots_ws/install/post_train/lib/python3.8/site-packages:/home/tony/webots_ws/install/my_package/lib/python3.8/site-packages:/home/tony/webots_ws/install/my_mir_package/lib/python3.8/site-packages:/home/tony/webots_ws/install/multi_mir_package/lib/python3.8/site-packages:/home/tony/webots_ws/install/ir_sim/lib/python3.8/site-packages:/home/tony/webots_ws/install/action_interfaces/lib/python3.8/site-packages:/opt/ros/foxy/lib/python3.8/site-packages:/home/tony/webots_ws/intelligent-robot-simulator/:/home/tony/webots_ws/rl_rvo_nav/ /usr/bin/python3 -W ignore:setup.py install is deprecated setup.py egg_info --egg-base ../../build/multi_mir_package build --build-base /home/tony/webots_ws/build/multi_mir_package/build install --record /home/tony/webots_ws/build/multi_mir_package/install.log --install-scripts $base/lib/my_mir_package --single-version-externally-managed install_data
