[0.411s] Invoking command in '/home/tony/webots_ws/build/mpc_controller': AMENT_PREFIX_PATH=/home/tony/webots_ws/install/traj_interfaces:/home/tony/webots_ws/install/motor_interfaces:${AMENT_PREFIX_PATH} CMAKE_PREFIX_PATH=/home/tony/webots_ws/install/traj_interfaces:/home/tony/webots_ws/install/motor_interfaces:/opt/ros/foxy LD_LIBRARY_PATH=/home/tony/webots_ws/install/traj_interfaces/lib:/home/tony/webots_ws/install/motor_interfaces/lib:${LD_LIBRARY_PATH} PYTHONPATH=/home/tony/webots_ws/install/traj_interfaces/lib/python3.8/site-packages:/home/tony/webots_ws/install/motor_interfaces/lib/python3.8/site-packages:${PYTHONPATH} /usr/bin/cmake --build /home/tony/webots_ws/build/mpc_controller -- -j16 -l16
[0.482s] [100%] Built target control_node
[0.494s] Invoked command in '/home/tony/webots_ws/build/mpc_controller' returned '0': AMENT_PREFIX_PATH=/home/tony/webots_ws/install/traj_interfaces:/home/tony/webots_ws/install/motor_interfaces:${AMENT_PREFIX_PATH} CMAKE_PREFIX_PATH=/home/tony/webots_ws/install/traj_interfaces:/home/tony/webots_ws/install/motor_interfaces:/opt/ros/foxy LD_LIBRARY_PATH=/home/tony/webots_ws/install/traj_interfaces/lib:/home/tony/webots_ws/install/motor_interfaces/lib:${LD_LIBRARY_PATH} PYTHONPATH=/home/tony/webots_ws/install/traj_interfaces/lib/python3.8/site-packages:/home/tony/webots_ws/install/motor_interfaces/lib/python3.8/site-packages:${PYTHONPATH} /usr/bin/cmake --build /home/tony/webots_ws/build/mpc_controller -- -j16 -l16
[0.524s] Invoking command in '/home/tony/webots_ws/build/mpc_controller': AMENT_PREFIX_PATH=/home/tony/webots_ws/install/traj_interfaces:/home/tony/webots_ws/install/motor_interfaces:${AMENT_PREFIX_PATH} CMAKE_PREFIX_PATH=/home/tony/webots_ws/install/traj_interfaces:/home/tony/webots_ws/install/motor_interfaces:/opt/ros/foxy LD_LIBRARY_PATH=/home/tony/webots_ws/install/traj_interfaces/lib:/home/tony/webots_ws/install/motor_interfaces/lib:${LD_LIBRARY_PATH} PYTHONPATH=/home/tony/webots_ws/install/traj_interfaces/lib/python3.8/site-packages:/home/tony/webots_ws/install/motor_interfaces/lib/python3.8/site-packages:${PYTHONPATH} /usr/bin/cmake --install /home/tony/webots_ws/build/mpc_controller
[0.535s] -- Install configuration: ""
[0.535s] -- Up-to-date: /home/tony/webots_ws/install/mpc_controller/share/ament_index/resource_index/package_run_dependencies/mpc_controller
[0.535s] -- Up-to-date: /home/tony/webots_ws/install/mpc_controller/share/ament_index/resource_index/parent_prefix_path/mpc_controller
[0.535s] -- Up-to-date: /home/tony/webots_ws/install/mpc_controller/share/mpc_controller/environment/ament_prefix_path.sh
[0.535s] -- Up-to-date: /home/tony/webots_ws/install/mpc_controller/share/mpc_controller/environment/ament_prefix_path.dsv
[0.536s] -- Up-to-date: /home/tony/webots_ws/install/mpc_controller/share/mpc_controller/environment/path.sh
[0.536s] -- Up-to-date: /home/tony/webots_ws/install/mpc_controller/share/mpc_controller/environment/path.dsv
[0.536s] -- Up-to-date: /home/tony/webots_ws/install/mpc_controller/share/mpc_controller/local_setup.bash
[0.536s] -- Up-to-date: /home/tony/webots_ws/install/mpc_controller/share/mpc_controller/local_setup.sh
[0.536s] -- Up-to-date: /home/tony/webots_ws/install/mpc_controller/share/mpc_controller/local_setup.zsh
[0.536s] -- Up-to-date: /home/tony/webots_ws/install/mpc_controller/share/mpc_controller/local_setup.dsv
[0.536s] -- Installing: /home/tony/webots_ws/install/mpc_controller/share/mpc_controller/package.dsv
[0.536s] -- Up-to-date: /home/tony/webots_ws/install/mpc_controller/share/ament_index/resource_index/packages/mpc_controller
[0.537s] -- Up-to-date: /home/tony/webots_ws/install/mpc_controller/share/mpc_controller/cmake/mpc_controllerConfig.cmake
[0.537s] -- Up-to-date: /home/tony/webots_ws/install/mpc_controller/share/mpc_controller/cmake/mpc_controllerConfig-version.cmake
[0.537s] -- Up-to-date: /home/tony/webots_ws/install/mpc_controller/share/mpc_controller/package.xml
[0.537s] -- Up-to-date: /home/tony/webots_ws/install/mpc_controller/lib/mpc_controller/control_node
[0.541s] Invoked command in '/home/tony/webots_ws/build/mpc_controller' returned '0': AMENT_PREFIX_PATH=/home/tony/webots_ws/install/traj_interfaces:/home/tony/webots_ws/install/motor_interfaces:${AMENT_PREFIX_PATH} CMAKE_PREFIX_PATH=/home/tony/webots_ws/install/traj_interfaces:/home/tony/webots_ws/install/motor_interfaces:/opt/ros/foxy LD_LIBRARY_PATH=/home/tony/webots_ws/install/traj_interfaces/lib:/home/tony/webots_ws/install/motor_interfaces/lib:${LD_LIBRARY_PATH} PYTHONPATH=/home/tony/webots_ws/install/traj_interfaces/lib/python3.8/site-packages:/home/tony/webots_ws/install/motor_interfaces/lib/python3.8/site-packages:${PYTHONPATH} /usr/bin/cmake --install /home/tony/webots_ws/build/mpc_controller
