[0.026s] Invoking command in '/home/tony/webots_ws/build/motor_interfaces': CMAKE_PREFIX_PATH=${CMAKE_PREFIX_PATH}:/home/tony/webots_ws/install/my_package:/home/tony/webots_ws/install/my_mir_package:/home/tony/town_ws/install/village_li:/opt/ros/foxy /usr/bin/cmake /home/tony/webots_ws/src/motor_interfaces -DCMAKE_INSTALL_PREFIX=/home/tony/webots_ws/install/motor_interfaces
[0.202s] -- The C compiler identification is GNU 9.4.0
[0.221s] -- The CXX compiler identification is GNU 9.4.0
[0.228s] -- Check for working C compiler: /usr/bin/cc
[0.304s] -- Check for working C compiler: /usr/bin/cc -- works
[0.305s] -- Detecting C compiler ABI info
[0.376s] -- Detecting C compiler ABI info - done
[0.383s] -- Detecting C compile features
[0.384s] -- Detecting C compile features - done
[0.386s] -- Check for working CXX compiler: /usr/bin/c++
[0.461s] -- Check for working CXX compiler: /usr/bin/c++ -- works
[0.462s] -- Detecting CXX compiler ABI info
[0.536s] -- Detecting CXX compiler ABI info - done
[0.544s] -- Detecting CXX compile features
[0.544s] -- Detecting CXX compile features - done
[0.549s] -- Found ament_cmake: 0.9.12 (/opt/ros/foxy/share/ament_cmake/cmake)
[0.574s] -- Found PythonInterp: /usr/bin/python3 (found suitable version "3.8.10", minimum required is "3") 
[0.574s] -- Using PYTHON_EXECUTABLE: /usr/bin/python3
[0.765s] -- Found rosidl_default_generators: 1.0.1 (/opt/ros/foxy/share/rosidl_default_generators/cmake)
[0.770s] -- Using all available rosidl_typesupport_c: rosidl_typesupport_fastrtps_c;rosidl_typesupport_introspection_c
[0.779s] -- Found rosidl_adapter: 1.3.1 (/opt/ros/foxy/share/rosidl_adapter/cmake)
[0.902s] -- Found OpenSSL: /usr/lib/x86_64-linux-gnu/libcrypto.so (found version "1.1.1f")  
[0.933s] -- Found FastRTPS: /opt/ros/foxy/include  
[1.023s] -- Using all available rosidl_typesupport_cpp: rosidl_typesupport_fastrtps_cpp;rosidl_typesupport_introspection_cpp
[1.068s] -- Found PythonInterp: /usr/bin/python3 (found version "3.8.10") 
[1.120s] CMake Error at /opt/ros/foxy/share/rosidl_cmake/cmake/rosidl_generate_interfaces.cmake:162 (message):
[1.120s]   rosidl_generate_interfaces() the passed dependency 'sensor_msgs' has not
[1.120s]   been found before using find_package()
[1.120s] Call Stack (most recent call first):
[1.121s]   CMakeLists.txt:24 (rosidl_generate_interfaces)
[1.121s] 
[1.121s] 
[1.123s] -- Configuring incomplete, errors occurred!
[1.123s] See also "/home/tony/webots_ws/build/motor_interfaces/CMakeFiles/CMakeOutput.log".
[1.132s] Invoked command in '/home/tony/webots_ws/build/motor_interfaces' returned '1': CMAKE_PREFIX_PATH=${CMAKE_PREFIX_PATH}:/home/tony/webots_ws/install/my_package:/home/tony/webots_ws/install/my_mir_package:/home/tony/town_ws/install/village_li:/opt/ros/foxy /usr/bin/cmake /home/tony/webots_ws/src/motor_interfaces -DCMAKE_INSTALL_PREFIX=/home/tony/webots_ws/install/motor_interfaces
