[0.432s] Invoking command in '/home/tony/webots_ws/build/multi_traj_publish': CMAKE_PREFIX_PATH=/home/tony/webots_ws/install/traj_interfaces:/home/tony/webots_ws/install/multi_traj_publish:/home/tony/webots_ws/install/multi_mpc_controller:/home/tony/webots_ws/install/traj_publish:/home/tony/webots_ws/install/mpc_controller:/home/tony/webots_ws/install/motor_interfaces:/home/tony/webots_ws/install/my_package:/home/tony/webots_ws/install/my_mir_package:/home/tony/webots_ws/install/multi_mir_package:/opt/ros/foxy /usr/bin/cmake --build /home/tony/webots_ws/build/multi_traj_publish -- -j16 -l16
[0.472s] [35m[1mScanning dependencies of target traj_pub[0m
[0.556s] [ 33%] [32mBuilding CXX object CMakeFiles/traj_pub.dir/src/traj_pub.cpp.o[0m
[4.843s] [ 66%] [32m[1mLinking CXX executable traj_pub[0m
[5.046s] [100%] Built target traj_pub
[5.058s] Invoked command in '/home/tony/webots_ws/build/multi_traj_publish' returned '0': CMAKE_PREFIX_PATH=/home/tony/webots_ws/install/traj_interfaces:/home/tony/webots_ws/install/multi_traj_publish:/home/tony/webots_ws/install/multi_mpc_controller:/home/tony/webots_ws/install/traj_publish:/home/tony/webots_ws/install/mpc_controller:/home/tony/webots_ws/install/motor_interfaces:/home/tony/webots_ws/install/my_package:/home/tony/webots_ws/install/my_mir_package:/home/tony/webots_ws/install/multi_mir_package:/opt/ros/foxy /usr/bin/cmake --build /home/tony/webots_ws/build/multi_traj_publish -- -j16 -l16
[5.095s] Invoking command in '/home/tony/webots_ws/build/multi_traj_publish': CMAKE_PREFIX_PATH=/home/tony/webots_ws/install/traj_interfaces:/home/tony/webots_ws/install/multi_traj_publish:/home/tony/webots_ws/install/multi_mpc_controller:/home/tony/webots_ws/install/traj_publish:/home/tony/webots_ws/install/mpc_controller:/home/tony/webots_ws/install/motor_interfaces:/home/tony/webots_ws/install/my_package:/home/tony/webots_ws/install/my_mir_package:/home/tony/webots_ws/install/multi_mir_package:/opt/ros/foxy /usr/bin/cmake --install /home/tony/webots_ws/build/multi_traj_publish
[5.102s] -- Install configuration: ""
[5.102s] -- Up-to-date: /home/tony/webots_ws/install/multi_traj_publish/share/ament_index/resource_index/package_run_dependencies/multi_traj_publish
[5.102s] -- Up-to-date: /home/tony/webots_ws/install/multi_traj_publish/share/ament_index/resource_index/parent_prefix_path/multi_traj_publish
[5.102s] -- Up-to-date: /home/tony/webots_ws/install/multi_traj_publish/share/multi_traj_publish/environment/ament_prefix_path.sh
[5.102s] -- Up-to-date: /home/tony/webots_ws/install/multi_traj_publish/share/multi_traj_publish/environment/ament_prefix_path.dsv
[5.103s] -- Up-to-date: /home/tony/webots_ws/install/multi_traj_publish/share/multi_traj_publish/environment/path.sh
[5.103s] -- Up-to-date: /home/tony/webots_ws/install/multi_traj_publish/share/multi_traj_publish/environment/path.dsv
[5.103s] -- Up-to-date: /home/tony/webots_ws/install/multi_traj_publish/share/multi_traj_publish/local_setup.bash
[5.103s] -- Up-to-date: /home/tony/webots_ws/install/multi_traj_publish/share/multi_traj_publish/local_setup.sh
[5.103s] -- Up-to-date: /home/tony/webots_ws/install/multi_traj_publish/share/multi_traj_publish/local_setup.zsh
[5.103s] -- Up-to-date: /home/tony/webots_ws/install/multi_traj_publish/share/multi_traj_publish/local_setup.dsv
[5.103s] -- Installing: /home/tony/webots_ws/install/multi_traj_publish/share/multi_traj_publish/package.dsv
[5.103s] -- Up-to-date: /home/tony/webots_ws/install/multi_traj_publish/share/ament_index/resource_index/packages/multi_traj_publish
[5.103s] -- Up-to-date: /home/tony/webots_ws/install/multi_traj_publish/share/multi_traj_publish/cmake/multi_traj_publishConfig.cmake
[5.103s] -- Up-to-date: /home/tony/webots_ws/install/multi_traj_publish/share/multi_traj_publish/cmake/multi_traj_publishConfig-version.cmake
[5.103s] -- Up-to-date: /home/tony/webots_ws/install/multi_traj_publish/share/multi_traj_publish/package.xml
[5.103s] -- Installing: /home/tony/webots_ws/install/multi_traj_publish/lib/multi_traj_publish/traj_pub
[5.105s] -- Set runtime path of "/home/tony/webots_ws/install/multi_traj_publish/lib/multi_traj_publish/traj_pub" to ""
[5.107s] Invoked command in '/home/tony/webots_ws/build/multi_traj_publish' returned '0': CMAKE_PREFIX_PATH=/home/tony/webots_ws/install/traj_interfaces:/home/tony/webots_ws/install/multi_traj_publish:/home/tony/webots_ws/install/multi_mpc_controller:/home/tony/webots_ws/install/traj_publish:/home/tony/webots_ws/install/mpc_controller:/home/tony/webots_ws/install/motor_interfaces:/home/tony/webots_ws/install/my_package:/home/tony/webots_ws/install/my_mir_package:/home/tony/webots_ws/install/multi_mir_package:/opt/ros/foxy /usr/bin/cmake --install /home/tony/webots_ws/build/multi_traj_publish
