[0.025s] Invoking command in '/home/tony/webots_ws/build/mpc_controller': CMAKE_PREFIX_PATH=/home/tony/webots_ws/install/motor_interfaces:/home/tony/webots_ws/install/traj_publish:/home/tony/webots_ws/install/my_package:/home/tony/webots_ws/install/my_mir_package:/opt/ros/foxy PYTHONPATH=/home/tony/webots_ws/install/motor_interfaces/lib/python3.8/site-packages:/home/tony/webots_ws/install/my_package/lib/python3.8/site-packages:/home/tony/webots_ws/install/my_mir_package/lib/python3.8/site-packages:/opt/ros/foxy/lib/python3.8/site-packages /usr/bin/cmake --build /home/tony/webots_ws/build/mpc_controller -- -j16 -l16
[0.063s] -- Found ament_cmake: 0.9.12 (/opt/ros/foxy/share/ament_cmake/cmake)
[0.085s] -- Using PYTHON_EXECUTABLE: /usr/bin/python3
[0.232s] -- Found rclcpp: 2.4.3 (/opt/ros/foxy/share/rclcpp/cmake)
[0.257s] -- Using all available rosidl_typesupport_c: rosidl_typesupport_fastrtps_c;rosidl_typesupport_introspection_c
[0.259s] -- Found rosidl_adapter: 1.3.1 (/opt/ros/foxy/share/rosidl_adapter/cmake)
[0.370s] -- Using all available rosidl_typesupport_cpp: rosidl_typesupport_fastrtps_cpp;rosidl_typesupport_introspection_cpp
[0.407s] -- Found rmw_implementation_cmake: 1.0.4 (/opt/ros/foxy/share/rmw_implementation_cmake/cmake)
[0.408s] -- Using RMW implementation 'rmw_fastrtps_cpp' as default
[0.514s] -- Found geometry_msgs: 2.0.5 (/opt/ros/foxy/share/geometry_msgs/cmake)
[0.536s] -- Found nav_msgs: 2.0.5 (/opt/ros/foxy/share/nav_msgs/cmake)
[0.584s] -- Found tf2: 0.13.14 (/opt/ros/foxy/share/tf2/cmake)
[0.591s] -- Found motor_interfaces: 0.0.0 (/home/tony/webots_ws/install/motor_interfaces/share/motor_interfaces/cmake)
[0.595s] -- Found ament_lint_auto: 0.9.8 (/opt/ros/foxy/share/ament_lint_auto/cmake)
[0.655s] -- Added test 'copyright' to check source files copyright and LICENSE
[0.656s] -- Added test 'cppcheck' to perform static code analysis on C / C++ code
[0.656s] -- Configured cppcheck include dirs: 
[0.657s] -- Configured cppcheck exclude dirs and/or files: 
[0.657s] -- Added test 'cpplint' to check C / C++ code against the Google style
[0.657s] -- Configured cpplint exclude dirs and/or files: 
[0.657s] -- Added test 'lint_cmake' to check CMake code style
[0.658s] -- Added test 'uncrustify' to check C / C++ code style
[0.658s] -- Configured uncrustify additional arguments: 
[0.658s] -- Added test 'xmllint' to check XML markup files
[0.662s] -- Configuring done
[0.669s] -- Generating done
[0.670s] -- Build files have been written to: /home/tony/webots_ws/build/mpc_controller
[0.702s] [35m[1mScanning dependencies of target control_node[0m
[0.893s] [ 50%] [32mBuilding CXX object CMakeFiles/control_node.dir/src/control_node.cpp.o[0m
[0.985s] [01m[K/home/tony/webots_ws/src/mpc_controller/src/control_node.cpp:5:10:[m[K [01;31m[Kfatal error: [m[Kmpc_controller.hpp: No such file or directory
[0.985s]     5 | #include [01;31m[K"mpc_controller.hpp"[m[K
[0.985s]       |          [01;31m[K^~~~~~~~~~~~~~~~~~~~[m[K
[0.986s] compilation terminated.
[0.987s] make[2]: *** [CMakeFiles/control_node.dir/build.make:63: CMakeFiles/control_node.dir/src/control_node.cpp.o] Error 1
[0.988s] make[1]: *** [CMakeFiles/Makefile2:78: CMakeFiles/control_node.dir/all] Error 2
[0.988s] make: *** [Makefile:141: all] Error 2
[0.993s] Invoked command in '/home/tony/webots_ws/build/mpc_controller' returned '2': CMAKE_PREFIX_PATH=/home/tony/webots_ws/install/motor_interfaces:/home/tony/webots_ws/install/traj_publish:/home/tony/webots_ws/install/my_package:/home/tony/webots_ws/install/my_mir_package:/opt/ros/foxy PYTHONPATH=/home/tony/webots_ws/install/motor_interfaces/lib/python3.8/site-packages:/home/tony/webots_ws/install/my_package/lib/python3.8/site-packages:/home/tony/webots_ws/install/my_mir_package/lib/python3.8/site-packages:/opt/ros/foxy/lib/python3.8/site-packages /usr/bin/cmake --build /home/tony/webots_ws/build/mpc_controller -- -j16 -l16
