[0.022s] Invoking command in '/home/tony/webots_ws/build/multi_traj_publish': CMAKE_PREFIX_PATH=/home/tony/webots_ws/install/traj_interfaces:/home/tony/webots_ws/install/traj_publish:/home/tony/webots_ws/install/mpc_controller:/home/tony/webots_ws/install/motor_interfaces:/home/tony/webots_ws/install/my_package:/home/tony/webots_ws/install/my_mir_package:/home/tony/webots_ws/install/multi_mir_package:/opt/ros/foxy /usr/bin/cmake /home/tony/webots_ws/src/multi_traj_publish -DCMAKE_INSTALL_PREFIX=/home/tony/webots_ws/install/multi_traj_publish
[0.097s] -- The C compiler identification is GNU 9.4.0
[0.157s] -- The CXX compiler identification is GNU 9.4.0
[0.165s] -- Check for working C compiler: /usr/bin/cc
[0.264s] -- Check for working C compiler: /usr/bin/cc -- works
[0.265s] -- Detecting C compiler ABI info
[0.371s] -- Detecting C compiler ABI info - done
[0.378s] -- Detecting C compile features
[0.378s] -- Detecting C compile features - done
[0.380s] -- Check for working CXX compiler: /usr/bin/c++
[0.487s] -- Check for working CXX compiler: /usr/bin/c++ -- works
[0.489s] -- Detecting CXX compiler ABI info
[0.610s] -- Detecting CXX compiler ABI info - done
[0.617s] -- Detecting CXX compile features
[0.618s] -- Detecting CXX compile features - done
[0.620s] -- Found ament_cmake: 0.9.12 (/opt/ros/foxy/share/ament_cmake/cmake)
[0.642s] -- Found PythonInterp: /usr/bin/python3 (found suitable version "3.8.10", minimum required is "3") 
[0.643s] -- Using PYTHON_EXECUTABLE: /usr/bin/python3
[0.805s] -- Found rclcpp: 2.4.3 (/opt/ros/foxy/share/rclcpp/cmake)
[0.845s] -- Using all available rosidl_typesupport_c: rosidl_typesupport_fastrtps_c;rosidl_typesupport_introspection_c
[0.851s] -- Found rosidl_adapter: 1.3.1 (/opt/ros/foxy/share/rosidl_adapter/cmake)
[0.936s] -- Found OpenSSL: /usr/lib/x86_64-linux-gnu/libcrypto.so (found version "1.1.1f")  
[0.965s] -- Found FastRTPS: /opt/ros/foxy/include  
[1.043s] -- Using all available rosidl_typesupport_cpp: rosidl_typesupport_fastrtps_cpp;rosidl_typesupport_introspection_cpp
[1.087s] -- Found rmw_implementation_cmake: 1.0.4 (/opt/ros/foxy/share/rmw_implementation_cmake/cmake)
[1.087s] -- Using RMW implementation 'rmw_fastrtps_cpp' as default
[1.088s] -- Looking for pthread.h
[1.200s] -- Looking for pthread.h - found
[1.201s] -- Performing Test CMAKE_HAVE_LIBC_PTHREAD
[1.305s] -- Performing Test CMAKE_HAVE_LIBC_PTHREAD - Failed
[1.306s] -- Looking for pthread_create in pthreads
[1.376s] -- Looking for pthread_create in pthreads - not found
[1.376s] -- Looking for pthread_create in pthread
[1.474s] -- Looking for pthread_create in pthread - found
[1.475s] -- Found Threads: TRUE  
[1.585s] -- Found nav_msgs: 2.0.5 (/opt/ros/foxy/share/nav_msgs/cmake)
[1.688s] -- Found traj_interfaces: 0.0.0 (/home/tony/webots_ws/install/traj_interfaces/share/traj_interfaces/cmake)
[1.746s] -- Found visualization_msgs: 2.0.5 (/opt/ros/foxy/share/visualization_msgs/cmake)
[1.800s] -- Found ament_lint_auto: 0.9.8 (/opt/ros/foxy/share/ament_lint_auto/cmake)
[1.871s] -- Added test 'copyright' to check source files copyright and LICENSE
[1.872s] -- Added test 'cppcheck' to perform static code analysis on C / C++ code
[1.872s] -- Configured cppcheck include dirs: 
[1.872s] -- Configured cppcheck exclude dirs and/or files: 
[1.873s] -- Added test 'cpplint' to check C / C++ code against the Google style
[1.873s] -- Configured cpplint exclude dirs and/or files: 
[1.874s] -- Added test 'lint_cmake' to check CMake code style
[1.875s] -- Added test 'uncrustify' to check C / C++ code style
[1.875s] -- Configured uncrustify additional arguments: 
[1.876s] -- Added test 'xmllint' to check XML markup files
[1.886s] -- Configuring done
[1.893s] -- Generating done
[1.894s] -- Build files have been written to: /home/tony/webots_ws/build/multi_traj_publish
[1.901s] Invoked command in '/home/tony/webots_ws/build/multi_traj_publish' returned '0': CMAKE_PREFIX_PATH=/home/tony/webots_ws/install/traj_interfaces:/home/tony/webots_ws/install/traj_publish:/home/tony/webots_ws/install/mpc_controller:/home/tony/webots_ws/install/motor_interfaces:/home/tony/webots_ws/install/my_package:/home/tony/webots_ws/install/my_mir_package:/home/tony/webots_ws/install/multi_mir_package:/opt/ros/foxy /usr/bin/cmake /home/tony/webots_ws/src/multi_traj_publish -DCMAKE_INSTALL_PREFIX=/home/tony/webots_ws/install/multi_traj_publish
[1.904s] Invoking command in '/home/tony/webots_ws/build/multi_traj_publish': CMAKE_PREFIX_PATH=/home/tony/webots_ws/install/traj_interfaces:/home/tony/webots_ws/install/traj_publish:/home/tony/webots_ws/install/mpc_controller:/home/tony/webots_ws/install/motor_interfaces:/home/tony/webots_ws/install/my_package:/home/tony/webots_ws/install/my_mir_package:/home/tony/webots_ws/install/multi_mir_package:/opt/ros/foxy /usr/bin/cmake --build /home/tony/webots_ws/build/multi_traj_publish -- -j16 -l16
[1.975s] [35m[1mScanning dependencies of target traj_pub[0m
[2.052s] [ 33%] [32mBuilding CXX object CMakeFiles/traj_pub.dir/src/traj_pub.cpp.o[0m
[2.052s] [ 66%] [32mBuilding CXX object CMakeFiles/traj_pub.dir/src/traj_visualization.cpp.o[0m
[5.517s] [100%] [32m[1mLinking CXX executable traj_pub[0m
[5.723s] [100%] Built target traj_pub
[5.739s] Invoked command in '/home/tony/webots_ws/build/multi_traj_publish' returned '0': CMAKE_PREFIX_PATH=/home/tony/webots_ws/install/traj_interfaces:/home/tony/webots_ws/install/traj_publish:/home/tony/webots_ws/install/mpc_controller:/home/tony/webots_ws/install/motor_interfaces:/home/tony/webots_ws/install/my_package:/home/tony/webots_ws/install/my_mir_package:/home/tony/webots_ws/install/multi_mir_package:/opt/ros/foxy /usr/bin/cmake --build /home/tony/webots_ws/build/multi_traj_publish -- -j16 -l16
[5.773s] Invoking command in '/home/tony/webots_ws/build/multi_traj_publish': CMAKE_PREFIX_PATH=/home/tony/webots_ws/install/traj_interfaces:/home/tony/webots_ws/install/traj_publish:/home/tony/webots_ws/install/mpc_controller:/home/tony/webots_ws/install/motor_interfaces:/home/tony/webots_ws/install/my_package:/home/tony/webots_ws/install/my_mir_package:/home/tony/webots_ws/install/multi_mir_package:/opt/ros/foxy /usr/bin/cmake --install /home/tony/webots_ws/build/multi_traj_publish
[5.779s] -- Install configuration: ""
[5.779s] -- Installing: /home/tony/webots_ws/install/multi_traj_publish/share/ament_index/resource_index/package_run_dependencies/multi_traj_publish
[5.779s] -- Installing: /home/tony/webots_ws/install/multi_traj_publish/share/ament_index/resource_index/parent_prefix_path/multi_traj_publish
[5.779s] -- Installing: /home/tony/webots_ws/install/multi_traj_publish/share/multi_traj_publish/environment/ament_prefix_path.sh
[5.780s] -- Installing: /home/tony/webots_ws/install/multi_traj_publish/share/multi_traj_publish/environment/ament_prefix_path.dsv
[5.780s] -- Installing: /home/tony/webots_ws/install/multi_traj_publish/share/multi_traj_publish/environment/path.sh
[5.780s] -- Installing: /home/tony/webots_ws/install/multi_traj_publish/share/multi_traj_publish/environment/path.dsv
[5.780s] -- Installing: /home/tony/webots_ws/install/multi_traj_publish/share/multi_traj_publish/local_setup.bash
[5.780s] -- Installing: /home/tony/webots_ws/install/multi_traj_publish/share/multi_traj_publish/local_setup.sh
[5.780s] -- Installing: /home/tony/webots_ws/install/multi_traj_publish/share/multi_traj_publish/local_setup.zsh
[5.780s] -- Installing: /home/tony/webots_ws/install/multi_traj_publish/share/multi_traj_publish/local_setup.dsv
[5.780s] -- Installing: /home/tony/webots_ws/install/multi_traj_publish/share/multi_traj_publish/package.dsv
[5.781s] -- Installing: /home/tony/webots_ws/install/multi_traj_publish/share/ament_index/resource_index/packages/multi_traj_publish
[5.781s] -- Installing: /home/tony/webots_ws/install/multi_traj_publish/share/multi_traj_publish/cmake/multi_traj_publishConfig.cmake
[5.781s] -- Installing: /home/tony/webots_ws/install/multi_traj_publish/share/multi_traj_publish/cmake/multi_traj_publishConfig-version.cmake
[5.781s] -- Installing: /home/tony/webots_ws/install/multi_traj_publish/share/multi_traj_publish/package.xml
[5.781s] -- Installing: /home/tony/webots_ws/install/multi_traj_publish/lib/multi_traj_publish/traj_pub
[5.783s] -- Set runtime path of "/home/tony/webots_ws/install/multi_traj_publish/lib/multi_traj_publish/traj_pub" to ""
[5.784s] Invoked command in '/home/tony/webots_ws/build/multi_traj_publish' returned '0': CMAKE_PREFIX_PATH=/home/tony/webots_ws/install/traj_interfaces:/home/tony/webots_ws/install/traj_publish:/home/tony/webots_ws/install/mpc_controller:/home/tony/webots_ws/install/motor_interfaces:/home/tony/webots_ws/install/my_package:/home/tony/webots_ws/install/my_mir_package:/home/tony/webots_ws/install/multi_mir_package:/opt/ros/foxy /usr/bin/cmake --install /home/tony/webots_ws/build/multi_traj_publish
