[35m[1mScanning dependencies of target control_node[0m
[ 25%] [32mBuilding CXX object CMakeFiles/control_node.dir/src/control_node.cpp.o[0m
[ 50%] [32m[1mLinking CXX executable control_node[0m
[100%] Built target control_node
-- Install configuration: ""
-- Up-to-date: /home/tony/webots_ws/install/mpc_controller/share/ament_index/resource_index/package_run_dependencies/mpc_controller
-- Up-to-date: /home/tony/webots_ws/install/mpc_controller/share/ament_index/resource_index/parent_prefix_path/mpc_controller
-- Up-to-date: /home/tony/webots_ws/install/mpc_controller/share/mpc_controller/environment/ament_prefix_path.sh
-- Up-to-date: /home/tony/webots_ws/install/mpc_controller/share/mpc_controller/environment/ament_prefix_path.dsv
-- Up-to-date: /home/tony/webots_ws/install/mpc_controller/share/mpc_controller/environment/path.sh
-- Up-to-date: /home/tony/webots_ws/install/mpc_controller/share/mpc_controller/environment/path.dsv
-- Up-to-date: /home/tony/webots_ws/install/mpc_controller/share/mpc_controller/local_setup.bash
-- Up-to-date: /home/tony/webots_ws/install/mpc_controller/share/mpc_controller/local_setup.sh
-- Up-to-date: /home/tony/webots_ws/install/mpc_controller/share/mpc_controller/local_setup.zsh
-- Up-to-date: /home/tony/webots_ws/install/mpc_controller/share/mpc_controller/local_setup.dsv
-- Installing: /home/tony/webots_ws/install/mpc_controller/share/mpc_controller/package.dsv
-- Up-to-date: /home/tony/webots_ws/install/mpc_controller/share/ament_index/resource_index/packages/mpc_controller
-- Up-to-date: /home/tony/webots_ws/install/mpc_controller/share/mpc_controller/cmake/mpc_controllerConfig.cmake
-- Up-to-date: /home/tony/webots_ws/install/mpc_controller/share/mpc_controller/cmake/mpc_controllerConfig-version.cmake
-- Up-to-date: /home/tony/webots_ws/install/mpc_controller/share/mpc_controller/package.xml
-- Installing: /home/tony/webots_ws/install/mpc_controller/lib/mpc_controller/control_node
-- Set runtime path of "/home/tony/webots_ws/install/mpc_controller/lib/mpc_controller/control_node" to ""
