[0.050s] Invoking command in '/home/tony/webots_ws/build/traj_publish': CMAKE_PREFIX_PATH=/home/tony/webots_ws/install/traj_interfaces:/home/tony/webots_ws/install/multi_traj_publish:/home/tony/webots_ws/install/multi_mpc_controller:/home/tony/webots_ws/install/traj_publish:/home/tony/webots_ws/install/mpc_controller:/home/tony/webots_ws/install/motor_interfaces:/home/tony/webots_ws/install/my_package:/home/tony/webots_ws/install/my_mir_package:/home/tony/webots_ws/install/multi_mir_package:/opt/ros/foxy /usr/bin/cmake --build /home/tony/webots_ws/build/traj_publish -- -j16 -l16
[0.119s] [100%] Built target traj_pub
[0.439s] Invoked command in '/home/tony/webots_ws/build/traj_publish' returned '0': CMAKE_PREFIX_PATH=/home/tony/webots_ws/install/traj_interfaces:/home/tony/webots_ws/install/multi_traj_publish:/home/tony/webots_ws/install/multi_mpc_controller:/home/tony/webots_ws/install/traj_publish:/home/tony/webots_ws/install/mpc_controller:/home/tony/webots_ws/install/motor_interfaces:/home/tony/webots_ws/install/my_package:/home/tony/webots_ws/install/my_mir_package:/home/tony/webots_ws/install/multi_mir_package:/opt/ros/foxy /usr/bin/cmake --build /home/tony/webots_ws/build/traj_publish -- -j16 -l16
[0.470s] Invoking command in '/home/tony/webots_ws/build/traj_publish': CMAKE_PREFIX_PATH=/home/tony/webots_ws/install/traj_interfaces:/home/tony/webots_ws/install/multi_traj_publish:/home/tony/webots_ws/install/multi_mpc_controller:/home/tony/webots_ws/install/traj_publish:/home/tony/webots_ws/install/mpc_controller:/home/tony/webots_ws/install/motor_interfaces:/home/tony/webots_ws/install/my_package:/home/tony/webots_ws/install/my_mir_package:/home/tony/webots_ws/install/multi_mir_package:/opt/ros/foxy /usr/bin/cmake --install /home/tony/webots_ws/build/traj_publish
[0.477s] -- Install configuration: ""
[0.477s] -- Up-to-date: /home/tony/webots_ws/install/traj_publish/share/ament_index/resource_index/package_run_dependencies/traj_publish
[0.478s] -- Up-to-date: /home/tony/webots_ws/install/traj_publish/share/ament_index/resource_index/parent_prefix_path/traj_publish
[0.478s] -- Up-to-date: /home/tony/webots_ws/install/traj_publish/share/traj_publish/environment/ament_prefix_path.sh
[0.478s] -- Up-to-date: /home/tony/webots_ws/install/traj_publish/share/traj_publish/environment/ament_prefix_path.dsv
[0.483s] -- Up-to-date: /home/tony/webots_ws/install/traj_publish/share/traj_publish/environment/path.sh
[0.483s] -- Up-to-date: /home/tony/webots_ws/install/traj_publish/share/traj_publish/environment/path.dsv
[0.484s] -- Up-to-date: /home/tony/webots_ws/install/traj_publish/share/traj_publish/local_setup.bash
[0.484s] -- Up-to-date: /home/tony/webots_ws/install/traj_publish/share/traj_publish/local_setup.sh
[0.484s] -- Up-to-date: /home/tony/webots_ws/install/traj_publish/share/traj_publish/local_setup.zsh
[0.484s] -- Up-to-date: /home/tony/webots_ws/install/traj_publish/share/traj_publish/local_setup.dsv
[0.484s] -- Installing: /home/tony/webots_ws/install/traj_publish/share/traj_publish/package.dsv
[0.484s] -- Up-to-date: /home/tony/webots_ws/install/traj_publish/share/ament_index/resource_index/packages/traj_publish
[0.484s] -- Up-to-date: /home/tony/webots_ws/install/traj_publish/share/traj_publish/cmake/traj_publishConfig.cmake
[0.484s] -- Up-to-date: /home/tony/webots_ws/install/traj_publish/share/traj_publish/cmake/traj_publishConfig-version.cmake
[0.484s] -- Up-to-date: /home/tony/webots_ws/install/traj_publish/share/traj_publish/package.xml
[0.485s] -- Up-to-date: /home/tony/webots_ws/install/traj_publish/lib/traj_publish/traj_pub
[0.487s] Invoked command in '/home/tony/webots_ws/build/traj_publish' returned '0': CMAKE_PREFIX_PATH=/home/tony/webots_ws/install/traj_interfaces:/home/tony/webots_ws/install/multi_traj_publish:/home/tony/webots_ws/install/multi_mpc_controller:/home/tony/webots_ws/install/traj_publish:/home/tony/webots_ws/install/mpc_controller:/home/tony/webots_ws/install/motor_interfaces:/home/tony/webots_ws/install/my_package:/home/tony/webots_ws/install/my_mir_package:/home/tony/webots_ws/install/multi_mir_package:/opt/ros/foxy /usr/bin/cmake --install /home/tony/webots_ws/build/traj_publish
