[1.678s] Invoking command in '/home/tony/webots_ws/src/post_train': PYTHONPATH=/home/tony/webots_ws/build/post_train/prefix_override:/home/tony/webots_ws/install/post_train/lib/python3.8/site-packages:${PYTHONPATH} /usr/bin/python3 -W ignore:setup.py install is deprecated setup.py egg_info --egg-base ../../build/post_train build --build-base /home/tony/webots_ws/build/post_train/build install --record /home/tony/webots_ws/build/post_train/install.log --install-scripts $base/lib/post_train --single-version-externally-managed install_data
[2.019s] running egg_info
[2.019s] writing ../../build/post_train/post_train.egg-info/PKG-INFO
[2.020s] writing dependency_links to ../../build/post_train/post_train.egg-info/dependency_links.txt
[2.020s] writing entry points to ../../build/post_train/post_train.egg-info/entry_points.txt
[2.020s] writing requirements to ../../build/post_train/post_train.egg-info/requires.txt
[2.020s] writing top-level names to ../../build/post_train/post_train.egg-info/top_level.txt
[2.063s] reading manifest file '../../build/post_train/post_train.egg-info/SOURCES.txt'
[2.064s] writing manifest file '../../build/post_train/post_train.egg-info/SOURCES.txt'
[2.065s] running build
[2.065s] running build_py
[2.065s] running install
[2.066s] running install_lib
[2.068s] running install_data
[2.068s] running install_egg_info
[2.071s] removing '/home/tony/webots_ws/install/post_train/lib/python3.8/site-packages/post_train-0.0.0-py3.8.egg-info' (and everything under it)
[2.071s] Copying ../../build/post_train/post_train.egg-info to /home/tony/webots_ws/install/post_train/lib/python3.8/site-packages/post_train-0.0.0-py3.8.egg-info
[2.072s] running install_scripts
[2.094s] Installing post_train_node script to /home/tony/webots_ws/install/post_train/lib/post_train
[2.094s] writing list of installed files to '/home/tony/webots_ws/build/post_train/install.log'
[2.132s] Invoked command in '/home/tony/webots_ws/src/post_train' returned '0': PYTHONPATH=/home/tony/webots_ws/build/post_train/prefix_override:/home/tony/webots_ws/install/post_train/lib/python3.8/site-packages:${PYTHONPATH} /usr/bin/python3 -W ignore:setup.py install is deprecated setup.py egg_info --egg-base ../../build/post_train build --build-base /home/tony/webots_ws/build/post_train/build install --record /home/tony/webots_ws/build/post_train/install.log --install-scripts $base/lib/post_train --single-version-externally-managed install_data
