[0.747s] Invoking command in '/home/tony/webots_ws/src/multi_mir_package': CMAKE_PREFIX_PATH=/home/tony/webots_ws/install/motor_interfaces:/home/tony/webots_ws/install/webots_ros2_msgs:/home/tony/webots_ws/install/traj_publish:/home/tony/webots_ws/install/mpc_controller:/home/tony/webots_ws/install/traj_interfaces LD_LIBRARY_PATH=/home/tony/webots_ws/install/motor_interfaces/lib:/home/tony/webots_ws/install/webots_ros2_msgs/lib:/home/tony/webots_ws/install/traj_interfaces/lib:/opt/ros/foxy/opt/yaml_cpp_vendor/lib:/opt/ros/foxy/opt/rviz_ogre_vendor/lib:/opt/ros/foxy/lib/x86_64-linux-gnu:/opt/ros/foxy/lib PYTHONPATH=/home/tony/webots_ws/build/multi_mir_package/prefix_override:/home/tony/webots_ws/install/multi_mir_package/lib/python3.8/site-packages:/home/tony/webots_ws/install/motor_interfaces/lib/python3.8/site-packages:/home/tony/webots_ws/install/webots_ros2_msgs/lib/python3.8/site-packages:/home/tony/webots_ws/install/traj_interfaces/lib/python3.8/site-packages:/home/tony/webots_ws/install/my_package/lib/python3.8/site-packages:/home/tony/webots_ws/install/my_mir_package/lib/python3.8/site-packages:/home/tony/webots_ws/install/multi_mir_package/lib/python3.8/site-packages:/opt/ros/foxy/lib/python3.8/site-packages /usr/bin/python3 -W ignore:setup.py install is deprecated setup.py egg_info --egg-base ../../build/multi_mir_package build --build-base /home/tony/webots_ws/build/multi_mir_package/build install --record /home/tony/webots_ws/build/multi_mir_package/install.log --install-scripts $base/lib/my_mir_package --single-version-externally-managed install_data
[0.919s] running egg_info
[0.919s] creating ../../build/multi_mir_package/multi_mir_package.egg-info
[0.919s] writing ../../build/multi_mir_package/multi_mir_package.egg-info/PKG-INFO
[0.919s] writing dependency_links to ../../build/multi_mir_package/multi_mir_package.egg-info/dependency_links.txt
[0.920s] writing entry points to ../../build/multi_mir_package/multi_mir_package.egg-info/entry_points.txt
[0.920s] writing requirements to ../../build/multi_mir_package/multi_mir_package.egg-info/requires.txt
[0.920s] writing top-level names to ../../build/multi_mir_package/multi_mir_package.egg-info/top_level.txt
[0.921s] writing manifest file '../../build/multi_mir_package/multi_mir_package.egg-info/SOURCES.txt'
[0.945s] reading manifest file '../../build/multi_mir_package/multi_mir_package.egg-info/SOURCES.txt'
[0.946s] writing manifest file '../../build/multi_mir_package/multi_mir_package.egg-info/SOURCES.txt'
[0.946s] running build
[0.946s] running build_py
[0.946s] creating /home/tony/webots_ws/build/multi_mir_package/build
[0.946s] creating /home/tony/webots_ws/build/multi_mir_package/build/lib
[0.946s] creating /home/tony/webots_ws/build/multi_mir_package/build/lib/multi_mir_package
[0.947s] copying multi_mir_package/__init__.py -> /home/tony/webots_ws/build/multi_mir_package/build/lib/multi_mir_package
[0.947s] copying multi_mir_package/mir_robot_1_driver.py -> /home/tony/webots_ws/build/multi_mir_package/build/lib/multi_mir_package
[0.947s] copying multi_mir_package/mir_robot_2_driver.py -> /home/tony/webots_ws/build/multi_mir_package/build/lib/multi_mir_package
[0.947s] copying multi_mir_package/mir_robot_3_driver.py -> /home/tony/webots_ws/build/multi_mir_package/build/lib/multi_mir_package
[0.947s] running install
[0.947s] running install_lib
[0.948s] creating /home/tony/webots_ws/install/multi_mir_package/lib/python3.8/site-packages/multi_mir_package
[0.948s] copying /home/tony/webots_ws/build/multi_mir_package/build/lib/multi_mir_package/__init__.py -> /home/tony/webots_ws/install/multi_mir_package/lib/python3.8/site-packages/multi_mir_package
[0.949s] copying /home/tony/webots_ws/build/multi_mir_package/build/lib/multi_mir_package/mir_robot_1_driver.py -> /home/tony/webots_ws/install/multi_mir_package/lib/python3.8/site-packages/multi_mir_package
[0.949s] copying /home/tony/webots_ws/build/multi_mir_package/build/lib/multi_mir_package/mir_robot_2_driver.py -> /home/tony/webots_ws/install/multi_mir_package/lib/python3.8/site-packages/multi_mir_package
[0.949s] copying /home/tony/webots_ws/build/multi_mir_package/build/lib/multi_mir_package/mir_robot_3_driver.py -> /home/tony/webots_ws/install/multi_mir_package/lib/python3.8/site-packages/multi_mir_package
[0.949s] byte-compiling /home/tony/webots_ws/install/multi_mir_package/lib/python3.8/site-packages/multi_mir_package/__init__.py to __init__.cpython-38.pyc
[0.950s] byte-compiling /home/tony/webots_ws/install/multi_mir_package/lib/python3.8/site-packages/multi_mir_package/mir_robot_1_driver.py to mir_robot_1_driver.cpython-38.pyc
[0.951s] byte-compiling /home/tony/webots_ws/install/multi_mir_package/lib/python3.8/site-packages/multi_mir_package/mir_robot_2_driver.py to mir_robot_2_driver.cpython-38.pyc
[0.951s] byte-compiling /home/tony/webots_ws/install/multi_mir_package/lib/python3.8/site-packages/multi_mir_package/mir_robot_3_driver.py to mir_robot_3_driver.cpython-38.pyc
[0.952s] running install_data
[0.952s] creating /home/tony/webots_ws/install/multi_mir_package/share/ament_index
[0.952s] creating /home/tony/webots_ws/install/multi_mir_package/share/ament_index/resource_index
[0.952s] creating /home/tony/webots_ws/install/multi_mir_package/share/ament_index/resource_index/packages
[0.952s] copying resource/multi_mir_package -> /home/tony/webots_ws/install/multi_mir_package/share/ament_index/resource_index/packages
[0.952s] creating /home/tony/webots_ws/install/multi_mir_package/share/multi_mir_package/launch
[0.953s] copying launch/multi_mir_launch.py -> /home/tony/webots_ws/install/multi_mir_package/share/multi_mir_package/launch
[0.953s] creating /home/tony/webots_ws/install/multi_mir_package/share/multi_mir_package/worlds
[0.953s] copying worlds/multi_robot_world.wbt -> /home/tony/webots_ws/install/multi_mir_package/share/multi_mir_package/worlds
[0.954s] creating /home/tony/webots_ws/install/multi_mir_package/share/multi_mir_package/resource
[0.954s] copying resource/mir_robot_1.urdf -> /home/tony/webots_ws/install/multi_mir_package/share/multi_mir_package/resource
[0.954s] copying resource/mir_robot_2.urdf -> /home/tony/webots_ws/install/multi_mir_package/share/multi_mir_package/resource
[0.954s] copying resource/mir_robot_3.urdf -> /home/tony/webots_ws/install/multi_mir_package/share/multi_mir_package/resource
[0.955s] copying package.xml -> /home/tony/webots_ws/install/multi_mir_package/share/multi_mir_package
[0.955s] creating /home/tony/webots_ws/install/multi_mir_package/share/multi_mir_package/config
[0.955s] copying config/mir100.rviz -> /home/tony/webots_ws/install/multi_mir_package/share/multi_mir_package/config
[0.955s] running install_egg_info
[0.956s] Copying ../../build/multi_mir_package/multi_mir_package.egg-info to /home/tony/webots_ws/install/multi_mir_package/lib/python3.8/site-packages/multi_mir_package-0.0.0-py3.8.egg-info
[0.956s] running install_scripts
[0.969s] Installing mir_robot_1_driver script to /home/tony/webots_ws/install/multi_mir_package/lib/my_mir_package
[0.969s] Installing mir_robot_2_driver script to /home/tony/webots_ws/install/multi_mir_package/lib/my_mir_package
[0.970s] Installing mir_robot_3_driver script to /home/tony/webots_ws/install/multi_mir_package/lib/my_mir_package
[0.970s] writing list of installed files to '/home/tony/webots_ws/build/multi_mir_package/install.log'
[0.998s] Invoked command in '/home/tony/webots_ws/src/multi_mir_package' returned '0': CMAKE_PREFIX_PATH=/home/tony/webots_ws/install/motor_interfaces:/home/tony/webots_ws/install/webots_ros2_msgs:/home/tony/webots_ws/install/traj_publish:/home/tony/webots_ws/install/mpc_controller:/home/tony/webots_ws/install/traj_interfaces LD_LIBRARY_PATH=/home/tony/webots_ws/install/motor_interfaces/lib:/home/tony/webots_ws/install/webots_ros2_msgs/lib:/home/tony/webots_ws/install/traj_interfaces/lib:/opt/ros/foxy/opt/yaml_cpp_vendor/lib:/opt/ros/foxy/opt/rviz_ogre_vendor/lib:/opt/ros/foxy/lib/x86_64-linux-gnu:/opt/ros/foxy/lib PYTHONPATH=/home/tony/webots_ws/build/multi_mir_package/prefix_override:/home/tony/webots_ws/install/multi_mir_package/lib/python3.8/site-packages:/home/tony/webots_ws/install/motor_interfaces/lib/python3.8/site-packages:/home/tony/webots_ws/install/webots_ros2_msgs/lib/python3.8/site-packages:/home/tony/webots_ws/install/traj_interfaces/lib/python3.8/site-packages:/home/tony/webots_ws/install/my_package/lib/python3.8/site-packages:/home/tony/webots_ws/install/my_mir_package/lib/python3.8/site-packages:/home/tony/webots_ws/install/multi_mir_package/lib/python3.8/site-packages:/opt/ros/foxy/lib/python3.8/site-packages /usr/bin/python3 -W ignore:setup.py install is deprecated setup.py egg_info --egg-base ../../build/multi_mir_package build --build-base /home/tony/webots_ws/build/multi_mir_package/build install --record /home/tony/webots_ws/build/multi_mir_package/install.log --install-scripts $base/lib/my_mir_package --single-version-externally-managed install_data
