[0.025s] Invoking command in '/home/tony/webots_ws/build/traj_interfaces': CMAKE_PREFIX_PATH=/opt/ros/foxy /usr/bin/cmake /home/tony/webots_ws/src/traj_interfaces -DCMAKE_INSTALL_PREFIX=/home/tony/webots_ws/install/traj_interfaces
[0.207s] -- The C compiler identification is GNU 9.4.0
[0.207s] -- The CXX compiler identification is GNU 9.4.0
[0.207s] -- Check for working C compiler: /usr/bin/cc
[0.207s] -- Check for working C compiler: /usr/bin/cc -- works
[0.212s] -- Detecting C compiler ABI info
[0.268s] -- Detecting C compiler ABI info - done
[0.277s] -- Detecting C compile features
[0.277s] -- Detecting C compile features - done
[0.279s] -- Check for working CXX compiler: /usr/bin/c++
[0.344s] -- Check for working CXX compiler: /usr/bin/c++ -- works
[0.345s] -- Detecting CXX compiler ABI info
[0.417s] -- Detecting CXX compiler ABI info - done
[0.427s] -- Detecting CXX compile features
[0.427s] -- Detecting CXX compile features - done
[0.430s] -- Found ament_cmake: 0.9.12 (/opt/ros/foxy/share/ament_cmake/cmake)
[0.453s] -- Found PythonInterp: /usr/bin/python3 (found suitable version "3.8.10", minimum required is "3") 
[0.454s] -- Using PYTHON_EXECUTABLE: /usr/bin/python3
[0.783s] -- Found rosidl_default_generators: 1.0.1 (/opt/ros/foxy/share/rosidl_default_generators/cmake)
[0.787s] -- Using all available rosidl_typesupport_c: rosidl_typesupport_fastrtps_c;rosidl_typesupport_introspection_c
[0.800s] -- Found rosidl_adapter: 1.3.1 (/opt/ros/foxy/share/rosidl_adapter/cmake)
[0.986s] -- Found OpenSSL: /usr/lib/x86_64-linux-gnu/libcrypto.so (found version "1.1.1f")  
[1.021s] -- Found FastRTPS: /opt/ros/foxy/include  
[1.099s] -- Using all available rosidl_typesupport_cpp: rosidl_typesupport_fastrtps_cpp;rosidl_typesupport_introspection_cpp
[1.125s] -- Found geometry_msgs: 2.0.5 (/opt/ros/foxy/share/geometry_msgs/cmake)
[1.211s] -- Found PythonInterp: /usr/bin/python3 (found version "3.8.10") 
[1.351s] -- Found ament_cmake_ros: 0.9.2 (/opt/ros/foxy/share/ament_cmake_ros/cmake)
[1.563s] -- Using all available rosidl_typesupport_c: rosidl_typesupport_fastrtps_c;rosidl_typesupport_introspection_c
[1.650s] -- Using all available rosidl_typesupport_cpp: rosidl_typesupport_fastrtps_cpp;rosidl_typesupport_introspection_cpp
[1.679s] -- Found PythonInterp: /usr/bin/python3 (found suitable version "3.8.10", minimum required is "3.5") 
[1.680s] -- Found python_cmake_module: 0.8.1 (/opt/ros/foxy/share/python_cmake_module/cmake)
[1.708s] -- Found PythonLibs: /usr/lib/x86_64-linux-gnu/libpython3.8.so (found suitable version "3.8.10", minimum required is "3.5") 
[1.708s] -- Using PYTHON_EXECUTABLE: /usr/bin/python3
[1.708s] -- Using PYTHON_INCLUDE_DIRS: /usr/include/python3.8
[1.708s] -- Using PYTHON_LIBRARIES: /usr/lib/x86_64-linux-gnu/libpython3.8.so
[1.729s] -- Found PythonExtra: .so  
[1.815s] -- Found ament_lint_auto: 0.9.8 (/opt/ros/foxy/share/ament_lint_auto/cmake)
[1.833s] -- Added test 'copyright' to check source files copyright and LICENSE
[1.835s] -- Added test 'lint_cmake' to check CMake code style
[1.837s] -- Added test 'xmllint' to check XML markup files
[1.842s] -- Configuring done
[1.894s] -- Generating done
[1.896s] -- Build files have been written to: /home/tony/webots_ws/build/traj_interfaces
[1.909s] Invoked command in '/home/tony/webots_ws/build/traj_interfaces' returned '0': CMAKE_PREFIX_PATH=/opt/ros/foxy /usr/bin/cmake /home/tony/webots_ws/src/traj_interfaces -DCMAKE_INSTALL_PREFIX=/home/tony/webots_ws/install/traj_interfaces
[1.913s] Invoking command in '/home/tony/webots_ws/build/traj_interfaces': CMAKE_PREFIX_PATH=/opt/ros/foxy /usr/bin/cmake --build /home/tony/webots_ws/build/traj_interfaces -- -j16 -l16
[1.957s] [35m[1mScanning dependencies of target traj_interfaces__cpp[0m
[1.959s] [  3%] [34m[1mGenerating C code for ROS interfaces[0m
[1.974s] [  6%] [34m[1mGenerating C++ code for ROS interfaces[0m
[2.220s] [35m[1mScanning dependencies of target traj_interfaces__rosidl_generator_c[0m
[2.238s] [  9%] [32mBuilding C object CMakeFiles/traj_interfaces__rosidl_generator_c.dir/rosidl_generator_c/traj_interfaces/msg/detail/bspline__functions.c.o[0m
[2.286s] [  9%] Built target traj_interfaces__cpp
[2.299s] [ 12%] [34m[1mGenerating C++ type support for eProsima Fast-RTPS[0m
[2.299s] [ 19%] [34m[1mGenerating C++ introspection for ROS interfaces[0m
[2.300s] [ 19%] [34m[1mGenerating C++ type support dispatch for ROS interfaces[0m
[2.308s] [ 22%] [32m[1mLinking C shared library libtraj_interfaces__rosidl_generator_c.so[0m
[2.362s] [ 22%] Built target traj_interfaces__rosidl_generator_c
[2.376s] [ 29%] [34m[1mGenerating C type support dispatch for ROS interfaces[0m
[2.377s] [ 29%] [34m[1mGenerating C introspection for ROS interfaces[0m
[2.486s] [35m[1mScanning dependencies of target traj_interfaces__rosidl_typesupport_introspection_cpp[0m
[2.502s] [ 32%] [32mBuilding CXX object CMakeFiles/traj_interfaces__rosidl_typesupport_introspection_cpp.dir/rosidl_typesupport_introspection_cpp/traj_interfaces/msg/detail/bspline__type_support.cpp.o[0m
[2.540s] [35m[1mScanning dependencies of target traj_interfaces__rosidl_typesupport_cpp[0m
[2.544s] [35m[1mScanning dependencies of target traj_interfaces__rosidl_typesupport_fastrtps_cpp[0m
[2.554s] [ 35%] [32mBuilding CXX object CMakeFiles/traj_interfaces__rosidl_typesupport_cpp.dir/rosidl_typesupport_cpp/traj_interfaces/msg/bspline__type_support.cpp.o[0m
[2.559s] [ 38%] [32mBuilding CXX object CMakeFiles/traj_interfaces__rosidl_typesupport_fastrtps_cpp.dir/rosidl_typesupport_fastrtps_cpp/traj_interfaces/msg/detail/dds_fastrtps/bspline__type_support.cpp.o[0m
[2.585s] [35m[1mScanning dependencies of target traj_interfaces__rosidl_typesupport_c[0m
[2.597s] [ 41%] [32mBuilding CXX object CMakeFiles/traj_interfaces__rosidl_typesupport_c.dir/rosidl_typesupport_c/traj_interfaces/msg/bspline__type_support.cpp.o[0m
[2.627s] [ 45%] [32m[1mLinking CXX shared library libtraj_interfaces__rosidl_typesupport_c.so[0m
[2.666s] [ 45%] Built target traj_interfaces__rosidl_typesupport_c
[2.666s] [35m[1mScanning dependencies of target traj_interfaces__rosidl_typesupport_introspection_c[0m
[2.682s] [ 48%] [32mBuilding C object CMakeFiles/traj_interfaces__rosidl_typesupport_introspection_c.dir/rosidl_typesupport_introspection_c/traj_interfaces/msg/detail/bspline__type_support.c.o[0m
[2.716s] [ 51%] [32m[1mLinking C shared library libtraj_interfaces__rosidl_typesupport_introspection_c.so[0m
[2.751s] [ 51%] Built target traj_interfaces__rosidl_typesupport_introspection_c
[2.784s] [ 54%] [32m[1mLinking CXX shared library libtraj_interfaces__rosidl_typesupport_cpp.so[0m
[2.811s] [ 58%] [32m[1mLinking CXX shared library libtraj_interfaces__rosidl_typesupport_introspection_cpp.so[0m
[2.824s] [ 58%] Built target traj_interfaces__rosidl_typesupport_cpp
[2.881s] [ 58%] Built target traj_interfaces__rosidl_typesupport_introspection_cpp
[2.971s] [ 61%] [32m[1mLinking CXX shared library libtraj_interfaces__rosidl_typesupport_fastrtps_cpp.so[0m
[3.051s] [ 61%] Built target traj_interfaces__rosidl_typesupport_fastrtps_cpp
[3.062s] [ 64%] [34m[1mGenerating C type support for eProsima Fast-RTPS[0m
[3.235s] [35m[1mScanning dependencies of target traj_interfaces__rosidl_typesupport_fastrtps_c[0m
[3.253s] [ 67%] [32mBuilding CXX object CMakeFiles/traj_interfaces__rosidl_typesupport_fastrtps_c.dir/rosidl_typesupport_fastrtps_c/traj_interfaces/msg/detail/bspline__type_support_c.cpp.o[0m
[3.573s] [ 70%] [32m[1mLinking CXX shared library libtraj_interfaces__rosidl_typesupport_fastrtps_c.so[0m
[3.680s] [ 70%] Built target traj_interfaces__rosidl_typesupport_fastrtps_c
[3.695s] [35m[1mScanning dependencies of target traj_interfaces[0m
[3.710s] [ 70%] Built target traj_interfaces
[3.731s] [35m[1mScanning dependencies of target traj_interfaces__py[0m
[3.747s] [ 74%] [34m[1mGenerating Python code for ROS interfaces[0m
[4.186s] [ 74%] Built target traj_interfaces__py
[4.195s] [35m[1mScanning dependencies of target traj_interfaces__python[0m
[4.215s] [ 77%] [32mBuilding C object CMakeFiles/traj_interfaces__python.dir/rosidl_generator_py/traj_interfaces/msg/_bspline_s.c.o[0m
[4.302s] [ 80%] [32m[1mLinking C shared library rosidl_generator_py/traj_interfaces/libtraj_interfaces__python.so[0m
[4.346s] [ 80%] Built target traj_interfaces__python
[4.355s] [35m[1mScanning dependencies of target traj_interfaces__rosidl_typesupport_fastrtps_c__pyext[0m
[4.356s] [35m[1mScanning dependencies of target traj_interfaces__rosidl_typesupport_c__pyext[0m
[4.356s] [35m[1mScanning dependencies of target traj_interfaces__rosidl_typesupport_introspection_c__pyext[0m
[4.372s] [ 87%] [32mBuilding C object CMakeFiles/traj_interfaces__rosidl_typesupport_introspection_c__pyext.dir/rosidl_generator_py/traj_interfaces/_traj_interfaces_s.ep.rosidl_typesupport_introspection_c.c.o[0m
[4.372s] [ 87%] [32mBuilding C object CMakeFiles/traj_interfaces__rosidl_typesupport_c__pyext.dir/rosidl_generator_py/traj_interfaces/_traj_interfaces_s.ep.rosidl_typesupport_c.c.o[0m
[4.374s] [ 90%] [32mBuilding C object CMakeFiles/traj_interfaces__rosidl_typesupport_fastrtps_c__pyext.dir/rosidl_generator_py/traj_interfaces/_traj_interfaces_s.ep.rosidl_typesupport_fastrtps_c.c.o[0m
[4.437s] [ 93%] [32m[1mLinking C shared library rosidl_generator_py/traj_interfaces/traj_interfaces_s__rosidl_typesupport_c.cpython-38-x86_64-linux-gnu.so[0m
[4.438s] [ 96%] [32m[1mLinking C shared library rosidl_generator_py/traj_interfaces/traj_interfaces_s__rosidl_typesupport_introspection_c.cpython-38-x86_64-linux-gnu.so[0m
[4.441s] [100%] [32m[1mLinking CXX shared library rosidl_generator_py/traj_interfaces/traj_interfaces_s__rosidl_typesupport_fastrtps_c.cpython-38-x86_64-linux-gnu.so[0m
[4.472s] [100%] Built target traj_interfaces__rosidl_typesupport_c__pyext
[4.472s] [100%] Built target traj_interfaces__rosidl_typesupport_introspection_c__pyext
[4.502s] [100%] Built target traj_interfaces__rosidl_typesupport_fastrtps_c__pyext
[4.608s] Invoked command in '/home/tony/webots_ws/build/traj_interfaces' returned '0': CMAKE_PREFIX_PATH=/opt/ros/foxy /usr/bin/cmake --build /home/tony/webots_ws/build/traj_interfaces -- -j16 -l16
[4.656s] Invoking command in '/home/tony/webots_ws/build/traj_interfaces': CMAKE_PREFIX_PATH=/opt/ros/foxy /usr/bin/cmake --install /home/tony/webots_ws/build/traj_interfaces
[4.665s] -- Install configuration: ""
[4.666s] -- Installing: /home/tony/webots_ws/install/traj_interfaces/share/ament_index/resource_index/rosidl_interfaces/traj_interfaces
[4.666s] -- Installing: /home/tony/webots_ws/install/traj_interfaces/include/traj_interfaces
[4.666s] -- Installing: /home/tony/webots_ws/install/traj_interfaces/include/traj_interfaces/msg
[4.666s] -- Installing: /home/tony/webots_ws/install/traj_interfaces/include/traj_interfaces/msg/bspline.h
[4.666s] -- Installing: /home/tony/webots_ws/install/traj_interfaces/include/traj_interfaces/msg/rosidl_generator_c__visibility_control.h
[4.666s] -- Installing: /home/tony/webots_ws/install/traj_interfaces/include/traj_interfaces/msg/detail
[4.666s] -- Installing: /home/tony/webots_ws/install/traj_interfaces/include/traj_interfaces/msg/detail/bspline__functions.c
[4.667s] -- Installing: /home/tony/webots_ws/install/traj_interfaces/include/traj_interfaces/msg/detail/bspline__type_support.h
[4.667s] -- Installing: /home/tony/webots_ws/install/traj_interfaces/include/traj_interfaces/msg/detail/bspline__struct.h
[4.667s] -- Installing: /home/tony/webots_ws/install/traj_interfaces/include/traj_interfaces/msg/detail/bspline__functions.h
[4.667s] -- Installing: /home/tony/webots_ws/install/traj_interfaces/share/traj_interfaces/environment/library_path.sh
[4.667s] -- Installing: /home/tony/webots_ws/install/traj_interfaces/share/traj_interfaces/environment/library_path.dsv
[4.668s] -- Installing: /home/tony/webots_ws/install/traj_interfaces/lib/libtraj_interfaces__rosidl_generator_c.so
[4.668s] -- Set runtime path of "/home/tony/webots_ws/install/traj_interfaces/lib/libtraj_interfaces__rosidl_generator_c.so" to ""
[4.668s] -- Up-to-date: /home/tony/webots_ws/install/traj_interfaces/include/traj_interfaces
[4.668s] -- Up-to-date: /home/tony/webots_ws/install/traj_interfaces/include/traj_interfaces/msg
[4.668s] -- Installing: /home/tony/webots_ws/install/traj_interfaces/include/traj_interfaces/msg/rosidl_typesupport_fastrtps_c__visibility_control.h
[4.669s] -- Up-to-date: /home/tony/webots_ws/install/traj_interfaces/include/traj_interfaces/msg/detail
[4.669s] -- Installing: /home/tony/webots_ws/install/traj_interfaces/include/traj_interfaces/msg/detail/bspline__rosidl_typesupport_fastrtps_c.h
[4.669s] -- Installing: /home/tony/webots_ws/install/traj_interfaces/lib/libtraj_interfaces__rosidl_typesupport_fastrtps_c.so
[4.669s] -- Set runtime path of "/home/tony/webots_ws/install/traj_interfaces/lib/libtraj_interfaces__rosidl_typesupport_fastrtps_c.so" to ""
[4.670s] -- Up-to-date: /home/tony/webots_ws/install/traj_interfaces/include/traj_interfaces
[4.670s] -- Up-to-date: /home/tony/webots_ws/install/traj_interfaces/include/traj_interfaces/msg
[4.670s] -- Installing: /home/tony/webots_ws/install/traj_interfaces/include/traj_interfaces/msg/rosidl_typesupport_fastrtps_cpp__visibility_control.h
[4.670s] -- Up-to-date: /home/tony/webots_ws/install/traj_interfaces/include/traj_interfaces/msg/detail
[4.670s] -- Installing: /home/tony/webots_ws/install/traj_interfaces/include/traj_interfaces/msg/detail/bspline__rosidl_typesupport_fastrtps_cpp.hpp
[4.670s] -- Installing: /home/tony/webots_ws/install/traj_interfaces/include/traj_interfaces/msg/detail/dds_fastrtps
[4.670s] -- Installing: /home/tony/webots_ws/install/traj_interfaces/lib/libtraj_interfaces__rosidl_typesupport_fastrtps_cpp.so
[4.671s] -- Set runtime path of "/home/tony/webots_ws/install/traj_interfaces/lib/libtraj_interfaces__rosidl_typesupport_fastrtps_cpp.so" to ""
[4.671s] -- Up-to-date: /home/tony/webots_ws/install/traj_interfaces/include/traj_interfaces
[4.671s] -- Up-to-date: /home/tony/webots_ws/install/traj_interfaces/include/traj_interfaces/msg
[4.671s] -- Installing: /home/tony/webots_ws/install/traj_interfaces/include/traj_interfaces/msg/rosidl_typesupport_introspection_c__visibility_control.h
[4.672s] -- Up-to-date: /home/tony/webots_ws/install/traj_interfaces/include/traj_interfaces/msg/detail
[4.672s] -- Installing: /home/tony/webots_ws/install/traj_interfaces/include/traj_interfaces/msg/detail/bspline__rosidl_typesupport_introspection_c.h
[4.672s] -- Installing: /home/tony/webots_ws/install/traj_interfaces/include/traj_interfaces/msg/detail/bspline__type_support.c
[4.672s] -- Installing: /home/tony/webots_ws/install/traj_interfaces/lib/libtraj_interfaces__rosidl_typesupport_introspection_c.so
[4.673s] -- Set runtime path of "/home/tony/webots_ws/install/traj_interfaces/lib/libtraj_interfaces__rosidl_typesupport_introspection_c.so" to ""
[4.673s] -- Installing: /home/tony/webots_ws/install/traj_interfaces/lib/libtraj_interfaces__rosidl_typesupport_c.so
[4.673s] -- Set runtime path of "/home/tony/webots_ws/install/traj_interfaces/lib/libtraj_interfaces__rosidl_typesupport_c.so" to ""
[4.673s] -- Up-to-date: /home/tony/webots_ws/install/traj_interfaces/include/traj_interfaces
[4.673s] -- Up-to-date: /home/tony/webots_ws/install/traj_interfaces/include/traj_interfaces/msg
[4.674s] -- Installing: /home/tony/webots_ws/install/traj_interfaces/include/traj_interfaces/msg/bspline.hpp
[4.674s] -- Installing: /home/tony/webots_ws/install/traj_interfaces/include/traj_interfaces/msg/rosidl_generator_cpp__visibility_control.hpp
[4.674s] -- Up-to-date: /home/tony/webots_ws/install/traj_interfaces/include/traj_interfaces/msg/detail
[4.674s] -- Installing: /home/tony/webots_ws/install/traj_interfaces/include/traj_interfaces/msg/detail/bspline__traits.hpp
[4.674s] -- Installing: /home/tony/webots_ws/install/traj_interfaces/include/traj_interfaces/msg/detail/bspline__type_support.hpp
[4.674s] -- Installing: /home/tony/webots_ws/install/traj_interfaces/include/traj_interfaces/msg/detail/bspline__builder.hpp
[4.674s] -- Installing: /home/tony/webots_ws/install/traj_interfaces/include/traj_interfaces/msg/detail/bspline__struct.hpp
[4.675s] -- Up-to-date: /home/tony/webots_ws/install/traj_interfaces/include/traj_interfaces
[4.675s] -- Up-to-date: /home/tony/webots_ws/install/traj_interfaces/include/traj_interfaces/msg
[4.675s] -- Up-to-date: /home/tony/webots_ws/install/traj_interfaces/include/traj_interfaces/msg/detail
[4.675s] -- Installing: /home/tony/webots_ws/install/traj_interfaces/include/traj_interfaces/msg/detail/bspline__type_support.cpp
[4.675s] -- Installing: /home/tony/webots_ws/install/traj_interfaces/include/traj_interfaces/msg/detail/bspline__rosidl_typesupport_introspection_cpp.hpp
[4.675s] -- Installing: /home/tony/webots_ws/install/traj_interfaces/lib/libtraj_interfaces__rosidl_typesupport_introspection_cpp.so
[4.676s] -- Set runtime path of "/home/tony/webots_ws/install/traj_interfaces/lib/libtraj_interfaces__rosidl_typesupport_introspection_cpp.so" to ""
[4.676s] -- Installing: /home/tony/webots_ws/install/traj_interfaces/lib/libtraj_interfaces__rosidl_typesupport_cpp.so
[4.677s] -- Set runtime path of "/home/tony/webots_ws/install/traj_interfaces/lib/libtraj_interfaces__rosidl_typesupport_cpp.so" to ""
[4.677s] -- Installing: /home/tony/webots_ws/install/traj_interfaces/share/traj_interfaces/environment/pythonpath.sh
[4.677s] -- Installing: /home/tony/webots_ws/install/traj_interfaces/share/traj_interfaces/environment/pythonpath.dsv
[4.677s] -- Installing: /home/tony/webots_ws/install/traj_interfaces/lib/python3.8/site-packages/traj_interfaces/__init__.py
[4.703s] Compiling '/home/tony/webots_ws/install/traj_interfaces/lib/python3.8/site-packages/traj_interfaces/__init__.py'...
[4.706s] -- Installing: /home/tony/webots_ws/install/traj_interfaces/lib/python3.8/site-packages/traj_interfaces/msg
[4.706s] -- Installing: /home/tony/webots_ws/install/traj_interfaces/lib/python3.8/site-packages/traj_interfaces/msg/__init__.py
[4.706s] -- Installing: /home/tony/webots_ws/install/traj_interfaces/lib/python3.8/site-packages/traj_interfaces/msg/_bspline_s.c
[4.706s] -- Installing: /home/tony/webots_ws/install/traj_interfaces/lib/python3.8/site-packages/traj_interfaces/msg/_bspline.py
[4.707s] -- Installing: /home/tony/webots_ws/install/traj_interfaces/lib/python3.8/site-packages/traj_interfaces/traj_interfaces_s__rosidl_typesupport_fastrtps_c.cpython-38-x86_64-linux-gnu.so
[4.707s] -- Set runtime path of "/home/tony/webots_ws/install/traj_interfaces/lib/python3.8/site-packages/traj_interfaces/traj_interfaces_s__rosidl_typesupport_fastrtps_c.cpython-38-x86_64-linux-gnu.so" to ""
[4.708s] -- Installing: /home/tony/webots_ws/install/traj_interfaces/lib/python3.8/site-packages/traj_interfaces/traj_interfaces_s__rosidl_typesupport_introspection_c.cpython-38-x86_64-linux-gnu.so
[4.708s] -- Set runtime path of "/home/tony/webots_ws/install/traj_interfaces/lib/python3.8/site-packages/traj_interfaces/traj_interfaces_s__rosidl_typesupport_introspection_c.cpython-38-x86_64-linux-gnu.so" to ""
[4.708s] -- Installing: /home/tony/webots_ws/install/traj_interfaces/lib/python3.8/site-packages/traj_interfaces/traj_interfaces_s__rosidl_typesupport_c.cpython-38-x86_64-linux-gnu.so
[4.709s] -- Set runtime path of "/home/tony/webots_ws/install/traj_interfaces/lib/python3.8/site-packages/traj_interfaces/traj_interfaces_s__rosidl_typesupport_c.cpython-38-x86_64-linux-gnu.so" to ""
[4.709s] -- Installing: /home/tony/webots_ws/install/traj_interfaces/lib/libtraj_interfaces__python.so
[4.710s] -- Set runtime path of "/home/tony/webots_ws/install/traj_interfaces/lib/libtraj_interfaces__python.so" to ""
[4.710s] -- Installing: /home/tony/webots_ws/install/traj_interfaces/share/traj_interfaces/msg/Bspline.idl
[4.710s] -- Installing: /home/tony/webots_ws/install/traj_interfaces/share/traj_interfaces/msg/Bspline.msg
[4.710s] -- Installing: /home/tony/webots_ws/install/traj_interfaces/share/ament_index/resource_index/package_run_dependencies/traj_interfaces
[4.710s] -- Installing: /home/tony/webots_ws/install/traj_interfaces/share/ament_index/resource_index/parent_prefix_path/traj_interfaces
[4.710s] -- Installing: /home/tony/webots_ws/install/traj_interfaces/share/traj_interfaces/environment/ament_prefix_path.sh
[4.711s] -- Installing: /home/tony/webots_ws/install/traj_interfaces/share/traj_interfaces/environment/ament_prefix_path.dsv
[4.711s] -- Installing: /home/tony/webots_ws/install/traj_interfaces/share/traj_interfaces/environment/path.sh
[4.711s] -- Installing: /home/tony/webots_ws/install/traj_interfaces/share/traj_interfaces/environment/path.dsv
[4.711s] -- Installing: /home/tony/webots_ws/install/traj_interfaces/share/traj_interfaces/local_setup.bash
[4.711s] -- Installing: /home/tony/webots_ws/install/traj_interfaces/share/traj_interfaces/local_setup.sh
[4.712s] -- Installing: /home/tony/webots_ws/install/traj_interfaces/share/traj_interfaces/local_setup.zsh
[4.712s] -- Installing: /home/tony/webots_ws/install/traj_interfaces/share/traj_interfaces/local_setup.dsv
[4.712s] -- Installing: /home/tony/webots_ws/install/traj_interfaces/share/traj_interfaces/package.dsv
[4.712s] -- Installing: /home/tony/webots_ws/install/traj_interfaces/share/ament_index/resource_index/packages/traj_interfaces
[4.712s] -- Installing: /home/tony/webots_ws/install/traj_interfaces/share/traj_interfaces/cmake/traj_interfaces__rosidl_generator_cExport.cmake
[4.713s] -- Installing: /home/tony/webots_ws/install/traj_interfaces/share/traj_interfaces/cmake/traj_interfaces__rosidl_generator_cExport-noconfig.cmake
[4.713s] -- Installing: /home/tony/webots_ws/install/traj_interfaces/share/traj_interfaces/cmake/traj_interfaces__rosidl_typesupport_introspection_cExport.cmake
[4.713s] -- Installing: /home/tony/webots_ws/install/traj_interfaces/share/traj_interfaces/cmake/traj_interfaces__rosidl_typesupport_introspection_cExport-noconfig.cmake
[4.713s] -- Installing: /home/tony/webots_ws/install/traj_interfaces/share/traj_interfaces/cmake/traj_interfaces__rosidl_typesupport_cExport.cmake
[4.713s] -- Installing: /home/tony/webots_ws/install/traj_interfaces/share/traj_interfaces/cmake/traj_interfaces__rosidl_typesupport_cExport-noconfig.cmake
[4.714s] -- Installing: /home/tony/webots_ws/install/traj_interfaces/share/traj_interfaces/cmake/traj_interfaces__rosidl_generator_cppExport.cmake
[4.714s] -- Installing: /home/tony/webots_ws/install/traj_interfaces/share/traj_interfaces/cmake/traj_interfaces__rosidl_typesupport_introspection_cppExport.cmake
[4.714s] -- Installing: /home/tony/webots_ws/install/traj_interfaces/share/traj_interfaces/cmake/traj_interfaces__rosidl_typesupport_introspection_cppExport-noconfig.cmake
[4.714s] -- Installing: /home/tony/webots_ws/install/traj_interfaces/share/traj_interfaces/cmake/traj_interfaces__rosidl_typesupport_cppExport.cmake
[4.714s] -- Installing: /home/tony/webots_ws/install/traj_interfaces/share/traj_interfaces/cmake/traj_interfaces__rosidl_typesupport_cppExport-noconfig.cmake
[4.714s] -- Installing: /home/tony/webots_ws/install/traj_interfaces/share/traj_interfaces/cmake/rosidl_cmake-extras.cmake
[4.715s] -- Installing: /home/tony/webots_ws/install/traj_interfaces/share/traj_interfaces/cmake/ament_cmake_export_dependencies-extras.cmake
[4.715s] -- Installing: /home/tony/webots_ws/install/traj_interfaces/share/traj_interfaces/cmake/ament_cmake_export_libraries-extras.cmake
[4.715s] -- Installing: /home/tony/webots_ws/install/traj_interfaces/share/traj_interfaces/cmake/ament_cmake_export_targets-extras.cmake
[4.715s] -- Installing: /home/tony/webots_ws/install/traj_interfaces/share/traj_interfaces/cmake/ament_cmake_export_include_directories-extras.cmake
[4.715s] -- Installing: /home/tony/webots_ws/install/traj_interfaces/share/traj_interfaces/cmake/rosidl_cmake_export_typesupport_libraries-extras.cmake
[4.715s] -- Installing: /home/tony/webots_ws/install/traj_interfaces/share/traj_interfaces/cmake/rosidl_cmake_export_typesupport_targets-extras.cmake
[4.715s] -- Installing: /home/tony/webots_ws/install/traj_interfaces/share/traj_interfaces/cmake/traj_interfacesConfig.cmake
[4.715s] -- Installing: /home/tony/webots_ws/install/traj_interfaces/share/traj_interfaces/cmake/traj_interfacesConfig-version.cmake
[4.716s] -- Installing: /home/tony/webots_ws/install/traj_interfaces/share/traj_interfaces/package.xml
[4.718s] Invoked command in '/home/tony/webots_ws/build/traj_interfaces' returned '0': CMAKE_PREFIX_PATH=/opt/ros/foxy /usr/bin/cmake --install /home/tony/webots_ws/build/traj_interfaces
