[0.796s] Invoking command in '/home/tony/webots_ws/src/multi_mir_package': AMENT_PREFIX_PATH=/home/tony/webots_ws/install/motor_interfaces:${AMENT_PREFIX_PATH} CMAKE_PREFIX_PATH=/home/tony/webots_ws/install/motor_interfaces LD_LIBRARY_PATH=/home/tony/webots_ws/install/motor_interfaces/lib:${LD_LIBRARY_PATH} PYTHONPATH=/home/tony/webots_ws/build/multi_mir_package/prefix_override:/home/tony/webots_ws/install/multi_mir_package/lib/python3.8/site-packages:/home/tony/webots_ws/install/motor_interfaces/lib/python3.8/site-packages:${PYTHONPATH} /usr/bin/python3 -W ignore:setup.py install is deprecated setup.py egg_info --egg-base ../../build/multi_mir_package build --build-base /home/tony/webots_ws/build/multi_mir_package/build install --record /home/tony/webots_ws/build/multi_mir_package/install.log --install-scripts $base/lib/my_mir_package --single-version-externally-managed install_data
[0.964s] running egg_info
[0.965s] writing ../../build/multi_mir_package/multi_mir_package.egg-info/PKG-INFO
[0.965s] writing dependency_links to ../../build/multi_mir_package/multi_mir_package.egg-info/dependency_links.txt
[0.965s] writing entry points to ../../build/multi_mir_package/multi_mir_package.egg-info/entry_points.txt
[0.965s] writing requirements to ../../build/multi_mir_package/multi_mir_package.egg-info/requires.txt
[0.965s] writing top-level names to ../../build/multi_mir_package/multi_mir_package.egg-info/top_level.txt
[0.990s] reading manifest file '../../build/multi_mir_package/multi_mir_package.egg-info/SOURCES.txt'
[0.990s] writing manifest file '../../build/multi_mir_package/multi_mir_package.egg-info/SOURCES.txt'
[0.991s] running build
[0.991s] running build_py
[0.991s] running install
[0.991s] running install_lib
[0.993s] running install_data
[0.993s] running install_egg_info
[0.994s] removing '/home/tony/webots_ws/install/multi_mir_package/lib/python3.8/site-packages/multi_mir_package-0.0.0-py3.8.egg-info' (and everything under it)
[0.994s] Copying ../../build/multi_mir_package/multi_mir_package.egg-info to /home/tony/webots_ws/install/multi_mir_package/lib/python3.8/site-packages/multi_mir_package-0.0.0-py3.8.egg-info
[0.995s] running install_scripts
[1.007s] Installing mir_robot_1_driver script to /home/tony/webots_ws/install/multi_mir_package/lib/my_mir_package
[1.007s] Installing mir_robot_2_driver script to /home/tony/webots_ws/install/multi_mir_package/lib/my_mir_package
[1.007s] Installing mir_robot_3_driver script to /home/tony/webots_ws/install/multi_mir_package/lib/my_mir_package
[1.008s] Installing mir_robot_4_driver script to /home/tony/webots_ws/install/multi_mir_package/lib/my_mir_package
[1.008s] writing list of installed files to '/home/tony/webots_ws/build/multi_mir_package/install.log'
[1.025s] Invoked command in '/home/tony/webots_ws/src/multi_mir_package' returned '0': AMENT_PREFIX_PATH=/home/tony/webots_ws/install/motor_interfaces:${AMENT_PREFIX_PATH} CMAKE_PREFIX_PATH=/home/tony/webots_ws/install/motor_interfaces LD_LIBRARY_PATH=/home/tony/webots_ws/install/motor_interfaces/lib:${LD_LIBRARY_PATH} PYTHONPATH=/home/tony/webots_ws/build/multi_mir_package/prefix_override:/home/tony/webots_ws/install/multi_mir_package/lib/python3.8/site-packages:/home/tony/webots_ws/install/motor_interfaces/lib/python3.8/site-packages:${PYTHONPATH} /usr/bin/python3 -W ignore:setup.py install is deprecated setup.py egg_info --egg-base ../../build/multi_mir_package build --build-base /home/tony/webots_ws/build/multi_mir_package/build install --record /home/tony/webots_ws/build/multi_mir_package/install.log --install-scripts $base/lib/my_mir_package --single-version-externally-managed install_data
