[0.224s] Invoking command in '/home/tony/webots_ws/build/multi_mpc_controller': CMAKE_PREFIX_PATH=/home/tony/webots_ws/install/traj_interfaces:/home/tony/webots_ws/install/motor_interfaces:/home/tony/webots_ws/install/traj_publish:/home/tony/webots_ws/install/multi_traj_publish:/home/tony/webots_ws/install/multi_mpc_controller:/home/tony/webots_ws/install/mpc_controller:/home/tony/webots_ws/install/my_package:/home/tony/webots_ws/install/my_mir_package:/home/tony/webots_ws/install/multi_mir_package:/opt/ros/foxy PYTHONPATH=/home/tony/webots_ws/install/traj_interfaces/lib/python3.8/site-packages:/home/tony/webots_ws/install/motor_interfaces/lib/python3.8/site-packages:/home/tony/webots_ws/install/my_package/lib/python3.8/site-packages:/home/tony/webots_ws/install/my_mir_package/lib/python3.8/site-packages:/home/tony/webots_ws/install/multi_mir_package/lib/python3.8/site-packages:/opt/ros/foxy/lib/python3.8/site-packages /usr/bin/cmake --build /home/tony/webots_ws/build/multi_mpc_controller -- -j16 -l16
[0.295s] [100%] Built target multi_control_node
[0.305s] Invoked command in '/home/tony/webots_ws/build/multi_mpc_controller' returned '0': CMAKE_PREFIX_PATH=/home/tony/webots_ws/install/traj_interfaces:/home/tony/webots_ws/install/motor_interfaces:/home/tony/webots_ws/install/traj_publish:/home/tony/webots_ws/install/multi_traj_publish:/home/tony/webots_ws/install/multi_mpc_controller:/home/tony/webots_ws/install/mpc_controller:/home/tony/webots_ws/install/my_package:/home/tony/webots_ws/install/my_mir_package:/home/tony/webots_ws/install/multi_mir_package:/opt/ros/foxy PYTHONPATH=/home/tony/webots_ws/install/traj_interfaces/lib/python3.8/site-packages:/home/tony/webots_ws/install/motor_interfaces/lib/python3.8/site-packages:/home/tony/webots_ws/install/my_package/lib/python3.8/site-packages:/home/tony/webots_ws/install/my_mir_package/lib/python3.8/site-packages:/home/tony/webots_ws/install/multi_mir_package/lib/python3.8/site-packages:/opt/ros/foxy/lib/python3.8/site-packages /usr/bin/cmake --build /home/tony/webots_ws/build/multi_mpc_controller -- -j16 -l16
[0.332s] Invoking command in '/home/tony/webots_ws/build/multi_mpc_controller': CMAKE_PREFIX_PATH=/home/tony/webots_ws/install/traj_interfaces:/home/tony/webots_ws/install/motor_interfaces:/home/tony/webots_ws/install/traj_publish:/home/tony/webots_ws/install/multi_traj_publish:/home/tony/webots_ws/install/multi_mpc_controller:/home/tony/webots_ws/install/mpc_controller:/home/tony/webots_ws/install/my_package:/home/tony/webots_ws/install/my_mir_package:/home/tony/webots_ws/install/multi_mir_package:/opt/ros/foxy PYTHONPATH=/home/tony/webots_ws/install/traj_interfaces/lib/python3.8/site-packages:/home/tony/webots_ws/install/motor_interfaces/lib/python3.8/site-packages:/home/tony/webots_ws/install/my_package/lib/python3.8/site-packages:/home/tony/webots_ws/install/my_mir_package/lib/python3.8/site-packages:/home/tony/webots_ws/install/multi_mir_package/lib/python3.8/site-packages:/opt/ros/foxy/lib/python3.8/site-packages /usr/bin/cmake --install /home/tony/webots_ws/build/multi_mpc_controller
[0.344s] -- Install configuration: ""
[0.344s] -- Up-to-date: /home/tony/webots_ws/install/multi_mpc_controller/share/ament_index/resource_index/package_run_dependencies/multi_mpc_controller
[0.344s] -- Up-to-date: /home/tony/webots_ws/install/multi_mpc_controller/share/ament_index/resource_index/parent_prefix_path/multi_mpc_controller
[0.344s] -- Up-to-date: /home/tony/webots_ws/install/multi_mpc_controller/share/multi_mpc_controller/environment/ament_prefix_path.sh
[0.344s] -- Up-to-date: /home/tony/webots_ws/install/multi_mpc_controller/share/multi_mpc_controller/environment/ament_prefix_path.dsv
[0.344s] -- Up-to-date: /home/tony/webots_ws/install/multi_mpc_controller/share/multi_mpc_controller/environment/path.sh
[0.344s] -- Up-to-date: /home/tony/webots_ws/install/multi_mpc_controller/share/multi_mpc_controller/environment/path.dsv
[0.344s] -- Up-to-date: /home/tony/webots_ws/install/multi_mpc_controller/share/multi_mpc_controller/local_setup.bash
[0.345s] -- Up-to-date: /home/tony/webots_ws/install/multi_mpc_controller/share/multi_mpc_controller/local_setup.sh
[0.345s] -- Up-to-date: /home/tony/webots_ws/install/multi_mpc_controller/share/multi_mpc_controller/local_setup.zsh
[0.345s] -- Up-to-date: /home/tony/webots_ws/install/multi_mpc_controller/share/multi_mpc_controller/local_setup.dsv
[0.345s] -- Installing: /home/tony/webots_ws/install/multi_mpc_controller/share/multi_mpc_controller/package.dsv
[0.345s] -- Up-to-date: /home/tony/webots_ws/install/multi_mpc_controller/share/ament_index/resource_index/packages/multi_mpc_controller
[0.345s] -- Up-to-date: /home/tony/webots_ws/install/multi_mpc_controller/share/multi_mpc_controller/cmake/multi_mpc_controllerConfig.cmake
[0.345s] -- Up-to-date: /home/tony/webots_ws/install/multi_mpc_controller/share/multi_mpc_controller/cmake/multi_mpc_controllerConfig-version.cmake
[0.347s] -- Up-to-date: /home/tony/webots_ws/install/multi_mpc_controller/share/multi_mpc_controller/package.xml
[0.347s] -- Up-to-date: /home/tony/webots_ws/install/multi_mpc_controller/lib/multi_mpc_controller/multi_control_node
[0.348s] Invoked command in '/home/tony/webots_ws/build/multi_mpc_controller' returned '0': CMAKE_PREFIX_PATH=/home/tony/webots_ws/install/traj_interfaces:/home/tony/webots_ws/install/motor_interfaces:/home/tony/webots_ws/install/traj_publish:/home/tony/webots_ws/install/multi_traj_publish:/home/tony/webots_ws/install/multi_mpc_controller:/home/tony/webots_ws/install/mpc_controller:/home/tony/webots_ws/install/my_package:/home/tony/webots_ws/install/my_mir_package:/home/tony/webots_ws/install/multi_mir_package:/opt/ros/foxy PYTHONPATH=/home/tony/webots_ws/install/traj_interfaces/lib/python3.8/site-packages:/home/tony/webots_ws/install/motor_interfaces/lib/python3.8/site-packages:/home/tony/webots_ws/install/my_package/lib/python3.8/site-packages:/home/tony/webots_ws/install/my_mir_package/lib/python3.8/site-packages:/home/tony/webots_ws/install/multi_mir_package/lib/python3.8/site-packages:/opt/ros/foxy/lib/python3.8/site-packages /usr/bin/cmake --install /home/tony/webots_ws/build/multi_mpc_controller
