-- The CXX compiler identification is GNU 9.4.0
-- Check for working CXX compiler: /usr/bin/c++
-- Check for working CXX compiler: /usr/bin/c++ -- works
-- Detecting CXX compiler ABI info
-- Detecting CXX compiler ABI info - done
-- Detecting CXX compile features
-- Detecting CXX compile features - done
-- Configuring done
-- Generating done
-- Build files have been written to: /home/tony/webots_ws/src/qpOASES/build/qpOASES
[35m[1mScanning dependencies of target qpOASES[0m
[  9%] [32mBuilding CXX object CMakeFiles/qpOASES.dir/src/Options.cpp.o[0m
[  9%] [32mBuilding CXX object CMakeFiles/qpOASES.dir/src/Constraints.cpp.o[0m
[  9%] [32mBuilding CXX object CMakeFiles/qpOASES.dir/src/Indexlist.cpp.o[0m
[  9%] [32mBuilding CXX object CMakeFiles/qpOASES.dir/src/Bounds.cpp.o[0m
[ 12%] [32mBuilding CXX object CMakeFiles/qpOASES.dir/src/Flipper.cpp.o[0m
[ 17%] [32mBuilding CXX object CMakeFiles/qpOASES.dir/src/LAPACKReplacement.cpp.o[0m
[ 17%] [32mBuilding CXX object CMakeFiles/qpOASES.dir/src/OQPinterface.cpp.o[0m
[ 19%] [32mBuilding CXX object CMakeFiles/qpOASES.dir/src/Matrices.cpp.o[0m
[ 21%] [32mBuilding CXX object CMakeFiles/qpOASES.dir/src/MessageHandling.cpp.o[0m
[ 24%] [32mBuilding CXX object CMakeFiles/qpOASES.dir/src/QProblem.cpp.o[0m
[ 29%] [32mBuilding CXX object CMakeFiles/qpOASES.dir/src/SQProblem.cpp.o[0m
[ 29%] [32mBuilding CXX object CMakeFiles/qpOASES.dir/src/BLASReplacement.cpp.o[0m
[ 31%] [32mBuilding CXX object CMakeFiles/qpOASES.dir/src/SolutionAnalysis.cpp.o[0m
[ 36%] [32mBuilding CXX object CMakeFiles/qpOASES.dir/src/QProblemB.cpp.o[0m
[ 36%] [32mBuilding CXX object CMakeFiles/qpOASES.dir/src/SQProblemSchur.cpp.o[0m
[ 39%] [32mBuilding CXX object CMakeFiles/qpOASES.dir/src/SparseSolver.cpp.o[0m
[01m[K/home/tony/webots_ws/src/qpOASES/src/MessageHandling.cpp:[m[K In member function ‘[01m[KqpOASES::returnValue qpOASES::MessageHandling::throwMessage(qpOASES::returnValue, const char*, const char*, const char*, long unsigned int, qpOASES::VisibilityStatus, const char*)[m[K’:
[01m[K/home/tony/webots_ws/src/qpOASES/src/MessageHandling.cpp:517:50:[m[K [01;35m[Kwarning: [m[K‘[01m[K->[m[K’ directive output may be truncated writing 2 bytes into a region of size between 1 and 160 [[01;35m[K-Wformat-truncation=[m[K]
  517 |    snprintf( myPrintfString,MAX_STRING_LENGTH,"%s[01;35m[K->[m[K", whitespaces );
      |                                                  [01;35m[K^~[m[K
In file included from [01m[K/usr/include/stdio.h:867[m[K,
                 from [01m[K/home/tony/webots_ws/src/qpOASES/src/MessageHandling.cpp:36[m[K:
[01m[K/usr/include/x86_64-linux-gnu/bits/stdio2.h:67:35:[m[K [01;36m[Knote: [m[K‘[01m[K__builtin___snprintf_chk[m[K’ output between 3 and 162 bytes into a destination of size 160
   67 |   return [01;36m[K__builtin___snprintf_chk (__s, __n, __USE_FORTIFY_LEVEL - 1,[m[K
      |          [01;36m[K~~~~~~~~~~~~~~~~~~~~~~~~~^~~~~~~~~~~~~~~~~~~~~~~~~~~~~~~~~~~[m[K
   68 | [01;36m[K       __bos (__s), __fmt, __va_arg_pack ())[m[K;
      |        [01;36m[K~~~~~~~~~~~~~~~~~~~~~~~~~~~~~~~~~~~~~[m[K
[01m[K/home/tony/webots_ws/src/qpOASES/src/Options.cpp:[m[K In member function ‘[01m[KqpOASES::returnValue qpOASES::Options::print() const[m[K’:
[01m[K/home/tony/webots_ws/src/qpOASES/src/Options.cpp:386:80:[m[K [01;35m[Kwarning: [m[K‘[01m[K%s[m[K’ directive output may be truncated writing up to 159 bytes into a region of size 126 [[01;35m[K-Wformat-truncation=[m[K]
  386 |  snprintf( myPrintfString,MAX_STRING_LENGTH,"printLevel                     =  [01;35m[K%s[m[K\n",[32m[Kinfo[m[K );
      |                                                                                [01;35m[K^~[m[K    [32m[K~~~~[m[K
In file included from [01m[K/usr/include/stdio.h:867[m[K,
                 from [01m[K/home/tony/webots_ws/src/qpOASES/include/qpOASES/MessageHandling.hpp:39[m[K,
                 from [01m[K/home/tony/webots_ws/src/qpOASES/include/qpOASES/Utils.hpp:39[m[K,
                 from [01m[K/home/tony/webots_ws/src/qpOASES/include/qpOASES/Options.hpp:40[m[K,
                 from [01m[K/home/tony/webots_ws/src/qpOASES/src/Options.cpp:36[m[K:
[01m[K/usr/include/x86_64-linux-gnu/bits/stdio2.h:67:35:[m[K [01;36m[Knote: [m[K‘[01m[K__builtin___snprintf_chk[m[K’ output between 36 and 195 bytes into a destination of size 160
   67 |   return [01;36m[K__builtin___snprintf_chk (__s, __n, __USE_FORTIFY_LEVEL - 1,[m[K
      |          [01;36m[K~~~~~~~~~~~~~~~~~~~~~~~~~^~~~~~~~~~~~~~~~~~~~~~~~~~~~~~~~~~~[m[K
   68 | [01;36m[K       __bos (__s), __fmt, __va_arg_pack ())[m[K;
      |        [01;36m[K~~~~~~~~~~~~~~~~~~~~~~~~~~~~~~~~~~~~~[m[K
[01m[K/home/tony/webots_ws/src/qpOASES/src/Options.cpp:392:80:[m[K [01;35m[Kwarning: [m[K‘[01m[K%s[m[K’ directive output may be truncated writing up to 159 bytes into a region of size 126 [[01;35m[K-Wformat-truncation=[m[K]
  392 |  snprintf( myPrintfString,MAX_STRING_LENGTH,"enableRamping                  =  [01;35m[K%s[m[K\n",[32m[Kinfo[m[K );
      |                                                                                [01;35m[K^~[m[K    [32m[K~~~~[m[K
In file included from [01m[K/usr/include/stdio.h:867[m[K,
                 from [01m[K/home/tony/webots_ws/src/qpOASES/include/qpOASES/MessageHandling.hpp:39[m[K,
                 from [01m[K/home/tony/webots_ws/src/qpOASES/include/qpOASES/Utils.hpp:39[m[K,
                 from [01m[K/home/tony/webots_ws/src/qpOASES/include/qpOASES/Options.hpp:40[m[K,
                 from [01m[K/home/tony/webots_ws/src/qpOASES/src/Options.cpp:36[m[K:
[01m[K/usr/include/x86_64-linux-gnu/bits/stdio2.h:67:35:[m[K [01;36m[Knote: [m[K‘[01m[K__builtin___snprintf_chk[m[K’ output between 36 and 195 bytes into a destination of size 160
   67 |   return [01;36m[K__builtin___snprintf_chk (__s, __n, __USE_FORTIFY_LEVEL - 1,[m[K
      |          [01;36m[K~~~~~~~~~~~~~~~~~~~~~~~~~^~~~~~~~~~~~~~~~~~~~~~~~~~~~~~~~~~~[m[K
   68 | [01;36m[K       __bos (__s), __fmt, __va_arg_pack ())[m[K;
      |        [01;36m[K~~~~~~~~~~~~~~~~~~~~~~~~~~~~~~~~~~~~~[m[K
[01m[K/home/tony/webots_ws/src/qpOASES/src/Options.cpp:396:80:[m[K [01;35m[Kwarning: [m[K‘[01m[K%s[m[K’ directive output may be truncated writing up to 159 bytes into a region of size 126 [[01;35m[K-Wformat-truncation=[m[K]
  396 |  snprintf( myPrintfString,MAX_STRING_LENGTH,"enableFarBounds                =  [01;35m[K%s[m[K\n",[32m[Kinfo[m[K );
      |                                                                                [01;35m[K^~[m[K    [32m[K~~~~[m[K
In file included from [01m[K/usr/include/stdio.h:867[m[K,
                 from [01m[K/home/tony/webots_ws/src/qpOASES/include/qpOASES/MessageHandling.hpp:39[m[K,
                 from [01m[K/home/tony/webots_ws/src/qpOASES/include/qpOASES/Utils.hpp:39[m[K,
                 from [01m[K/home/tony/webots_ws/src/qpOASES/include/qpOASES/Options.hpp:40[m[K,
                 from [01m[K/home/tony/webots_ws/src/qpOASES/src/Options.cpp:36[m[K:
[01m[K/usr/include/x86_64-linux-gnu/bits/stdio2.h:67:35:[m[K [01;36m[Knote: [m[K‘[01m[K__builtin___snprintf_chk[m[K’ output between 36 and 195 bytes into a destination of size 160
   67 |   return [01;36m[K__builtin___snprintf_chk (__s, __n, __USE_FORTIFY_LEVEL - 1,[m[K
      |          [01;36m[K~~~~~~~~~~~~~~~~~~~~~~~~~^~~~~~~~~~~~~~~~~~~~~~~~~~~~~~~~~~~[m[K
   68 | [01;36m[K       __bos (__s), __fmt, __va_arg_pack ())[m[K;
      |        [01;36m[K~~~~~~~~~~~~~~~~~~~~~~~~~~~~~~~~~~~~~[m[K
[01m[K/home/tony/webots_ws/src/qpOASES/src/Options.cpp:400:80:[m[K [01;35m[Kwarning: [m[K‘[01m[K%s[m[K’ directive output may be truncated writing up to 159 bytes into a region of size 126 [[01;35m[K-Wformat-truncation=[m[K]
  400 |  snprintf( myPrintfString,MAX_STRING_LENGTH,"enableFlippingBounds           =  [01;35m[K%s[m[K\n",[32m[Kinfo[m[K );
      |                                                                                [01;35m[K^~[m[K    [32m[K~~~~[m[K
In file included from [01m[K/usr/include/stdio.h:867[m[K,
                 from [01m[K/home/tony/webots_ws/src/qpOASES/include/qpOASES/MessageHandling.hpp:39[m[K,
                 from [01m[K/home/tony/webots_ws/src/qpOASES/include/qpOASES/Utils.hpp:39[m[K,
                 from [01m[K/home/tony/webots_ws/src/qpOASES/include/qpOASES/Options.hpp:40[m[K,
                 from [01m[K/home/tony/webots_ws/src/qpOASES/src/Options.cpp:36[m[K:
[01m[K/usr/include/x86_64-linux-gnu/bits/stdio2.h:67:35:[m[K [01;36m[Knote: [m[K‘[01m[K__builtin___snprintf_chk[m[K’ output between 36 and 195 bytes into a destination of size 160
   67 |   return [01;36m[K__builtin___snprintf_chk (__s, __n, __USE_FORTIFY_LEVEL - 1,[m[K
      |          [01;36m[K~~~~~~~~~~~~~~~~~~~~~~~~~^~~~~~~~~~~~~~~~~~~~~~~~~~~~~~~~~~~[m[K
   68 | [01;36m[K       __bos (__s), __fmt, __va_arg_pack ())[m[K;
      |        [01;36m[K~~~~~~~~~~~~~~~~~~~~~~~~~~~~~~~~~~~~~[m[K
[01m[K/home/tony/webots_ws/src/qpOASES/src/Options.cpp:404:80:[m[K [01;35m[Kwarning: [m[K‘[01m[K%s[m[K’ directive output may be truncated writing up to 159 bytes into a region of size 126 [[01;35m[K-Wformat-truncation=[m[K]
  404 |  snprintf( myPrintfString,MAX_STRING_LENGTH,"enableRegularisation           =  [01;35m[K%s[m[K\n",[32m[Kinfo[m[K );
      |                                                                                [01;35m[K^~[m[K    [32m[K~~~~[m[K
In file included from [01m[K/usr/include/stdio.h:867[m[K,
                 from [01m[K/home/tony/webots_ws/src/qpOASES/include/qpOASES/MessageHandling.hpp:39[m[K,
                 from [01m[K/home/tony/webots_ws/src/qpOASES/include/qpOASES/Utils.hpp:39[m[K,
                 from [01m[K/home/tony/webots_ws/src/qpOASES/include/qpOASES/Options.hpp:40[m[K,
                 from [01m[K/home/tony/webots_ws/src/qpOASES/src/Options.cpp:36[m[K:
[01m[K/usr/include/x86_64-linux-gnu/bits/stdio2.h:67:35:[m[K [01;36m[Knote: [m[K‘[01m[K__builtin___snprintf_chk[m[K’ output between 36 and 195 bytes into a destination of size 160
   67 |   return [01;36m[K__builtin___snprintf_chk (__s, __n, __USE_FORTIFY_LEVEL - 1,[m[K
      |          [01;36m[K~~~~~~~~~~~~~~~~~~~~~~~~~^~~~~~~~~~~~~~~~~~~~~~~~~~~~~~~~~~~[m[K
   68 | [01;36m[K       __bos (__s), __fmt, __va_arg_pack ())[m[K;
      |        [01;36m[K~~~~~~~~~~~~~~~~~~~~~~~~~~~~~~~~~~~~~[m[K
[01m[K/home/tony/webots_ws/src/qpOASES/src/Options.cpp:408:80:[m[K [01;35m[Kwarning: [m[K‘[01m[K%s[m[K’ directive output may be truncated writing up to 159 bytes into a region of size 126 [[01;35m[K-Wformat-truncation=[m[K]
  408 |  snprintf( myPrintfString,MAX_STRING_LENGTH,"enableFullLITests              =  [01;35m[K%s[m[K\n",[32m[Kinfo[m[K );
      |                                                                                [01;35m[K^~[m[K    [32m[K~~~~[m[K
In file included from [01m[K/usr/include/stdio.h:867[m[K,
                 from [01m[K/home/tony/webots_ws/src/qpOASES/include/qpOASES/MessageHandling.hpp:39[m[K,
                 from [01m[K/home/tony/webots_ws/src/qpOASES/include/qpOASES/Utils.hpp:39[m[K,
                 from [01m[K/home/tony/webots_ws/src/qpOASES/include/qpOASES/Options.hpp:40[m[K,
                 from [01m[K/home/tony/webots_ws/src/qpOASES/src/Options.cpp:36[m[K:
[01m[K/usr/include/x86_64-linux-gnu/bits/stdio2.h:67:35:[m[K [01;36m[Knote: [m[K‘[01m[K__builtin___snprintf_chk[m[K’ output between 36 and 195 bytes into a destination of size 160
   67 |   return [01;36m[K__builtin___snprintf_chk (__s, __n, __USE_FORTIFY_LEVEL - 1,[m[K
      |          [01;36m[K~~~~~~~~~~~~~~~~~~~~~~~~~^~~~~~~~~~~~~~~~~~~~~~~~~~~~~~~~~~~[m[K
   68 | [01;36m[K       __bos (__s), __fmt, __va_arg_pack ())[m[K;
      |        [01;36m[K~~~~~~~~~~~~~~~~~~~~~~~~~~~~~~~~~~~~~[m[K
[01m[K/home/tony/webots_ws/src/qpOASES/src/Options.cpp:412:80:[m[K [01;35m[Kwarning: [m[K‘[01m[K%s[m[K’ directive output may be truncated writing up to 159 bytes into a region of size 126 [[01;35m[K-Wformat-truncation=[m[K]
  412 |  snprintf( myPrintfString,MAX_STRING_LENGTH,"enableNZCTests                 =  [01;35m[K%s[m[K\n",[32m[Kinfo[m[K );
      |                                                                                [01;35m[K^~[m[K    [32m[K~~~~[m[K
In file included from [01m[K/usr/include/stdio.h:867[m[K,
                 from [01m[K/home/tony/webots_ws/src/qpOASES/include/qpOASES/MessageHandling.hpp:39[m[K,
                 from [01m[K/home/tony/webots_ws/src/qpOASES/include/qpOASES/Utils.hpp:39[m[K,
                 from [01m[K/home/tony/webots_ws/src/qpOASES/include/qpOASES/Options.hpp:40[m[K,
                 from [01m[K/home/tony/webots_ws/src/qpOASES/src/Options.cpp:36[m[K:
[01m[K/usr/include/x86_64-linux-gnu/bits/stdio2.h:67:35:[m[K [01;36m[Knote: [m[K‘[01m[K__builtin___snprintf_chk[m[K’ output between 36 and 195 bytes into a destination of size 160
   67 |   return [01;36m[K__builtin___snprintf_chk (__s, __n, __USE_FORTIFY_LEVEL - 1,[m[K
      |          [01;36m[K~~~~~~~~~~~~~~~~~~~~~~~~~^~~~~~~~~~~~~~~~~~~~~~~~~~~~~~~~~~~[m[K
   68 | [01;36m[K       __bos (__s), __fmt, __va_arg_pack ())[m[K;
      |        [01;36m[K~~~~~~~~~~~~~~~~~~~~~~~~~~~~~~~~~~~~~[m[K
[01m[K/home/tony/webots_ws/src/qpOASES/src/Options.cpp:422:80:[m[K [01;35m[Kwarning: [m[K‘[01m[K%s[m[K’ directive output may be truncated writing up to 159 bytes into a region of size 126 [[01;35m[K-Wformat-truncation=[m[K]
  422 |  snprintf( myPrintfString,MAX_STRING_LENGTH,"enableEqualities               =  [01;35m[K%s[m[K\n",[32m[Kinfo[m[K );
      |                                                                                [01;35m[K^~[m[K    [32m[K~~~~[m[K
In file included from [01m[K/usr/include/stdio.h:867[m[K,
                 from [01m[K/home/tony/webots_ws/src/qpOASES/include/qpOASES/MessageHandling.hpp:39[m[K,
                 from [01m[K/home/tony/webots_ws/src/qpOASES/include/qpOASES/Utils.hpp:39[m[K,
                 from [01m[K/home/tony/webots_ws/src/qpOASES/include/qpOASES/Options.hpp:40[m[K,
                 from [01m[K/home/tony/webots_ws/src/qpOASES/src/Options.cpp:36[m[K:
[01m[K/usr/include/x86_64-linux-gnu/bits/stdio2.h:67:35:[m[K [01;36m[Knote: [m[K‘[01m[K__builtin___snprintf_chk[m[K’ output between 36 and 195 bytes into a destination of size 160
   67 |   return [01;36m[K__builtin___snprintf_chk (__s, __n, __USE_FORTIFY_LEVEL - 1,[m[K
      |          [01;36m[K~~~~~~~~~~~~~~~~~~~~~~~~~^~~~~~~~~~~~~~~~~~~~~~~~~~~~~~~~~~~[m[K
   68 | [01;36m[K       __bos (__s), __fmt, __va_arg_pack ())[m[K;
      |        [01;36m[K~~~~~~~~~~~~~~~~~~~~~~~~~~~~~~~~~~~~~[m[K
[01m[K/home/tony/webots_ws/src/qpOASES/src/Options.cpp:426:80:[m[K [01;35m[Kwarning: [m[K‘[01m[K%s[m[K’ directive output may be truncated writing up to 159 bytes into a region of size 126 [[01;35m[K-Wformat-truncation=[m[K]
  426 |  snprintf( myPrintfString,MAX_STRING_LENGTH,"enableInertiaCorrection        =  [01;35m[K%s[m[K\n",[32m[Kinfo[m[K );
      |                                                                                [01;35m[K^~[m[K    [32m[K~~~~[m[K
In file included from [01m[K/usr/include/stdio.h:867[m[K,
                 from [01m[K/home/tony/webots_ws/src/qpOASES/include/qpOASES/MessageHandling.hpp:39[m[K,
                 from [01m[K/home/tony/webots_ws/src/qpOASES/include/qpOASES/Utils.hpp:39[m[K,
                 from [01m[K/home/tony/webots_ws/src/qpOASES/include/qpOASES/Options.hpp:40[m[K,
                 from [01m[K/home/tony/webots_ws/src/qpOASES/src/Options.cpp:36[m[K:
[01m[K/usr/include/x86_64-linux-gnu/bits/stdio2.h:67:35:[m[K [01;36m[Knote: [m[K‘[01m[K__builtin___snprintf_chk[m[K’ output between 36 and 195 bytes into a destination of size 160
   67 |   return [01;36m[K__builtin___snprintf_chk (__s, __n, __USE_FORTIFY_LEVEL - 1,[m[K
      |          [01;36m[K~~~~~~~~~~~~~~~~~~~~~~~~~^~~~~~~~~~~~~~~~~~~~~~~~~~~~~~~~~~~[m[K
   68 | [01;36m[K       __bos (__s), __fmt, __va_arg_pack ())[m[K;
      |        [01;36m[K~~~~~~~~~~~~~~~~~~~~~~~~~~~~~~~~~~~~~[m[K
[01m[K/home/tony/webots_ws/src/qpOASES/src/Options.cpp:470:80:[m[K [01;35m[Kwarning: [m[K‘[01m[K%s[m[K’ directive output may be truncated writing up to 159 bytes into a region of size 126 [[01;35m[K-Wformat-truncation=[m[K]
  470 |  snprintf( myPrintfString,MAX_STRING_LENGTH,"initialStatusBounds            =  [01;35m[K%s[m[K\n",[32m[Kinfo[m[K );
      |                                                                                [01;35m[K^~[m[K    [32m[K~~~~[m[K
In file included from [01m[K/usr/include/stdio.h:867[m[K,
                 from [01m[K/home/tony/webots_ws/src/qpOASES/include/qpOASES/MessageHandling.hpp:39[m[K,
                 from [01m[K/home/tony/webots_ws/src/qpOASES/include/qpOASES/Utils.hpp:39[m[K,
                 from [01m[K/home/tony/webots_ws/src/qpOASES/include/qpOASES/Options.hpp:40[m[K,
                 from [01m[K/home/tony/webots_ws/src/qpOASES/src/Options.cpp:36[m[K:
[01m[K/usr/include/x86_64-linux-gnu/bits/stdio2.h:67:35:[m[K [01;36m[Knote: [m[K‘[01m[K__builtin___snprintf_chk[m[K’ output between 36 and 195 bytes into a destination of size 160
   67 |   return [01;36m[K__builtin___snprintf_chk (__s, __n, __USE_FORTIFY_LEVEL - 1,[m[K
      |          [01;36m[K~~~~~~~~~~~~~~~~~~~~~~~~~^~~~~~~~~~~~~~~~~~~~~~~~~~~~~~~~~~~[m[K
   68 | [01;36m[K       __bos (__s), __fmt, __va_arg_pack ())[m[K;
      |        [01;36m[K~~~~~~~~~~~~~~~~~~~~~~~~~~~~~~~~~~~~~[m[K
[ 41%] [32mBuilding CXX object CMakeFiles/qpOASES.dir/src/SubjectTo.cpp.o[0m
[ 43%] [32mBuilding CXX object CMakeFiles/qpOASES.dir/src/Utils.cpp.o[0m
[01m[K/home/tony/webots_ws/src/qpOASES/src/QProblemB.cpp:[m[K In member function ‘[01m[KqpOASES::returnValue qpOASES::QProblemB::printIteration(qpOASES::int_t, qpOASES::int_t, qpOASES::SubjectToStatus, qpOASES::real_t, qpOASES::BooleanType)[m[K’:
[01m[K/home/tony/webots_ws/src/qpOASES/src/QProblemB.cpp:3837:76:[m[K [01;35m[Kwarning: [m[K‘[01m[K%s[m[K’ directive output may be truncated writing up to 159 bytes into a region of size between 119 and 135 [[01;35m[K-Wformat-truncation=[m[K]
 3837 |     snprintf( myPrintfString,MAX_STRING_LENGTH,"   %5.1d   |   %1.6e   |   [01;35m[K%s[m[K %4.1d   |  %4.1d   \n", (int)iter,tau,[32m[Kinfo[m[K,(int)BC_idx,(int)getNFX( ) );
      |                                                                            [01;35m[K^~[m[K                                       [32m[K~~~~[m[K
In file included from [01m[K/usr/include/stdio.h:867[m[K,
                 from [01m[K/home/tony/webots_ws/src/qpOASES/include/qpOASES/MessageHandling.hpp:39[m[K,
                 from [01m[K/home/tony/webots_ws/src/qpOASES/include/qpOASES/Utils.hpp:39[m[K,
                 from [01m[K/home/tony/webots_ws/src/qpOASES/include/qpOASES/Indexlist.hpp:40[m[K,
                 from [01m[K/home/tony/webots_ws/src/qpOASES/include/qpOASES/SubjectTo.hpp:40[m[K,
                 from [01m[K/home/tony/webots_ws/src/qpOASES/include/qpOASES/Bounds.hpp:40[m[K,
                 from [01m[K/home/tony/webots_ws/src/qpOASES/include/qpOASES/Flipper.hpp:40[m[K,
                 from [01m[K/home/tony/webots_ws/src/qpOASES/include/qpOASES/QProblemB.hpp:42[m[K,
                 from [01m[K/home/tony/webots_ws/src/qpOASES/src/QProblemB.cpp:36[m[K:
[01m[K/usr/include/x86_64-linux-gnu/bits/stdio2.h:67:35:[m[K [01;36m[Knote: [m[K‘[01m[K__builtin___snprintf_chk[m[K’ output between 45 and 234 bytes into a destination of size 160
   67 |   return [01;36m[K__builtin___snprintf_chk (__s, __n, __USE_FORTIFY_LEVEL - 1,[m[K
      |          [01;36m[K~~~~~~~~~~~~~~~~~~~~~~~~~^~~~~~~~~~~~~~~~~~~~~~~~~~~~~~~~~~~[m[K
   68 | [01;36m[K       __bos (__s), __fmt, __va_arg_pack ())[m[K;
      |        [01;36m[K~~~~~~~~~~~~~~~~~~~~~~~~~~~~~~~~~~~~~[m[K
[01m[K/home/tony/webots_ws/src/qpOASES/src/QProblemB.cpp:3827:78:[m[K [01;35m[Kwarning: [m[K‘[01m[K%s[m[K’ directive output may be truncated writing up to 159 bytes into a region of size between 118 and 134 [[01;35m[K-Wformat-truncation=[m[K]
 3827 |      snprintf( myPrintfString,MAX_STRING_LENGTH,"   %5.1d*  |   %1.6e   |    [01;35m[K%s[m[K SOLVED     |  %4.1d   \n", (int)iter,tau,[32m[Kinfo[m[K,(int)getNFX( ) );
      |                                                                              [01;35m[K^~[m[K                                          [32m[K~~~~[m[K
In file included from [01m[K/usr/include/stdio.h:867[m[K,
                 from [01m[K/home/tony/webots_ws/src/qpOASES/include/qpOASES/MessageHandling.hpp:39[m[K,
                 from [01m[K/home/tony/webots_ws/src/qpOASES/include/qpOASES/Utils.hpp:39[m[K,
                 from [01m[K/home/tony/webots_ws/src/qpOASES/include/qpOASES/Indexlist.hpp:40[m[K,
                 from [01m[K/home/tony/webots_ws/src/qpOASES/include/qpOASES/SubjectTo.hpp:40[m[K,
                 from [01m[K/home/tony/webots_ws/src/qpOASES/include/qpOASES/Bounds.hpp:40[m[K,
                 from [01m[K/home/tony/webots_ws/src/qpOASES/include/qpOASES/Flipper.hpp:40[m[K,
                 from [01m[K/home/tony/webots_ws/src/qpOASES/include/qpOASES/QProblemB.hpp:42[m[K,
                 from [01m[K/home/tony/webots_ws/src/qpOASES/src/QProblemB.cpp:36[m[K:
[01m[K/usr/include/x86_64-linux-gnu/bits/stdio2.h:67:35:[m[K [01;36m[Knote: [m[K‘[01m[K__builtin___snprintf_chk[m[K’ output between 50 and 232 bytes into a destination of size 160
   67 |   return [01;36m[K__builtin___snprintf_chk (__s, __n, __USE_FORTIFY_LEVEL - 1,[m[K
      |          [01;36m[K~~~~~~~~~~~~~~~~~~~~~~~~~^~~~~~~~~~~~~~~~~~~~~~~~~~~~~~~~~~~[m[K
   68 | [01;36m[K       __bos (__s), __fmt, __va_arg_pack ())[m[K;
      |        [01;36m[K~~~~~~~~~~~~~~~~~~~~~~~~~~~~~~~~~~~~~[m[K
[01m[K/home/tony/webots_ws/src/qpOASES/src/QProblemB.cpp:3825:78:[m[K [01;35m[Kwarning: [m[K‘[01m[K%s[m[K’ directive output may be truncated writing up to 159 bytes into a region of size between 118 and 134 [[01;35m[K-Wformat-truncation=[m[K]
 3825 |      snprintf( myPrintfString,MAX_STRING_LENGTH,"   %5.1d   |   %1.6e   |    [01;35m[K%s[m[K SOLVED     |  %4.1d   \n", (int)iter,tau,[32m[Kinfo[m[K,(int)getNFX( ) );
      |                                                                              [01;35m[K^~[m[K                                          [32m[K~~~~[m[K
In file included from [01m[K/usr/include/stdio.h:867[m[K,
                 from [01m[K/home/tony/webots_ws/src/qpOASES/include/qpOASES/MessageHandling.hpp:39[m[K,
                 from [01m[K/home/tony/webots_ws/src/qpOASES/include/qpOASES/Utils.hpp:39[m[K,
                 from [01m[K/home/tony/webots_ws/src/qpOASES/include/qpOASES/Indexlist.hpp:40[m[K,
                 from [01m[K/home/tony/webots_ws/src/qpOASES/include/qpOASES/SubjectTo.hpp:40[m[K,
                 from [01m[K/home/tony/webots_ws/src/qpOASES/include/qpOASES/Bounds.hpp:40[m[K,
                 from [01m[K/home/tony/webots_ws/src/qpOASES/include/qpOASES/Flipper.hpp:40[m[K,
                 from [01m[K/home/tony/webots_ws/src/qpOASES/include/qpOASES/QProblemB.hpp:42[m[K,
                 from [01m[K/home/tony/webots_ws/src/qpOASES/src/QProblemB.cpp:36[m[K:
[01m[K/usr/include/x86_64-linux-gnu/bits/stdio2.h:67:35:[m[K [01;36m[Knote: [m[K‘[01m[K__builtin___snprintf_chk[m[K’ output between 50 and 232 bytes into a destination of size 160
   67 |   return [01;36m[K__builtin___snprintf_chk (__s, __n, __USE_FORTIFY_LEVEL - 1,[m[K
      |          [01;36m[K~~~~~~~~~~~~~~~~~~~~~~~~~^~~~~~~~~~~~~~~~~~~~~~~~~~~~~~~~~~~[m[K
   68 | [01;36m[K       __bos (__s), __fmt, __va_arg_pack ())[m[K;
      |        [01;36m[K~~~~~~~~~~~~~~~~~~~~~~~~~~~~~~~~~~~~~[m[K
[01m[K/home/tony/webots_ws/src/qpOASES/src/QProblem.cpp:[m[K In member function ‘[01m[KqpOASES::returnValue qpOASES::QProblem::printIteration(qpOASES::int_t, qpOASES::int_t, qpOASES::SubjectToStatus, qpOASES::BooleanType, qpOASES::real_t, qpOASES::BooleanType)[m[K’:
[01m[K/home/tony/webots_ws/src/qpOASES/src/QProblem.cpp:6244:76:[m[K [01;35m[Kwarning: [m[K‘[01m[K%s[m[K’ directive output may be truncated writing up to 159 bytes into a region of size between 119 and 135 [[01;35m[K-Wformat-truncation=[m[K]
 6244 |     snprintf( myPrintfString,MAX_STRING_LENGTH,"   %5.1d   |   %1.6e   |   [01;35m[K%s[m[K %4.1d   |  %4.1d   |  %4.1d   \n", (int)iter,tau,[32m[Kinfo[m[K,(int)BC_idx,(int)getNFX( ),(int)getNAC( ) );
      |                                                                            [01;35m[K^~[m[K                                                  [32m[K~~~~[m[K
In file included from [01m[K/usr/include/stdio.h:867[m[K,
                 from [01m[K/home/tony/webots_ws/src/qpOASES/include/qpOASES/MessageHandling.hpp:39[m[K,
                 from [01m[K/home/tony/webots_ws/src/qpOASES/include/qpOASES/Utils.hpp:39[m[K,
                 from [01m[K/home/tony/webots_ws/src/qpOASES/include/qpOASES/Indexlist.hpp:40[m[K,
                 from [01m[K/home/tony/webots_ws/src/qpOASES/include/qpOASES/SubjectTo.hpp:40[m[K,
                 from [01m[K/home/tony/webots_ws/src/qpOASES/include/qpOASES/Bounds.hpp:40[m[K,
                 from [01m[K/home/tony/webots_ws/src/qpOASES/include/qpOASES/Flipper.hpp:40[m[K,
                 from [01m[K/home/tony/webots_ws/src/qpOASES/include/qpOASES/QProblemB.hpp:42[m[K,
                 from [01m[K/home/tony/webots_ws/src/qpOASES/include/qpOASES/QProblem.hpp:41[m[K,
                 from [01m[K/home/tony/webots_ws/src/qpOASES/src/QProblem.cpp:36[m[K:
[01m[K/usr/include/x86_64-linux-gnu/bits/stdio2.h:67:35:[m[K [01;36m[Knote: [m[K‘[01m[K__builtin___snprintf_chk[m[K’ output between 55 and 251 bytes into a destination of size 160
   67 |   return [01;36m[K__builtin___snprintf_chk (__s, __n, __USE_FORTIFY_LEVEL - 1,[m[K
      |          [01;36m[K~~~~~~~~~~~~~~~~~~~~~~~~~^~~~~~~~~~~~~~~~~~~~~~~~~~~~~~~~~~~[m[K
   68 | [01;36m[K       __bos (__s), __fmt, __va_arg_pack ())[m[K;
      |        [01;36m[K~~~~~~~~~~~~~~~~~~~~~~~~~~~~~~~~~~~~~[m[K
[01m[K/home/tony/webots_ws/src/qpOASES/src/QProblem.cpp:6229:78:[m[K [01;35m[Kwarning: [m[K‘[01m[K%s[m[K’ directive output may be truncated writing up to 159 bytes into a region of size between 118 and 134 [[01;35m[K-Wformat-truncation=[m[K]
 6229 |      snprintf( myPrintfString,MAX_STRING_LENGTH,"   %5.1d*  |   %1.6e   |    [01;35m[K%s[m[K SOLVED     |  %4.1d   |  %4.1d   \n", (int)iter,tau,[32m[Kinfo[m[K,(int)getNFX( ),(int)getNAC( ) );
      |                                                                              [01;35m[K^~[m[K                                                     [32m[K~~~~[m[K
In file included from [01m[K/usr/include/stdio.h:867[m[K,
                 from [01m[K/home/tony/webots_ws/src/qpOASES/include/qpOASES/MessageHandling.hpp:39[m[K,
                 from [01m[K/home/tony/webots_ws/src/qpOASES/include/qpOASES/Utils.hpp:39[m[K,
                 from [01m[K/home/tony/webots_ws/src/qpOASES/include/qpOASES/Indexlist.hpp:40[m[K,
                 from [01m[K/home/tony/webots_ws/src/qpOASES/include/qpOASES/SubjectTo.hpp:40[m[K,
                 from [01m[K/home/tony/webots_ws/src/qpOASES/include/qpOASES/Bounds.hpp:40[m[K,
                 from [01m[K/home/tony/webots_ws/src/qpOASES/include/qpOASES/Flipper.hpp:40[m[K,
                 from [01m[K/home/tony/webots_ws/src/qpOASES/include/qpOASES/QProblemB.hpp:42[m[K,
                 from [01m[K/home/tony/webots_ws/src/qpOASES/include/qpOASES/QProblem.hpp:41[m[K,
                 from [01m[K/home/tony/webots_ws/src/qpOASES/src/QProblem.cpp:36[m[K:
[01m[K/usr/include/x86_64-linux-gnu/bits/stdio2.h:67:35:[m[K [01;36m[Knote: [m[K‘[01m[K__builtin___snprintf_chk[m[K’ output between 60 and 249 bytes into a destination of size 160
   67 |   return [01;36m[K__builtin___snprintf_chk (__s, __n, __USE_FORTIFY_LEVEL - 1,[m[K
      |          [01;36m[K~~~~~~~~~~~~~~~~~~~~~~~~~^~~~~~~~~~~~~~~~~~~~~~~~~~~~~~~~~~~[m[K
   68 | [01;36m[K       __bos (__s), __fmt, __va_arg_pack ())[m[K;
      |        [01;36m[K~~~~~~~~~~~~~~~~~~~~~~~~~~~~~~~~~~~~~[m[K
[01m[K/home/tony/webots_ws/src/qpOASES/src/QProblem.cpp:6227:78:[m[K [01;35m[Kwarning: [m[K‘[01m[K%s[m[K’ directive output may be truncated writing up to 159 bytes into a region of size between 118 and 134 [[01;35m[K-Wformat-truncation=[m[K]
 6227 |      snprintf( myPrintfString,MAX_STRING_LENGTH,"   %5.1d   |   %1.6e   |    [01;35m[K%s[m[K SOLVED     |  %4.1d   |  %4.1d   \n", (int)iter,tau,[32m[Kinfo[m[K,(int)getNFX( ),(int)getNAC( ) );
      |                                                                              [01;35m[K^~[m[K                                                     [32m[K~~~~[m[K
In file included from [01m[K/usr/include/stdio.h:867[m[K,
                 from [01m[K/home/tony/webots_ws/src/qpOASES/include/qpOASES/MessageHandling.hpp:39[m[K,
                 from [01m[K/home/tony/webots_ws/src/qpOASES/include/qpOASES/Utils.hpp:39[m[K,
                 from [01m[K/home/tony/webots_ws/src/qpOASES/include/qpOASES/Indexlist.hpp:40[m[K,
                 from [01m[K/home/tony/webots_ws/src/qpOASES/include/qpOASES/SubjectTo.hpp:40[m[K,
                 from [01m[K/home/tony/webots_ws/src/qpOASES/include/qpOASES/Bounds.hpp:40[m[K,
                 from [01m[K/home/tony/webots_ws/src/qpOASES/include/qpOASES/Flipper.hpp:40[m[K,
                 from [01m[K/home/tony/webots_ws/src/qpOASES/include/qpOASES/QProblemB.hpp:42[m[K,
                 from [01m[K/home/tony/webots_ws/src/qpOASES/include/qpOASES/QProblem.hpp:41[m[K,
                 from [01m[K/home/tony/webots_ws/src/qpOASES/src/QProblem.cpp:36[m[K:
[01m[K/usr/include/x86_64-linux-gnu/bits/stdio2.h:67:35:[m[K [01;36m[Knote: [m[K‘[01m[K__builtin___snprintf_chk[m[K’ output between 60 and 249 bytes into a destination of size 160
   67 |   return [01;36m[K__builtin___snprintf_chk (__s, __n, __USE_FORTIFY_LEVEL - 1,[m[K
      |          [01;36m[K~~~~~~~~~~~~~~~~~~~~~~~~~^~~~~~~~~~~~~~~~~~~~~~~~~~~~~~~~~~~[m[K
   68 | [01;36m[K       __bos (__s), __fmt, __va_arg_pack ())[m[K;
      |        [01;36m[K~~~~~~~~~~~~~~~~~~~~~~~~~~~~~~~~~~~~~[m[K
[ 46%] [32m[1mLinking CXX static library libs/libqpOASES.a[0m
[ 46%] Built target qpOASES
[35m[1mScanning dependencies of target example5[0m
[35m[1mScanning dependencies of target example1[0m
[35m[1mScanning dependencies of target example1a[0m
[35m[1mScanning dependencies of target qrecipe[0m
[35m[1mScanning dependencies of target example3[0m
[35m[1mScanning dependencies of target example2[0m
[35m[1mScanning dependencies of target exampleLP[0m
[35m[1mScanning dependencies of target example4[0m
[35m[1mScanning dependencies of target example1b[0m
[35m[1mScanning dependencies of target example3b[0m
[35m[1mScanning dependencies of target qrecipeSchur[0m
[ 48%] [32mBuilding CXX object CMakeFiles/example1a.dir/examples/example1a.cpp.o[0m
[ 51%] [32mBuilding CXX object CMakeFiles/example5.dir/examples/example5.cpp.o[0m
[ 53%] [32mBuilding CXX object CMakeFiles/example1.dir/examples/example1.cpp.o[0m
[ 56%] [32mBuilding CXX object CMakeFiles/exampleLP.dir/examples/exampleLP.cpp.o[0m
[ 60%] [32mBuilding CXX object CMakeFiles/example3.dir/examples/example3.cpp.o[0m
[ 60%] [32mBuilding CXX object CMakeFiles/qrecipe.dir/examples/qrecipe.cpp.o[0m
[ 63%] [32mBuilding CXX object CMakeFiles/example2.dir/examples/example2.cpp.o[0m
[ 65%] [32mBuilding CXX object CMakeFiles/qrecipeSchur.dir/examples/qrecipeSchur.cpp.o[0m
[ 68%] [32mBuilding CXX object CMakeFiles/example4.dir/examples/example4.cpp.o[0m
[ 70%] [32mBuilding CXX object CMakeFiles/example1b.dir/examples/example1b.cpp.o[0m
[ 73%] [32mBuilding CXX object CMakeFiles/example3b.dir/examples/example3b.cpp.o[0m
[ 75%] [32m[1mLinking CXX executable bin/example3[0m
[ 78%] [32m[1mLinking CXX executable bin/exampleLP[0m
[ 80%] [32m[1mLinking CXX executable bin/example1[0m
[ 82%] [32m[1mLinking CXX executable bin/example2[0m
[ 85%] [32m[1mLinking CXX executable bin/example3b[0m
[ 87%] [32m[1mLinking CXX executable bin/example1b[0m
[ 90%] [32m[1mLinking CXX executable bin/example1a[0m
[ 92%] [32m[1mLinking CXX executable bin/example4[0m
[ 95%] [32m[1mLinking CXX executable bin/qrecipeSchur[0m
[ 97%] [32m[1mLinking CXX executable bin/qrecipe[0m
[100%] [32m[1mLinking CXX executable bin/example5[0m
[100%] Built target example1
[100%] Built target exampleLP
[100%] Built target example3
[100%] Built target example1a
[100%] Built target example2
[100%] Built target example1b
[100%] Built target qrecipeSchur
[100%] Built target example4
[100%] Built target example3b
[100%] Built target example5
[100%] Built target qrecipe
-- Install configuration: "Release"
-- Installing: /home/tony/webots_ws/src/qpOASES/install/qpOASES/lib/libqpOASES.a
-- Installing: /home/tony/webots_ws/src/qpOASES/install/qpOASES/include/qpOASES.hpp
-- Installing: /home/tony/webots_ws/src/qpOASES/install/qpOASES/include/qpOASES
-- Installing: /home/tony/webots_ws/src/qpOASES/install/qpOASES/include/qpOASES/Types.hpp
-- Installing: /home/tony/webots_ws/src/qpOASES/install/qpOASES/include/qpOASES/QProblem.hpp
-- Installing: /home/tony/webots_ws/src/qpOASES/install/qpOASES/include/qpOASES/QProblemB.hpp
-- Installing: /home/tony/webots_ws/src/qpOASES/install/qpOASES/include/qpOASES/extras
-- Installing: /home/tony/webots_ws/src/qpOASES/install/qpOASES/include/qpOASES/extras/SolutionAnalysis.hpp
-- Installing: /home/tony/webots_ws/src/qpOASES/install/qpOASES/include/qpOASES/extras/OQPinterface.hpp
-- Installing: /home/tony/webots_ws/src/qpOASES/install/qpOASES/include/qpOASES/extras/SolutionAnalysis.ipp
-- Installing: /home/tony/webots_ws/src/qpOASES/install/qpOASES/include/qpOASES/Matrices.hpp
-- Installing: /home/tony/webots_ws/src/qpOASES/install/qpOASES/include/qpOASES/SparseSolver.hpp
-- Installing: /home/tony/webots_ws/src/qpOASES/install/qpOASES/include/qpOASES/Flipper.hpp
-- Installing: /home/tony/webots_ws/src/qpOASES/install/qpOASES/include/qpOASES/Bounds.ipp
-- Installing: /home/tony/webots_ws/src/qpOASES/install/qpOASES/include/qpOASES/QProblem.ipp
-- Installing: /home/tony/webots_ws/src/qpOASES/install/qpOASES/include/qpOASES/Indexlist.ipp
-- Installing: /home/tony/webots_ws/src/qpOASES/install/qpOASES/include/qpOASES/MessageHandling.ipp
-- Installing: /home/tony/webots_ws/src/qpOASES/install/qpOASES/include/qpOASES/Indexlist.hpp
-- Installing: /home/tony/webots_ws/src/qpOASES/install/qpOASES/include/qpOASES/Constraints.ipp
-- Installing: /home/tony/webots_ws/src/qpOASES/install/qpOASES/include/qpOASES/QProblemB.ipp
-- Installing: /home/tony/webots_ws/src/qpOASES/install/qpOASES/include/qpOASES/SQProblemSchur.hpp
-- Installing: /home/tony/webots_ws/src/qpOASES/install/qpOASES/include/qpOASES/Constants.hpp
-- Installing: /home/tony/webots_ws/src/qpOASES/install/qpOASES/include/qpOASES/Bounds.hpp
-- Installing: /home/tony/webots_ws/src/qpOASES/install/qpOASES/include/qpOASES/MessageHandling.hpp
-- Installing: /home/tony/webots_ws/src/qpOASES/install/qpOASES/include/qpOASES/Utils.ipp
-- Installing: /home/tony/webots_ws/src/qpOASES/install/qpOASES/include/qpOASES/Options.hpp
-- Installing: /home/tony/webots_ws/src/qpOASES/install/qpOASES/include/qpOASES/Utils.hpp
-- Installing: /home/tony/webots_ws/src/qpOASES/install/qpOASES/include/qpOASES/SQProblem.hpp
-- Installing: /home/tony/webots_ws/src/qpOASES/install/qpOASES/include/qpOASES/LapackBlasReplacement.hpp
-- Installing: /home/tony/webots_ws/src/qpOASES/install/qpOASES/include/qpOASES/Constraints.hpp
-- Installing: /home/tony/webots_ws/src/qpOASES/install/qpOASES/include/qpOASES/SQProblemSchur.ipp
-- Installing: /home/tony/webots_ws/src/qpOASES/install/qpOASES/include/qpOASES/SubjectTo.ipp
-- Installing: /home/tony/webots_ws/src/qpOASES/install/qpOASES/include/qpOASES/SQProblem.ipp
-- Installing: /home/tony/webots_ws/src/qpOASES/install/qpOASES/include/qpOASES/ConstraintProduct.hpp
-- Installing: /home/tony/webots_ws/src/qpOASES/install/qpOASES/include/qpOASES/SubjectTo.hpp
-- Installing: /home/tony/webots_ws/src/qpOASES/install/qpOASES/include/qpOASES/UnitTesting.hpp
