[0.012s] Invoking command in '/home/tony/webots_ws/build/traj_publish': CMAKE_PREFIX_PATH=${CMAKE_PREFIX_PATH}:/home/tony/webots_ws/install/my_package:/home/tony/webots_ws/install/my_mir_package:/opt/ros/foxy /usr/bin/cmake --build /home/tony/webots_ws/build/traj_publish -- -j16 -l16
[0.043s] -- Found ament_cmake: 0.9.12 (/opt/ros/foxy/share/ament_cmake/cmake)
[0.069s] -- Using PYTHON_EXECUTABLE: /usr/bin/python3
[0.233s] -- Found rclcpp: 2.4.3 (/opt/ros/foxy/share/rclcpp/cmake)
[0.266s] -- Using all available rosidl_typesupport_c: rosidl_typesupport_fastrtps_c;rosidl_typesupport_introspection_c
[0.269s] -- Found rosidl_adapter: 1.3.1 (/opt/ros/foxy/share/rosidl_adapter/cmake)
[0.382s] -- Using all available rosidl_typesupport_cpp: rosidl_typesupport_fastrtps_cpp;rosidl_typesupport_introspection_cpp
[0.424s] -- Found rmw_implementation_cmake: 1.0.4 (/opt/ros/foxy/share/rmw_implementation_cmake/cmake)
[0.425s] -- Using RMW implementation 'rmw_fastrtps_cpp' as default
[0.538s] -- Found nav_msgs: 2.0.5 (/opt/ros/foxy/share/nav_msgs/cmake)
[0.620s] -- Found ament_lint_auto: 0.9.8 (/opt/ros/foxy/share/ament_lint_auto/cmake)
[0.687s] -- Added test 'copyright' to check source files copyright and LICENSE
[0.688s] -- Added test 'cppcheck' to perform static code analysis on C / C++ code
[0.688s] -- Configured cppcheck include dirs: 
[0.688s] -- Configured cppcheck exclude dirs and/or files: 
[0.689s] -- Added test 'cpplint' to check C / C++ code against the Google style
[0.689s] -- Configured cpplint exclude dirs and/or files: 
[0.689s] -- Added test 'lint_cmake' to check CMake code style
[0.690s] -- Added test 'uncrustify' to check C / C++ code style
[0.690s] -- Configured uncrustify additional arguments: 
[0.691s] -- Added test 'xmllint' to check XML markup files
[0.694s] -- Configuring done
[0.701s] -- Generating done
[0.702s] -- Build files have been written to: /home/tony/webots_ws/build/traj_publish
[0.729s] [35m[1mScanning dependencies of target traj_pub[0m
[0.742s] [ 50%] [32mBuilding CXX object CMakeFiles/traj_pub.dir/src/traj_pub.cpp.o[0m
[0.751s] [01m[K/home/tony/webots_ws/src/traj_publish/src/traj_pub.cpp:1:10:[m[K [01;31m[Kfatal error: [m[Ktraj_pub.hpp: No such file or directory
[0.751s]     1 | #include [01;31m[K"traj_pub.hpp"[m[K
[0.751s]       |          [01;31m[K^~~~~~~~~~~~~~[m[K
[0.751s] compilation terminated.
[0.752s] make[2]: *** [CMakeFiles/traj_pub.dir/build.make:63: CMakeFiles/traj_pub.dir/src/traj_pub.cpp.o] Error 1
[0.752s] make[1]: *** [CMakeFiles/Makefile2:78: CMakeFiles/traj_pub.dir/all] Error 2
[0.752s] make: *** [Makefile:141: all] Error 2
[0.755s] Invoked command in '/home/tony/webots_ws/build/traj_publish' returned '2': CMAKE_PREFIX_PATH=${CMAKE_PREFIX_PATH}:/home/tony/webots_ws/install/my_package:/home/tony/webots_ws/install/my_mir_package:/opt/ros/foxy /usr/bin/cmake --build /home/tony/webots_ws/build/traj_publish -- -j16 -l16
