running egg_info
creating ../build/ir_sim/ir_sim.egg-info
writing ../build/ir_sim/ir_sim.egg-info/PKG-INFO
writing dependency_links to ../build/ir_sim/ir_sim.egg-info/dependency_links.txt
writing requirements to ../build/ir_sim/ir_sim.egg-info/requires.txt
writing top-level names to ../build/ir_sim/ir_sim.egg-info/top_level.txt
writing manifest file '../build/ir_sim/ir_sim.egg-info/SOURCES.txt'
file ir_sim.py (for module ir_sim) not found
reading manifest file '../build/ir_sim/ir_sim.egg-info/SOURCES.txt'
writing manifest file '../build/ir_sim/ir_sim.egg-info/SOURCES.txt'
running build
running build_py
running install
file ir_sim.py (for module ir_sim) not found
file ir_sim.py (for module ir_sim) not found
running install_lib
running install_egg_info
warning: install_lib: '/home/tony/webots_ws/build/ir_sim/build/lib' does not exist -- no Python modules to install

Copying ../build/ir_sim/ir_sim.egg-info to /home/tony/webots_ws/install/ir_sim/lib/python3.8/site-packages/ir_sim-2.0-py3.8.egg-info
running install_scripts
file ir_sim.py (for module ir_sim) not found
writing list of installed files to '/home/tony/webots_ws/build/ir_sim/install.log'
