[1.661s] Invoking command in '/home/tony/webots_ws/rl_rvo_nav': PYTHONPATH=/home/tony/webots_ws/build/rl_rvo_nav/prefix_override:/home/tony/webots_ws/install/rl_rvo_nav/lib/python3.8/site-packages:${PYTHONPATH} /usr/bin/python3 -W ignore:setup.py install is deprecated setup.py egg_info --egg-base ../build/rl_rvo_nav build --build-base /home/tony/webots_ws/build/rl_rvo_nav/build install --record /home/tony/webots_ws/build/rl_rvo_nav/install.log --single-version-externally-managed
[1.976s] running egg_info
[1.977s] creating ../build/rl_rvo_nav/rl_rvo_nav.egg-info
[1.977s] writing ../build/rl_rvo_nav/rl_rvo_nav.egg-info/PKG-INFO
[1.977s] writing dependency_links to ../build/rl_rvo_nav/rl_rvo_nav.egg-info/dependency_links.txt
[1.977s] writing requirements to ../build/rl_rvo_nav/rl_rvo_nav.egg-info/requires.txt
[1.977s] writing top-level names to ../build/rl_rvo_nav/rl_rvo_nav.egg-info/top_level.txt
[1.980s] writing manifest file '../build/rl_rvo_nav/rl_rvo_nav.egg-info/SOURCES.txt'
[2.019s] file rl_rvo_nav.py (for module rl_rvo_nav) not found
[2.020s] reading manifest file '../build/rl_rvo_nav/rl_rvo_nav.egg-info/SOURCES.txt'
[2.021s] writing manifest file '../build/rl_rvo_nav/rl_rvo_nav.egg-info/SOURCES.txt'
[2.021s] running build
[2.021s] running build_py
[2.021s] file rl_rvo_nav.py (for module rl_rvo_nav) not found
[2.021s] file rl_rvo_nav.py (for module rl_rvo_nav) not found
[2.021s] running install
[2.022s] running install_lib
[2.023s] running install_egg_info
[2.023s] warning: install_lib: '/home/tony/webots_ws/build/rl_rvo_nav/build/lib' does not exist -- no Python modules to install
[2.023s] 
[2.025s] Copying ../build/rl_rvo_nav/rl_rvo_nav.egg-info to /home/tony/webots_ws/install/rl_rvo_nav/lib/python3.8/site-packages/rl_rvo_nav-2.0-py3.8.egg-info
[2.026s] running install_scripts
[2.046s] file rl_rvo_nav.py (for module rl_rvo_nav) not found
[2.046s] writing list of installed files to '/home/tony/webots_ws/build/rl_rvo_nav/install.log'
[2.084s] Invoked command in '/home/tony/webots_ws/rl_rvo_nav' returned '0': PYTHONPATH=/home/tony/webots_ws/build/rl_rvo_nav/prefix_override:/home/tony/webots_ws/install/rl_rvo_nav/lib/python3.8/site-packages:${PYTHONPATH} /usr/bin/python3 -W ignore:setup.py install is deprecated setup.py egg_info --egg-base ../build/rl_rvo_nav build --build-base /home/tony/webots_ws/build/rl_rvo_nav/build install --record /home/tony/webots_ws/build/rl_rvo_nav/install.log --single-version-externally-managed
