[0.067s] Invoking command in '/home/tony/webots_ws/build/multi_traj_publish': CMAKE_PREFIX_PATH=/home/tony/webots_ws/install/traj_interfaces:/home/tony/webots_ws/install/traj_publish:/home/tony/webots_ws/install/multi_traj_publish:/home/tony/webots_ws/install/multi_mpc_controller:/home/tony/webots_ws/install/mpc_controller:/home/tony/webots_ws/install/motor_interfaces:/home/tony/webots_ws/install/action_interfaces:/home/tony/webots_ws/install/post_train:/home/tony/webots_ws/install/my_package:/home/tony/webots_ws/install/my_mir_package:/home/tony/webots_ws/install/multi_mir_package:/opt/ros/foxy /usr/bin/cmake --build /home/tony/webots_ws/build/multi_traj_publish -- -j16 -l16
[0.134s] [100%] Built target traj_pub
[0.485s] Invoked command in '/home/tony/webots_ws/build/multi_traj_publish' returned '0': CMAKE_PREFIX_PATH=/home/tony/webots_ws/install/traj_interfaces:/home/tony/webots_ws/install/traj_publish:/home/tony/webots_ws/install/multi_traj_publish:/home/tony/webots_ws/install/multi_mpc_controller:/home/tony/webots_ws/install/mpc_controller:/home/tony/webots_ws/install/motor_interfaces:/home/tony/webots_ws/install/action_interfaces:/home/tony/webots_ws/install/post_train:/home/tony/webots_ws/install/my_package:/home/tony/webots_ws/install/my_mir_package:/home/tony/webots_ws/install/multi_mir_package:/opt/ros/foxy /usr/bin/cmake --build /home/tony/webots_ws/build/multi_traj_publish -- -j16 -l16
[0.518s] Invoking command in '/home/tony/webots_ws/build/multi_traj_publish': CMAKE_PREFIX_PATH=/home/tony/webots_ws/install/traj_interfaces:/home/tony/webots_ws/install/traj_publish:/home/tony/webots_ws/install/multi_traj_publish:/home/tony/webots_ws/install/multi_mpc_controller:/home/tony/webots_ws/install/mpc_controller:/home/tony/webots_ws/install/motor_interfaces:/home/tony/webots_ws/install/action_interfaces:/home/tony/webots_ws/install/post_train:/home/tony/webots_ws/install/my_package:/home/tony/webots_ws/install/my_mir_package:/home/tony/webots_ws/install/multi_mir_package:/opt/ros/foxy /usr/bin/cmake --install /home/tony/webots_ws/build/multi_traj_publish
[0.530s] -- Install configuration: ""
[0.530s] -- Up-to-date: /home/tony/webots_ws/install/multi_traj_publish/share/ament_index/resource_index/package_run_dependencies/multi_traj_publish
[0.530s] -- Up-to-date: /home/tony/webots_ws/install/multi_traj_publish/share/ament_index/resource_index/parent_prefix_path/multi_traj_publish
[0.530s] -- Up-to-date: /home/tony/webots_ws/install/multi_traj_publish/share/multi_traj_publish/environment/ament_prefix_path.sh
[0.530s] -- Up-to-date: /home/tony/webots_ws/install/multi_traj_publish/share/multi_traj_publish/environment/ament_prefix_path.dsv
[0.530s] -- Up-to-date: /home/tony/webots_ws/install/multi_traj_publish/share/multi_traj_publish/environment/path.sh
[0.531s] -- Up-to-date: /home/tony/webots_ws/install/multi_traj_publish/share/multi_traj_publish/environment/path.dsv
[0.531s] -- Up-to-date: /home/tony/webots_ws/install/multi_traj_publish/share/multi_traj_publish/local_setup.bash
[0.531s] -- Up-to-date: /home/tony/webots_ws/install/multi_traj_publish/share/multi_traj_publish/local_setup.sh
[0.531s] -- Up-to-date: /home/tony/webots_ws/install/multi_traj_publish/share/multi_traj_publish/local_setup.zsh
[0.531s] -- Up-to-date: /home/tony/webots_ws/install/multi_traj_publish/share/multi_traj_publish/local_setup.dsv
[0.531s] -- Installing: /home/tony/webots_ws/install/multi_traj_publish/share/multi_traj_publish/package.dsv
[0.531s] -- Up-to-date: /home/tony/webots_ws/install/multi_traj_publish/share/ament_index/resource_index/packages/multi_traj_publish
[0.531s] -- Up-to-date: /home/tony/webots_ws/install/multi_traj_publish/share/multi_traj_publish/cmake/multi_traj_publishConfig.cmake
[0.531s] -- Up-to-date: /home/tony/webots_ws/install/multi_traj_publish/share/multi_traj_publish/cmake/multi_traj_publishConfig-version.cmake
[0.531s] -- Up-to-date: /home/tony/webots_ws/install/multi_traj_publish/share/multi_traj_publish/package.xml
[0.531s] -- Up-to-date: /home/tony/webots_ws/install/multi_traj_publish/lib/multi_traj_publish/traj_pub
[0.548s] Invoked command in '/home/tony/webots_ws/build/multi_traj_publish' returned '0': CMAKE_PREFIX_PATH=/home/tony/webots_ws/install/traj_interfaces:/home/tony/webots_ws/install/traj_publish:/home/tony/webots_ws/install/multi_traj_publish:/home/tony/webots_ws/install/multi_mpc_controller:/home/tony/webots_ws/install/mpc_controller:/home/tony/webots_ws/install/motor_interfaces:/home/tony/webots_ws/install/action_interfaces:/home/tony/webots_ws/install/post_train:/home/tony/webots_ws/install/my_package:/home/tony/webots_ws/install/my_mir_package:/home/tony/webots_ws/install/multi_mir_package:/opt/ros/foxy /usr/bin/cmake --install /home/tony/webots_ws/build/multi_traj_publish
