[0.404s] Invoking command in '/home/tony/webots_ws/build/multi_mpc_controller': AMENT_PREFIX_PATH=/home/tony/webots_ws/install/traj_interfaces:/home/tony/webots_ws/install/motor_interfaces:${AMENT_PREFIX_PATH} CMAKE_PREFIX_PATH=/home/tony/webots_ws/install/traj_interfaces:/home/tony/webots_ws/install/motor_interfaces:/opt/ros/foxy LD_LIBRARY_PATH=/home/tony/webots_ws/install/traj_interfaces/lib:/home/tony/webots_ws/install/motor_interfaces/lib:${LD_LIBRARY_PATH} PYTHONPATH=/home/tony/webots_ws/install/traj_interfaces/lib/python3.8/site-packages:/home/tony/webots_ws/install/motor_interfaces/lib/python3.8/site-packages:${PYTHONPATH} /usr/bin/cmake --build /home/tony/webots_ws/build/multi_mpc_controller -- -j16 -l16
[0.475s] [100%] Built target multi_control_node
[0.490s] Invoked command in '/home/tony/webots_ws/build/multi_mpc_controller' returned '0': AMENT_PREFIX_PATH=/home/tony/webots_ws/install/traj_interfaces:/home/tony/webots_ws/install/motor_interfaces:${AMENT_PREFIX_PATH} CMAKE_PREFIX_PATH=/home/tony/webots_ws/install/traj_interfaces:/home/tony/webots_ws/install/motor_interfaces:/opt/ros/foxy LD_LIBRARY_PATH=/home/tony/webots_ws/install/traj_interfaces/lib:/home/tony/webots_ws/install/motor_interfaces/lib:${LD_LIBRARY_PATH} PYTHONPATH=/home/tony/webots_ws/install/traj_interfaces/lib/python3.8/site-packages:/home/tony/webots_ws/install/motor_interfaces/lib/python3.8/site-packages:${PYTHONPATH} /usr/bin/cmake --build /home/tony/webots_ws/build/multi_mpc_controller -- -j16 -l16
[0.519s] Invoking command in '/home/tony/webots_ws/build/multi_mpc_controller': AMENT_PREFIX_PATH=/home/tony/webots_ws/install/traj_interfaces:/home/tony/webots_ws/install/motor_interfaces:${AMENT_PREFIX_PATH} CMAKE_PREFIX_PATH=/home/tony/webots_ws/install/traj_interfaces:/home/tony/webots_ws/install/motor_interfaces:/opt/ros/foxy LD_LIBRARY_PATH=/home/tony/webots_ws/install/traj_interfaces/lib:/home/tony/webots_ws/install/motor_interfaces/lib:${LD_LIBRARY_PATH} PYTHONPATH=/home/tony/webots_ws/install/traj_interfaces/lib/python3.8/site-packages:/home/tony/webots_ws/install/motor_interfaces/lib/python3.8/site-packages:${PYTHONPATH} /usr/bin/cmake --install /home/tony/webots_ws/build/multi_mpc_controller
[0.527s] -- Install configuration: ""
[0.527s] -- Up-to-date: /home/tony/webots_ws/install/multi_mpc_controller/share/ament_index/resource_index/package_run_dependencies/multi_mpc_controller
[0.528s] -- Up-to-date: /home/tony/webots_ws/install/multi_mpc_controller/share/ament_index/resource_index/parent_prefix_path/multi_mpc_controller
[0.528s] -- Up-to-date: /home/tony/webots_ws/install/multi_mpc_controller/share/multi_mpc_controller/environment/ament_prefix_path.sh
[0.528s] -- Up-to-date: /home/tony/webots_ws/install/multi_mpc_controller/share/multi_mpc_controller/environment/ament_prefix_path.dsv
[0.529s] -- Up-to-date: /home/tony/webots_ws/install/multi_mpc_controller/share/multi_mpc_controller/environment/path.sh
[0.529s] -- Up-to-date: /home/tony/webots_ws/install/multi_mpc_controller/share/multi_mpc_controller/environment/path.dsv
[0.529s] -- Up-to-date: /home/tony/webots_ws/install/multi_mpc_controller/share/multi_mpc_controller/local_setup.bash
[0.529s] -- Up-to-date: /home/tony/webots_ws/install/multi_mpc_controller/share/multi_mpc_controller/local_setup.sh
[0.529s] -- Up-to-date: /home/tony/webots_ws/install/multi_mpc_controller/share/multi_mpc_controller/local_setup.zsh
[0.530s] -- Up-to-date: /home/tony/webots_ws/install/multi_mpc_controller/share/multi_mpc_controller/local_setup.dsv
[0.530s] -- Installing: /home/tony/webots_ws/install/multi_mpc_controller/share/multi_mpc_controller/package.dsv
[0.530s] -- Up-to-date: /home/tony/webots_ws/install/multi_mpc_controller/share/ament_index/resource_index/packages/multi_mpc_controller
[0.530s] -- Up-to-date: /home/tony/webots_ws/install/multi_mpc_controller/share/multi_mpc_controller/cmake/multi_mpc_controllerConfig.cmake
[0.530s] -- Up-to-date: /home/tony/webots_ws/install/multi_mpc_controller/share/multi_mpc_controller/cmake/multi_mpc_controllerConfig-version.cmake
[0.530s] -- Up-to-date: /home/tony/webots_ws/install/multi_mpc_controller/share/multi_mpc_controller/package.xml
[0.530s] -- Up-to-date: /home/tony/webots_ws/install/multi_mpc_controller/lib/multi_mpc_controller/multi_control_node
[0.542s] Invoked command in '/home/tony/webots_ws/build/multi_mpc_controller' returned '0': AMENT_PREFIX_PATH=/home/tony/webots_ws/install/traj_interfaces:/home/tony/webots_ws/install/motor_interfaces:${AMENT_PREFIX_PATH} CMAKE_PREFIX_PATH=/home/tony/webots_ws/install/traj_interfaces:/home/tony/webots_ws/install/motor_interfaces:/opt/ros/foxy LD_LIBRARY_PATH=/home/tony/webots_ws/install/traj_interfaces/lib:/home/tony/webots_ws/install/motor_interfaces/lib:${LD_LIBRARY_PATH} PYTHONPATH=/home/tony/webots_ws/install/traj_interfaces/lib/python3.8/site-packages:/home/tony/webots_ws/install/motor_interfaces/lib/python3.8/site-packages:${PYTHONPATH} /usr/bin/cmake --install /home/tony/webots_ws/build/multi_mpc_controller
