[0.699s] Invoking command in '/home/tony/webots_ws/src/my_mir_package': PYTHONPATH=/home/tony/webots_ws/build/my_mir_package/prefix_override:/home/tony/webots_ws/install/my_mir_package/lib/python3.8/site-packages:${PYTHONPATH} /usr/bin/python3 -W ignore:setup.py install is deprecated setup.py egg_info --egg-base ../../build/my_mir_package build --build-base /home/tony/webots_ws/build/my_mir_package/build install --record /home/tony/webots_ws/build/my_mir_package/install.log --install-scripts $base/lib/my_mir_package --single-version-externally-managed install_data
[0.849s] running egg_info
[0.849s] writing ../../build/my_mir_package/my_mir_package.egg-info/PKG-INFO
[0.849s] writing dependency_links to ../../build/my_mir_package/my_mir_package.egg-info/dependency_links.txt
[0.849s] writing entry points to ../../build/my_mir_package/my_mir_package.egg-info/entry_points.txt
[0.849s] writing requirements to ../../build/my_mir_package/my_mir_package.egg-info/requires.txt
[0.849s] writing top-level names to ../../build/my_mir_package/my_mir_package.egg-info/top_level.txt
[0.873s] reading manifest file '../../build/my_mir_package/my_mir_package.egg-info/SOURCES.txt'
[0.874s] writing manifest file '../../build/my_mir_package/my_mir_package.egg-info/SOURCES.txt'
[0.874s] running build
[0.874s] running build_py
[0.874s] running install
[0.874s] running install_lib
[0.875s] running install_data
[0.875s] copying resource/my_mir_robot.urdf -> /home/tony/webots_ws/install/my_mir_package/share/my_mir_package/resource
[0.876s] copying package.xml -> /home/tony/webots_ws/install/my_mir_package/share/my_mir_package
[0.876s] running install_egg_info
[0.877s] Copying ../../build/my_mir_package/my_mir_package.egg-info to /home/tony/webots_ws/install/my_mir_package/lib/python3.8/site-packages/my_mir_package-0.0.0-py3.8.egg-info
[0.878s] running install_scripts
[0.889s] Installing my_mir_driver script to /home/tony/webots_ws/install/my_mir_package/lib/my_mir_package
[0.890s] writing list of installed files to '/home/tony/webots_ws/build/my_mir_package/install.log'
[0.908s] Invoked command in '/home/tony/webots_ws/src/my_mir_package' returned '0': PYTHONPATH=/home/tony/webots_ws/build/my_mir_package/prefix_override:/home/tony/webots_ws/install/my_mir_package/lib/python3.8/site-packages:${PYTHONPATH} /usr/bin/python3 -W ignore:setup.py install is deprecated setup.py egg_info --egg-base ../../build/my_mir_package build --build-base /home/tony/webots_ws/build/my_mir_package/build install --record /home/tony/webots_ws/build/my_mir_package/install.log --install-scripts $base/lib/my_mir_package --single-version-externally-managed install_data
